    CTRL  READ COMPLETE..
    Continuous Energy Mode...
    Start reading ace-format nuclear data
           1 1001.711nc
           2 8016.711nc
    WARNING :: NYD block exists
           3 92235.711nc
           4 92238.711nc
    Read S(a,b) scattering law tables
           1 hh2o.71t_0293
    ACE Lib. READ COMPLETE...
    CE MAT READ COMPLETE...
    GEOM  READ COMPLETE..
    Setting ugrid...
    Initializing Source...
    Source Initializing Complete...
 
 
  > Num of Threads per Node          32
  > Num of MPI Nodes                  1
  > Num of Histories per Cycle  5000000
  > Skip Cycles:   20  /  Active Cycles:   50
 
  > Tally is OFF
 
    Transport Simulation Starts...
       1 1276.191 sec   8.49181  |  keff  1.46855
       2  670.669 sec   8.36463  |  keff  1.49645
       3  631.022 sec   8.23650  |  keff  1.50916
       4  614.810 sec   8.20755  |  keff  1.51263
       5  615.070 sec   8.21272  |  keff  1.51219
       6  611.195 sec   8.22200  |  keff  1.51074
       7  610.933 sec   8.22362  |  keff  1.50806
       8  616.696 sec   8.23229  |  keff  1.50752
       9  614.756 sec   8.23246  |  keff  1.50793
      10  611.318 sec   8.23400  |  keff  1.50785
      11  614.309 sec   8.23867  |  keff  1.50825
      12  613.675 sec   8.23876  |  keff  1.50889
      13  608.649 sec   8.23516  |  keff  1.50876
      14  614.704 sec   8.23648  |  keff  1.50853
      15  613.797 sec   8.23472  |  keff  1.50862
      16  614.277 sec   8.23336  |  keff  1.50904
      17  619.873 sec   8.23689  |  keff  1.50800
      18  615.897 sec   8.23779  |  keff  1.50839
      19  618.188 sec   8.23641  |  keff  1.50894
      20  615.387 sec   8.23827  |  keff  1.50877
      21  615.464 sec   8.23974  |  keff  1.50816   avg  1.50816   SD    0.000
      22  614.452 sec   8.23770  |  keff  1.50841   avg  1.50828   SD    8.550
      23  610.220 sec   8.23707  |  keff  1.50853   avg  1.50837   SD    8.840
      24  616.998 sec   8.23555  |  keff  1.50847   avg  1.50839   SD    6.989
      25  617.903 sec   8.23386  |  keff  1.50801   avg  1.50832   SD    8.773
      26  614.884 sec   8.23303  |  keff  1.50809   avg  1.50828   SD    8.064
      27  616.141 sec   8.23495  |  keff  1.50818   avg  1.50827   SD    7.039
      28  610.897 sec   8.23466  |  keff  1.50831   avg  1.50827   SD    6.182
      29  610.742 sec   8.23570  |  keff  1.50826   avg  1.50827   SD    5.498
      30  613.648 sec   8.23532  |  keff  1.50876   avg  1.50832   SD    6.814
      31  615.461 sec   8.23660  |  keff  1.50858   avg  1.50834   SD    6.602
      32  616.434 sec   8.23427  |  keff  1.50815   avg  1.50833   SD    6.250
      33  615.014 sec   8.23686  |  keff  1.50884   avg  1.50837   SD    6.907
      34  613.559 sec   8.23702  |  keff  1.50854   avg  1.50838   SD    6.520
      35  616.234 sec   8.23627  |  keff  1.50842   avg  1.50838   SD    6.091
      36  616.842 sec   8.23636  |  keff  1.50858   avg  1.50839   SD    5.837
      37  614.734 sec   8.23924  |  keff  1.50910   avg  1.50843   SD    6.802
      38  610.723 sec   8.23635  |  keff  1.50831   avg  1.50843   SD    6.459
      39  612.091 sec   8.23549  |  keff  1.50911   avg  1.50846   SD    7.039
      40  620.849 sec   8.23759  |  keff  1.50836   avg  1.50846   SD    6.705
      41  615.316 sec   8.23338  |  keff  1.50837   avg  1.50845   SD    6.398
      42  617.735 sec   8.23069  |  keff  1.50910   avg  1.50848   SD    6.753
      43  612.149 sec   8.23238  |  keff  1.50904   avg  1.50851   SD    6.879
      44  609.240 sec   8.23225  |  keff  1.50763   avg  1.50847   SD    7.505
      45  614.815 sec   8.23321  |  keff  1.50817   avg  1.50846   SD    7.300
      46  606.900 sec   8.23448  |  keff  1.50816   avg  1.50845   SD    7.111
      47  615.799 sec   8.23489  |  keff  1.50918   avg  1.50847   SD    7.349
      48  615.774 sec   8.23585  |  keff  1.50887   avg  1.50849   SD    7.221
      49  616.453 sec   8.23567  |  keff  1.50808   avg  1.50847   SD    7.111
      50  608.554 sec   8.23160  |  keff  1.50902   avg  1.50849   SD    7.102
      51  608.487 sec   8.23414  |  keff  1.50877   avg  1.50850   SD    6.931
      52  609.631 sec   8.23493  |  keff  1.50842   avg  1.50850   SD    6.719
      53  614.195 sec   8.23411  |  keff  1.50864   avg  1.50850   SD    6.529
      54  619.180 sec   8.23646  |  keff  1.50857   avg  1.50851   SD    6.340
      55  612.059 sec   8.23944  |  keff  1.50858   avg  1.50851   SD    6.162
      56  611.417 sec   8.23686  |  keff  1.50895   avg  1.50852   SD    6.112
      57  611.950 sec   8.23532  |  keff  1.50814   avg  1.50851   SD    6.033
      58  613.350 sec   8.23536  |  keff  1.50806   avg  1.50850   SD    5.989
      59  610.315 sec   8.23335  |  keff  1.50791   avg  1.50848   SD    6.022
      60  611.973 sec   8.23556  |  keff  1.50840   avg  1.50848   SD    5.875
      61  608.745 sec   8.23783  |  keff  1.50847   avg  1.50848   SD    5.732
      62  613.987 sec   8.23921  |  keff  1.50888   avg  1.50849   SD    5.672
      63  609.952 sec   8.23676  |  keff  1.50819   avg  1.50848   SD    5.584
      64  616.871 sec   8.23599  |  keff  1.50860   avg  1.50849   SD    5.464
      65  612.596 sec   8.23399  |  keff  1.50848   avg  1.50849   SD    5.342
      66  613.253 sec   8.23234  |  keff  1.50870   avg  1.50849   SD    5.246
      67  616.646 sec   8.23060  |  keff  1.50788   avg  1.50848   SD    5.295
      68  616.158 sec   8.23366  |  keff  1.50870   avg  1.50848   SD    5.205
      69  620.583 sec   8.23421  |  keff  1.50865   avg  1.50848   SD    5.109
      70  619.195 sec   8.23437  |  keff  1.50838   avg  1.50848   SD    5.012
 
    All Simulation Ends...
    - Elapsed time :  43717.986 sec  728.63 min
    - Final keff   :   1.508483 +/-   5.012
 
  1.227034
  1.413055
  1.470627
  1.496848
  1.511690
  1.508510
  1.507603
  1.508063
  1.508373
  1.508507
  1.508604
  1.508623
  1.508436
  1.508472
  1.508560
  1.508541
  1.508498
  1.508580
  1.508631
  1.508574
  1.508474
  1.508489
  1.508498
  1.508417
  1.508426
  1.508405
  1.508483
  1.508450
  1.508505
  1.508497
  1.508635
  1.508455
  1.508452
  1.508510
  1.508546
  1.508439
  1.508642
  1.508664
  1.508601
  1.508701
  1.508772
  1.508675
  1.508720
  1.508537
  1.508460
  1.508393
  1.508534
  1.508430
  1.508602
  1.508564
  1.508698
  1.508536
  1.508593
  1.508638
  1.508636
  1.508628
  1.508624
  1.508554
  1.508434
  1.508310
  1.508305
  1.508479
  1.508552
  1.508686
  1.508772
  1.508771
  1.508508
  1.508503
  1.508457
  1.508453
 
  1.2753314E+03  8.5986900E-01  1.2761912E+03
  6.6971093E+02  9.5785400E-01  6.7066879E+02
  6.2986797E+02  1.1538250E+00  6.3102180E+02
  6.1343545E+02  1.3747910E+00  6.1481025E+02
  6.1341993E+02  1.6497490E+00  6.1506968E+02
  6.0956531E+02  1.6297520E+00  6.1119506E+02
  6.0936351E+02  1.5697610E+00  6.1093327E+02
  6.1518064E+02  1.5157690E+00  6.1669641E+02
  6.1342834E+02  1.3277980E+00  6.1475614E+02
  6.1007110E+02  1.2468100E+00  6.1131791E+02
  6.1299786E+02  1.3108000E+00  6.1430866E+02
  6.1250222E+02  1.1728210E+00  6.1367504E+02
  6.0755256E+02  1.0968330E+00  6.0864939E+02
  6.1347325E+02  1.2308130E+00  6.1470407E+02
  6.1256809E+02  1.2288130E+00  6.1379690E+02
  6.1312529E+02  1.1518250E+00  6.1427711E+02
  6.1913744E+02  7.3588900E-01  6.1987332E+02
  6.1453648E+02  1.3607930E+00  6.1589727E+02
  6.1691746E+02  1.2708070E+00  6.1818826E+02
  6.1419504E+02  1.1918190E+00  6.1538686E+02
  6.1444987E+02  1.0138450E+00  6.1546371E+02
  6.1350832E+02  9.4385600E-01  6.1445217E+02
  6.0967310E+02  5.4691700E-01  6.1022001E+02
  6.1565310E+02  1.3447960E+00  6.1699790E+02
  6.1659361E+02  1.3098000E+00  6.1790341E+02
  6.1424360E+02  6.3990300E-01  6.1488350E+02
  6.1575834E+02  3.8294200E-01  6.1614128E+02
  6.1011819E+02  7.7888100E-01  6.1089707E+02
  6.0972341E+02  1.0188450E+00  6.1074225E+02
  6.1247375E+02  1.1738210E+00  6.1364757E+02
  6.1438025E+02  1.0808350E+00  6.1546109E+02
  6.1520203E+02  1.2318130E+00  6.1643385E+02
  6.1396068E+02  1.0528400E+00  6.1501352E+02
  6.1284656E+02  7.1289200E-01  6.1355945E+02
  6.1543068E+02  8.0287800E-01  6.1623356E+02
  6.1552090E+02  1.3207990E+00  6.1684170E+02
  6.1420653E+02  5.2792000E-01  6.1473445E+02
  6.1011609E+02  6.0690800E-01  6.1072300E+02
  6.1097877E+02  1.1118310E+00  6.1209060E+02
  6.1947828E+02  1.3707920E+00  6.2084908E+02
  6.1380213E+02  1.5137690E+00  6.1531590E+02
  6.1636418E+02  1.3707920E+00  6.1773497E+02
  6.1083931E+02  1.3098010E+00  6.1214911E+02
  6.0905211E+02  1.8797200E-01  6.0924009E+02
  6.1336144E+02  1.4537790E+00  6.1481522E+02
  6.0542681E+02  1.4727760E+00  6.0689959E+02
  6.1437674E+02  1.4217840E+00  6.1579852E+02
  6.1475622E+02  1.0178460E+00  6.1577406E+02
  6.1499298E+02  1.4597780E+00  6.1645276E+02
  6.0709488E+02  1.4587780E+00  6.0855366E+02
  6.0805030E+02  4.3693400E-01  6.0848723E+02
  6.0851320E+02  1.1178300E+00  6.0963103E+02
  6.1277521E+02  1.4197840E+00  6.1419500E+02
  6.1764253E+02  1.5377660E+00  6.1918030E+02
  6.1068095E+02  1.3777910E+00  6.1205875E+02
  6.1006160E+02  1.3557930E+00  6.1141739E+02
  6.1047557E+02  1.4747760E+00  6.1195035E+02
  6.1193414E+02  1.4157850E+00  6.1334992E+02
  6.0982547E+02  4.8992500E-01  6.1031540E+02
  6.1072481E+02  1.2478100E+00  6.1197262E+02
  6.0738776E+02  1.3567930E+00  6.0874455E+02
  6.1296662E+02  1.0208450E+00  6.1398747E+02
  6.0887169E+02  1.0798360E+00  6.0995153E+02
  6.1555594E+02  1.3148000E+00  6.1687074E+02
  6.1118149E+02  1.4147850E+00  6.1259628E+02
  6.1187797E+02  1.3747910E+00  6.1325276E+02
  6.1621773E+02  4.2793500E-01  6.1664566E+02
  6.1561225E+02  5.4591700E-01  6.1615816E+02
  6.1946514E+02  1.1178300E+00  6.2058297E+02
  6.1797944E+02  1.2158140E+00  6.1919526E+02
