    CTRL  READ COMPLETE..
    Continuous Energy Mode...
    Start reading ace-format nuclear data
           1 1001.711nc
           2 8016.711nc
    WARNING :: NYD block exists
           3 92235.711nc
           4 92238.711nc
    Read S(a,b) scattering law tables
           1 hh2o.71t_0293
    ACE Lib. READ COMPLETE...
    CE MAT READ COMPLETE...
    GEOM  READ COMPLETE..
    Setting ugrid...
    Initializing Source...
    Source Initializing Complete...
 
 
  > Num of Threads per Node          32
  > Num of MPI Nodes                  1
  > Num of Histories per Cycle  5000000
  > Skip Cycles:   20  /  Active Cycles:   50
 
  > Tally is OFF
 
    Transport Simulation Starts...
       1 1308.377 sec   8.49181  |  keff  1.46855
       2  713.133 sec   8.36463  |  keff  1.49618
       3  679.264 sec   8.23797  |  keff  1.50936
       4  691.014 sec   8.20764  |  keff  1.51254
       5  693.481 sec   8.21174  |  keff  1.51288
       6  687.417 sec   8.22327  |  keff  1.51093
       7  679.524 sec   8.22143  |  keff  1.50811
       8  675.881 sec   8.22637  |  keff  1.50761
       9  664.567 sec   8.22900  |  keff  1.50756
      10  680.303 sec   8.23316  |  keff  1.50879
      11  684.261 sec   8.23823  |  keff  1.50796
      12  686.354 sec   8.24557  |  keff  1.50846
      13  679.483 sec   8.24245  |  keff  1.50839
      14  669.893 sec   8.24058  |  keff  1.50818
      15  679.177 sec   8.23950  |  keff  1.50828
      16  679.235 sec   8.23417  |  keff  1.50871
      17  680.683 sec   8.22934  |  keff  1.50840
      18  680.434 sec   8.23169  |  keff  1.50863
      19  672.668 sec   8.23122  |  keff  1.50883
      20  676.328 sec   8.23237  |  keff  1.50825
      21  675.615 sec   8.23531  |  keff  1.50792   avg  1.50792   SD    0.000
      22  684.078 sec   8.23736  |  keff  1.50814   avg  1.50803   SD    7.725
      23  667.529 sec   8.23700  |  keff  1.50804   avg  1.50803   SD    5.161
      24  674.411 sec   8.23630  |  keff  1.50870   avg  1.50820   SD   14.969
      25  671.175 sec   8.23501  |  keff  1.50860   avg  1.50828   SD   13.923
      26  670.905 sec   8.23454  |  keff  1.50854   avg  1.50832   SD   12.279
      27  685.291 sec   8.23438  |  keff  1.50769   avg  1.50823   SD   13.427
      28  678.199 sec   8.23505  |  keff  1.50890   avg  1.50832   SD   14.126
      29  679.480 sec   8.23774  |  keff  1.50821   avg  1.50830   SD   12.604
      30  679.270 sec   8.23867  |  keff  1.50881   avg  1.50836   SD   12.310
      31  685.320 sec   8.23960  |  keff  1.50806   avg  1.50833   SD   11.474
      32  673.412 sec   8.23909  |  keff  1.50854   avg  1.50835   SD   10.658
      33  666.889 sec   8.23739  |  keff  1.50928   avg  1.50842   SD   12.035
      34  677.249 sec   8.23660  |  keff  1.50873   avg  1.50844   SD   11.375
      35  674.688 sec   8.23650  |  keff  1.50872   avg  1.50846   SD   10.762
      36  665.556 sec   8.23504  |  keff  1.50798   avg  1.50843   SD   10.493
      37  667.141 sec   8.23664  |  keff  1.50810   avg  1.50841   SD   10.055
      38  659.921 sec   8.23828  |  keff  1.50842   avg  1.50841   SD    9.497
      39  672.010 sec   8.23733  |  keff  1.50835   avg  1.50841   SD    9.002
      40  669.563 sec   8.23592  |  keff  1.50851   avg  1.50841   SD    8.567
      41  671.457 sec   8.23830  |  keff  1.50838   avg  1.50841   SD    8.160
      42  683.261 sec   8.23589  |  keff  1.50864   avg  1.50842   SD    7.855
      43  679.914 sec   8.23470  |  keff  1.50774   avg  1.50839   SD    8.053
      44  672.111 sec   8.23410  |  keff  1.50896   avg  1.50842   SD    8.063
      45  671.431 sec   8.23433  |  keff  1.50894   avg  1.50844   SD    8.010
      46  673.169 sec   8.23283  |  keff  1.50920   avg  1.50847   SD    8.228
      47  673.306 sec   8.23591  |  keff  1.50875   avg  1.50848   SD    7.992
      48  686.974 sec   8.23788  |  keff  1.50829   avg  1.50847   SD    7.734
      49  681.885 sec   8.24065  |  keff  1.50818   avg  1.50846   SD    7.533
      50  680.308 sec   8.24301  |  keff  1.50754   avg  1.50843   SD    7.878
      51  669.770 sec   8.24202  |  keff  1.50845   avg  1.50843   SD    7.624
      52  675.418 sec   8.24013  |  keff  1.50820   avg  1.50842   SD    7.420
      53  683.920 sec   8.23698  |  keff  1.50839   avg  1.50842   SD    7.196
      54  678.248 sec   8.23417  |  keff  1.50852   avg  1.50843   SD    6.990
      55  673.461 sec   8.23348  |  keff  1.50822   avg  1.50842   SD    6.816
      56  676.752 sec   8.23345  |  keff  1.50909   avg  1.50844   SD    6.875
      57  671.077 sec   8.23504  |  keff  1.50825   avg  1.50843   SD    6.707
      58  674.214 sec   8.23597  |  keff  1.50825   avg  1.50843   SD    6.548
      59  662.598 sec   8.23583  |  keff  1.50848   avg  1.50843   SD    6.382
      60  699.680 sec   8.23297  |  keff  1.50898   avg  1.50844   SD    6.368
      61  682.877 sec   8.23538  |  keff  1.50870   avg  1.50845   SD    6.242
      62  674.926 sec   8.23435  |  keff  1.50844   avg  1.50845   SD    6.093
      63  677.834 sec   8.23652  |  keff  1.50901   avg  1.50846   SD    6.088
      64  680.487 sec   8.23738  |  keff  1.50797   avg  1.50845   SD    6.050
      65  662.913 sec   8.23950  |  keff  1.50817   avg  1.50844   SD    5.947
      66  677.552 sec   8.23805  |  keff  1.50896   avg  1.50846   SD    5.924
      67  666.491 sec   8.23883  |  keff  1.50828   avg  1.50845   SD    5.811
      68  675.968 sec   8.23509  |  keff  1.50872   avg  1.50846   SD    5.717
      69  680.933 sec   8.23498  |  keff  1.50850   avg  1.50846   SD    5.600
      70  677.917 sec   8.23603  |  keff  1.50851   avg  1.50846   SD    5.489
 
    All Simulation Ends...
    - Elapsed time :  48036.033 sec  800.60 min
    - Final keff   :   1.508460 +/-   5.489
 
  1.227034
  1.412815
  1.470633
  1.496739
  1.511566
  1.508416
  1.507796
  1.508101
  1.508399
  1.508642
  1.508561
  1.508496
  1.508383
  1.508335
  1.508406
  1.508652
  1.508575
  1.508632
  1.508693
  1.508463
  1.508412
  1.508465
  1.508508
  1.508517
  1.508695
  1.508607
  1.508575
  1.508505
  1.508377
  1.508264
  1.508347
  1.508393
  1.508574
  1.508660
  1.508863
  1.508709
  1.508698
  1.508543
  1.508589
  1.508458
  1.508608
  1.508599
  1.508720
  1.508731
  1.508686
  1.508614
  1.508517
  1.508320
  1.508224
  1.508332
  1.508325
  1.508486
  1.508626
  1.508693
  1.508590
  1.508569
  1.508524
  1.508606
  1.508626
  1.508700
  1.508671
  1.508546
  1.508408
  1.508364
  1.508390
  1.508587
  1.508765
  1.508804
  1.508730
  1.508683
 
  1.2796102E+03  2.8766626E+01  1.3083769E+03
  6.6799777E+02  4.5135138E+01  7.1313291E+02
  6.2578185E+02  5.3481870E+01  6.7926372E+02
  6.1642040E+02  7.4593661E+01  6.9101406E+02
  6.1469131E+02  7.8790023E+01  6.9348134E+02
  6.1237135E+02  7.5045591E+01  6.8741694E+02
  6.1129663E+02  6.8227628E+01  6.7952426E+02
  6.0886354E+02  6.7017812E+01  6.7588135E+02
  6.1173348E+02  5.2833968E+01  6.6456745E+02
  6.1480669E+02  6.5496044E+01  6.8030273E+02
  6.1326623E+02  7.0995207E+01  6.8426144E+02
  6.1665327E+02  6.9700404E+01  6.8635367E+02
  6.1551213E+02  6.3971276E+01  6.7948341E+02
  6.1029913E+02  5.9593940E+01  6.6989307E+02
  6.1390866E+02  6.5268078E+01  6.7917674E+02
  6.1293816E+02  6.6296922E+01  6.7923508E+02
  6.1445790E+02  6.6224932E+01  6.8068284E+02
  6.1895425E+02  6.1479653E+01  6.8043390E+02
  6.1146057E+02  6.1207695E+01  6.7266827E+02
  6.1487383E+02  6.1454658E+01  6.7632849E+02
  6.1290269E+02  6.2712466E+01  6.7561516E+02
  6.1839134E+02  6.5687014E+01  6.8407835E+02
  6.1265011E+02  5.4878657E+01  6.6752877E+02
  6.1145008E+02  6.2960429E+01  6.7441051E+02
  6.0723747E+02  6.3937281E+01  6.7117475E+02
  6.0985080E+02  6.1053719E+01  6.7090452E+02
  6.1257088E+02  7.2719946E+01  6.8529083E+02
  6.0927191E+02  6.8927520E+01  6.7819943E+02
  6.1323265E+02  6.6246929E+01  6.7947958E+02
  6.1263433E+02  6.6635869E+01  6.7927019E+02
  6.2072045E+02  6.4599179E+01  6.8531963E+02
  6.1232360E+02  6.1088713E+01  6.7341231E+02
  6.0875057E+02  5.8138162E+01  6.6688874E+02
  6.1387346E+02  6.3375365E+01  6.7724883E+02
  6.1212777E+02  6.2560489E+01  6.7468826E+02
  6.1128395E+02  5.4271750E+01  6.6555570E+02
  6.0878057E+02  5.8360128E+01  6.6714070E+02
  6.1211954E+02  4.7801732E+01  6.5992127E+02
  6.1734042E+02  5.4669689E+01  6.7201011E+02
  6.1628034E+02  5.3282899E+01  6.6956324E+02
  6.1133986E+02  6.0116861E+01  6.7145672E+02
  6.1704237E+02  6.6218933E+01  6.8326131E+02
  6.1210332E+02  6.7810691E+01  6.7991401E+02
  6.1520187E+02  5.6909349E+01  6.7211122E+02
  6.1358819E+02  5.7843206E+01  6.7143139E+02
  6.1324160E+02  5.9927889E+01  6.7316949E+02
  6.1498145E+02  5.8324132E+01  6.7330558E+02
  6.1393915E+02  7.3034897E+01  6.8697405E+02
  6.1673270E+02  6.5152095E+01  6.8188479E+02
  6.1399925E+02  6.6308919E+01  6.8030817E+02
  6.1552081E+02  5.4248753E+01  6.6976956E+02
  6.1789003E+02  5.7528255E+01  6.7541829E+02
  6.1444816E+02  6.9471439E+01  6.8391960E+02
  6.1202222E+02  6.6225932E+01  6.7824815E+02
  6.1125491E+02  6.2206544E+01  6.7346145E+02
  6.1601793E+02  6.0733767E+01  6.7675170E+02
  6.1211071E+02  5.8966036E+01  6.7107674E+02
  6.1109389E+02  6.3120403E+01  6.7421429E+02
  6.0549382E+02  5.7104319E+01  6.6259814E+02
  6.1631918E+02  8.3360328E+01  6.9967951E+02
  6.1309924E+02  6.9777392E+01  6.8287664E+02
  6.1968110E+02  5.5244602E+01  6.7492570E+02
  6.1118152E+02  6.6652868E+01  6.7783439E+02
  6.1505400E+02  6.5433053E+01  6.8048706E+02
  6.0858276E+02  5.4329741E+01  6.6291250E+02
  6.1357517E+02  6.3977274E+01  6.7755245E+02
  6.0886774E+02  5.7623240E+01  6.6649098E+02
  6.1579381E+02  6.0173853E+01  6.7596767E+02
  6.1499900E+02  6.5933977E+01  6.8093298E+02
  6.1907000E+02  5.8847054E+01  6.7791706E+02
