    CTRL  READ COMPLETE..
    Continuous Energy Mode...
    Start reading ace-format nuclear data
           1 1001.711nc
           2 8016.711nc
    WARNING :: NYD block exists
           3 92235.711nc
           4 92238.711nc
    Read S(a,b) scattering law tables
           1 hh2o.71t_0293
    ACE Lib. READ COMPLETE...
    CE MAT READ COMPLETE...
    GEOM  READ COMPLETE..
    Setting ugrid...
    Initializing Source...
    Source Initializing Complete...
 
 
  > Num of Threads per Node          28
  > Num of MPI Nodes                  1
  > Num of Histories per Cycle  5000000
  > Skip Cycles:  120  /  Active Cycles:   50
 
  > Tally is OFF
 
    Transport Simulation Starts...
       1 1137.709 sec   8.49181  |  keff  1.46896
       2  593.121 sec   8.48927  |  keff  1.46894
       3  560.173 sec   8.48292  |  keff  1.47351
       4  559.587 sec   8.47457  |  keff  1.47763
       5  563.385 sec   8.46538  |  keff  1.48160
       6  557.464 sec   8.45604  |  keff  1.48469
       7  542.818 sec   8.44653  |  keff  1.48755
       8  561.616 sec   8.43768  |  keff  1.48996
       9  552.005 sec   8.42924  |  keff  1.49202
      10  555.068 sec   8.42135  |  keff  1.49412
      11  551.500 sec   8.41363  |  keff  1.49532
      12  554.595 sec   8.40638  |  keff  1.49591
      13  552.852 sec   8.39932  |  keff  1.49741
      14  557.664 sec   8.39300  |  keff  1.49815
      15  550.770 sec   8.38658  |  keff  1.49955
      16  546.021 sec   8.38082  |  keff  1.49998
      17  551.021 sec   8.37493  |  keff  1.50070
      18  549.361 sec   8.36953  |  keff  1.50127
      19  551.843 sec   8.36423  |  keff  1.50123
      20  549.258 sec   8.35925  |  keff  1.50234
      21  547.945 sec   8.35466  |  keff  1.50210
      22  546.029 sec   8.35043  |  keff  1.50264
      23  549.010 sec   8.34605  |  keff  1.50278
      24  548.260 sec   8.34174  |  keff  1.50372
      25  554.390 sec   8.33826  |  keff  1.50346
      26  550.479 sec   8.33382  |  keff  1.50384
      27  555.194 sec   8.33074  |  keff  1.50358
      28  550.044 sec   8.32736  |  keff  1.50383
      29  552.208 sec   8.32389  |  keff  1.50415
      30  551.183 sec   8.32018  |  keff  1.50503
      31  555.225 sec   8.31665  |  keff  1.50522
      32  548.636 sec   8.31341  |  keff  1.50528
      33  554.112 sec   8.31041  |  keff  1.50518
      34  546.536 sec   8.30743  |  keff  1.50590
      35  549.013 sec   8.30485  |  keff  1.50544
      36  547.546 sec   8.30268  |  keff  1.50570
      37  546.431 sec   8.30107  |  keff  1.50629
      38  552.022 sec   8.29838  |  keff  1.50572
      39  549.096 sec   8.29599  |  keff  1.50657
      40  549.054 sec   8.29353  |  keff  1.50611
      41  554.565 sec   8.29154  |  keff  1.50651
      42  552.009 sec   8.28954  |  keff  1.50659
      43  546.252 sec   8.28733  |  keff  1.50645
      44  550.137 sec   8.28525  |  keff  1.50658
      45  546.381 sec   8.28295  |  keff  1.50692
      46  549.707 sec   8.28084  |  keff  1.50628
      47  553.201 sec   8.27872  |  keff  1.50691
      48  547.042 sec   8.27708  |  keff  1.50694
      49  552.156 sec   8.27586  |  keff  1.50720
      50  545.533 sec   8.27439  |  keff  1.50700
      51  549.502 sec   8.27262  |  keff  1.50757
      52  545.175 sec   8.27136  |  keff  1.50708
      53  543.729 sec   8.27047  |  keff  1.50709
      54  552.431 sec   8.26890  |  keff  1.50737
      55  547.896 sec   8.26817  |  keff  1.50724
      56  537.772 sec   8.26695  |  keff  1.50668
      57  547.490 sec   8.26534  |  keff  1.50680
      58  548.756 sec   8.26466  |  keff  1.50749
      59  548.746 sec   8.26299  |  keff  1.50795
      60  549.211 sec   8.26174  |  keff  1.50775
      61  545.406 sec   8.26075  |  keff  1.50734
      62  551.364 sec   8.26000  |  keff  1.50760
      63  550.433 sec   8.25889  |  keff  1.50741
      64  547.279 sec   8.25840  |  keff  1.50728
      65  552.695 sec   8.25801  |  keff  1.50750
      66  555.291 sec   8.25731  |  keff  1.50816
      67  552.647 sec   8.25660  |  keff  1.50813
      68  545.850 sec   8.25548  |  keff  1.50761
      69  540.559 sec   8.25429  |  keff  1.50791
      70  541.158 sec   8.25407  |  keff  1.50793
      71  541.810 sec   8.25341  |  keff  1.50807
      72  545.175 sec   8.25285  |  keff  1.50817
      73  548.296 sec   8.25191  |  keff  1.50818
      74  547.838 sec   8.25154  |  keff  1.50779
      75  546.917 sec   8.25088  |  keff  1.50787
      76  551.314 sec   8.25023  |  keff  1.50751
      77  546.981 sec   8.24884  |  keff  1.50795
      78  549.865 sec   8.24841  |  keff  1.50760
      79  548.812 sec   8.24791  |  keff  1.50871
      80  546.600 sec   8.24746  |  keff  1.50767
      81  549.797 sec   8.24643  |  keff  1.50775
      82  545.510 sec   8.24588  |  keff  1.50826
      83  550.104 sec   8.24530  |  keff  1.50811
      84  548.979 sec   8.24474  |  keff  1.50865
      85  542.255 sec   8.24462  |  keff  1.50864
      86  547.873 sec   8.24432  |  keff  1.50848
      87  554.078 sec   8.24425  |  keff  1.50812
      88  545.374 sec   8.24339  |  keff  1.50869
      89  550.343 sec   8.24340  |  keff  1.50787
      90  551.339 sec   8.24331  |  keff  1.50890
