    CTRL  READ COMPLETE..
    Continuous Energy Mode...
    Start reading ace-format nuclear data
           1 1001.711nc
           2 8016.711nc
    WARNING :: NYD block exists
           3 92235.711nc
           4 92238.711nc
    Read S(a,b) scattering law tables
           1 hh2o.71t_0293
    ACE Lib. READ COMPLETE...
    CE MAT READ COMPLETE...
    GEOM  READ COMPLETE..
    Setting ugrid...
    Initializing Source...
    Source Initializing Complete...
 
 
  > Num of Threads per Node          28
  > Num of MPI Nodes                  1
  > Num of Histories per Cycle  1000000
  > Skip Cycles:   80  /  Active Cycles:   50
 
  > Tally is OFF
 
    Transport Simulation Starts...
       1   62.631 sec   8.49157  |  keff  1.46828
       2   75.734 sec   8.48908  |  keff  1.46946
       3   52.018 sec   8.48268  |  keff  1.47397
       4   51.647 sec   8.47451  |  keff  1.47736
       5   50.732 sec   8.46558  |  keff  1.48048
       6   49.503 sec   8.45584  |  keff  1.48694
       7   49.304 sec   8.44705  |  keff  1.48914
       8   48.586 sec   8.43791  |  keff  1.48999
       9   48.049 sec   8.42952  |  keff  1.49171
      10   47.854 sec   8.42146  |  keff  1.49358
      11   47.357 sec   8.41380  |  keff  1.49575
      12   47.159 sec   8.40664  |  keff  1.49563
      13   46.757 sec   8.39974  |  keff  1.49715
      14   46.190 sec   8.39357  |  keff  1.49831
      15   46.175 sec   8.38756  |  keff  1.49726
      16   45.925 sec   8.38205  |  keff  1.49944
      17   45.770 sec   8.37664  |  keff  1.50092
      18   45.584 sec   8.37051  |  keff  1.50007
      19   45.317 sec   8.36488  |  keff  1.50164
      20   45.385 sec   8.36029  |  keff  1.50216
      21   45.325 sec   8.35490  |  keff  1.50258
      22   45.290 sec   8.35109  |  keff  1.50270
      23   44.874 sec   8.34710  |  keff  1.50272
      24   44.976 sec   8.34264  |  keff  1.50183
      25   45.280 sec   8.33857  |  keff  1.50294
      26   44.973 sec   8.33474  |  keff  1.50289
      27   44.987 sec   8.33132  |  keff  1.50232
      28   44.887 sec   8.32810  |  keff  1.50352
      29   44.770 sec   8.32445  |  keff  1.50582
      30   44.728 sec   8.32052  |  keff  1.50530
      31   44.559 sec   8.31703  |  keff  1.50489
      32   44.416 sec   8.31467  |  keff  1.50443
      33   44.609 sec   8.31026  |  keff  1.50576
      34   44.422 sec   8.30651  |  keff  1.50558
      35   44.426 sec   8.30306  |  keff  1.50579
      36   44.593 sec   8.30042  |  keff  1.50589
      37   44.343 sec   8.29724  |  keff  1.50520
      38   44.451 sec   8.29542  |  keff  1.50719
      39   44.582 sec   8.29369  |  keff  1.50582
      40   44.317 sec   8.29161  |  keff  1.50535
      41   44.289 sec   8.28911  |  keff  1.50757
      42   44.261 sec   8.28662  |  keff  1.50722
      43   44.235 sec   8.28448  |  keff  1.50741
      44   44.380 sec   8.28236  |  keff  1.50537
      45   44.203 sec   8.28051  |  keff  1.50563
      46   44.003 sec   8.27799  |  keff  1.50603
      47   44.063 sec   8.27574  |  keff  1.50726
      48   44.169 sec   8.27380  |  keff  1.50616
      49   44.084 sec   8.27268  |  keff  1.50659
      50   44.119 sec   8.27212  |  keff  1.50758
      51   44.148 sec   8.27047  |  keff  1.50658
      52   44.147 sec   8.26946  |  keff  1.50755
      53   44.369 sec   8.26814  |  keff  1.50778
      54   44.054 sec   8.26671  |  keff  1.50637
      55   44.321 sec   8.26560  |  keff  1.50764
      56   44.032 sec   8.26490  |  keff  1.50661
      57   44.145 sec   8.26360  |  keff  1.50714
      58   44.082 sec   8.26305  |  keff  1.50641
      59   44.212 sec   8.26135  |  keff  1.50692
      60   44.165 sec   8.25972  |  keff  1.50689
      61   44.157 sec   8.25883  |  keff  1.50747
      62   43.941 sec   8.25826  |  keff  1.50749
      63   44.127 sec   8.25774  |  keff  1.50744
      64   44.057 sec   8.25665  |  keff  1.50774
      65   44.083 sec   8.25572  |  keff  1.50872
      66   43.984 sec   8.25583  |  keff  1.50798
      67   43.817 sec   8.25520  |  keff  1.50717
      68   44.134 sec   8.25399  |  keff  1.50774
      69   43.920 sec   8.25330  |  keff  1.50771
      70   43.772 sec   8.25181  |  keff  1.50731
      71   43.966 sec   8.25041  |  keff  1.50800
      72   43.929 sec   8.24804  |  keff  1.50817
      73   44.118 sec   8.24818  |  keff  1.50902
      74   43.682 sec   8.24841  |  keff  1.50879
      75   43.813 sec   8.24833  |  keff  1.50893
      76   44.087 sec   8.24706  |  keff  1.50734
      77   43.832 sec   8.24474  |  keff  1.50822
      78   43.939 sec   8.24527  |  keff  1.50885
      79   43.818 sec   8.24409  |  keff  1.50988
      80   43.972 sec   8.24504  |  keff  1.50820
      81   43.724 sec   8.24464  |  keff  1.50881   avg  1.50881   SD    0.000
      82   43.945 sec   8.24383  |  keff  1.50758   avg  1.50819   SD   43.417
      83   43.929 sec   8.24336  |  keff  1.50991   avg  1.50877   SD   55.019
      84   43.962 sec   8.24396  |  keff  1.50816   avg  1.50861   SD   43.335
      85   43.628 sec   8.24254  |  keff  1.50791   avg  1.50847   SD   36.862
      86   44.013 sec   8.24378  |  keff  1.50851   avg  1.50848   SD   30.723
      87   43.570 sec   8.24449  |  keff  1.50754   avg  1.50835   SD   29.107
      88   43.745 sec   8.24436  |  keff  1.50881   avg  1.50840   SD   26.041
      89   44.087 sec   8.24405  |  keff  1.50858   avg  1.50842   SD   23.224
      90   43.916 sec   8.24213  |  keff  1.50897   avg  1.50848   SD   21.546
      91   44.003 sec   8.24162  |  keff  1.50799   avg  1.50843   SD   20.036
      92   43.584 sec   8.24082  |  keff  1.50969   avg  1.50854   SD   20.918
      93   43.915 sec   8.24177  |  keff  1.50959   avg  1.50862   SD   20.809
      94   43.773 sec   8.24122  |  keff  1.50887   avg  1.50864   SD   19.402
      95   43.930 sec   8.24101  |  keff  1.50909   avg  1.50867   SD   18.339
      96   43.944 sec   8.24118  |  keff  1.50878   avg  1.50867   SD   17.207
      97   43.843 sec   8.24096  |  keff  1.50855   avg  1.50867   SD   16.211
      98   44.004 sec   8.24119  |  keff  1.50792   avg  1.50863   SD   15.830
      99   43.922 sec   8.24056  |  keff  1.50794   avg  1.50859   SD   15.402
     100   43.940 sec   8.24072  |  keff  1.50771   avg  1.50855   SD   15.253
     101   43.841 sec   8.23901  |  keff  1.50834   avg  1.50854   SD   14.557
     102   43.872 sec   8.23825  |  keff  1.50724   avg  1.50848   SD   15.038
     103   43.802 sec   8.23650  |  keff  1.50813   avg  1.50846   SD   14.460
     104   43.726 sec   8.23542  |  keff  1.50794   avg  1.50844   SD   14.019
     105   43.835 sec   8.23467  |  keff  1.50750   avg  1.50840   SD   13.957
     106   43.794 sec   8.23468  |  keff  1.50890   avg  1.50842   SD   13.549
     107   43.866 sec   8.23450  |  keff  1.50871   avg  1.50843   SD   13.089
     108   43.612 sec   8.23578  |  keff  1.50907   avg  1.50846   SD   12.817
     109   43.613 sec   8.23495  |  keff  1.50778   avg  1.50843   SD   12.584
     110   43.629 sec   8.23365  |  keff  1.51024   avg  1.50849   SD   13.537
     111   43.825 sec   8.23464  |  keff  1.50889   avg  1.50851   SD   13.161
     112   43.748 sec   8.23422  |  keff  1.50840   avg  1.50850   SD   12.754
     113   43.803 sec   8.23363  |  keff  1.50898   avg  1.50852   SD   12.450
     114   43.645 sec   8.23374  |  keff  1.50835   avg  1.50851   SD   12.094
     115   43.921 sec   8.23327  |  keff  1.50791   avg  1.50849   SD   11.870
     116   43.782 sec   8.23305  |  keff  1.50929   avg  1.50852   SD   11.745
     117   43.682 sec   8.23323  |  keff  1.50913   avg  1.50853   SD   11.543
     118   43.719 sec   8.23354  |  keff  1.50821   avg  1.50852   SD   11.270
     119   43.853 sec   8.23266  |  keff  1.50798   avg  1.50851   SD   11.067
     120   43.751 sec   8.23131  |  keff  1.50902   avg  1.50852   SD   10.862
     121   43.718 sec   8.23338  |  keff  1.50805   avg  1.50851   SD   10.660
     122   43.576 sec   8.23240  |  keff  1.50838   avg  1.50851   SD   10.411
     123   43.893 sec   8.23239  |  keff  1.50881   avg  1.50852   SD   10.193
     124   43.472 sec   8.23275  |  keff  1.50914   avg  1.50853   SD   10.058
     125   43.539 sec   8.23350  |  keff  1.50916   avg  1.50854   SD    9.933
     126   43.953 sec   8.23373  |  keff  1.50931   avg  1.50856   SD    9.856
     127   43.866 sec   8.23467  |  keff  1.50849   avg  1.50856   SD    9.648
     128   43.800 sec   8.23528  |  keff  1.50912   avg  1.50857   SD    9.517
     129   43.637 sec   8.23614  |  keff  1.50952   avg  1.50859   SD    9.519
     130   43.640 sec   8.23628  |  keff  1.50809   avg  1.50858   SD    9.380
 
    All Simulation Ends...
    - Elapsed time :   5844.902 sec   97.42 min
    - Final keff   :   1.508580 +/-   9.380
 
