    CTRL  READ COMPLETE..
    Continuous Energy Mode...
    Start reading ace-format nuclear data
           1 1001.711nc
           2 8016.711nc
    WARNING :: NYD block exists
           3 92235.711nc
           4 92238.711nc
    Read S(a,b) scattering law tables
           1 hh2o.71t_0293
    ACE Lib. READ COMPLETE...
    CE MAT READ COMPLETE...
    GEOM  READ COMPLETE..
    Setting ugrid...
    Initializing Source...
    Source Initializing Complete...
 
 
  > Num of Threads per Node          28
  > Num of MPI Nodes                  1
  > Num of Histories per Cycle  3000000
  > Skip Cycles:  150  /  Active Cycles:   50
 
  > Tally is OFF
 
    Transport Simulation Starts...
       1  425.185 sec   8.49177  |  keff  1.46866
       2  253.649 sec   8.48926  |  keff  1.46903
       3  220.130 sec   8.48297  |  keff  1.47364
       4  220.482 sec   8.47450  |  keff  1.47830
       5  217.101 sec   8.46534  |  keff  1.48156
       6  219.438 sec   8.45623  |  keff  1.48633
       7  217.565 sec   8.44703  |  keff  1.48754
       8  215.693 sec   8.43781  |  keff  1.48923
       9  214.861 sec   8.42937  |  keff  1.49170
      10  215.493 sec   8.42130  |  keff  1.49381
      11  215.402 sec   8.41393  |  keff  1.49466
      12  214.751 sec   8.40659  |  keff  1.49614
      13  213.682 sec   8.39967  |  keff  1.49705
      14  212.175 sec   8.39313  |  keff  1.49791
      15  212.783 sec   8.38717  |  keff  1.49917
      16  213.462 sec   8.38094  |  keff  1.49958
      17  213.417 sec   8.37542  |  keff  1.50037
      18  213.794 sec   8.37019  |  keff  1.49951
      19  212.817 sec   8.36493  |  keff  1.50139
      20  213.190 sec   8.36012  |  keff  1.50192
      21  213.193 sec   8.35565  |  keff  1.50248
      22  211.672 sec   8.35085  |  keff  1.50167
      23  212.490 sec   8.34696  |  keff  1.50303
      24  212.852 sec   8.34268  |  keff  1.50349
      25  211.289 sec   8.33939  |  keff  1.50262
      26  211.790 sec   8.33633  |  keff  1.50348
      27  212.485 sec   8.33267  |  keff  1.50381
      28  211.312 sec   8.32807  |  keff  1.50469
      29  212.662 sec   8.32467  |  keff  1.50399
      30  213.318 sec   8.32221  |  keff  1.50540
      31  213.142 sec   8.31907  |  keff  1.50432
      32  212.374 sec   8.31562  |  keff  1.50430
      33  212.990 sec   8.31265  |  keff  1.50553
      34  212.234 sec   8.30950  |  keff  1.50562
      35  212.803 sec   8.30647  |  keff  1.50591
      36  211.618 sec   8.30409  |  keff  1.50543
      37  210.969 sec   8.30157  |  keff  1.50662
      38  212.093 sec   8.29943  |  keff  1.50539
      39  212.190 sec   8.29687  |  keff  1.50513
      40  210.640 sec   8.29476  |  keff  1.50555
      41  210.065 sec   8.29212  |  keff  1.50558
      42  212.268 sec   8.29021  |  keff  1.50643
      43  211.311 sec   8.28751  |  keff  1.50627
      44  212.988 sec   8.28551  |  keff  1.50755
      45  213.385 sec   8.28331  |  keff  1.50678
      46  212.243 sec   8.28140  |  keff  1.50609
      47  210.182 sec   8.27983  |  keff  1.50760
      48  211.986 sec   8.27832  |  keff  1.50638
      49  210.042 sec   8.27628  |  keff  1.50710
      50  212.150 sec   8.27428  |  keff  1.50684
      51  210.626 sec   8.27381  |  keff  1.50678
      52  209.845 sec   8.27261  |  keff  1.50618
      53  212.040 sec   8.27053  |  keff  1.50725
      54  210.833 sec   8.26916  |  keff  1.50761
      55  210.393 sec   8.26802  |  keff  1.50746
      56  212.493 sec   8.26673  |  keff  1.50743
      57  211.319 sec   8.26549  |  keff  1.50693
      58  210.850 sec   8.26389  |  keff  1.50709
      59  212.083 sec   8.26286  |  keff  1.50691
      60  212.563 sec   8.26231  |  keff  1.50703
      61  211.689 sec   8.26149  |  keff  1.50741
      62  211.937 sec   8.26014  |  keff  1.50739
      63  210.411 sec   8.25924  |  keff  1.50815
      64  211.381 sec   8.25785  |  keff  1.50709
      65  210.921 sec   8.25627  |  keff  1.50849
      66  210.577 sec   8.25595  |  keff  1.50777
      67  211.909 sec   8.25457  |  keff  1.50745
      68  209.352 sec   8.25351  |  keff  1.50769
      69  211.620 sec   8.25317  |  keff  1.50767
      70  211.177 sec   8.25316  |  keff  1.50737
      71  211.915 sec   8.25291  |  keff  1.50782
      72  209.337 sec   8.25267  |  keff  1.50736
      73  212.242 sec   8.25252  |  keff  1.50789
      74  213.012 sec   8.25101  |  keff  1.50835
      75  210.872 sec   8.25029  |  keff  1.50777
      76  213.444 sec   8.24959  |  keff  1.50786
      77  211.101 sec   8.24870  |  keff  1.50770
      78  210.332 sec   8.24814  |  keff  1.50845
      79  210.988 sec   8.24831  |  keff  1.50780
      80  210.772 sec   8.24704  |  keff  1.50853
      81  212.764 sec   8.24690  |  keff  1.50764
      82  210.044 sec   8.24640  |  keff  1.50734
      83  211.561 sec   8.24594  |  keff  1.50809
      84  212.477 sec   8.24511  |  keff  1.50769
      85  212.098 sec   8.24491  |  keff  1.50712
      86  209.591 sec   8.24461  |  keff  1.50798
      87  212.011 sec   8.24386  |  keff  1.50863
      88  212.951 sec   8.24374  |  keff  1.50778
      89  211.145 sec   8.24317  |  keff  1.50871
      90  209.858 sec   8.24337  |  keff  1.50872
      91  212.599 sec   8.24272  |  keff  1.50856
      92  211.967 sec   8.24193  |  keff  1.50821
      93  212.282 sec   8.24141  |  keff  1.50839
      94  209.116 sec   8.24151  |  keff  1.50787
      95  209.701 sec   8.24110  |  keff  1.50847
      96  210.202 sec   8.24134  |  keff  1.50824
      97  210.636 sec   8.24076  |  keff  1.50826
      98  212.279 sec   8.24036  |  keff  1.50790
      99  211.678 sec   8.23982  |  keff  1.50853
     100  211.147 sec   8.23957  |  keff  1.50819
     101  210.238 sec   8.23913  |  keff  1.50922
     102  210.522 sec   8.23863  |  keff  1.50899
     103  211.139 sec   8.23836  |  keff  1.50832
     104  212.196 sec   8.23923  |  keff  1.50860
     105  212.591 sec   8.23844  |  keff  1.50886
     106  213.024 sec   8.23838  |  keff  1.50810
     107  210.452 sec   8.23802  |  keff  1.50837
     108  211.263 sec   8.23719  |  keff  1.50842
     109  209.960 sec   8.23739  |  keff  1.50828
     110  211.159 sec   8.23687  |  keff  1.50883
     111  211.986 sec   8.23683  |  keff  1.50881
     112  211.660 sec   8.23679  |  keff  1.50890
     113  207.935 sec   8.23674  |  keff  1.50849
     114  212.911 sec   8.23736  |  keff  1.50817
     115  210.427 sec   8.23727  |  keff  1.50806
     116  210.101 sec   8.23711  |  keff  1.50807
     117  210.793 sec   8.23670  |  keff  1.50829
     118  211.557 sec   8.23705  |  keff  1.50848
     119  210.837 sec   8.23633  |  keff  1.50903
     120  213.191 sec   8.23628  |  keff  1.50844
     121  210.727 sec   8.23601  |  keff  1.50783
     122  209.855 sec   8.23702  |  keff  1.50902
     123  209.930 sec   8.23758  |  keff  1.50882
     124  210.825 sec   8.23806  |  keff  1.50845
     125  211.220 sec   8.23692  |  keff  1.50905
     126  213.361 sec   8.23689  |  keff  1.50797
     127  211.790 sec   8.23686  |  keff  1.50868
     128  212.542 sec   8.23703  |  keff  1.50842
     129  211.488 sec   8.23682  |  keff  1.50808
     130  210.137 sec   8.23640  |  keff  1.50863
     131  209.859 sec   8.23615  |  keff  1.50877
     132  208.694 sec   8.23570  |  keff  1.50806
     133  212.677 sec   8.23551  |  keff  1.50785
     134  211.818 sec   8.23538  |  keff  1.50844
     135  211.297 sec   8.23522  |  keff  1.50848
     136  211.860 sec   8.23457  |  keff  1.50902
     137  209.247 sec   8.23431  |  keff  1.50826
     138  211.990 sec   8.23430  |  keff  1.50810
     139  212.970 sec   8.23476  |  keff  1.50891
     140  210.955 sec   8.23475  |  keff  1.50895
     141  210.298 sec   8.23441  |  keff  1.50891
     142  207.688 sec   8.23415  |  keff  1.50824
     143  210.241 sec   8.23452  |  keff  1.50914
     144  210.190 sec   8.23534  |  keff  1.50820
     145  210.236 sec   8.23666  |  keff  1.50881
     146  211.246 sec   8.23623  |  keff  1.50833
     147  211.193 sec   8.23572  |  keff  1.50883
     148  210.722 sec   8.23584  |  keff  1.50778
     149  212.631 sec   8.23518  |  keff  1.50777
     150  210.854 sec   8.23553  |  keff  1.50750
     151  212.387 sec   8.23493  |  keff  1.50764   avg  1.50764   SD    0.000
     152  210.460 sec   8.23466  |  keff  1.50910   avg  1.50837   SD   51.770
     153  208.917 sec   8.23505  |  keff  1.50880   avg  1.50851   SD   36.442
     154  210.168 sec   8.23469  |  keff  1.50847   avg  1.50850   SD   27.346
     155  210.232 sec   8.23445  |  keff  1.50871   avg  1.50854   SD   22.178
     156  210.012 sec   8.23392  |  keff  1.50763   avg  1.50839   SD   23.103
     157  212.981 sec   8.23482  |  keff  1.50787   avg  1.50832   SD   20.959
     158  209.439 sec   8.23443  |  keff  1.50920   avg  1.50843   SD   21.030
     159  211.418 sec   8.23400  |  keff  1.50857   avg  1.50844   SD   18.751
     160  208.188 sec   8.23403  |  keff  1.50908   avg  1.50851   SD   17.933
     161  210.618 sec   8.23383  |  keff  1.50835   avg  1.50849   SD   16.357
     162  211.075 sec   8.23437  |  keff  1.50820   avg  1.50847   SD   15.178
     163  213.122 sec   8.23442  |  keff  1.50900   avg  1.50851   SD   14.542
     164  211.937 sec   8.23426  |  keff  1.50821   avg  1.50849   SD   13.662
     165  211.505 sec   8.23433  |  keff  1.50808   avg  1.50846   SD   13.021
     166  208.483 sec   8.23458  |  keff  1.50922   avg  1.50851   SD   13.045
     167  211.103 sec   8.23487  |  keff  1.50886   avg  1.50853   SD   12.439
     168  209.207 sec   8.23463  |  keff  1.50809   avg  1.50850   SD   11.988
     169  209.432 sec   8.23544  |  keff  1.50926   avg  1.50854   SD   12.006
     170  210.871 sec   8.23539  |  keff  1.50857   avg  1.50855   SD   11.407
     171  209.291 sec   8.23494  |  keff  1.50900   avg  1.50857   SD   11.071
     172  210.428 sec   8.23501  |  keff  1.50899   avg  1.50859   SD   10.734
     173  211.487 sec   8.23563  |  keff  1.50829   avg  1.50857   SD   10.343
     174  212.150 sec   8.23551  |  keff  1.50853   avg  1.50857   SD    9.914
     175  210.055 sec   8.23586  |  keff  1.50899   avg  1.50859   SD    9.656
     176  211.014 sec   8.23545  |  keff  1.50776   avg  1.50856   SD    9.802
     177  210.937 sec   8.23470  |  keff  1.50861   avg  1.50856   SD    9.441
     178  211.247 sec   8.23463  |  keff  1.50879   avg  1.50857   SD    9.141
     179  211.472 sec   8.23465  |  keff  1.50884   avg  1.50858   SD    8.875
     180  211.516 sec   8.23481  |  keff  1.50887   avg  1.50859   SD    8.633
     181  211.066 sec   8.23453  |  keff  1.50809   avg  1.50857   SD    8.504
     182  211.272 sec   8.23480  |  keff  1.50896   avg  1.50858   SD    8.325
     183  211.879 sec   8.23338  |  keff  1.50806   avg  1.50857   SD    8.221
     184  210.309 sec   8.23367  |  keff  1.50896   avg  1.50858   SD    8.061
     185  210.218 sec   8.23371  |  keff  1.50884   avg  1.50859   SD    7.866
     186  211.111 sec   8.23332  |  keff  1.50824   avg  1.50858   SD    7.706
     187  211.264 sec   8.23355  |  keff  1.50845   avg  1.50857   SD    7.505
     188  211.285 sec   8.23384  |  keff  1.50899   avg  1.50858   SD    7.388
     189  212.191 sec   8.23389  |  keff  1.50802   avg  1.50857   SD    7.337
     190  211.513 sec   8.23410  |  keff  1.50790   avg  1.50855   SD    7.340
     191  209.488 sec   8.23432  |  keff  1.50823   avg  1.50854   SD    7.202
     192  210.238 sec   8.23443  |  keff  1.50860   avg  1.50855   SD    7.032
     193  211.368 sec   8.23386  |  keff  1.50905   avg  1.50856   SD    6.965
     194  210.466 sec   8.23455  |  keff  1.50882   avg  1.50856   SD    6.833
     195  210.167 sec   8.23510  |  keff  1.50862   avg  1.50856   SD    6.682
     196  210.379 sec   8.23441  |  keff  1.50898   avg  1.50857   SD    6.598
     197  210.344 sec   8.23482  |  keff  1.50854   avg  1.50857   SD    6.458
     198  209.187 sec   8.23441  |  keff  1.50869   avg  1.50858   SD    6.328
     199  209.976 sec   8.23443  |  keff  1.50951   avg  1.50859   SD    6.480
     200  209.385 sec   8.23462  |  keff  1.50830   avg  1.50859   SD    6.377
 
    All Simulation Ends...
    - Elapsed time :  42566.695 sec  709.44 min
    - Final keff   :   1.508589 +/-   6.377
 
