   1.03767439228721     
   1.07296017797363     
   1.08923789637372     
   1.10478576945332     
   1.11478890240903     
   1.12029685666129     
   1.12693238865099     
   1.12698481589073     
   1.13201678083276     
   1.13664327698769     
   1.13695621360696     
   1.13736669199279     
   1.13808436927857     
   1.14073093715464     
   1.14095975508082     
   1.14168040200895     
   1.14187987925555     
   1.14222054217535     
   1.14531014177835     
   1.14496969311394     
   1.14255208847705     
   1.14268474776183     
   1.14363909380303     
   1.14201348195560     
   1.14428889476097     
   1.14281945910944     
   1.14497598862241     
   1.14478409186642     
   1.14348578311108     
   1.14364599822674     
   1.14406878266886     
   1.14180243909358     
   1.14482103906476     
   1.14096934941295     
   1.13969457761141     
   1.14322550755265     
   1.14394491266004     
   1.14472717144551     
   1.14277773845067     
   1.14526115562491     
   1.14439293874411     
   1.14337716607459     
   1.14492085816352     
   1.14562856301638     
   1.14607685785215     
   1.14421567451420     
   1.14360251685822     
   1.14429281449890     
   1.14240970549610     
   1.14409120564467     
   1.14254434336241     
   1.14324746172665     
   1.14346179779110     
   1.14255733616652     
   1.14164104307713     
   1.14028118612191     
   1.14211031019476     
   1.14339821766414     
   1.14341467886765     
   1.14338253158713     
   1.14313836306879     
   1.14128343621490     
   1.14426349562794     
   1.13948590954539     
   1.14373656748039     
   1.14384248991591     
   1.14395264592259     
   1.14706693408964     
   1.14317329923437     
   1.13976310028263     
   1.14194038007249     
   1.14124303023141     
   1.14356457511785     
   1.14416748161080     
   1.14290205804852     
   1.14180471310289     
   1.14297276691771     
   1.14234008250221     
   1.14370766012108     
   1.14068999123493     
   1.14375593232868     
   1.14364590047560     
   1.14222477188849     
   1.14342002706307     
   1.14449209571203     
   1.14268104775832     
   1.14064558644234     
   1.14305326529276     
   1.14295166826721     
   1.14122432259977     
   1.14322464637227     
   1.14212034344087     
   1.14296158453075     
   1.14425027103127     
   1.14319822294243     
   1.14418703780998     
   1.14458988278749     
   1.14116105968537     
   1.14345328397077     
   1.14157708359563     
