   1.35811853441753        1.35811853441753        1.35766194099343     
   1.35104329127243        1.35104329127243        1.35056535566194     
   1.35445374841681        1.35445374841681        1.35556357350063     
   1.35904188842356        1.35904188842356        1.36081953668018     
   1.36696994243274        1.36696994243274        1.36549380216325     
   1.36510915503754        1.36510915503754        1.36261204556065     
   1.37315139201541        1.37315139201541        1.36985405339736     
   1.36891375521184        1.36891375521184        1.37111041248934     
   1.37069073098190        1.37069073098190        1.36829434004343     
   1.37053906757839        1.37053906757839        1.37478622414838     
   1.37475328060676        1.37475328060676        1.37548805754524     
   1.37089035668828        1.37089035668828        1.36869250279034     
   1.37567117651173        1.37567117651173        1.37356679808546     
   1.38024477535364        1.38024477535364        1.37522147598662     
   1.37586417365157        1.37586417365157        1.37803720019266     
   1.37972908799460        1.37972908799460        1.37940780835097     
   1.38021256195503        1.38021256195503        1.37838960801197     
   1.37486598197876        1.37486598197876        1.37753755216354     
   1.37837128703579        1.37837128703579        1.38150914179930     
   1.38017729670443        1.38017729670443        1.38002782030503     
   1.38100194618808        1.38100194618808        1.37919079018778     
   1.38110064289917        1.38110064289917        1.38003847997401     
   1.37918599157376        1.37918599157376        1.37675301113139     
   1.38385317359820        1.38385317359820        1.38231844036996     
   1.37894296173499        1.37894296173499        1.37754626633472     
   1.38397889173812        1.38397889173812        1.38361586630119     
   1.38010976555121        1.38010976555121        1.37685922273719     
   1.38097336440342        1.38097336440342        1.37772713024006     
   1.38194962836551        1.38194962836551        1.38524605489121     
   1.38329181131472        1.38329181131472        1.38591501758751     
   1.38502618092878        1.38502618092878        1.38544758357523     
   1.38143461354669        1.38143461354669        1.38265879182640     
   1.38421019706272        1.38421019706272        1.38283042847467     
   1.38182509630639        1.38182509630639        1.38185309507161     
   1.38410893837950        1.38410893837950        1.38609854771894     
   1.38096259621380        1.38096259621380        1.37967461286308     
   1.38205420077332        1.38205420077332        1.38248780645503     
   1.38227042259298        1.38227042259298        1.38213486663558     
   1.38379182390158        1.38379182390158        1.38387247927364     
   1.38424285566854        1.38424285566854        1.38663815586340     
   1.38296105803242        1.38296105803242        1.38363085916660     
   1.38442231100561        1.38442231100561        1.38382482230843     
   1.38365704383054        1.38365704383054        1.38271684501461     
   1.38276487181326        1.38276487181326        1.38336257566603     
   1.38189659402229        1.38189659402229        1.38113456323914     
   1.38344496958874        1.38344496958874        1.38371755041377     
   1.38332968355159        1.38332968355159        1.38411937493167     
   1.38197121095869        1.38197121095869        1.38141051460937     
   1.38320487532784        1.38320487532784        1.38319423199248     
   1.38565439470419        1.38565439470419        1.38497415764312     
   1.38253410866363        1.38253410866363        1.38165808260746     
   1.38306476096480        1.38306476096480        1.38044103190242     
   1.38423404116365        1.38423404116365        1.38321478044774     
   1.38163048617618        1.38163048617618        1.38192445695177     
   1.38195973428671        1.38195973428671        1.38244782749901     
   1.38399021720296        1.38399021720296        1.38480026445458     
   1.38437452943366        1.38437452943366        1.38441925080799     
   1.38399719969963        1.38399719969963        1.38389289597709     
   1.38384490928404        1.38384490928404        1.38504681731516     
   1.38333379972878        1.38333379972878        1.38422594415653     
   1.38462274695945        1.38462274695945        1.38420399655185     
   1.38222146259604        1.38222146259604        1.38242899647722     
   1.38476768696548        1.38476768696548        1.38673655517608     
   1.38454054227710        1.38454054227710        1.38616363153009     
   1.38411190541706        1.38411190541706        1.38557160518103     
   1.38408254422503        1.38408254422503        1.38345123483185     
   1.38343442594620        1.38343442594620        1.38402196180852     
   1.38400641752521        1.38400641752521        1.38359532079710     
   1.38553469520549        1.38553469520549        1.38689900184194     
   1.38395992065285        1.38395992065285        1.38318697417066     
   1.38475495542698        1.38475495542698        1.38648657768686     
   1.38488014979200        1.38488014979200        1.38624233000001     
   1.38325529756012        1.38325529756012        1.38211031442619     
   1.38393002062605        1.38393002062605        1.38417091101426     
   1.38467391141630        1.38467391141630        1.38457525337673     
   1.38322225860609        1.38322225860609        1.38419556528743     
   1.38381903104576        1.38381903104576        1.38290349769261     
   1.38388452903983        1.38388452903983        1.38330338218560     
   1.38339315965215        1.38339315965215        1.38338899142558     
   1.38279732916973        1.38279732916973        1.38204008667365     
   1.38190847244615        1.38190847244615        1.38140353961654     
   1.38552070266102        1.38552070266102        1.38614922455285     
   1.38332112796035        1.38332112796035        1.38192261298928     
   1.38263113215467        1.38263113215467        1.38109462154053     
   1.38495815802518        1.38495815802518        1.38278967407998     
   1.38567782197081        1.38567782197081        1.38524082151941     
   1.38428827920060        1.38428827920060        1.38374970824900     
   1.38254772102634        1.38254772102634        1.38264608441187     
   1.38530967800435        1.38530967800435        1.38431595671914     
   1.38312862664333        1.38312862664333        1.38299488314794     
   1.38560922236407        1.38560922236407        1.38595660204811     
   1.38550625919882        1.38550625919882        1.38551710000075     
   1.38386332732508        1.38386332732508        1.38457041223143     
   1.38462000140975        1.38462000140975        1.38520558618405     
   1.38282125016350        1.38282125016350        1.38371924918836     
   1.38309831819820        1.38309831819820        1.38222222131126     
   1.38315239267895        1.38315239267895        1.38249024989807     
   1.38505644653550        1.38505644653550        1.38547718739470     
   1.38358555801406        1.38358555801406        1.38563512640117     
   1.38250292406957        1.38250292406957        1.38541646367666     
   1.38400131957851        1.38400131957851        1.38396896939386     
   1.38530887356236        1.38530887356236        1.38660550607133     
   1.38364495906167        1.38364495906167        1.38449662145311     
   1.38477092142105        1.38477092142105        1.38468727100579     
   1.38283761081007        1.38283761081007        1.38340520550217     
   1.38261453937632        1.38261453937632        1.37920621315867     
   1.38329623591179        1.38329623591179        1.38187297991424     
   1.38647812069090        1.38647812069090        1.38549771901302     
   1.38317283552279        1.38317283552279        1.38397567291631     
   1.38411939728269        1.38411939728269        1.38255963064842     
   1.38230473107854        1.38230473107854        1.38294008939333     
   1.38311101519465        1.38311101519465        1.38398373008985     
   1.38440808997162        1.38440808997162        1.38485501302481     
   1.38336493503064        1.38336493503064        1.38411155329886     
   1.38450817607315        1.38450817607315        1.38199675742905     
   1.38517573215351        1.38517573215351        1.38372573094616     
   1.38251884993981        1.38251884993981        1.38171789660201     
   1.38559550272238        1.38559550272238        1.38570100629919     
   1.38571556669787        1.38571556669787        1.38692076264442     
   1.38439323894719        1.38439323894719        1.38518515172603     
   1.38501491653372        1.38501491653372        1.38729837178802     
   1.38406764447978        1.38406764447978        1.38411688652782     
   1.38416239888727        1.38416239888727        1.38354200602234     
   1.38075450592813        1.38075450592813        1.38207218900356     
   1.38582251241143        1.38582251241143        1.38539346240324     
   1.38264523644673        1.38264523644673        1.38231489066744     
   1.38378118146706        1.38378118146706        1.38435078840335     
   1.38311667284183        1.38311667284183        1.38328394988823     
   1.38349572723579        1.38349572723579        1.38431602570285     
   1.38285233818330        1.38285233818330        1.38282728193467     
   1.38366475615074        1.38366475615074        1.38672203248472     
   1.38454321337541        1.38454321337541        1.38610700797488     
   1.38559348067646        1.38559348067646        1.38695443800277     
   1.38381510969141        1.38381510969141        1.38563582120997     
   1.38525560956505        1.38525560956505        1.38435371498681     
   1.38567713771536        1.38567713771536        1.38462420157189     
   1.38485699511103        1.38485699511103        1.38675364554394     
   1.38319570538166        1.38319570538166        1.38340547466405     
   1.38449113398147        1.38449113398147        1.38381485116852     
   1.38245678863277        1.38245678863277        1.38286600455322     
   1.38519607675196        1.38519607675196        1.38607114521113     
   1.38123230087583        1.38123230087583        1.38179380075493     
