  0.390400243705235     
  0.390656695718356     
  0.404181901091464     
  0.402645492913058     
  0.407929803833805     
  0.397127160866178     
  0.400000033236226     
  0.400272917295034     
  0.399753203894471     
  0.407324602594330     
  0.406942885561862     
  0.392128920768977     
  0.401147641890319     
  0.405214600007485     
  0.403138406344721     
  0.401958715969716     
  0.401870199611469     
  0.404130043511251     
  0.404309600765813     
  0.404156319079887     
  0.408734224914877     
  0.406331080563705     
  0.397181560079689     
  0.401493452121733     
  0.404282881874980     
  0.403793580406078     
  0.403138685425333     
  0.401486064703584     
  0.398604031051736     
  0.399928179085530     
  0.391295283003317     
  0.409087533253415     
  0.391606019721422     
  0.399035057700789     
  0.405366551521854     
  0.409293608655728     
  0.406995384779269     
  0.409482979751285     
  0.402206999267545     
  0.407233430448091     
  0.410036712905761     
  0.400194386271592     
  0.405629361342712     
  0.398767717963154     
  0.398622509000437     
  0.409109971768598     
  0.400827720111587     
  0.404284519468911     
  0.404855424835124     
  0.403213944893710     
  0.399409814902896     
  0.402046267436333     
  0.405655445430390     
  0.406943361862196     
  0.392034156814982     
  0.402433636923582     
  0.401689472419470     
  0.405160016076996     
  0.398670407603383     
  0.402951891042872     
  0.395388311438498     
  0.400965336794350     
  0.404663236360759     
  0.399757628754046     
  0.399409357091522     
  0.399164190076477     
  0.399102009636275     
  0.407915422507851     
  0.403291478497203     
  0.405004966865421     
  0.399039629317064     
  0.411700664863943     
  0.399924618274953     
  0.412615858151296     
  0.404510835575796     
  0.399650368900294     
  0.396478083739527     
  0.410161036562214     
  0.400343916993551     
  0.401654576149099     
  0.398872181529470     
  0.399654628284048     
  0.408921075224758     
  0.402587770558113     
  0.399993451874403     
  0.407921355686730     
  0.399843521369079     
  0.412459455920391     
  0.403491975307864     
  0.397555733180952     
  0.402697406803363     
  0.399369654744464     
  0.403344889910313     
  0.395091007059823     
  0.397027457977098     
  0.408745425328452     
  0.397782691607268     
  0.396887977155469     
  0.399145671782289     
  0.404532374923148     
  0.403294113474490     
  0.408494351295061     
  0.403401405455991     
  0.401534979098449     
  0.402801973585322     
  0.407252450441038     
  0.401684928237582     
  0.397731249694216     
  0.396063252813093     
  0.400326770636713     
  0.411983132944653     
  0.401642594432507     
  0.397745735524848     
  0.396644878533245     
  0.400674059897429     
  0.397171071466417     
  0.391595169593127     
  0.403154797282634     
  0.410338009601489     
  0.400329320837835     
  0.406501085305067     
  0.399706811850220     
  0.405045749841779     
  0.403153810392253     
  0.397855905834523     
  0.404882346631126     
  0.404493721790993     
  0.400395208894350     
  0.412151549682819     
  0.411257728706934     
  0.409430457289951     
  0.407833404991529     
  0.403198221431695     
  0.396139595519933     
  0.405500557978175     
  0.409584815019345     
  0.399073638095707     
  0.398630380209827     
  0.402583360496596     
  0.398090100017874     
  0.407242117856869     
  0.401489793018234     
  0.398908833293859     
  0.405366996546642     
  0.402766831922280     
  0.404995984716641     
  0.405584337557255     
  0.395897033195688     
  0.398988869977448     
  0.406926082678913     
  0.409040047292265     
  0.403842195975866     
  0.404316799124001     
  0.403803860910774     
  0.403015955978166     
  0.402715454876185     
  0.411060873379121     
  0.403824992500508     
  0.404844660900155     
  0.394070469513155     
  0.407111610910101     
  0.403857437643240     
  0.402570047376620     
  0.402204395632314     
  0.409081374375054     
  0.405224045262048     
  0.407291064358127     
  0.396587725353716     
  0.393657709924920     
  0.401045340367873     
  0.396193207725275     
  0.403621590319493     
  0.407634469536794     
  0.406664075899220     
  0.410394653312351     
  0.407416227006289     
  0.406435464312224     
  0.400942594992475     
  0.399865921181644     
  0.408276901296758     
  0.399700740702776     
  0.398465713321051     
  0.412113550444635     
  0.410479148103519     
  0.396993330258320     
  0.402404662151398     
  0.399289124554289     
  0.402370583803519     
  0.406912231749896     
  0.399618838478466     
  0.413165976044340     
  0.400918949232788     
  0.410497232936538     
  0.408066103011851     
  0.406187675625293     
  0.397243218360982     
  0.409454532103109     
  0.396962522175913     
  0.403320490993409     
  0.397933072859600     
  0.407033551381164     
  0.404176098224927     
  0.403285477437784     
  0.409645760250098     
  0.404491995878309     
  0.393217861376090     
  0.404716869282439     
  0.407600865365801     
  0.399807483115476     
  0.399455556029717     
  0.396883925120229     
  0.411415684006153     
  0.402240089773176     
  0.401287376768165     
  0.405318493689969     
  0.407814751065047     
  0.394290275541633     
  0.405695266248706     
  0.404234315795590     
  0.404469851332305     
  0.408685874018448     
  0.403882189800010     
  0.393764991852954     
  0.403550039059995     
  0.403288470890013     
  0.404297167576825     
  0.405061239815644     
  0.403615528595586     
  0.409406640743753     
  0.393968465481060     
  0.402136027171954     
  0.406127495449235     
  0.410797040648430     
  0.400588893330620     
  0.404456792538893     
  0.406564150875755     
  0.402874112071735     
  0.395609084305182     
  0.407110565754352     
  0.397930968482497     
  0.399042638664947     
  0.408503424757433     
  0.399610617538944     
  0.401739467634038     
  0.403975189584013     
  0.394214778259954     
  0.398440376912188     
  0.399911560660137     
  0.399200584702698     
  0.389053098105477     
  0.406970110888533     
  0.397997956911750     
  0.405914723177621     
  0.400569977770993     
  0.397342952033313     
  0.414158099958737     
  0.399483723661130     
  0.400539459949935     
  0.404942604015618     
  0.404864556514307     
  0.399534980237936     
  0.402840315509765     
  0.404051757285678     
  0.395587055105977     
  0.403279676649869     
  0.403612819589258     
  0.404456091672276     
  0.402694729259608     
  0.397780107529503     
  0.403180113028106     
  0.402399152290654     
  0.399696250615168     
  0.399726446653888     
  0.398482818628341     
  0.393800039064533     
  0.394385719504521     
  0.402103418990469     
  0.410215680635585     
  0.406380444662414     
  0.400061694210518     
  0.402903020026187     
  0.408063460377770     
  0.405336857647631     
  0.400988765943644     
  0.412604709809733     
  0.402863260953768     
  0.398667546478072     
  0.404070141241978     
  0.398041038284756     
  0.401594359661201     
  0.403686031105682     
  0.397478229888009     
  0.414684203751182     
  0.398680922889692     
  0.407588336231886     
  0.403321917028482     
  0.410050326032518     
  0.408298757687121     
  0.405718764085152     
  0.401859408794006     
