   1.04119025476513     
   1.07358944772202     
   1.09120150951739     
   1.10394855148720     
   1.11309935215466     
   1.11939925968193     
   1.12497139913081     
   1.12819673188271     
   1.13150343588585     
   1.13476161515153     
   1.13612367780500     
   1.13728211071542     
   1.13905231182503     
   1.13985841335725     
   1.14076276235882     
   1.14068783315332     
   1.14164447123774     
   1.14176813890193     
   1.14331958404335     
   1.14310340892449     
   1.14332573079689     
   1.14225987844667     
   1.14287276267907     
   1.14231284927573     
   1.14271273596489     
   1.14321676900784     
   1.14267663132938     
   1.14384885052138     
   1.14316082879031     
   1.14364331458487     
   1.14269787514990     
   1.14299149493229     
   1.14256514431499     
   1.14313138228990     
   1.14330774666270     
   1.14323061194013     
   1.14237632438675     
   1.14308244461233     
   1.14317187626458     
   1.14362944793048     
   1.14331801277278     
   1.14368440458541     
   1.14283783923036     
   1.14345883741191     
   1.14281557046189     
   1.14403974612622     
   1.14291511881939     
   1.14316228582301     
   1.14356010498198     
   1.14270659150167     
   1.14332458417327     
   1.14375114712515     
   1.14279636530385     
   1.14363094138380     
   1.14302416098987     
   1.14292115443259     
   1.14302487449246     
   1.14218961364568     
   1.14275833707927     
   1.14328838727931     
   1.14336562848111     
   1.14299891612394     
   1.14354689770703     
   1.14307480514039     
   1.14334074389893     
   1.14306173149009     
   1.14368075080638     
   1.14339208320160     
   1.14280695182816     
   1.14335004015978     
   1.14308485544083     
   1.14302564379904     
   1.14328914311115     
   1.14248875799299     
   1.14295757926422     
   1.14350704959041     
   1.14363077035338     
   1.14186117206186     
   1.14303007724845     
   1.14346816182021     
   1.14265587314808     
   1.14337777132996     
   1.14361064066891     
   1.14348561295042     
   1.14258644291426     
   1.14312279767313     
   1.14245700825388     
   1.14392882831257     
   1.14276475051260     
   1.14295640494675     
   1.14341088167856     
   1.14353992618147     
   1.14375270110030     
   1.14287457455685     
   1.14284363348494     
   1.14297403001643     
   1.14288774105431     
   1.14261619805887     
   1.14238722132852     
   1.14347425440470     
   1.14274788841805     
   1.14289766813331     
   1.14388181569793     
   1.14278391443659     
   1.14212398481827     
   1.14402634864341     
   1.14334203928914     
   1.14336481139840     
   1.14317587297132     
   1.14259296677508     
   1.14265666561376     
   1.14287495486731     
   1.14352906229900     
   1.14266377696048     
   1.14410570525124     
   1.14292905995500     
   1.14280917471677     
   1.14417990788872     
   1.14300256965752     
   1.14343311998617     
   1.14267250617380     
   1.14372936143490     
   1.14299636226337     
   1.14307649613933     
   1.14305592681090     
   1.14365037719910     
   1.14318396013458     
   1.14316211529721     
   1.14394720907756     
   1.14334607900610     
   1.14290351498388     
   1.14325175210654     
   1.14294214877166     
   1.14295070856677     
   1.14292043125563     
   1.14301846977570     
   1.14261931569016     
   1.14325615991806     
   1.14255081540517     
   1.14370423358473     
   1.14314536910815     
   1.14345445451666     
   1.14348196480958     
   1.14273057829344     
   1.14227459432580     
   1.14296024535423     
   1.14304427772012     
   1.14309879589174     
   1.14339188260920     
   1.14254068817163     
   1.14294266473128     
   1.14252035841898     
   1.14261488913371     
   1.14362782198326     
   1.14286902981066     
   1.14272132325059     
   1.14315774045980     
   1.14277252193250     
   1.14323107660769     
   1.14209262195345     
   1.14325384082545     
   1.14207211493354     
   1.14211740248059     
   1.14336319776312     
   1.14294948496437     
   1.14299989962380     
   1.14314920951274     
   1.14287510344308     
   1.14303225466736     
   1.14342854202865     
   1.14331581272638     
   1.14287233300955     
   1.14349299695181     
   1.14315089383120     
   1.14299188703394     
   1.14342771059604     
   1.14306211938675     
   1.14299081889270     
   1.14371058158331     
   1.14332493307868     
   1.14422484451971     
   1.14312957929697     
   1.14302515852239     
   1.14255496142686     
   1.14357857174467     
   1.14303073288263     
   1.14337667402657     
   1.14265905890603     
   1.14277345538265     
   1.14256873585350     
   1.14245695944283     
   1.14220009410519     
   1.14241721714082     
   1.14236866974954     
   1.14424212552941     
   1.14229664819196     
   1.14280911585915     
   1.14255798801151     
   1.14278180976262     
   1.14301414976877     
   1.14252657195539     
   1.14282164682679     
   1.14276172018962     
   1.14332413145516     
   1.14374808787950     
   1.14342242519922     
   1.14305081194216     
   1.14334430459143     
   1.14294314791353     
   1.14252727824469     
   1.14361051103458     
   1.14296429542357     
   1.14351967595274     
   1.14380040836418     
   1.14249142281646     
   1.14348264744194     
   1.14324369428959     
   1.14361573486375     
   1.14335356364068     
   1.14415134970902     
   1.14288114300714     
   1.14284357604893     
   1.14281174172571     
   1.14375496261314     
   1.14238280803614     
   1.14284325356694     
   1.14388783128991     
   1.14280680906290     
   1.14363930408376     
   1.14229533598608     
   1.14340256576320     
   1.14352913592887     
   1.14309410589939     
   1.14359741396579     
   1.14304956148528     
   1.14268689094499     
   1.14363631521104     
   1.14235350006228     
   1.14251160035534     
   1.14335370416345     
   1.14292277134475     
   1.14337839421884     
   1.14350855740369     
   1.14386056323005     
   1.14372520936091     
   1.14324792445390     
   1.14346277448895     
   1.14280362548374     
   1.14332934990692     
   1.14401217427476     
   1.14300737177550     
   1.14251734474792     
   1.14290854272440     
   1.14317131179690     
   1.14300876597314     
   1.14317886072039     
   1.14314147552088     
   1.14201647482296     
   1.14230123841043     
   1.14234036456622     
   1.14247980901512     
   1.14260705662373     
   1.14319701380031     
   1.14324793455277     
   1.14314283653005     
   1.14305871314351     
   1.14267657766834     
   1.14396923032252     
   1.14323468675877     
   1.14330001649306     
   1.14370714362971     
   1.14302618020165     
   1.14303029817110     
   1.14224136442867     
   1.14240033345532     
   1.14358049393516     
   1.14306077660409     
   1.14351095526186     
   1.14239945657880     
   1.14285000990769     
   1.14327445246248     
   1.14243886126507     
   1.14288660525278     
   1.14333077443943     
   1.14398671277591     
   1.14284813696244     
   1.14358518736921     
   1.14373195130574     
   1.14331457696671     
   1.14286486081185     
   1.14296077365660     
   1.14324567160290     
   1.14268060026118     
   1.14383902892681     
   1.14335640863376     
   1.14377145113409     
   1.14282261430459     
   1.14263703320002     
   1.14379206509796     
   1.14318853645238     
