    CTRL  READ COMPLETE..
    Continuous Energy Mode...
    Start reading ace-format nuclear data
           1 1001.715nc
           2 8016.715nc
 WARNING :: NYD block exists
           3 92235.715nc
           4 92238.715nc
    ACE Lib. READ COMPLETE...
    CE MAT READ COMPLETE...
    GEOM  READ COMPLETE..
    Setting ugrid...
    Initializing Source...
    Source Initializing Complete...
 
 
  > Num of Threads per Node         28
  > Num of MPI Nodes                 7
  > Num of Histories per Cycle 5000000
  > Skip Cycles:   50  /  Active Cycles:  300
 
  > CMFD is OFF 
 
  > Tally is OFF
 
    Transport Simulation Starts...
      1 / 350 cycle k eff :  1.4126279       elased time :  29.870sec
      2 / 350 cycle k eff :  1.4387757       elased time :  32.492sec
      3 / 350 cycle k eff :  1.4568081       elased time :  24.753sec
      4 / 350 cycle k eff :  1.4676986       elased time :  24.738sec
      5 / 350 cycle k eff :  1.4747420       elased time :  24.955sec
      6 / 350 cycle k eff :  1.4811350       elased time :  24.838sec
      7 / 350 cycle k eff :  1.4856002       elased time :  24.792sec
      8 / 350 cycle k eff :  1.4877906       elased time :  24.856sec
      9 / 350 cycle k eff :  1.4899243       elased time :  24.847sec
     10 / 350 cycle k eff :  1.4915198       elased time :  24.757sec
     11 / 350 cycle k eff :  1.4921501       elased time :  25.025sec
     12 / 350 cycle k eff :  1.4935912       elased time :  24.794sec
     13 / 350 cycle k eff :  1.4941004       elased time :  24.900sec
     14 / 350 cycle k eff :  1.4943172       elased time :  24.951sec
     15 / 350 cycle k eff :  1.4940545       elased time :  24.872sec
     16 / 350 cycle k eff :  1.4946657       elased time :  24.932sec
     17 / 350 cycle k eff :  1.4953653       elased time :  24.924sec
     18 / 350 cycle k eff :  1.4957361       elased time :  24.919sec
     19 / 350 cycle k eff :  1.4958833       elased time :  24.905sec
     20 / 350 cycle k eff :  1.4947587       elased time :  24.990sec
     21 / 350 cycle k eff :  1.4960009       elased time :  24.911sec
     22 / 350 cycle k eff :  1.4955752       elased time :  24.986sec
     23 / 350 cycle k eff :  1.4944996       elased time :  24.920sec
     24 / 350 cycle k eff :  1.4950265       elased time :  24.933sec
     25 / 350 cycle k eff :  1.4955886       elased time :  25.008sec
     26 / 350 cycle k eff :  1.4957368       elased time :  24.890sec
     27 / 350 cycle k eff :  1.4945407       elased time :  24.997sec
     28 / 350 cycle k eff :  1.4956241       elased time :  24.855sec
     29 / 350 cycle k eff :  1.4965247       elased time :  25.067sec
     30 / 350 cycle k eff :  1.4958928       elased time :  24.922sec
     31 / 350 cycle k eff :  1.4963669       elased time :  24.881sec
     32 / 350 cycle k eff :  1.4957251       elased time :  25.039sec
     33 / 350 cycle k eff :  1.4953538       elased time :  24.912sec
     34 / 350 cycle k eff :  1.4954602       elased time :  25.047sec
     35 / 350 cycle k eff :  1.4952569       elased time :  24.896sec
     36 / 350 cycle k eff :  1.4950207       elased time :  24.895sec
     37 / 350 cycle k eff :  1.4951362       elased time :  24.826sec
     38 / 350 cycle k eff :  1.4954109       elased time :  24.999sec
     39 / 350 cycle k eff :  1.4953652       elased time :  24.990sec
     40 / 350 cycle k eff :  1.4951203       elased time :  24.995sec
     41 / 350 cycle k eff :  1.4950098       elased time :  24.866sec
     42 / 350 cycle k eff :  1.4959907       elased time :  24.947sec
     43 / 350 cycle k eff :  1.4951968       elased time :  24.937sec
     44 / 350 cycle k eff :  1.4957323       elased time :  24.907sec
     45 / 350 cycle k eff :  1.4960636       elased time :  24.867sec
     46 / 350 cycle k eff :  1.4955177       elased time :  24.801sec
     47 / 350 cycle k eff :  1.4952810       elased time :  24.764sec
     48 / 350 cycle k eff :  1.4957011       elased time :  24.846sec
     49 / 350 cycle k eff :  1.4952246       elased time :  24.852sec
     50 / 350 cycle k eff :  1.4963733       elased time :  24.776sec
     51 / 350 cycle k eff :  1.4957842       elased time :  24.882sec
     52 / 350 cycle k eff :  1.4949895       elased time :  24.891sec
     53 / 350 cycle k eff :  1.4956225       elased time :  24.738sec
     54 / 350 cycle k eff :  1.4949180       elased time :  24.877sec
     55 / 350 cycle k eff :  1.4952424       elased time :  24.859sec
     56 / 350 cycle k eff :  1.4953691       elased time :  24.787sec
     57 / 350 cycle k eff :  1.4958954       elased time :  24.731sec
     58 / 350 cycle k eff :  1.4963032       elased time :  24.922sec
     59 / 350 cycle k eff :  1.4956137       elased time :  24.848sec
     60 / 350 cycle k eff :  1.4950810       elased time :  24.852sec
     61 / 350 cycle k eff :  1.4949520       elased time :  24.780sec
     62 / 350 cycle k eff :  1.4959113       elased time :  24.862sec
     63 / 350 cycle k eff :  1.4955459       elased time :  24.821sec
     64 / 350 cycle k eff :  1.4953616       elased time :  24.740sec
     65 / 350 cycle k eff :  1.4955550       elased time :  24.974sec
     66 / 350 cycle k eff :  1.4951930       elased time :  24.806sec
     67 / 350 cycle k eff :  1.4954323       elased time :  24.661sec
     68 / 350 cycle k eff :  1.4959697       elased time :  24.750sec
     69 / 350 cycle k eff :  1.4954408       elased time :  24.766sec
     70 / 350 cycle k eff :  1.4962350       elased time :  24.746sec
     71 / 350 cycle k eff :  1.4957135       elased time :  24.756sec
     72 / 350 cycle k eff :  1.4953367       elased time :  24.875sec
     73 / 350 cycle k eff :  1.4961956       elased time :  24.711sec
     74 / 350 cycle k eff :  1.4947679       elased time :  24.791sec
     75 / 350 cycle k eff :  1.4950654       elased time :  24.693sec
     76 / 350 cycle k eff :  1.4951342       elased time :  24.691sec
     77 / 350 cycle k eff :  1.4948502       elased time :  24.715sec
     78 / 350 cycle k eff :  1.4964872       elased time :  24.708sec
     79 / 350 cycle k eff :  1.4950446       elased time :  24.693sec
     80 / 350 cycle k eff :  1.4951162       elased time :  24.763sec
     81 / 350 cycle k eff :  1.4959387       elased time :  24.842sec
     82 / 350 cycle k eff :  1.4962646       elased time :  24.814sec
     83 / 350 cycle k eff :  1.4961491       elased time :  24.860sec
     84 / 350 cycle k eff :  1.4952729       elased time :  24.751sec
     85 / 350 cycle k eff :  1.4964511       elased time :  24.728sec
     86 / 350 cycle k eff :  1.4954963       elased time :  24.775sec
     87 / 350 cycle k eff :  1.4955078       elased time :  24.721sec
     88 / 350 cycle k eff :  1.4952726       elased time :  24.753sec
     89 / 350 cycle k eff :  1.4959831       elased time :  24.804sec
     90 / 350 cycle k eff :  1.4956960       elased time :  24.891sec
     91 / 350 cycle k eff :  1.4965773       elased time :  24.825sec
     92 / 350 cycle k eff :  1.4957066       elased time :  24.791sec
     93 / 350 cycle k eff :  1.4961797       elased time :  24.744sec
     94 / 350 cycle k eff :  1.4963751       elased time :  24.776sec
     95 / 350 cycle k eff :  1.4962510       elased time :  24.810sec
     96 / 350 cycle k eff :  1.4953044       elased time :  24.787sec
     97 / 350 cycle k eff :  1.4958806       elased time :  24.955sec
     98 / 350 cycle k eff :  1.4956379       elased time :  24.878sec
     99 / 350 cycle k eff :  1.4960906       elased time :  24.742sec
    100 / 350 cycle k eff :  1.4958334       elased time :  24.869sec
    101 / 350 cycle k eff :  1.4956019       elased time :  24.671sec
    102 / 350 cycle k eff :  1.4957289       elased time :  24.928sec
    103 / 350 cycle k eff :  1.4955587       elased time :  24.787sec
    104 / 350 cycle k eff :  1.4946534       elased time :  24.732sec
    105 / 350 cycle k eff :  1.4954725       elased time :  24.768sec
    106 / 350 cycle k eff :  1.4955770       elased time :  24.802sec
    107 / 350 cycle k eff :  1.4952932       elased time :  24.781sec
    108 / 350 cycle k eff :  1.4959790       elased time :  24.922sec
    109 / 350 cycle k eff :  1.4953424       elased time :  24.871sec
    110 / 350 cycle k eff :  1.4957451       elased time :  24.810sec
    111 / 350 cycle k eff :  1.4956089       elased time :  24.753sec
    112 / 350 cycle k eff :  1.4960273       elased time :  24.956sec
    113 / 350 cycle k eff :  1.4960764       elased time :  24.800sec
    114 / 350 cycle k eff :  1.4956775       elased time :  24.733sec
    115 / 350 cycle k eff :  1.4960409       elased time :  24.752sec
    116 / 350 cycle k eff :  1.4960982       elased time :  24.980sec
    117 / 350 cycle k eff :  1.4952460       elased time :  24.797sec
    118 / 350 cycle k eff :  1.4951729       elased time :  24.757sec
    119 / 350 cycle k eff :  1.4963113       elased time :  24.720sec
    120 / 350 cycle k eff :  1.4961266       elased time :  24.892sec
    121 / 350 cycle k eff :  1.4953786       elased time :  24.807sec
    122 / 350 cycle k eff :  1.4951623       elased time :  24.900sec
    123 / 350 cycle k eff :  1.4949808       elased time :  24.758sec
    124 / 350 cycle k eff :  1.4958354       elased time :  24.723sec
    125 / 350 cycle k eff :  1.4957864       elased time :  24.870sec
    126 / 350 cycle k eff :  1.4951239       elased time :  24.751sec
    127 / 350 cycle k eff :  1.4957098       elased time :  24.756sec
    128 / 350 cycle k eff :  1.4961249       elased time :  24.730sec
    129 / 350 cycle k eff :  1.4947903       elased time :  24.743sec
    130 / 350 cycle k eff :  1.4958876       elased time :  24.785sec
    131 / 350 cycle k eff :  1.4953316       elased time :  24.696sec
    132 / 350 cycle k eff :  1.4951596       elased time :  24.741sec
    133 / 350 cycle k eff :  1.4948196       elased time :  24.804sec
    134 / 350 cycle k eff :  1.4958725       elased time :  24.794sec
    135 / 350 cycle k eff :  1.4951748       elased time :  24.811sec
    136 / 350 cycle k eff :  1.4953042       elased time :  24.728sec
    137 / 350 cycle k eff :  1.4955749       elased time :  24.815sec
    138 / 350 cycle k eff :  1.4948159       elased time :  24.825sec
    139 / 350 cycle k eff :  1.4957181       elased time :  24.741sec
    140 / 350 cycle k eff :  1.4958315       elased time :  24.836sec
    141 / 350 cycle k eff :  1.4946426       elased time :  24.855sec
    142 / 350 cycle k eff :  1.4958123       elased time :  24.857sec
    143 / 350 cycle k eff :  1.4956692       elased time :  24.828sec
    144 / 350 cycle k eff :  1.4953006       elased time :  24.824sec
    145 / 350 cycle k eff :  1.4959418       elased time :  24.767sec
    146 / 350 cycle k eff :  1.4959362       elased time :  24.852sec
    147 / 350 cycle k eff :  1.4952455       elased time :  24.882sec
    148 / 350 cycle k eff :  1.4948412       elased time :  24.830sec
    149 / 350 cycle k eff :  1.4957608       elased time :  24.820sec
    150 / 350 cycle k eff :  1.4961315       elased time :  24.766sec
    151 / 350 cycle k eff :  1.4956360       elased time :  24.803sec
    152 / 350 cycle k eff :  1.4955781       elased time :  24.701sec
    153 / 350 cycle k eff :  1.4958114       elased time :  24.765sec
    154 / 350 cycle k eff :  1.4954522       elased time :  24.820sec
    155 / 350 cycle k eff :  1.4960393       elased time :  24.817sec
    156 / 350 cycle k eff :  1.4952914       elased time :  24.770sec
    157 / 350 cycle k eff :  1.4958516       elased time :  24.708sec
    158 / 350 cycle k eff :  1.4956251       elased time :  24.796sec
    159 / 350 cycle k eff :  1.4952210       elased time :  24.805sec
    160 / 350 cycle k eff :  1.4944709       elased time :  24.842sec
    161 / 350 cycle k eff :  1.4955516       elased time :  24.786sec
    162 / 350 cycle k eff :  1.4947002       elased time :  24.738sec
    163 / 350 cycle k eff :  1.4957320       elased time :  24.774sec
    164 / 350 cycle k eff :  1.4960076       elased time :  24.806sec
    165 / 350 cycle k eff :  1.4951328       elased time :  24.852sec
    166 / 350 cycle k eff :  1.4950318       elased time :  24.909sec
    167 / 350 cycle k eff :  1.4957153       elased time :  24.952sec
    168 / 350 cycle k eff :  1.4952722       elased time :  24.879sec
    169 / 350 cycle k eff :  1.4950249       elased time :  24.844sec
    170 / 350 cycle k eff :  1.4945551       elased time :  24.785sec
    171 / 350 cycle k eff :  1.4954433       elased time :  24.770sec
    172 / 350 cycle k eff :  1.4950565       elased time :  24.832sec
    173 / 350 cycle k eff :  1.4950072       elased time :  24.720sec
    174 / 350 cycle k eff :  1.4955799       elased time :  24.819sec
    175 / 350 cycle k eff :  1.4953608       elased time :  24.828sec
    176 / 350 cycle k eff :  1.4955665       elased time :  24.712sec
    177 / 350 cycle k eff :  1.4960618       elased time :  24.886sec
    178 / 350 cycle k eff :  1.4954135       elased time :  24.982sec
    179 / 350 cycle k eff :  1.4941537       elased time :  24.841sec
    180 / 350 cycle k eff :  1.4961551       elased time :  24.798sec
    181 / 350 cycle k eff :  1.4956370       elased time :  24.791sec
    182 / 350 cycle k eff :  1.4959268       elased time :  24.654sec
    183 / 350 cycle k eff :  1.4956742       elased time :  24.792sec
    184 / 350 cycle k eff :  1.4957434       elased time :  24.807sec
    185 / 350 cycle k eff :  1.4956729       elased time :  24.795sec
    186 / 350 cycle k eff :  1.4958316       elased time :  24.715sec
    187 / 350 cycle k eff :  1.4960351       elased time :  24.786sec
    188 / 350 cycle k eff :  1.4956639       elased time :  24.883sec
    189 / 350 cycle k eff :  1.4956322       elased time :  24.817sec
    190 / 350 cycle k eff :  1.4956209       elased time :  24.721sec
    191 / 350 cycle k eff :  1.4942164       elased time :  24.787sec
    192 / 350 cycle k eff :  1.4953451       elased time :  24.813sec
    193 / 350 cycle k eff :  1.4951476       elased time :  24.767sec
    194 / 350 cycle k eff :  1.4959137       elased time :  24.709sec
    195 / 350 cycle k eff :  1.4957154       elased time :  24.834sec
    196 / 350 cycle k eff :  1.4952582       elased time :  24.707sec
    197 / 350 cycle k eff :  1.4947889       elased time :  24.881sec
    198 / 350 cycle k eff :  1.4964075       elased time :  24.729sec
    199 / 350 cycle k eff :  1.4950581       elased time :  24.769sec
    200 / 350 cycle k eff :  1.4952047       elased time :  24.769sec
    201 / 350 cycle k eff :  1.4950099       elased time :  24.792sec
    202 / 350 cycle k eff :  1.4951224       elased time :  24.885sec
    203 / 350 cycle k eff :  1.4961295       elased time :  24.746sec
    204 / 350 cycle k eff :  1.4952321       elased time :  24.732sec
    205 / 350 cycle k eff :  1.4961829       elased time :  24.871sec
    206 / 350 cycle k eff :  1.4960540       elased time :  24.754sec
    207 / 350 cycle k eff :  1.4960193       elased time :  24.809sec
    208 / 350 cycle k eff :  1.4959397       elased time :  24.832sec
    209 / 350 cycle k eff :  1.4960685       elased time :  24.879sec
    210 / 350 cycle k eff :  1.4947549       elased time :  24.829sec
    211 / 350 cycle k eff :  1.4954681       elased time :  24.757sec
    212 / 350 cycle k eff :  1.4953113       elased time :  24.776sec
    213 / 350 cycle k eff :  1.4955257       elased time :  24.801sec
    214 / 350 cycle k eff :  1.4959225       elased time :  24.789sec
    215 / 350 cycle k eff :  1.4961562       elased time :  24.910sec
    216 / 350 cycle k eff :  1.4960143       elased time :  24.851sec
    217 / 350 cycle k eff :  1.4952058       elased time :  24.769sec
    218 / 350 cycle k eff :  1.4960282       elased time :  24.843sec
    219 / 350 cycle k eff :  1.4962094       elased time :  24.762sec
    220 / 350 cycle k eff :  1.4959227       elased time :  24.749sec
    221 / 350 cycle k eff :  1.4945153       elased time :  24.627sec
    222 / 350 cycle k eff :  1.4951183       elased time :  24.631sec
    223 / 350 cycle k eff :  1.4954181       elased time :  24.591sec
    224 / 350 cycle k eff :  1.4957715       elased time :  24.702sec
    225 / 350 cycle k eff :  1.4963239       elased time :  24.838sec
    226 / 350 cycle k eff :  1.4951929       elased time :  24.796sec
    227 / 350 cycle k eff :  1.4948900       elased time :  24.870sec
    228 / 350 cycle k eff :  1.4955432       elased time :  24.842sec
    229 / 350 cycle k eff :  1.4951120       elased time :  24.694sec
    230 / 350 cycle k eff :  1.4961948       elased time :  24.837sec
    231 / 350 cycle k eff :  1.4954347       elased time :  24.810sec
    232 / 350 cycle k eff :  1.4943034       elased time :  24.704sec
    233 / 350 cycle k eff :  1.4961751       elased time :  24.841sec
    234 / 350 cycle k eff :  1.4951800       elased time :  24.824sec
    235 / 350 cycle k eff :  1.4958639       elased time :  24.748sec
    236 / 350 cycle k eff :  1.4961306       elased time :  24.758sec
    237 / 350 cycle k eff :  1.4959443       elased time :  24.700sec
    238 / 350 cycle k eff :  1.4949470       elased time :  24.564sec
    239 / 350 cycle k eff :  1.4947995       elased time :  24.777sec
    240 / 350 cycle k eff :  1.4949153       elased time :  24.811sec
    241 / 350 cycle k eff :  1.4954445       elased time :  24.835sec
    242 / 350 cycle k eff :  1.4958232       elased time :  24.883sec
    243 / 350 cycle k eff :  1.4952062       elased time :  24.809sec
    244 / 350 cycle k eff :  1.4956802       elased time :  24.806sec
    245 / 350 cycle k eff :  1.4964967       elased time :  24.902sec
    246 / 350 cycle k eff :  1.4953131       elased time :  24.782sec
    247 / 350 cycle k eff :  1.4956568       elased time :  24.758sec
    248 / 350 cycle k eff :  1.4949746       elased time :  24.991sec
    249 / 350 cycle k eff :  1.4952348       elased time :  24.852sec
    250 / 350 cycle k eff :  1.4955681       elased time :  24.871sec
    251 / 350 cycle k eff :  1.4955529       elased time :  24.826sec
    252 / 350 cycle k eff :  1.4949240       elased time :  24.781sec
    253 / 350 cycle k eff :  1.4957852       elased time :  24.846sec
    254 / 350 cycle k eff :  1.4948901       elased time :  24.723sec
    255 / 350 cycle k eff :  1.4964231       elased time :  24.846sec
    256 / 350 cycle k eff :  1.4966960       elased time :  24.979sec
    257 / 350 cycle k eff :  1.4951947       elased time :  24.867sec
    258 / 350 cycle k eff :  1.4958159       elased time :  24.760sec
    259 / 350 cycle k eff :  1.4949634       elased time :  24.808sec
    260 / 350 cycle k eff :  1.4952250       elased time :  24.800sec
    261 / 350 cycle k eff :  1.4954102       elased time :  24.859sec
    262 / 350 cycle k eff :  1.4963570       elased time :  24.819sec
    263 / 350 cycle k eff :  1.4955638       elased time :  24.805sec
    264 / 350 cycle k eff :  1.4959110       elased time :  24.858sec
    265 / 350 cycle k eff :  1.4952246       elased time :  24.883sec
    266 / 350 cycle k eff :  1.4953601       elased time :  24.843sec
    267 / 350 cycle k eff :  1.4959645       elased time :  24.849sec
    268 / 350 cycle k eff :  1.4956051       elased time :  24.776sec
    269 / 350 cycle k eff :  1.4958938       elased time :  24.852sec
    270 / 350 cycle k eff :  1.4952391       elased time :  24.877sec
    271 / 350 cycle k eff :  1.4950952       elased time :  24.747sec
    272 / 350 cycle k eff :  1.4954903       elased time :  24.918sec
    273 / 350 cycle k eff :  1.4959620       elased time :  24.870sec
    274 / 350 cycle k eff :  1.4955382       elased time :  24.959sec
    275 / 350 cycle k eff :  1.4957593       elased time :  24.791sec
    276 / 350 cycle k eff :  1.4948130       elased time :  24.940sec
    277 / 350 cycle k eff :  1.4962118       elased time :  24.845sec
    278 / 350 cycle k eff :  1.4955569       elased time :  24.891sec
    279 / 350 cycle k eff :  1.4955820       elased time :  24.802sec
    280 / 350 cycle k eff :  1.4953700       elased time :  24.831sec
    281 / 350 cycle k eff :  1.4963646       elased time :  24.760sec
    282 / 350 cycle k eff :  1.4951653       elased time :  24.880sec
    283 / 350 cycle k eff :  1.4959256       elased time :  24.791sec
    284 / 350 cycle k eff :  1.4952799       elased time :  24.782sec
    285 / 350 cycle k eff :  1.4953815       elased time :  24.756sec
    286 / 350 cycle k eff :  1.4956757       elased time :  24.761sec
    287 / 350 cycle k eff :  1.4964803       elased time :  24.843sec
    288 / 350 cycle k eff :  1.4956817       elased time :  24.837sec
    289 / 350 cycle k eff :  1.4964449       elased time :  24.827sec
    290 / 350 cycle k eff :  1.4961567       elased time :  24.839sec
    291 / 350 cycle k eff :  1.4953400       elased time :  24.902sec
    292 / 350 cycle k eff :  1.4951383       elased time :  24.753sec
    293 / 350 cycle k eff :  1.4954476       elased time :  24.840sec
    294 / 350 cycle k eff :  1.4957886       elased time :  24.758sec
    295 / 350 cycle k eff :  1.4962953       elased time :  24.873sec
    296 / 350 cycle k eff :  1.4956838       elased time :  24.909sec
    297 / 350 cycle k eff :  1.4950074       elased time :  24.689sec
    298 / 350 cycle k eff :  1.4953788       elased time :  24.835sec
    299 / 350 cycle k eff :  1.4958516       elased time :  24.675sec
    300 / 350 cycle k eff :  1.4944159       elased time :  24.859sec
    301 / 350 cycle k eff :  1.4953309       elased time :  24.790sec
    302 / 350 cycle k eff :  1.4957461       elased time :  24.884sec
    303 / 350 cycle k eff :  1.4948947       elased time :  24.880sec
    304 / 350 cycle k eff :  1.4952071       elased time :  24.701sec
    305 / 350 cycle k eff :  1.4952863       elased time :  24.652sec
    306 / 350 cycle k eff :  1.4965665       elased time :  24.730sec
    307 / 350 cycle k eff :  1.4962795       elased time :  24.812sec
    308 / 350 cycle k eff :  1.4949633       elased time :  24.740sec
    309 / 350 cycle k eff :  1.4960821       elased time :  24.863sec
    310 / 350 cycle k eff :  1.4947534       elased time :  24.794sec
    311 / 350 cycle k eff :  1.4954066       elased time :  24.738sec
    312 / 350 cycle k eff :  1.4958905       elased time :  24.800sec
    313 / 350 cycle k eff :  1.4960090       elased time :  24.873sec
    314 / 350 cycle k eff :  1.4949105       elased time :  24.869sec
    315 / 350 cycle k eff :  1.4953997       elased time :  24.801sec
    316 / 350 cycle k eff :  1.4957146       elased time :  24.934sec
    317 / 350 cycle k eff :  1.4955278       elased time :  25.014sec
    318 / 350 cycle k eff :  1.4948477       elased time :  24.798sec
    319 / 350 cycle k eff :  1.4951481       elased time :  24.703sec
    320 / 350 cycle k eff :  1.4961701       elased time :  24.681sec
    321 / 350 cycle k eff :  1.4951005       elased time :  24.826sec
    322 / 350 cycle k eff :  1.4959245       elased time :  24.832sec
    323 / 350 cycle k eff :  1.4948692       elased time :  24.805sec
    324 / 350 cycle k eff :  1.4965938       elased time :  24.802sec
    325 / 350 cycle k eff :  1.4962466       elased time :  24.834sec
    326 / 350 cycle k eff :  1.4966252       elased time :  24.858sec
    327 / 350 cycle k eff :  1.4959030       elased time :  24.810sec
    328 / 350 cycle k eff :  1.4963007       elased time :  24.822sec
    329 / 350 cycle k eff :  1.4953368       elased time :  24.825sec
    330 / 350 cycle k eff :  1.4954414       elased time :  24.738sec
    331 / 350 cycle k eff :  1.4947990       elased time :  24.777sec
    332 / 350 cycle k eff :  1.4953964       elased time :  24.768sec
    333 / 350 cycle k eff :  1.4965121       elased time :  24.699sec
    334 / 350 cycle k eff :  1.4960761       elased time :  24.791sec
    335 / 350 cycle k eff :  1.4952147       elased time :  24.829sec
    336 / 350 cycle k eff :  1.4954932       elased time :  24.718sec
    337 / 350 cycle k eff :  1.4955204       elased time :  24.780sec
    338 / 350 cycle k eff :  1.4952597       elased time :  24.685sec
    339 / 350 cycle k eff :  1.4955472       elased time :  24.896sec
    340 / 350 cycle k eff :  1.4954312       elased time :  24.775sec
    341 / 350 cycle k eff :  1.4955082       elased time :  24.856sec
    342 / 350 cycle k eff :  1.4951784       elased time :  24.713sec
    343 / 350 cycle k eff :  1.4953037       elased time :  24.654sec
    344 / 350 cycle k eff :  1.4953559       elased time :  24.810sec
    345 / 350 cycle k eff :  1.4952881       elased time :  24.790sec
    346 / 350 cycle k eff :  1.4947757       elased time :  24.772sec
    347 / 350 cycle k eff :  1.4952819       elased time :  24.843sec
    348 / 350 cycle k eff :  1.4948957       elased time :  24.915sec
    349 / 350 cycle k eff :  1.4954770       elased time :  24.721sec
    350 / 350 cycle k eff :  1.4954590       elased time :  24.798sec
    All Simulation Ends...
    elapsed time 8698.2279  sec
