    CTRL  READ COMPLETE..
    Continuous Energy Mode...
    Start reading ace-format nuclear data
           1 1001.710nc
           2 8016.710nc
    WARNING :: NYD block exists
           3 92235.710nc
           4 92238.710nc
    Read S(a,b) scattering law tables
           1 hh2o.71t_0293
    ACE Lib. READ COMPLETE...
    CE MAT READ COMPLETE...
    GEOM  READ COMPLETE..
    Setting ugrid...
    Initializing Source...
    Source Initializing Complete...
 
 
  > Num of Threads per Node          28
  > Num of MPI Nodes                  4
  > Num of Histories per Cycle   100000
  > Skip Cycles:  100  /  Active Cycles:  100
 
  > CMFD is OFF 
 
  > Tally is OFF
 
    Transport Simulation Starts...
       1    1.455 sec  6.643138  |  keff  1.44794
       2    1.527 sec  6.631410  |  keff  1.49712
       3    1.138 sec  6.612808  |  keff  1.50997
       4    1.113 sec  6.593821  |  keff  1.52317
       5    1.119 sec  6.576309  |  keff  1.53285
       6    1.122 sec  6.560820  |  keff  1.53088
       7    1.112 sec  6.545104  |  keff  1.53187
       8    1.121 sec  6.531334  |  keff  1.53976
       9    1.118 sec  6.518214  |  keff  1.54062
      10    1.122 sec  6.510122  |  keff  1.54539
      11    1.116 sec  6.496688  |  keff  1.54338
      12    1.123 sec  6.486078  |  keff  1.54618
      13    1.114 sec  6.474194  |  keff  1.54865
      14    1.122 sec  6.462667  |  keff  1.54848
      15    1.126 sec  6.455906  |  keff  1.54983
      16    1.123 sec  6.447398  |  keff  1.54841
      17    1.118 sec  6.444244  |  keff  1.54515
      18    1.121 sec  6.435497  |  keff  1.54954
      19    1.135 sec  6.427979  |  keff  1.55268
      20    1.121 sec  6.419405  |  keff  1.55269
      21    1.129 sec  6.414714  |  keff  1.55058
      22    1.123 sec  6.410795  |  keff  1.55772
      23    1.126 sec  6.407011  |  keff  1.55117
      24    1.126 sec  6.399702  |  keff  1.55327
      25    1.120 sec  6.392756  |  keff  1.55201
      26    1.131 sec  6.386531  |  keff  1.55617
      27    1.124 sec  6.386547  |  keff  1.55585
      28    1.130 sec  6.385364  |  keff  1.55229
      29    1.125 sec  6.382543  |  keff  1.55319
      30    1.130 sec  6.379971  |  keff  1.55835
      31    1.124 sec  6.377259  |  keff  1.55422
      32    1.119 sec  6.378605  |  keff  1.55784
      33    1.129 sec  6.373523  |  keff  1.55630
      34    1.121 sec  6.370276  |  keff  1.55931
      35    1.123 sec  6.363218  |  keff  1.55536
      36    1.123 sec  6.360738  |  keff  1.55586
      37    1.128 sec  6.360025  |  keff  1.55636
      38    1.127 sec  6.355357  |  keff  1.55646
      39    1.130 sec  6.352421  |  keff  1.55722
      40    1.122 sec  6.350120  |  keff  1.55785
      41    1.118 sec  6.348419  |  keff  1.55666
      42    1.122 sec  6.348755  |  keff  1.55942
      43    1.117 sec  6.346546  |  keff  1.55806
      44    1.125 sec  6.342283  |  keff  1.55691
      45    1.126 sec  6.339728  |  keff  1.55956
      46    1.137 sec  6.337537  |  keff  1.55482
      47    1.128 sec  6.336554  |  keff  1.55481
      48    1.127 sec  6.335410  |  keff  1.55806
      49    1.125 sec  6.336358  |  keff  1.55760
      50    1.123 sec  6.334685  |  keff  1.55851
      51    1.127 sec  6.338562  |  keff  1.55901
      52    1.128 sec  6.339349  |  keff  1.55794
      53    1.127 sec  6.339280  |  keff  1.55798
      54    1.133 sec  6.339459  |  keff  1.55771
      55    1.121 sec  6.337287  |  keff  1.55862
      56    1.119 sec  6.337324  |  keff  1.55448
      57    1.117 sec  6.334180  |  keff  1.55286
      58    1.125 sec  6.334957  |  keff  1.55739
      59    1.133 sec  6.333748  |  keff  1.55621
      60    1.125 sec  6.330709  |  keff  1.55577
      61    1.127 sec  6.330939  |  keff  1.56003
      62    1.124 sec  6.329979  |  keff  1.55721
      63    1.127 sec  6.327574  |  keff  1.55790
      64    1.121 sec  6.323322  |  keff  1.55843
      65    1.125 sec  6.323914  |  keff  1.55976
      66    1.127 sec  6.330233  |  keff  1.56018
      67    1.119 sec  6.329777  |  keff  1.55846
      68    1.115 sec  6.329317  |  keff  1.55890
      69    1.126 sec  6.328162  |  keff  1.55616
      70    1.123 sec  6.331852  |  keff  1.55972
      71    1.123 sec  6.322926  |  keff  1.56368
      72    1.132 sec  6.319736  |  keff  1.55587
      73    1.122 sec  6.321153  |  keff  1.55746
      74    1.124 sec  6.323744  |  keff  1.55673
      75    1.130 sec  6.325151  |  keff  1.55798
      76    1.130 sec  6.328108  |  keff  1.55869
      77    1.127 sec  6.328879  |  keff  1.55602
      78    1.123 sec  6.329916  |  keff  1.55780
      79    1.123 sec  6.331604  |  keff  1.55844
      80    1.132 sec  6.329346  |  keff  1.55983
      81    1.131 sec  6.327215  |  keff  1.56186
      82    1.122 sec  6.322864  |  keff  1.56028
      83    1.122 sec  6.324495  |  keff  1.55669
      84    1.127 sec  6.329456  |  keff  1.55584
      85    1.124 sec  6.325052  |  keff  1.55800
      86    1.121 sec  6.325212  |  keff  1.55956
      87    1.123 sec  6.327558  |  keff  1.55736
      88    1.125 sec  6.327641  |  keff  1.55602
      89    1.126 sec  6.326115  |  keff  1.55815
      90    1.125 sec  6.323914  |  keff  1.56019
      91    1.118 sec  6.329347  |  keff  1.55715
      92    1.116 sec  6.331355  |  keff  1.55837
      93    1.123 sec  6.333443  |  keff  1.55929
      94    1.118 sec  6.332798  |  keff  1.55512
      95    1.128 sec  6.333095  |  keff  1.55860
      96    1.126 sec  6.333388  |  keff  1.55685
      97    1.124 sec  6.334602  |  keff  1.55920
      98    1.120 sec  6.332533  |  keff  1.55858
      99    1.121 sec  6.332757  |  keff  1.56017
     100    1.131 sec  6.332439  |  keff  1.55584
     101    1.129 sec  6.334679  |  keff  1.56058   avg  1.56058   SD    0.000
     102    1.127 sec  6.334039  |  keff  1.55579   avg  1.55818   SD  169.375
     103    1.121 sec  6.333295  |  keff  1.55859   avg  1.55832   SD  113.462
     104    1.120 sec  6.329614  |  keff  1.55794   avg  1.55822   SD   85.496
     105    1.128 sec  6.324977  |  keff  1.55787   avg  1.55815   SD   68.693
     106    1.125 sec  6.323739  |  keff  1.55950   avg  1.55838   SD   60.817
     107    1.119 sec  6.330297  |  keff  1.55630   avg  1.55808   SD   58.943
     108    1.125 sec  6.328657  |  keff  1.55413   avg  1.55759   SD   69.226
     109    1.124 sec  6.327220  |  keff  1.55626   avg  1.55744   SD   63.081
     110    1.123 sec  6.322480  |  keff  1.55692   avg  1.55739   SD   56.988
     111    1.126 sec  6.321077  |  keff  1.55792   avg  1.55744   SD   52.013
     112    1.126 sec  6.322644  |  keff  1.55699   avg  1.55740   SD   47.808
     113    1.126 sec  6.320905  |  keff  1.55736   avg  1.55740   SD   44.132
     114    1.127 sec  6.320401  |  keff  1.55559   avg  1.55727   SD   42.824
     115    1.128 sec  6.319456  |  keff  1.56115   avg  1.55753   SD   47.148
     116    1.128 sec  6.320705  |  keff  1.56104   avg  1.55775   SD   49.052
     117    1.125 sec  6.321139  |  keff  1.55937   avg  1.55784   SD   47.086
     118    1.122 sec  6.326876  |  keff  1.55718   avg  1.55780   SD   44.611
     119    1.121 sec  6.324762  |  keff  1.55343   avg  1.55757   SD   47.828
     120    1.123 sec  6.321870  |  keff  1.56109   avg  1.55775   SD   48.565
     121    1.133 sec  6.319958  |  keff  1.55977   avg  1.55785   SD   47.196
     122    1.121 sec  6.321275  |  keff  1.55329   avg  1.55764   SD   49.396
     123    1.124 sec  6.324297  |  keff  1.55685   avg  1.55760   SD   47.368
     124    1.124 sec  6.328623  |  keff  1.55518   avg  1.55750   SD   46.460
     125    1.123 sec  6.323086  |  keff  1.55975   avg  1.55759   SD   45.463
     126    1.120 sec  6.321244  |  keff  1.56028   avg  1.55770   SD   44.877
     127    1.124 sec  6.319096  |  keff  1.55884   avg  1.55774   SD   43.416
     128    1.122 sec  6.321657  |  keff  1.55702   avg  1.55771   SD   41.940
     129    1.128 sec  6.324054  |  keff  1.55863   avg  1.55775   SD   40.612
     130    1.126 sec  6.324156  |  keff  1.55953   avg  1.55781   SD   39.692
     131    1.125 sec  6.327101  |  keff  1.55738   avg  1.55779   SD   38.436
     132    1.129 sec  6.329535  |  keff  1.55638   avg  1.55775   SD   37.487
     133    1.122 sec  6.330332  |  keff  1.56029   avg  1.55782   SD   37.134
     134    1.127 sec  6.334864  |  keff  1.55529   avg  1.55775   SD   36.781
     135    1.124 sec  6.329475  |  keff  1.55868   avg  1.55778   SD   35.826
     136    1.128 sec  6.331779  |  keff  1.55638   avg  1.55774   SD   35.041
     137    1.118 sec  6.331695  |  keff  1.55802   avg  1.55775   SD   34.102
     138    1.122 sec  6.327297  |  keff  1.55944   avg  1.55779   SD   33.494
     139    1.129 sec  6.327040  |  keff  1.55608   avg  1.55775   SD   32.922
     140    1.126 sec  6.328821  |  keff  1.56107   avg  1.55783   SD   33.128
     141    1.126 sec  6.328432  |  keff  1.55655   avg  1.55780   SD   32.468
     142    1.122 sec  6.330315  |  keff  1.55553   avg  1.55774   SD   32.139
     143    1.132 sec  6.328383  |  keff  1.56048   avg  1.55781   SD   32.014
     144    1.131 sec  6.327708  |  keff  1.55931   avg  1.55784   SD   31.467
     145    1.121 sec  6.328585  |  keff  1.55690   avg  1.55782   SD   30.836
     146    1.125 sec  6.320480  |  keff  1.55633   avg  1.55779   SD   30.336
     147    1.123 sec  6.323627  |  keff  1.55876   avg  1.55781   SD   29.760
     148    1.130 sec  6.325149  |  keff  1.55754   avg  1.55780   SD   29.145
     149    1.124 sec  6.324232  |  keff  1.55661   avg  1.55778   SD   28.653
     150    1.129 sec  6.328407  |  keff  1.55718   avg  1.55777   SD   28.105
     151    1.126 sec  6.326921  |  keff  1.56044   avg  1.55782   SD   28.038
     152    1.132 sec  6.328489  |  keff  1.55935   avg  1.55785   SD   27.653
     153    1.119 sec  6.326073  |  keff  1.55896   avg  1.55787   SD   27.211
     154    1.125 sec  6.323235  |  keff  1.56161   avg  1.55794   SD   27.574
     155    1.123 sec  6.320738  |  keff  1.55611   avg  1.55791   SD   27.272
     156    1.118 sec  6.320066  |  keff  1.55747   avg  1.55790   SD   26.796
     157    1.123 sec  6.323334  |  keff  1.55916   avg  1.55792   SD   26.418
     158    1.124 sec  6.323979  |  keff  1.55511   avg  1.55787   SD   26.402
     159    1.122 sec  6.324265  |  keff  1.55963   avg  1.55790   SD   26.123
     160    1.130 sec  6.327208  |  keff  1.55793   avg  1.55790   SD   25.688
     161    1.128 sec  6.326258  |  keff  1.55547   avg  1.55786   SD   25.575
     162    1.124 sec  6.325515  |  keff  1.55530   avg  1.55782   SD   25.493
     163    1.124 sec  6.328543  |  keff  1.55685   avg  1.55781   SD   25.135
     164    1.126 sec  6.329711  |  keff  1.55826   avg  1.55781   SD   24.752
     165    1.125 sec  6.327799  |  keff  1.55628   avg  1.55779   SD   24.483
     166    1.127 sec  6.326905  |  keff  1.55905   avg  1.55781   SD   24.186
     167    1.127 sec  6.326466  |  keff  1.56145   avg  1.55786   SD   24.428
     168    1.122 sec  6.331763  |  keff  1.55574   avg  1.55783   SD   24.267
     169    1.120 sec  6.335217  |  keff  1.55435   avg  1.55778   SD   24.433
     170    1.121 sec  6.332923  |  keff  1.55625   avg  1.55776   SD   24.182
     171    1.125 sec  6.328014  |  keff  1.55476   avg  1.55772   SD   24.208
     172    1.120 sec  6.329011  |  keff  1.55628   avg  1.55770   SD   23.953
     173    1.130 sec  6.331046  |  keff  1.55581   avg  1.55767   SD   23.764
     174    1.122 sec  6.332004  |  keff  1.55485   avg  1.55763   SD   23.746
     175    1.128 sec  6.330865  |  keff  1.55574   avg  1.55761   SD   23.563
     176    1.122 sec  6.332504  |  keff  1.55877   avg  1.55762   SD   23.303
     177    1.129 sec  6.331712  |  keff  1.55237   avg  1.55755   SD   23.977
     178    1.121 sec  6.329760  |  keff  1.55926   avg  1.55758   SD   23.769
     179    1.125 sec  6.331070  |  keff  1.55750   avg  1.55758   SD   23.468
     180    1.124 sec  6.328550  |  keff  1.55729   avg  1.55757   SD   23.178
     181    1.126 sec  6.326725  |  keff  1.56138   avg  1.55762   SD   23.363
     182    1.121 sec  6.322058  |  keff  1.55841   avg  1.55763   SD   23.098
     183    1.118 sec  6.324882  |  keff  1.55849   avg  1.55764   SD   22.842
     184    1.120 sec  6.324613  |  keff  1.56047   avg  1.55767   SD   22.817
     185    1.129 sec  6.324567  |  keff  1.55717   avg  1.55767   SD   22.556
     186    1.135 sec  6.325842  |  keff  1.55545   avg  1.55764   SD   22.442
     187    1.118 sec  6.323351  |  keff  1.55916   avg  1.55766   SD   22.251
     188    1.129 sec  6.326118  |  keff  1.56043   avg  1.55769   SD   22.221
     189    1.124 sec  6.324574  |  keff  1.55690   avg  1.55768   SD   21.989
     190    1.121 sec  6.320762  |  keff  1.55834   avg  1.55769   SD   21.757
     191    1.131 sec  6.318895  |  keff  1.56389   avg  1.55776   SD   22.559
     192    1.125 sec  6.318180  |  keff  1.55912   avg  1.55777   SD   22.362
     193    1.126 sec  6.318784  |  keff  1.55573   avg  1.55775   SD   22.229
     194    1.125 sec  6.320389  |  keff  1.56007   avg  1.55777   SD   22.130
     195    1.122 sec  6.319833  |  keff  1.56012   avg  1.55780   SD   22.034
     196    1.126 sec  6.314647  |  keff  1.55862   avg  1.55781   SD   21.821
     197    1.123 sec  6.318497  |  keff  1.55893   avg  1.55782   SD   21.627
     198    1.126 sec  6.321748  |  keff  1.56089   avg  1.55785   SD   21.631
     199    1.126 sec  6.324962  |  keff  1.55652   avg  1.55784   SD   21.454
     200    1.118 sec  6.324624  |  keff  1.55546   avg  1.55781   SD   21.371
 
    All Simulation Ends...
    - Elapsed time :    225.621 sec    3.76 min
    - Final keff   :   1.557813 +/-  21.371
