    CTRL  READ COMPLETE..
    Continuous Energy Mode...
    Start reading ace-format nuclear data
           1 1001.711nc
           2 8016.711nc
    WARNING :: NYD block exists
           3 92235.711nc
           4 92238.711nc
    Read S(a,b) scattering law tables
           1 hh2o.71t_0293
    ACE Lib. READ COMPLETE...
    CE MAT READ COMPLETE...
    GEOM  READ COMPLETE..
    Setting ugrid...
    Initializing Source...
    Source Initializing Complete...
 
 
  > Num of Threads per Node          28
  > Num of MPI Nodes                  6
  > Num of Histories per Cycle  1000000
  > Skip Cycles: 1000  /  Active Cycles:   50
 
  > Tally is OFF
  > m-PRUP is on     1000000           1           2
  > FMFD with CMFD is On
 
    Transport Simulation Starts...
