    CTRL  READ COMPLETE..
    Continuous Energy Mode...
    Start reading ace-format nuclear data
           1 1001.711nc
           2 8016.711nc
    WARNING :: NYD block exists
           3 92235.711nc
           4 92238.711nc
    Read S(a,b) scattering law tables
           1 hh2o.71t_0293
    ACE Lib. READ COMPLETE...
    CE MAT READ COMPLETE...
    GEOM  READ COMPLETE..
    Setting ugrid...
    Initializing Source...
    Source Initializing Complete...
 
 
  > Num of Threads per Node          28
  > Num of MPI Nodes                  2
  > Num of Histories per Cycle  1500000
  > Skip Cycles:   20  /  Active Cycles:   50
 
  > Tally is OFF
 
    Transport Simulation Starts...
 MC   1.06181122221823     
 keff  0.440507809291613     
       1   37.453 sec   3.00000  |  keff  1.06181
 MC   1.04543797634548     
 keff  0.689668878148690     
       2   39.292 sec   2.98355  |  keff  1.04544
 MC   1.04870507485182     
 keff  0.853640855524597     
       3   36.523 sec   2.96861  |  keff  1.04871
 MC   1.04855329310009     
 keff  0.968731643461327     
       4   37.015 sec   2.96407  |  keff  1.04855
 MC   1.04821230626482     
 keff   1.05456413886101     
       5   36.488 sec   2.96460  |  keff  1.04821
 MC   1.04679455505589     
 keff   1.04422230404686     
       6   36.490 sec   2.96680  |  keff  1.04679
 MC   1.04102067985287     
 keff   1.04235413553681     
       7   36.333 sec   2.97822  |  keff  1.04102
 MC   1.04060048645210     
 keff   1.04239732626224     
       8   36.425 sec   2.97947  |  keff  1.04060
 MC   1.04257397081719     
 keff   1.04329239685200     
       9   36.602 sec   2.97758  |  keff  1.04257
 MC   1.04220100109682     
 keff   1.04338432682338     
      10   36.592 sec   2.97524  |  keff  1.04220
 MC   1.04263445451802     
 keff   1.04347235935248     
      11   36.580 sec   2.97389  |  keff  1.04263
 MC   1.04338711600472     
 keff   1.04299518789475     
      12   36.593 sec   2.97291  |  keff  1.04339
 MC   1.04278309147743     
 keff   1.04259875307742     
      13   36.602 sec   2.97404  |  keff  1.04278
 MC   1.04209595534254     
 keff   1.04231344690134     
      14   36.570 sec   2.97537  |  keff  1.04210
 MC   1.04280726986038     
 keff   1.04285309155857     
      15   36.513 sec   2.97582  |  keff  1.04281
 MC   1.04191483888692     
 keff   1.04274419812845     
      16   36.617 sec   2.97556  |  keff  1.04191
 MC   1.04305916070655     
 keff   1.04312623354242     
      17   36.574 sec   2.97550  |  keff  1.04306
 MC   1.04284200802769     
 keff   1.04325464747835     
      18   36.606 sec   2.97503  |  keff  1.04284
 MC   1.04418991478433     
 keff   1.04348879769767     
      19   36.665 sec   2.97456  |  keff  1.04419
 MC   1.04305550251534     
 keff   1.04330460419889     
      20   36.534 sec   2.97474  |  keff  1.04306
 MC   1.04325219885885     
 keff   1.04357088522223     
      21   36.547 sec   2.97468  |  keff  1.04325   avg  1.04325   SD    0.000
 MC   1.04413063808160     
 keff   1.04374645039891     
      22   36.851 sec   2.97446  |  keff  1.04413   avg  1.04369   SD   31.058
 MC   1.04395833447911     
 keff   1.04394660285768     
      23   36.583 sec   2.97424  |  keff  1.04396   avg  1.04378   SD   21.942
 MC   1.04403394259730     
 keff   1.04372835554692     
      24   36.624 sec   2.97434  |  keff  1.04403   avg  1.04384   SD   17.348
 MC   1.04486571998404     
 keff   1.04373773812491     
      25   36.728 sec   2.97447  |  keff  1.04487   avg  1.04405   SD   22.952
 MC   1.04215185980783     
 keff   1.04382057255184     
      26   36.500 sec   2.97503  |  keff  1.04215   avg  1.04373   SD   34.616
 MC   1.04318001815536     
 keff   1.04353228815289     
      27   36.438 sec   2.97500  |  keff  1.04318   avg  1.04365   SD   30.556
 MC   1.04408123584888     
 keff   1.04372506452851     
      28   36.657 sec   2.97536  |  keff  1.04408   avg  1.04371   SD   27.201
 MC   1.04274647914549     
 keff   1.04377106574113     
      29   36.641 sec   2.97521  |  keff  1.04275   avg  1.04360   SD   26.188
 MC   1.04356454307908     
 keff   1.04361314512713     
      30   36.600 sec   2.97468  |  keff  1.04356   avg  1.04360   SD   23.571
 MC   1.04386673070462     
 keff   1.04363604340297     
      31   36.652 sec   2.97455  |  keff  1.04387   avg  1.04362   SD   21.556
 MC   1.04332031914945     
 keff   1.04374192924804     
      32   36.753 sec   2.97466  |  keff  1.04332   avg  1.04360   SD   19.905
 MC   1.04311252469076     
 keff   1.04328912685153     
      33   36.375 sec   2.97463  |  keff  1.04311   avg  1.04356   SD   18.718
