    CTRL  READ COMPLETE..
    Continuous Energy Mode...
    Start reading ace-format nuclear data
           1 1001.711nc
           2 8016.711nc
    WARNING :: NYD block exists
           3 92235.711nc
           4 92238.711nc
    Read S(a,b) scattering law tables
           1 hh2o.71t_0293
    ACE Lib. READ COMPLETE...
    CE MAT READ COMPLETE...
    GEOM  READ COMPLETE..
    Setting ugrid...
    Initializing Source...
    Source Initializing Complete...
 
 
  > Num of Threads per Node          32
  > Num of MPI Nodes                  2
  > Num of Histories per Cycle  1500000
  > Skip Cycles:   20  /  Active Cycles:   50
 
  > Tally is OFF
 
    Transport Simulation Starts...
 MC   1.06072505443009     
 keff  0.439033323523912     
       1   36.210 sec   3.00000  |  keff  1.06073
 MC   1.04500457716417     
 keff  0.687860309931111     
       2   36.315 sec   2.98303  |  keff  1.04500
 MC   1.04821620708232     
 keff  0.851865300042117     
       3   34.092 sec   2.96807  |  keff  1.04822
 MC   1.04843393594664     
 keff  0.967332220862396     
       4   34.614 sec   2.96385  |  keff  1.04843
 MC   1.04739749249577     
 keff   1.05323046820036     
       5   33.999 sec   2.96461  |  keff  1.04740
 MC   1.04601289937832     
 keff   1.04291147618200     
       6   34.482 sec   2.96712  |  keff  1.04601
