    CTRL  READ COMPLETE..
    Continuous Energy Mode...
    Start reading ace-format nuclear data
           1 1001.710nc
           2 8016.710nc
    WARNING :: NYD block exists
           3 92235.710nc
           4 92238.710nc
    Read S(a,b) scattering law tables
           1 hh2o.71t_0293
    ACE Lib. READ COMPLETE...
    CE MAT READ COMPLETE...
    GEOM  READ COMPLETE..
    Setting ugrid...
    Initializing Source...
    Source Initializing Complete...
 
 
  > Num of Threads per Node          28
  > Num of MPI Nodes                  1
  > Num of Histories per Cycle   180000
  > Skip Cycles: 1000  /  Active Cycles:  100
 
  > Tally is OFF
 
    Transport Simulation Starts...
       1   12.356 sec  14.90482  |  keff  1.36060
       2   16.499 sec  14.89831  |  keff  1.35104
       3   12.135 sec  14.87226  |  keff  1.35445
       4   12.045 sec  14.85060  |  keff  1.35904
       5   11.967 sec  14.84603  |  keff  1.36697
       6   11.969 sec  14.83732  |  keff  1.36511
       7   11.778 sec  14.82508  |  keff  1.37315
       8   11.903 sec  14.81781  |  keff  1.36891
       9   11.678 sec  14.80935  |  keff  1.37069
      10   11.668 sec  14.80275  |  keff  1.37054
      11   11.592 sec  14.79801  |  keff  1.37475
      12   11.691 sec  14.78897  |  keff  1.37089
      13   11.532 sec  14.78224  |  keff  1.37567
      14   11.553 sec  14.77314  |  keff  1.38024
      15   11.545 sec  14.76644  |  keff  1.38226
      16   11.575 sec  14.76372  |  keff  1.38016
      17   11.438 sec  14.76135  |  keff  1.38021
      18   11.460 sec  14.75312  |  keff  1.37487
      19   11.468 sec  14.74676  |  keff  1.38016
      20   11.438 sec  14.73929  |  keff  1.38018
      21   11.374 sec  14.73912  |  keff  1.38100
      22   11.453 sec  14.73649  |  keff  1.37906
      23   11.437 sec  14.73114  |  keff  1.37919
      24   11.485 sec  14.73100  |  keff  1.38385
      25   11.423 sec  14.72336  |  keff  1.38054
      26   11.350 sec  14.72440  |  keff  1.38398
      27   11.405 sec  14.72043  |  keff  1.38011
      28   11.382 sec  14.71988  |  keff  1.38097
      29   11.402 sec  14.71476  |  keff  1.38085
      30   11.343 sec  14.71183  |  keff  1.38329
      31   11.366 sec  14.70971  |  keff  1.38551
      32   11.364 sec  14.70949  |  keff  1.38395
 up      360000
      33   12.018 sec  14.70590  |  keff  1.37632
      34   22.620 sec  14.75552  |  keff  1.38166
      35   22.789 sec  14.78706  |  keff  1.38236
      36   22.718 sec  14.78690  |  keff  1.38258
      37   22.686 sec  14.78440  |  keff  1.38300
      38   22.698 sec  14.78341  |  keff  1.38074
      39   22.645 sec  14.78172  |  keff  1.38413
      40   22.820 sec  14.78063  |  keff  1.38197
 up      540000
      41   22.741 sec  14.78149  |  keff  0.92045
      42   24.542 sec  14.78335  |  keff  1.38498
 end          44      540000         144
      43   49.823 sec  14.80750  |  keff  1.38272
      44   34.129 sec  14.81123  |  keff  1.38310
      45   34.138 sec  14.80465  |  keff  1.38310   avg  1.38310   SD    0.000
      46   34.038 sec  14.80257  |  keff  1.38381   avg  1.38345   SD   25.153
      47   34.206 sec  14.80394  |  keff  1.38298   avg  1.38330   SD   21.069
      48   33.931 sec  14.80464  |  keff  1.38296   avg  1.38321   SD   17.399
      49   33.845 sec  14.80486  |  keff  1.38375   avg  1.38332   SD   16.954
      50   34.067 sec  14.80332  |  keff  1.38497   avg  1.38360   SD   28.824
      51   34.242 sec  14.80205  |  keff  1.38365   avg  1.38360   SD   24.717
      52   33.930 sec  14.80007  |  keff  1.38306   avg  1.38354   SD   22.557
      53   33.991 sec  14.79970  |  keff  1.38595   avg  1.38380   SD   32.239
      54   34.252 sec  14.80115  |  keff  1.38272   avg  1.38370   SD   30.798
      55   33.913 sec  14.79942  |  keff  1.38558   avg  1.38387   SD   32.417
      56   34.061 sec  14.79961  |  keff  1.38336   avg  1.38382   SD   29.993
      57   33.966 sec  14.80054  |  keff  1.38311   avg  1.38377   SD   28.182
      58   33.963 sec  14.79754  |  keff  1.38390   avg  1.38378   SD   26.184
      59   34.072 sec  14.79742  |  keff  1.38608   avg  1.38393   SD   28.589
      60   34.137 sec  14.79585  |  keff  1.38549   avg  1.38403   SD   28.420
