    CTRL  READ COMPLETE..
    Continuous Energy Mode...
    Start reading ace-format nuclear data
           1 1001.715nc
           2 8016.715nc
    WARNING :: NYD block exists
           3 92235.715nc
           4 92238.715nc
    Read S(a,b) scattering law tables
           1 hh2o.71t_0293
    ACE Lib. READ COMPLETE...
    CE MAT READ COMPLETE...
    GEOM  READ COMPLETE..
    Setting ugrid...
    Initializing Source...
    Source Initializing Complete...
 
 
  > Num of Threads per Node          28
  > Num of MPI Nodes                  1
  > Num of Histories per Cycle   100000
  > Skip Cycles:   50  /  Active Cycles:  100
 
  > CMFD is OFF 
 
  > Tally is OFF
 
    Transport Simulation Starts...
       1   13.139 sec  1.999988  |  keff  1.41628
       2   16.532 sec  1.994124  |  keff  1.44444
       3   11.850 sec  1.983391  |  keff  1.46096
       4   11.235 sec  1.970957  |  keff  1.47237
       5   10.944 sec  1.959672  |  keff  1.47845
       6   10.588 sec  1.949626  |  keff  1.48233
       7   10.527 sec  1.944659  |  keff  1.48516
       8   10.375 sec  1.939463  |  keff  1.49473
       9   10.527 sec  1.937946  |  keff  1.48851
      10   10.269 sec  1.934618  |  keff  1.49052
      11   10.375 sec  1.932836  |  keff  1.49061
      12   10.244 sec  1.930586  |  keff  1.49566
      13   10.259 sec  1.927345  |  keff  1.49205
      14   10.258 sec  1.930298  |  keff  1.49058
      15   10.215 sec  1.929288  |  keff  1.49608
      16   10.214 sec  1.927164  |  keff  1.49371
      17   10.431 sec  1.927427  |  keff  1.49346
      18   10.273 sec  1.926242  |  keff  1.49520
      19   10.156 sec  1.925495  |  keff  1.49538
      20   10.171 sec  1.922692  |  keff  1.49654
      21   10.236 sec  1.921484  |  keff  1.48814
      22    9.976 sec  1.919176  |  keff  1.49542
      23   10.282 sec  1.919931  |  keff  1.49600
      24   10.164 sec  1.921055  |  keff  1.49500
      25   10.177 sec  1.919480  |  keff  1.49976
      26   10.109 sec  1.920866  |  keff  1.49264
      27   10.097 sec  1.919898  |  keff  1.49766
      28   10.183 sec  1.921004  |  keff  1.50004
      29   10.096 sec  1.921482  |  keff  1.49568
      30   10.106 sec  1.921925  |  keff  1.49691
      31   10.253 sec  1.921615  |  keff  1.49948
      32   10.009 sec  1.922015  |  keff  1.50050
      33   10.199 sec  1.922619  |  keff  1.49951
      34   10.135 sec  1.923553  |  keff  1.49621
      35   10.235 sec  1.925866  |  keff  1.49671
      36   10.226 sec  1.925267  |  keff  1.49546
      37   10.332 sec  1.925406  |  keff  1.49352
      38   10.045 sec  1.922412  |  keff  1.49198
      39   10.158 sec  1.923299  |  keff  1.49867
      40   10.390 sec  1.923981  |  keff  1.49342
      41   10.154 sec  1.922390  |  keff  1.49300
      42   10.098 sec  1.920738  |  keff  1.49443
      43   10.324 sec  1.921641  |  keff  1.49398
      44   10.335 sec  1.921928  |  keff  1.49172
      45   10.126 sec  1.921506  |  keff  1.49427
      46   10.236 sec  1.922405  |  keff  1.49149
      47   10.190 sec  1.923717  |  keff  1.49507
      48   10.285 sec  1.922212  |  keff  1.49320
      49   10.279 sec  1.922743  |  keff  1.49098
      50    9.979 sec  1.921496  |  keff  1.49774
      51   10.175 sec  1.924993  |  keff  1.50032   avg  1.50032   SD    0.000
      52   10.152 sec  1.923716  |  keff  1.49825   avg  1.49928   SD   73.102
      53   10.169 sec  1.922032  |  keff  1.49582   avg  1.49813   SD  106.116
      54   10.153 sec  1.922342  |  keff  1.49608   avg  1.49762   SD   91.118
      55   10.082 sec  1.922754  |  keff  1.49642   avg  1.49738   SD   75.978
      56   10.223 sec  1.925074  |  keff  1.49319   avg  1.49668   SD   89.798
      57   10.264 sec  1.924933  |  keff  1.49379   avg  1.49627   SD   85.934
      58   10.321 sec  1.924034  |  keff  1.49820   avg  1.49651   SD   78.512
      59   10.136 sec  1.922879  |  keff  1.49532   avg  1.49637   SD   70.895
      60   10.219 sec  1.923063  |  keff  1.48987   avg  1.49572   SD   88.764
      61   10.244 sec  1.923445  |  keff  1.49022   avg  1.49522   SD   93.736
      62   10.219 sec  1.923613  |  keff  1.49146   avg  1.49491   SD   91.013
      63   10.177 sec  1.923286  |  keff  1.49381   avg  1.49483   SD   84.405
      64   10.182 sec  1.925253  |  keff  1.49866   avg  1.49510   SD   82.704
      65   10.389 sec  1.923865  |  keff  1.49372   avg  1.49501   SD   77.702
      66   10.267 sec  1.924884  |  keff  1.49294   avg  1.49488   SD   73.914
      67   10.235 sec  1.924161  |  keff  1.49438   avg  1.49485   SD   69.625
      68   10.227 sec  1.922449  |  keff  1.49299   avg  1.49475   SD   66.520
      69   10.259 sec  1.920714  |  keff  1.49835   avg  1.49494   SD   65.670
      70   10.231 sec  1.921543  |  keff  1.49524   avg  1.49495   SD   62.405
      71   10.221 sec  1.921094  |  keff  1.49377   avg  1.49489   SD   59.687
      72   10.246 sec  1.922072  |  keff  1.49917   avg  1.49509   SD   60.052
      73   10.144 sec  1.919589  |  keff  1.49793   avg  1.49521   SD   58.696
      74   10.169 sec  1.923034  |  keff  1.49057   avg  1.49502   SD   59.354
      75   10.208 sec  1.926342  |  keff  1.49622   avg  1.49507   SD   57.173
      76   10.267 sec  1.923267  |  keff  1.49415   avg  1.49503   SD   55.082
      77   10.232 sec  1.922734  |  keff  1.49478   avg  1.49502   SD   53.050
      78   10.232 sec  1.921917  |  keff  1.49512   avg  1.49503   SD   51.156
      79   10.147 sec  1.919890  |  keff  1.49672   avg  1.49508   SD   49.725
      80   10.249 sec  1.921685  |  keff  1.50066   avg  1.49527   SD   51.419
      81   10.396 sec  1.923467  |  keff  1.49320   avg  1.49520   SD   50.194
      82   10.180 sec  1.924614  |  keff  1.49545   avg  1.49521   SD   48.631
      83   10.256 sec  1.924275  |  keff  1.50100   avg  1.49539   SD   50.228
      84   10.164 sec  1.923901  |  keff  1.49598   avg  1.49540   SD   48.781
      85   10.189 sec  1.923276  |  keff  1.49136   avg  1.49529   SD   48.734
      86   10.305 sec  1.924434  |  keff  1.49286   avg  1.49522   SD   47.844
      87   10.100 sec  1.923458  |  keff  1.49783   avg  1.49529   SD   47.068
      88   10.059 sec  1.921508  |  keff  1.49396   avg  1.49526   SD   45.960
      89   10.137 sec  1.920722  |  keff  1.49336   avg  1.49521   SD   45.039
      90   10.228 sec  1.919628  |  keff  1.49472   avg  1.49520   SD   43.929
      91   10.234 sec  1.921564  |  keff  1.49628   avg  1.49522   SD   42.937
      92   10.150 sec  1.922188  |  keff  1.49739   avg  1.49527   SD   42.224
      93   10.221 sec  1.924860  |  keff  1.49616   avg  1.49529   SD   41.293
      94   10.246 sec  1.922675  |  keff  1.49597   avg  1.49531   SD   40.383
      95   10.237 sec  1.924628  |  keff  1.49321   avg  1.49526   SD   39.754
      96   10.387 sec  1.923594  |  keff  1.49920   avg  1.49535   SD   39.802
      97   10.184 sec  1.921290  |  keff  1.49997   avg  1.49545   SD   40.153
      98   10.179 sec  1.919373  |  keff  1.49264   avg  1.49539   SD   39.741
      99   10.018 sec  1.919374  |  keff  1.49516   avg  1.49538   SD   38.933
     100   10.097 sec  1.919169  |  keff  1.49827   avg  1.49544   SD   38.579
     101   10.216 sec  1.922505  |  keff  1.49476   avg  1.49543   SD   37.846
     102   10.054 sec  1.920397  |  keff  1.49761   avg  1.49547   SD   37.349
     103   10.101 sec  1.921299  |  keff  1.49456   avg  1.49545   SD   36.684
     104    9.963 sec  1.921253  |  keff  1.49696   avg  1.49548   SD   36.111
     105   10.132 sec  1.918278  |  keff  1.49614   avg  1.49549   SD   35.474
     106   10.135 sec  1.918753  |  keff  1.49828   avg  1.49554   SD   35.188
     107   10.090 sec  1.919899  |  keff  1.49926   avg  1.49561   SD   35.168
     108   10.203 sec  1.923955  |  keff  1.49178   avg  1.49554   SD   35.177
     109   10.165 sec  1.926279  |  keff  1.49293   avg  1.49550   SD   34.858
     110   10.218 sec  1.927540  |  keff  1.49640   avg  1.49551   SD   34.310
     111   10.346 sec  1.925228  |  keff  1.49441   avg  1.49549   SD   33.795
     112   10.366 sec  1.925895  |  keff  1.49549   avg  1.49549   SD   33.250
     113   10.338 sec  1.924950  |  keff  1.49634   avg  1.49551   SD   32.749
     114   10.106 sec  1.924276  |  keff  1.49406   avg  1.49548   SD   32.315
     115   10.200 sec  1.925666  |  keff  1.49533   avg  1.49548   SD   31.819
     116   10.136 sec  1.925017  |  keff  1.49803   avg  1.49552   SD   31.571
     117   10.243 sec  1.924641  |  keff  1.49091   avg  1.49545   SD   31.840
     118   10.202 sec  1.924530  |  keff  1.49877   avg  1.49550   SD   31.744
     119   10.314 sec  1.923841  |  keff  1.49551   avg  1.49550   SD   31.284
     120   10.274 sec  1.925511  |  keff  1.49645   avg  1.49551   SD   30.866
     121   10.223 sec  1.924048  |  keff  1.49479   avg  1.49550   SD   30.449
     122   10.178 sec  1.923131  |  keff  1.49495   avg  1.49550   SD   30.035
     123   10.221 sec  1.926803  |  keff  1.49592   avg  1.49550   SD   29.630
     124   10.157 sec  1.924423  |  keff  1.49870   avg  1.49555   SD   29.544
     125   10.218 sec  1.923306  |  keff  1.49537   avg  1.49554   SD   29.151
     126   10.168 sec  1.925057  |  keff  1.49527   avg  1.49554   SD   28.769
     127   10.203 sec  1.920967  |  keff  1.49707   avg  1.49556   SD   28.464
     128   10.034 sec  1.922974  |  keff  1.49502   avg  1.49555   SD   28.107
     129   10.231 sec  1.920835  |  keff  1.49295   avg  1.49552   SD   27.943
     130   10.160 sec  1.921214  |  keff  1.50177   avg  1.49560   SD   28.664
     131   10.071 sec  1.919881  |  keff  1.50281   avg  1.49569   SD   29.661
     132   10.176 sec  1.920171  |  keff  1.49433   avg  1.49567   SD   29.345
     133   10.057 sec  1.920356  |  keff  1.49611   avg  1.49568   SD   28.996
     134   10.295 sec  1.917864  |  keff  1.49338   avg  1.49565   SD   28.779
     135   10.046 sec  1.918487  |  keff  1.49768   avg  1.49567   SD   28.540
     136   10.165 sec  1.920683  |  keff  1.49643   avg  1.49568   SD   28.222
     137   10.183 sec  1.920767  |  keff  1.49335   avg  1.49565   SD   28.024
     138   10.273 sec  1.922032  |  keff  1.49301   avg  1.49562   SD   27.866
     139   10.062 sec  1.921278  |  keff  1.49585   avg  1.49563   SD   27.554
     140   10.213 sec  1.923713  |  keff  1.49295   avg  1.49560   SD   27.408
     141   10.201 sec  1.922774  |  keff  1.50025   avg  1.49565   SD   27.580
     142   10.137 sec  1.923076  |  keff  1.49507   avg  1.49564   SD   27.288
     143   10.067 sec  1.919833  |  keff  1.49819   avg  1.49567   SD   27.132
     144   10.174 sec  1.921762  |  keff  1.49414   avg  1.49565   SD   26.892
     145   10.185 sec  1.921507  |  keff  1.49336   avg  1.49563   SD   26.717
     146   10.061 sec  1.921325  |  keff  1.49586   avg  1.49563   SD   26.440
     147   10.235 sec  1.922490  |  keff  1.49264   avg  1.49560   SD   26.347
     148   10.265 sec  1.922888  |  keff  1.49562   avg  1.49560   SD   26.078
     149   10.312 sec  1.923372  |  keff  1.49429   avg  1.49559   SD   25.848
     150   10.187 sec  1.922278  |  keff  1.49908   avg  1.49562   SD   25.825
 
    All Simulation Ends...
    - Elapsed time :   1543.367 sec   25.72 min
    - Final keff   :   1.495622 +/-  25.825
