    CTRL  READ COMPLETE..
    Continuous Energy Mode...
    Start reading ace-format nuclear data
           1 1001.710nc
           2 8016.710nc
    WARNING :: NYD block exists
           3 92235.710nc
           4 92238.710nc
    Read S(a,b) scattering law tables
           1 hh2o.71t_0293
    ACE Lib. READ COMPLETE...
    CE MAT READ COMPLETE...
    GEOM  READ COMPLETE..
    Setting ugrid...
    Initializing Source...
    Source Initializing Complete...
 
 
  > Num of Threads per Node          28
  > Num of MPI Nodes                  7
  > Num of Histories per Cycle   100000
  > Skip Cycles:  100  /  Active Cycles:  100
 
  > CMFD is OFF 
 
  > Tally is OFF
 
    Transport Simulation Starts...
       1    1.262 sec  5.999630  |  keff  1.41831
       2    1.146 sec  5.986617  |  keff  1.47470
       3    0.947 sec  5.962954  |  keff  1.49430
       4    0.888 sec  5.942825  |  keff  1.50588
       5    0.948 sec  5.917961  |  keff  1.51211
       6    0.877 sec  5.899461  |  keff  1.51895
       7    0.877 sec  5.881995  |  keff  1.52081
       8    0.942 sec  5.865163  |  keff  1.52735
       9    0.994 sec  5.852024  |  keff  1.52464
      10    0.948 sec  5.835955  |  keff  1.52862
      11    0.948 sec  5.826611  |  keff  1.52806
      12    1.018 sec  5.818004  |  keff  1.53423
      13    1.069 sec  5.806120  |  keff  1.52836
      14    1.120 sec  5.797185  |  keff  1.53550
      15    0.970 sec  5.791896  |  keff  1.53853
      16    1.075 sec  5.785037  |  keff  1.53492
      17    1.031 sec  5.777356  |  keff  1.53450
      18    1.057 sec  5.769888  |  keff  1.53611
      19    0.986 sec  5.764130  |  keff  1.53661
      20    1.083 sec  5.758373  |  keff  1.54053
      21    1.006 sec  5.752283  |  keff  1.54137
      22    1.020 sec  5.747033  |  keff  1.54039
      23    1.013 sec  5.743349  |  keff  1.53831
      24    0.919 sec  5.748036  |  keff  1.53889
      25    1.022 sec  5.744410  |  keff  1.53725
      26    1.008 sec  5.736518  |  keff  1.54477
      27    0.959 sec  5.730449  |  keff  1.54194
      28    0.931 sec  5.724112  |  keff  1.54388
      29    0.941 sec  5.727639  |  keff  1.54297
      30    0.899 sec  5.724994  |  keff  1.54154
      31    0.921 sec  5.724120  |  keff  1.54202
      32    0.963 sec  5.723943  |  keff  1.54470
      33    0.920 sec  5.715347  |  keff  1.54045
      34    0.982 sec  5.712685  |  keff  1.53966
      35    0.970 sec  5.706657  |  keff  1.54214
      36    0.951 sec  5.704754  |  keff  1.54567
      37    1.039 sec  5.705053  |  keff  1.54288
      38    0.987 sec  5.709021  |  keff  1.54529
      39    0.849 sec  5.704752  |  keff  1.54315
      40    1.031 sec  5.704170  |  keff  1.54364
      41    1.031 sec  5.706597  |  keff  1.54532
      42    0.931 sec  5.708385  |  keff  1.54283
      43    0.901 sec  5.706407  |  keff  1.54335
      44    0.989 sec  5.704572  |  keff  1.54390
      45    1.080 sec  5.703979  |  keff  1.54329
      46    0.909 sec  5.705965  |  keff  1.54510
      47    0.874 sec  5.706674  |  keff  1.54862
      48    0.879 sec  5.704641  |  keff  1.54258
      49    0.798 sec  5.705041  |  keff  1.54547
      50    0.895 sec  5.711022  |  keff  1.54283
      51    0.864 sec  5.706333  |  keff  1.54353
      52    0.811 sec  5.698327  |  keff  1.54401
      53    0.957 sec  5.702444  |  keff  1.54224
      54    0.876 sec  5.703832  |  keff  1.54481
      55    1.027 sec  5.702718  |  keff  1.54471
      56    0.938 sec  5.700652  |  keff  1.54729
      57    0.864 sec  5.703516  |  keff  1.54563
      58    0.787 sec  5.703927  |  keff  1.54179
      59    0.759 sec  5.705706  |  keff  1.54701
      60    0.840 sec  5.709681  |  keff  1.54011
      61    0.760 sec  5.706207  |  keff  1.54595
      62    0.788 sec  5.706326  |  keff  1.54500
      63    0.784 sec  5.706494  |  keff  1.54224
      64    0.862 sec  5.710215  |  keff  1.54144
      65    0.756 sec  5.708506  |  keff  1.54298
      66    0.892 sec  5.707693  |  keff  1.54094
      67    0.746 sec  5.703206  |  keff  1.54128
      68    0.790 sec  5.704023  |  keff  1.54558
      69    0.739 sec  5.704680  |  keff  1.54329
      70    0.787 sec  5.703141  |  keff  1.54424
      71    0.831 sec  5.708782  |  keff  1.54370
      72    0.833 sec  5.703164  |  keff  1.54299
      73    0.831 sec  5.700751  |  keff  1.54359
      74    0.785 sec  5.701821  |  keff  1.54318
      75    0.883 sec  5.698651  |  keff  1.54053
      76    0.912 sec  5.697942  |  keff  1.54435
      77    0.937 sec  5.703161  |  keff  1.54525
      78    0.889 sec  5.703373  |  keff  1.54269
      79    0.831 sec  5.706094  |  keff  1.54562
      80    1.022 sec  5.699823  |  keff  1.54633
      81    0.975 sec  5.701276  |  keff  1.54163
      82    0.905 sec  5.698680  |  keff  1.54214
      83    0.905 sec  5.703956  |  keff  1.54601
      84    0.957 sec  5.701737  |  keff  1.54607
      85    0.904 sec  5.703614  |  keff  1.54248
      86    0.923 sec  5.702510  |  keff  1.54580
      87    0.937 sec  5.704909  |  keff  1.54468
      88    0.940 sec  5.705395  |  keff  1.54250
      89    0.869 sec  5.703183  |  keff  1.54267
      90    0.845 sec  5.704645  |  keff  1.54458
      91    0.784 sec  5.702565  |  keff  1.54561
      92    0.809 sec  5.697436  |  keff  1.54507
      93    0.799 sec  5.696583  |  keff  1.54450
      94    0.862 sec  5.695789  |  keff  1.54281
      95    0.813 sec  5.695643  |  keff  1.54617
      96    0.986 sec  5.698137  |  keff  1.54467
      97    0.869 sec  5.695371  |  keff  1.54565
      98    0.908 sec  5.700184  |  keff  1.54663
      99    0.970 sec  5.699682  |  keff  1.54533
     100    1.009 sec  5.698317  |  keff  1.54443
     101    0.887 sec  5.693761  |  keff  1.54744   avg  1.54744   SD    0.000
     102    0.932 sec  5.694714  |  keff  1.54369   avg  1.54557   SD  132.339
     103    1.026 sec  5.696645  |  keff  1.54838   avg  1.54650   SD  116.861
     104    0.855 sec  5.697684  |  keff  1.54249   avg  1.54550   SD  123.480
     105    0.880 sec  5.697681  |  keff  1.54749   avg  1.54590   SD  104.978
     106    0.985 sec  5.702430  |  keff  1.54222   avg  1.54528   SD  103.796
     107    0.907 sec  5.702566  |  keff  1.54476   avg  1.54521   SD   89.242
     108    0.853 sec  5.701128  |  keff  1.54409   avg  1.54507   SD   79.172
     109    0.954 sec  5.703018  |  keff  1.54453   avg  1.54501   SD   70.603
     110    0.932 sec  5.702183  |  keff  1.54247   avg  1.54476   SD   67.942
     111    0.931 sec  5.700757  |  keff  1.53965   avg  1.54429   SD   75.959
     112    0.774 sec  5.700060  |  keff  1.54503   avg  1.54435   SD   69.878
     113    0.786 sec  5.701248  |  keff  1.54802   avg  1.54464   SD   69.969
     114    0.792 sec  5.701669  |  keff  1.54776   avg  1.54486   SD   68.437
     115    0.831 sec  5.700243  |  keff  1.54327   avg  1.54475   SD   64.688
     116    0.913 sec  5.696660  |  keff  1.54532   avg  1.54479   SD   60.740
     117    0.843 sec  5.699879  |  keff  1.54802   avg  1.54498   SD   60.061
     118    0.840 sec  5.700322  |  keff  1.54330   avg  1.54488   SD   57.444
     119    0.825 sec  5.701535  |  keff  1.54549   avg  1.54492   SD   54.510
     120    0.820 sec  5.698985  |  keff  1.54835   avg  1.54509   SD   54.427
     121    0.839 sec  5.698702  |  keff  1.54748   avg  1.54520   SD   53.011
     122    0.810 sec  5.699130  |  keff  1.54465   avg  1.54518   SD   50.661
     123    0.877 sec  5.698198  |  keff  1.54610   avg  1.54522   SD   48.618
     124    0.853 sec  5.697936  |  keff  1.54427   avg  1.54518   SD   46.751
     125    0.798 sec  5.702839  |  keff  1.54467   avg  1.54516   SD   44.926
     126    0.911 sec  5.701079  |  keff  1.54348   avg  1.54509   SD   43.661
     127    0.901 sec  5.697332  |  keff  1.54376   avg  1.54504   SD   42.322
     128    0.964 sec  5.699795  |  keff  1.54568   avg  1.54507   SD   40.871
     129    0.806 sec  5.701594  |  keff  1.54675   avg  1.54512   SD   39.871
     130    0.887 sec  5.703665  |  keff  1.54739   avg  1.54520   SD   39.253
     131    0.928 sec  5.702084  |  keff  1.54442   avg  1.54517   SD   38.068
     132    0.944 sec  5.703532  |  keff  1.54497   avg  1.54517   SD   36.884
     133    0.773 sec  5.702821  |  keff  1.54505   avg  1.54516   SD   35.768
     134    0.920 sec  5.702439  |  keff  1.54380   avg  1.54512   SD   34.942
     135    0.914 sec  5.704044  |  keff  1.54381   avg  1.54509   SD   34.144
     136    0.876 sec  5.707054  |  keff  1.54306   avg  1.54503   SD   33.655
     137    0.876 sec  5.705820  |  keff  1.54531   avg  1.54504   SD   32.754
     138    0.780 sec  5.707633  |  keff  1.54386   avg  1.54501   SD   32.039
     139    0.735 sec  5.709661  |  keff  1.54535   avg  1.54502   SD   31.230
     140    0.725 sec  5.711803  |  keff  1.54314   avg  1.54497   SD   30.798
     141    0.708 sec  5.714710  |  keff  1.54340   avg  1.54493   SD   30.284
     142    0.703 sec  5.713760  |  keff  1.54431   avg  1.54492   SD   29.599
     143    0.711 sec  5.711526  |  keff  1.54311   avg  1.54487   SD   29.207
     144    0.722 sec  5.710359  |  keff  1.53786   avg  1.54471   SD   32.605
     145    0.731 sec  5.707881  |  keff  1.53871   avg  1.54458   SD   34.505
     146    0.762 sec  5.709122  |  keff  1.54246   avg  1.54453   SD   34.062
     147    0.779 sec  5.707291  |  keff  1.54315   avg  1.54451   SD   33.465
     148    0.767 sec  5.707413  |  keff  1.54574   avg  1.54453   SD   32.867
     149    0.765 sec  5.708877  |  keff  1.54250   avg  1.54449   SD   32.457
     150    0.768 sec  5.710707  |  keff  1.54267   avg  1.54445   SD   32.010
     151    0.761 sec  5.709690  |  keff  1.54086   avg  1.54438   SD   32.150
     152    0.783 sec  5.702638  |  keff  1.54415   avg  1.54438   SD   31.535
     153    0.852 sec  5.705743  |  keff  1.54400   avg  1.54437   SD   30.948
     154    0.882 sec  5.704416  |  keff  1.54367   avg  1.54436   SD   30.402
     155    0.790 sec  5.708847  |  keff  1.54502   avg  1.54437   SD   29.873
     156    0.783 sec  5.704522  |  keff  1.54260   avg  1.54434   SD   29.506
     157    0.765 sec  5.707097  |  keff  1.53973   avg  1.54426   SD   30.077
     158    0.835 sec  5.706365  |  keff  1.54511   avg  1.54427   SD   29.594
     159    0.859 sec  5.703978  |  keff  1.54413   avg  1.54427   SD   29.093
     160    0.875 sec  5.704685  |  keff  1.54374   avg  1.54426   SD   28.622
     161    0.715 sec  5.703695  |  keff  1.54345   avg  1.54425   SD   28.184
     162    0.777 sec  5.703016  |  keff  1.54650   avg  1.54428   SD   27.963
     163    0.806 sec  5.699106  |  keff  1.54750   avg  1.54434   SD   27.980
     164    0.868 sec  5.701022  |  keff  1.54646   avg  1.54437   SD   27.738
     165    0.742 sec  5.700180  |  keff  1.54139   avg  1.54432   SD   27.687
     166    0.767 sec  5.698910  |  keff  1.54497   avg  1.54433   SD   27.285
     167    0.766 sec  5.698487  |  keff  1.54579   avg  1.54435   SD   26.965
     168    0.747 sec  5.699523  |  keff  1.54177   avg  1.54432   SD   26.834
     169    0.703 sec  5.702262  |  keff  1.54380   avg  1.54431   SD   26.456
     170    0.744 sec  5.702411  |  keff  1.54448   avg  1.54431   SD   26.079
     171    0.750 sec  5.701651  |  keff  1.54528   avg  1.54432   SD   25.748
     172    0.755 sec  5.705896  |  keff  1.54783   avg  1.54437   SD   25.846
     173    0.786 sec  5.705418  |  keff  1.54170   avg  1.54434   SD   25.750
     174    0.738 sec  5.702304  |  keff  1.54680   avg  1.54437   SD   25.616
     175    0.734 sec  5.703780  |  keff  1.54611   avg  1.54439   SD   25.380
     176    0.767 sec  5.701959  |  keff  1.54291   avg  1.54437   SD   25.121
     177    0.759 sec  5.703291  |  keff  1.54193   avg  1.54434   SD   24.995
     178    0.717 sec  5.709087  |  keff  1.54278   avg  1.54432   SD   24.754
     179    0.758 sec  5.706229  |  keff  1.54318   avg  1.54431   SD   24.483
     180    0.802 sec  5.702094  |  keff  1.54297   avg  1.54429   SD   24.233
     181    0.725 sec  5.698870  |  keff  1.54561   avg  1.54431   SD   23.989
     182    0.787 sec  5.700623  |  keff  1.54188   avg  1.54428   SD   23.878
     183    0.719 sec  5.705927  |  keff  1.54579   avg  1.54430   SD   23.660
     184    0.771 sec  5.703864  |  keff  1.54430   avg  1.54430   SD   23.378
     185    0.788 sec  5.700693  |  keff  1.54625   avg  1.54432   SD   23.216
     186    0.828 sec  5.700848  |  keff  1.54695   avg  1.54435   SD   23.147
     187    0.726 sec  5.699057  |  keff  1.54273   avg  1.54433   SD   22.955
     188    0.726 sec  5.702015  |  keff  1.54240   avg  1.54431   SD   22.799
     189    0.704 sec  5.700046  |  keff  1.54830   avg  1.54435   SD   22.980
     190    0.702 sec  5.698288  |  keff  1.54333   avg  1.54434   SD   22.753
     191    0.727 sec  5.703379  |  keff  1.54190   avg  1.54432   SD   22.661
     192    0.729 sec  5.699088  |  keff  1.54365   avg  1.54431   SD   22.426
     193    0.795 sec  5.701337  |  keff  1.53996   avg  1.54426   SD   22.667
     194    0.756 sec  5.699397  |  keff  1.54355   avg  1.54425   SD   22.439
     195    0.843 sec  5.698084  |  keff  1.54287   avg  1.54424   SD   22.250
     196    0.835 sec  5.702047  |  keff  1.54101   avg  1.54421   SD   22.270
     197    0.823 sec  5.698764  |  keff  1.54269   avg  1.54419   SD   22.095
     198    0.793 sec  5.696830  |  keff  1.55027   avg  1.54425   SD   22.724
     199    0.872 sec  5.696414  |  keff  1.54697   avg  1.54428   SD   22.660
     200    0.879 sec  5.697485  |  keff  1.54604   avg  1.54430   SD   22.502
 
    All Simulation Ends...
    - Elapsed time :    173.175 sec    2.89 min
    - Final keff   :   1.544298 +/-  22.502
