    CTRL  READ COMPLETE..
    Continuous Energy Mode...
    Start reading ace-format nuclear data
           1 1001.711nc
           2 8016.711nc
    WARNING :: NYD block exists
           3 92235.711nc
           4 92238.711nc
    Read S(a,b) scattering law tables
           1 hh2o.71t_0293
    ACE Lib. READ COMPLETE...
    CE MAT READ COMPLETE...
    GEOM  READ COMPLETE..
    Setting ugrid...
    Initializing Source...
    Source Initializing Complete...
 
 
  > Num of Threads per Node          28
  > Num of MPI Nodes                  2
  > Num of Histories per Cycle   500000
  > Skip Cycles: 1000  /  Active Cycles:   50
 
  > Tally is OFF
 
    Transport Simulation Starts...
        1000          50        1050
        1000          50        1050
 MC   1.05806281393046     
       1   14.217 sec   2.99999  |  keff  1.05806
        1000          50        1050
        1000          50        1050
 MC   1.03576018552485     
       2   13.683 sec   2.99568  |  keff  1.03576
 up     1000000
        1000          50        1050
        1000          50        1050
 MC   1.01225386931653     
       3   13.919 sec   2.98981  |  keff  1.01225
        1000          50        1050
        1000          50        1050
 MC   1.03758329075217     
       4   24.695 sec   2.98444  |  keff  1.03758
        1000          50        1050
        1000          50        1050
 MC   1.04017689488805     
       5   25.309 sec   2.98058  |  keff  1.04018
        1000          50        1050
