    CTRL  READ COMPLETE..
    Continuous Energy Mode...
    Start reading ace-format nuclear data
           1 1001.710nc
           2 8016.710nc
    WARNING :: NYD block exists
           3 92235.710nc
           4 92238.710nc
    Read S(a,b) scattering law tables
           1 hh2o.71t_0293
    ACE Lib. READ COMPLETE...
    CE MAT READ COMPLETE...
    GEOM  READ COMPLETE..
    Setting ugrid...
    Initializing Source...
    Source Initializing Complete...
 
 
  > Num of Threads per Node          28
  > Num of MPI Nodes                  3
  > Num of Histories per Cycle   100000
  > Skip Cycles: 1000  /  Active Cycles: -960
 
  > CMFD is OFF 
 
  > Tally is OFF
 
    Transport Simulation Starts...
 dsh  2.846049894151541E-004   1.00000000000000     
       1    2.352 sec  3.999914  |  keff  1.26085
 dsh  2.846049894151541E-004   1.00000000000000     
       2    1.687 sec  3.982372  |  keff  1.35447
 dsh  2.846049894151541E-004  0.495852417718472     
       3    1.475 sec  3.951642  |  keff  1.39025
 dsh  2.846049894151541E-004  1.347920368682869E-002
       4    1.431 sec  3.924480  |  keff  1.40679
 dsh  2.846049894151541E-004  1.414575132378477E-002
       5    1.418 sec  3.898867  |  keff  1.41588
 dsh  2.846049894151541E-004  1.252784045676299E-002
       6    1.417 sec  3.879805  |  keff  1.42112
 dsh  2.846049894151541E-004  1.008932141646753E-002
       7    1.411 sec  3.865398  |  keff  1.42825
 dsh  2.846049894151541E-004  7.450903802175620E-003
       8    1.425 sec  3.855744  |  keff  1.43301
 dsh  2.846049894151541E-004  5.240659193527323E-003
       9    1.434 sec  3.849080  |  keff  1.43200
 dsh  2.846049894151541E-004  4.293386839789837E-003
      10    1.422 sec  3.839054  |  keff  1.42979
 dsh  2.846049894151541E-004  4.699241537618545E-003
      11    1.421 sec  3.829733  |  keff  1.43672
 dsh  2.846049894151541E-004  4.176374953770374E-003
      12    1.432 sec  3.826426  |  keff  1.44379
 dsh  2.846049894151541E-004  2.083606248722819E-003
      13    1.401 sec  3.826416  |  keff  1.43437
 dsh  2.846049894151541E-004  1.097271027064461E-003
      14    1.400 sec  3.821352  |  keff  1.44377
 dsh  2.846049894151541E-004  9.145556571649296E-004
      15    1.405 sec  3.824497  |  keff  1.43675
 dsh  2.846049894151541E-004  4.997912260509526E-004
      16    1.388 sec  3.827095  |  keff  1.44051
 dsh  2.846049894151541E-004  6.784942185199840E-004
      17    1.437 sec  3.823946  |  keff  1.43944
 dsh  2.846049894151541E-004  4.786682630911825E-004
      18    1.418 sec  3.823986  |  keff  1.43801
 dsh  2.846049894151541E-004  6.547993206078561E-004
      19    1.405 sec  3.822048  |  keff  1.43900
 dsh  2.846049894151541E-004  1.000917471715829E-003
      20    1.403 sec  3.818236  |  keff  1.43437
 dsh  2.846049894151541E-004  1.138973982407542E-003
      21    1.429 sec  3.819099  |  keff  1.43539
 dsh  2.846049894151541E-004  4.043515142750632E-004
      22    1.414 sec  3.818096  |  keff  1.43999
 dsh  2.846049894151541E-004  7.056187320337810E-004
      23    1.413 sec  3.813853  |  keff  1.44174
 dsh  2.846049894151541E-004  7.004884101062928E-004
      24    1.441 sec  3.817996  |  keff  1.43869
 dsh  2.846049894151541E-004  5.155202153699683E-004
      25    1.416 sec  3.817890  |  keff  1.43881
 dsh  2.846049894151541E-004  6.654431040466900E-004
      26    1.414 sec  3.819042  |  keff  1.43842
 dsh  2.846049894151541E-004  5.955840763783443E-004
      27    1.416 sec  3.821395  |  keff  1.43517
 dsh  2.846049894151541E-004  6.995503050876843E-004
      28    1.425 sec  3.820883  |  keff  1.43698
 dsh  2.846049894151541E-004  2.487887271360598E-004
 den  9.486832980505137E-005   1.00000000000000     
 up      200000
      29    1.425 sec  3.817654  |  keff  0.71821
 dsh  2.012461179749811E-004  7.322740042587565E-004
      30    1.638 sec  3.819032  |  keff  0.95942
 dsh  2.012461179749811E-004  4.511308918539823E-004
      31    3.737 sec  3.816060  |  keff  0.96040
 dsh  2.012461179749811E-004  3.990299974955265E-004
      32    2.849 sec  3.817580  |  keff  0.95878
 dsh  2.012461179749811E-004  5.599582842720455E-005
 den  6.708203932499369E-005  3.951098019787593E-004
 up      300000
      33    2.849 sec  3.817940  |  keff  0.63887
 dsh  1.643167672515498E-004  2.752003576408886E-004
      34    3.158 sec  3.813600  |  keff  0.80105
 dsh  1.643167672515498E-004  7.948883727705287E-004
      35    5.299 sec  3.815856  |  keff  0.79988
 dsh  1.643167672515498E-004  2.630430588872963E-004
      36    4.343 sec  3.813677  |  keff  0.79879
 dsh  1.643167672515498E-004  4.588082935027011E-005
 den  5.477225575051661E-005  7.489710732824750E-004
 up      400000
      37    4.341 sec  3.816128  |  keff  0.59974
 dsh  1.423024947075770E-004  7.898174913450152E-004
      38    4.719 sec  3.819435  |  keff  0.71802
 dsh  1.423024947075770E-004  9.535849155379654E-004
