    CTRL  READ COMPLETE..
    Continuous Energy Mode...
    Start reading ace-format nuclear data
           1 1001.710nc
           2 8016.710nc
    WARNING :: NYD block exists
           3 92235.710nc
           4 92238.710nc
    Read S(a,b) scattering law tables
           1 hh2o.71t_0293
    ACE Lib. READ COMPLETE...
    CE MAT READ COMPLETE...
    GEOM  READ COMPLETE..
    Setting ugrid...
    Initializing Source...
    Source Initializing Complete...
 
 
  > Num of Threads per Node          28
  > Num of MPI Nodes                  1
  > Num of Histories per Cycle   180000
  > Skip Cycles: 1000  /  Active Cycles:  100
 
  > Tally is OFF
 
    Transport Simulation Starts...
       1   13.483 sec  14.90396  |  keff  1.35726
       2   17.732 sec  14.89436  |  keff  1.35703
       3   13.236 sec  14.86987  |  keff  1.36078
       4   13.164 sec  14.85460  |  keff  1.36052
       5   12.936 sec  14.84313  |  keff  1.36405
       6   12.872 sec  14.83647  |  keff  1.36469
       7   12.815 sec  14.82521  |  keff  1.36649
       8   12.798 sec  14.81641  |  keff  1.36964
       9   12.683 sec  14.80917  |  keff  1.37320
      10   12.579 sec  14.80132  |  keff  1.37332
      11   12.497 sec  14.79443  |  keff  1.37181
      12   12.481 sec  14.78656  |  keff  1.37598
      13   12.760 sec  14.78425  |  keff  1.37823
      14   12.570 sec  14.77498  |  keff  1.37739
      15   12.536 sec  14.77335  |  keff  1.38061
      16   12.547 sec  14.76853  |  keff  1.37604
      17   12.416 sec  14.76146  |  keff  1.38003
      18   12.421 sec  14.75457  |  keff  1.37805
      19   12.459 sec  14.74790  |  keff  1.37955
      20   12.361 sec  14.74417  |  keff  1.38114
      21   12.317 sec  14.74286  |  keff  1.38095
      22   12.495 sec  14.74018  |  keff  1.37810
      23   12.263 sec  14.72989  |  keff  1.38237
      24   12.430 sec  14.72899  |  keff  1.37979
      25   12.251 sec  14.72604  |  keff  1.38181
      26   12.361 sec  14.72335  |  keff  1.38170
      27   12.326 sec  14.72027  |  keff  1.38435
      28   12.270 sec  14.71668  |  keff  1.38108
      29   12.221 sec  14.71430  |  keff  1.38476
      30   12.208 sec  14.71244  |  keff  1.38637
      31   12.255 sec  14.70956  |  keff  1.38145
      32   12.304 sec  14.70732  |  keff  1.38253
      33   12.174 sec  14.70736  |  keff  1.38457
 up      360000
      34   12.192 sec  14.70669  |  keff  0.69196
      35   17.202 sec  14.70171  |  keff  1.38303
      36   46.600 sec  14.76321  |  keff  1.38201
      37   24.951 sec  14.78560  |  keff  1.38305
      38   25.090 sec  14.77884  |  keff  1.38342
      39   24.897 sec  14.77583  |  keff  1.38359
      40   24.465 sec  14.77601  |  keff  1.38280
      41   24.332 sec  14.77382  |  keff  1.38309
      42   24.220 sec  14.77222  |  keff  1.38378
      43   24.181 sec  14.77184  |  keff  1.38347
 up      540000
      44   24.401 sec  14.77190  |  keff  0.92144
      45   26.097 sec  14.77234  |  keff  1.38507
 end          47      540000         147
      46   53.173 sec  14.79807  |  keff  1.38487
      47   36.601 sec  14.80460  |  keff  1.38304
      48   36.509 sec  14.79919  |  keff  1.38353   avg  1.38353   SD    0.000
      49   36.845 sec  14.79945  |  keff  1.38487   avg  1.38420   SD   47.186
      50   36.580 sec  14.79884  |  keff  1.38343   avg  1.38394   SD   37.751
      51   36.406 sec  14.79832  |  keff  1.38469   avg  1.38413   SD   32.626
      52   36.436 sec  14.79921  |  keff  1.38479   avg  1.38426   SD   28.645
      53   37.109 sec  14.79946  |  keff  1.38273   avg  1.38401   SD   33.375
      54   36.600 sec  14.80000  |  keff  1.38277   avg  1.38383   SD   32.942
      55   36.622 sec  14.79799  |  keff  1.38437   avg  1.38390   SD   29.500
      56   36.820 sec  14.79852  |  keff  1.38357   avg  1.38386   SD   26.448
      57   36.285 sec  14.79795  |  keff  1.38317   avg  1.38379   SD   24.696
      58   36.444 sec  14.79653  |  keff  1.38471   avg  1.38388   SD   23.829
      59   36.735 sec  14.79746  |  keff  1.38356   avg  1.38385   SD   21.985
      60   36.598 sec  14.79679  |  keff  1.38297   avg  1.38378   SD   21.305
      61   36.506 sec  14.79579  |  keff  1.38522   avg  1.38389   SD   22.115
      62   37.473 sec  14.79699  |  keff  1.38285   avg  1.38382   SD   21.692
      63   36.925 sec  14.79765  |  keff  1.38398   avg  1.38383   SD   20.362
      64   36.689 sec  14.79963  |  keff  1.38209   avg  1.38372   SD   21.575
      65   36.150 sec  14.79756  |  keff  1.38337   avg  1.38370   SD   20.467
      66   36.676 sec  14.79713  |  keff  1.38336   avg  1.38369   SD   19.473
      67   36.802 sec  14.79846  |  keff  1.38662   avg  1.38383   SD   23.387
      68   36.623 sec  14.79743  |  keff  1.38747   avg  1.38401   SD   27.947
      69   36.382 sec  14.79961  |  keff  1.38560   avg  1.38408   SD   27.605
      70   36.314 sec  14.80017  |  keff  1.38495   avg  1.38412   SD   26.661
      71   36.757 sec  14.79936  |  keff  1.38550   avg  1.38417   SD   26.166
      72   36.662 sec  14.79984  |  keff  1.38246   avg  1.38411   SD   26.005
      73   36.710 sec  14.79952  |  keff  1.38425   avg  1.38411   SD   25.011
      74   36.547 sec  14.80018  |  keff  1.38548   avg  1.38416   SD   24.595
      75   36.820 sec  14.80044  |  keff  1.38324   avg  1.38413   SD   23.938
      76   36.236 sec  14.79825  |  keff  1.38412   avg  1.38413   SD   23.113
      77   36.321 sec  14.79981  |  keff  1.38351   avg  1.38411   SD   22.433
      78   36.359 sec  14.80153  |  keff  1.38475   avg  1.38413   SD   21.804
      79   36.942 sec  14.80102  |  keff  1.38252   avg  1.38408   SD   21.694
      80   36.451 sec  14.80030  |  keff  1.38285   avg  1.38404   SD   21.356
      81   36.606 sec  14.79964  |  keff  1.38207   avg  1.38398   SD   21.501
      82   36.283 sec  14.80165  |  keff  1.38351   avg  1.38397   SD   20.929
      83   36.523 sec  14.80155  |  keff  1.38227   avg  1.38392   SD   20.875
      84   36.716 sec  14.80094  |  keff  1.38262   avg  1.38389   SD   20.608
      85   36.303 sec  14.80187  |  keff  1.38568   avg  1.38393   SD   20.596
      86   36.643 sec  14.80129  |  keff  1.38167   avg  1.38388   SD   20.872
      87   36.460 sec  14.80118  |  keff  1.38113   avg  1.38381   SD   21.447
      88   36.599 sec  14.80255  |  keff  1.38345   avg  1.38380   SD   20.942
      89   36.406 sec  14.80065  |  keff  1.38433   avg  1.38381   SD   20.482
      90   36.666 sec  14.80006  |  keff  1.38339   avg  1.38380   SD   20.030
      91   36.425 sec  14.79963  |  keff  1.38359   avg  1.38380   SD   19.580
      92   36.493 sec  14.79973  |  keff  1.38218   avg  1.38376   SD   19.470
      93   36.213 sec  14.79938  |  keff  1.38397   avg  1.38377   SD   19.052
      94   36.561 sec  14.79908  |  keff  1.38559   avg  1.38380   SD   19.039
      95   36.775 sec  14.79838  |  keff  1.38323   avg  1.38379   SD   18.680
      96   36.548 sec  14.79873  |  keff  1.38344   avg  1.38379   SD   18.312
      97   36.359 sec  14.79737  |  keff  1.38401   avg  1.38379   SD   17.952
      98   36.763 sec  14.79712  |  keff  1.38376   avg  1.38379   SD   17.600
      99   36.620 sec  14.79690  |  keff  1.38545   avg  1.38382   SD   17.550
     100   36.905 sec  14.79671  |  keff  1.38401   avg  1.38382   SD   17.222
     101   36.737 sec  14.79863  |  keff  1.38135   avg  1.38378   SD   17.501
     102   36.654 sec  14.79938  |  keff  1.38288   avg  1.38376   SD   17.259
     103   36.928 sec  14.79848  |  keff  1.38270   avg  1.38374   SD   17.055
     104   36.422 sec  14.79970  |  keff  1.38516   avg  1.38377   SD   16.937
     105   36.575 sec  14.80033  |  keff  1.38332   avg  1.38376   SD   16.663
     106   36.638 sec  14.79979  |  keff  1.38356   avg  1.38376   SD   16.384
     107   36.650 sec  14.79814  |  keff  1.38193   avg  1.38373   SD   16.392
     108   36.544 sec  14.79587  |  keff  1.38368   avg  1.38373   SD   16.124
     109   36.307 sec  14.79708  |  keff  1.38587   avg  1.38376   SD   16.229
     110   36.594 sec  14.79591  |  keff  1.38366   avg  1.38376   SD   15.972
     111   36.236 sec  14.79674  |  keff  1.38499   avg  1.38378   SD   15.838
     112   36.555 sec  14.79638  |  keff  1.38357   avg  1.38378   SD   15.598
     113   36.641 sec  14.79858  |  keff  1.38279   avg  1.38376   SD   15.433
     114   36.510 sec  14.79836  |  keff  1.38671   avg  1.38380   SD   15.819
