    CTRL  READ COMPLETE..
    Continuous Energy Mode...
    Start reading ace-format nuclear data
           1 1001.711nc
           2 8016.711nc
    WARNING :: NYD block exists
           3 92235.711nc
           4 92238.711nc
    Read S(a,b) scattering law tables
           1 hh2o.71t_0293
    ACE Lib. READ COMPLETE...
    CE MAT READ COMPLETE...
    GEOM  READ COMPLETE..
    Setting ugrid...
    Initializing Source...
    Source Initializing Complete...
 
 
  > Num of Threads per Node          28
  > Num of MPI Nodes                  2
  > Num of Histories per Cycle  1500000
  > Skip Cycles:   20  /  Active Cycles:   50
 
  > Tally is OFF
 
    Transport Simulation Starts...
 MC   1.06181122221823     
 keff  0.440507812879095     
       1   35.191 sec   3.00000  |  keff  1.06181
 MC   1.04476513241651     
 keff  0.688910519507051     
       2   36.511 sec   2.98355  |  keff  1.04477
 MC   1.04772511422963     
 keff  0.852407807149976     
       3   33.931 sec   2.96887  |  keff  1.04773
 MC   1.04748337264209     
 keff  0.967918035285245     
       4   34.249 sec   2.96430  |  keff  1.04748
 MC   1.04784768709614     
 keff   1.05389947396236     
       5   34.073 sec   2.96485  |  keff  1.04785
 MC   1.04757888379634     
 keff   1.04339310645508     
       6   34.053 sec   2.96682  |  keff  1.04758
 MC   1.04111841419587     
 keff   1.04185163952844     
       7   34.192 sec   2.97857  |  keff  1.04112
 MC   1.03999033359259     
 keff   1.04274024793318     
       8   34.168 sec   2.97964  |  keff  1.03999
 MC   1.04094612949573     
 keff   1.04344330402906     
       9   34.186 sec   2.97708  |  keff  1.04095
 MC   1.04224400487712     
 keff   1.04387108250388     
      10   34.081 sec   2.97486  |  keff  1.04224
 MC   1.04436674162792     
 keff   1.04403840319768     
      11   34.254 sec   2.97343  |  keff  1.04437
 MC   1.04444105364113     
 keff   1.04396285460546     
      12   34.137 sec   2.97235  |  keff  1.04444
 MC   1.04392869516381     
 keff   1.04328462184897     
      13   34.362 sec   2.97318  |  keff  1.04393
 MC   1.04370758058262     
 keff   1.04332268174014     
      14   34.157 sec   2.97477  |  keff  1.04371
 MC   1.04450283750012     
 keff   1.04357165574062     
      15   34.219 sec   2.97501  |  keff  1.04450
 MC   1.04403404249814     
 keff   1.04400548016208     
      16   34.013 sec   2.97482  |  keff  1.04403
 MC   1.04365465759230     
 keff   1.04377061102499     
      17   34.171 sec   2.97389  |  keff  1.04365
 MC   1.04417475009177     
 keff   1.04388951275231     
      18   34.237 sec   2.97387  |  keff  1.04417
 MC   1.04176766710920     
 keff   1.04328230173726     
      19   34.208 sec   2.97411  |  keff  1.04177
 MC   1.04454107731509     
 keff   1.04314734357838     
      20   33.943 sec   2.97457  |  keff  1.04454
 MC   1.04377133470119     
 keff   1.04311366112200     
      21   34.302 sec   2.97501  |  keff  1.04377   avg  1.04377   SD    0.000
 MC   1.04380043800184     
 keff   1.04340690140753     
      22   33.992 sec   2.97529  |  keff  1.04380   avg  1.04379   SD    1.029
 MC   1.04259298525487     
 keff   1.04348388741240     
      23   34.233 sec   2.97520  |  keff  1.04259   avg  1.04339   SD   32.474
 MC   1.04282119179321     
 keff   1.04365850321760     
      24   34.079 sec   2.97470  |  keff  1.04282   avg  1.04325   SD   27.275
 MC   1.04404023727104     
 keff   1.04384973821913     
      25   34.254 sec   2.97473  |  keff  1.04404   avg  1.04341   SD   26.033
 MC   1.04506414976504     
 keff   1.04381164889022     
      26   34.154 sec   2.97414  |  keff  1.04506   avg  1.04368   SD   33.282
 MC   1.04529635916584     
 keff   1.04383038739359     
      27   34.233 sec   2.97428  |  keff  1.04530   avg  1.04391   SD   35.635
 MC   1.04304789049918     
 keff   1.04385219172732     
      28   34.210 sec   2.97420  |  keff  1.04305   avg  1.04380   SD   32.778
 MC   1.04375482960408     
 keff   1.04384762509634     
      29   34.043 sec   2.97436  |  keff  1.04375   avg  1.04380   SD   29.141
 MC   1.04300055198534     
 keff   1.04329062060248     
      30   34.072 sec   2.97457  |  keff  1.04300   avg  1.04372   SD   27.298
 MC   1.04252181142419     
 keff   1.04310766527749     
      31   34.008 sec   2.97544  |  keff  1.04252   avg  1.04361   SD   26.899
 MC   1.04425647222717     
 keff   1.04299850089870     
      32   34.047 sec   2.97531  |  keff  1.04426   avg  1.04366   SD   25.191
 MC   1.04233659393872     
 keff   1.04258865915539     
      33   34.206 sec   2.97535  |  keff  1.04234   avg  1.04356   SD   25.238
 MC   1.04277988529586     
 keff   1.04289384448189     
      34   34.003 sec   2.97552  |  keff  1.04278   avg  1.04351   SD   24.045
 MC   1.04317723287680     
 keff   1.04325690928612     
      35   34.113 sec   2.97475  |  keff  1.04318   avg  1.04348   SD   22.542
 MC   1.04328040321304     
 keff   1.04327202257359     
      36   34.216 sec   2.97408  |  keff  1.04328   avg  1.04347   SD   21.169
