    CTRL  READ COMPLETE..
    Continuous Energy Mode...
    Start reading ace-format nuclear data
           1 1001.711nc
           2 8016.711nc
    WARNING :: NYD block exists
           3 92235.711nc
           4 92238.711nc
    Read S(a,b) scattering law tables
           1 hh2o.71t_0293
    ACE Lib. READ COMPLETE...
    CE MAT READ COMPLETE...
    GEOM  READ COMPLETE..
    Setting ugrid...
    Initializing Source...
    Source Initializing Complete...
 
 
  > Num of Threads per Node          28
  > Num of MPI Nodes                  3
  > Num of Histories per Cycle  2000000
  > Skip Cycles: 1000  /  Active Cycles:   50
 
  > Tally is OFF
  > m-PRUP is on     6000000           1           2
  > FMFD is OFF
 
    Transport Simulation Starts...
       1    31.32 sec   9.96542  |  keff  1.51281  //   2000000
       2    40.38 sec   9.96384  |  keff  1.51518
       3    27.36 sec   9.95962  |  keff  1.51878
       4    26.87 sec   9.95370  |  keff  1.52143
       5    26.49 sec   9.94740  |  keff  1.52433
       6    26.24 sec   9.94009  |  keff  1.52619
       7    26.00 sec   9.93249  |  keff  1.52837
       8    25.64 sec   9.92473  |  keff  1.53011
       9    25.61 sec   9.91742  |  keff  1.53135
      10    25.14 sec   9.91017  |  keff  1.53288
      11    24.97 sec   9.90287  |  keff  1.53387
      12    24.73 sec   9.89578  |  keff  1.53456
      13    24.65 sec   9.88887  |  keff  1.53561
      14    24.55 sec   9.88244  |  keff  1.53575
      15    24.58 sec   9.87614  |  keff  1.53699
      16    24.35 sec   9.86999  |  keff  1.53886
      17    24.34 sec   9.86352  |  keff  1.53831
      18    24.21 sec   9.85770  |  keff  1.53988
      19    24.13 sec   9.85215  |  keff  1.53892
      20    24.09 sec   9.84590  |  keff  1.53979
      21    24.02 sec   9.84036  |  keff  1.54146
      22    24.05 sec   9.83586  |  keff  1.54098
      23    23.90 sec   9.83148  |  keff  1.54215
      24    24.03 sec   9.82678  |  keff  1.54163
      25    23.95 sec   9.82203  |  keff  1.54238
      26    23.96 sec   9.81790  |  keff  1.54210
      27    23.87 sec   9.81333  |  keff  1.54274
      28    23.77 sec   9.80914  |  keff  1.54331
      29    23.61 sec   9.80477  |  keff  1.54357
      30    23.72 sec   9.80000  |  keff  1.54277
      31    23.66 sec   9.79650  |  keff  1.54347
      32    23.58 sec   9.79259  |  keff  1.54391
      33    23.53 sec   9.78848  |  keff  1.54437
      34    23.54 sec   9.78493  |  keff  1.54492
      35    23.46 sec   9.78156  |  keff  1.54463
      36    23.55 sec   9.77933  |  keff  1.54396
      37    23.45 sec   9.77583  |  keff  1.54441
      38    23.47 sec   9.77361  |  keff  1.54455
      39    23.40 sec   9.77085  |  keff  1.54452
      40    23.46 sec   9.76765  |  keff  1.54490
      41    23.33 sec   9.76412  |  keff  1.54467
      42    23.40 sec   9.76087  |  keff  1.54492
      43    23.35 sec   9.75764  |  keff  1.54528
      44    23.33 sec   9.75479  |  keff  1.54581
      45    23.30 sec   9.75132  |  keff  1.54601
      46    23.25 sec   9.74903  |  keff  1.54622
      47    23.37 sec   9.74689  |  keff  1.54599
      48    23.24 sec   9.74478  |  keff  1.54557
      49    23.30 sec   9.74124  |  keff  1.54620
      50    23.18 sec   9.73816  |  keff  1.54581
      51    23.22 sec   9.73506  |  keff  1.54553
      52    23.24 sec   9.73210  |  keff  1.54612
      53    23.14 sec   9.73016  |  keff  1.54591
      54    23.08 sec   9.72778  |  keff  1.54627
      55    23.23 sec   9.72599  |  keff  1.54710
      56    23.33 sec   9.72385  |  keff  1.54550
      57    23.10 sec   9.72130  |  keff  1.54726
      58    23.15 sec   9.72011  |  keff  1.54738
      59    23.22 sec   9.71792  |  keff  1.54740
      60    23.20 sec   9.71662  |  keff  1.54736
      61    23.12 sec   9.71435  |  keff  1.54769
      62    23.20 sec   9.71256  |  keff  1.54620
      63    23.14 sec   9.70978  |  keff  1.54630
      64    23.06 sec   9.70687  |  keff  1.54609
      65    23.08 sec   9.70413  |  keff  1.54654
      66    23.17 sec   9.70221  |  keff  1.54642
      67    23.11 sec   9.70040  |  keff  1.54722
      68    23.10 sec   9.69860  |  keff  1.54656
      69    22.94 sec   9.69696  |  keff  1.54665
      70    23.04 sec   9.69544  |  keff  1.54632
      71    22.98 sec   9.69366  |  keff  1.54764
      72    23.01 sec   9.69228  |  keff  1.54803
      73    22.97 sec   9.69096  |  keff  1.54746
      74    23.07 sec   9.68955  |  keff  1.54688
      75    22.99 sec   9.68796  |  keff  1.54678
      76    23.01 sec   9.68630  |  keff  1.54852
      77    23.04 sec   9.68454  |  keff  1.54795
      78    23.11 sec   9.68308  |  keff  1.54691
      79    23.06 sec   9.68266  |  keff  1.54783
      80    23.03 sec   9.68140  |  keff  1.54740
      81    23.00 sec   9.67958  |  keff  1.54728
      82    22.98 sec   9.67824  |  keff  1.54752
      83    22.97 sec   9.67705  |  keff  1.54746
      84    23.02 sec   9.67599  |  keff  1.54826
      85    22.89 sec   9.67534  |  keff  1.54741
      86    22.78 sec   9.67356  |  keff  1.54784
      87    22.75 sec   9.67262  |  keff  1.54846
      88    22.72 sec   9.67129  |  keff  1.54816
      89    22.71 sec   9.67098  |  keff  1.54783
      90    22.72 sec   9.66987  |  keff  1.54813
      91    22.62 sec   9.66830  |  keff  1.54853
      92    22.70 sec   9.66747  |  keff  1.54747
      93    22.75 sec   9.66601  |  keff  1.54735
      94    22.77 sec   9.66467  |  keff  1.54843
      95    22.73 sec   9.66345  |  keff  1.54744
      96    22.66 sec   9.66186  |  keff  1.54780
      97    22.69 sec   9.66120  |  keff  1.54851
      98    22.65 sec   9.65982  |  keff  1.54903
      99    22.63 sec   9.65954  |  keff  1.54771
     100    22.56 sec   9.65841  |  keff  1.54737
     101    22.59 sec   9.65789  |  keff  1.54847
     102    22.75 sec   9.65744  |  keff  1.54795
     103    22.79 sec   9.65647  |  keff  1.54868
     104    22.68 sec   9.65472  |  keff  1.54869
     105    22.57 sec   9.65388  |  keff  1.54833
     106    22.81 sec   9.65220  |  keff  1.54808
     107    22.64 sec   9.65038  |  keff  1.54869
     108    22.66 sec   9.64948  |  keff  1.54795
     109    22.69 sec   9.64827  |  keff  1.54818
     110    22.71 sec   9.64800  |  keff  1.54881
     111    22.66 sec   9.64832  |  keff  1.54815
     112   153.95 sec   9.64748  |  keff  1.54697  //   8000000
     113   164.64 sec   9.64615  |  keff  1.54860
     114   163.39 sec   9.64577  |  keff  1.54844
     115   164.63 sec   9.64508  |  keff  1.54834
     116   162.93 sec   9.64406  |  keff  1.54866
     117   161.75 sec   9.64307  |  keff  1.54761
     118   164.11 sec   9.64244  |  keff  1.54868
     119   164.09 sec   9.64151  |  keff  1.54907
     120   163.05 sec   9.64145  |  keff  1.54785
     121   164.20 sec   9.64076  |  keff  1.54863
     122   164.58 sec   9.64020  |  keff  1.54841
     123   163.41 sec   9.63978  |  keff  1.54849
     124   163.39 sec   9.63889  |  keff  1.54813
     125   163.12 sec   9.63762  |  keff  1.54865
     126   163.44 sec   9.63732  |  keff  1.54879
     127   162.71 sec   9.63672  |  keff  1.54886
     128   163.66 sec   9.63604  |  keff  1.54864
     129   163.97 sec   9.63588  |  keff  1.54867
     130   162.62 sec   9.63514  |  keff  1.54835
     131   163.40 sec   9.63476  |  keff  1.54860
     132   163.40 sec   9.63434  |  keff  1.54850
     133   164.28 sec   9.63351  |  keff  1.54873
     134   162.43 sec   9.63262  |  keff  1.54832
     135   163.70 sec   9.63204  |  keff  1.54858
     136   163.63 sec   9.63128  |  keff  1.54795
     137   162.72 sec   9.63011  |  keff  1.54841
     138   162.83 sec   9.62979  |  keff  1.54838
     139   163.75 sec   9.62865  |  keff  1.54902
     140   163.96 sec   9.62859  |  keff  1.54832
     141   163.55 sec   9.62819  |  keff  1.54837
     142   164.11 sec   9.62763  |  keff  1.54827
     143   163.35 sec   9.62728  |  keff  1.54866
     144   163.12 sec   9.62699  |  keff  1.54895
     145   163.37 sec   9.62671  |  keff  1.54866
     146   162.62 sec   9.62616  |  keff  1.54879
     147   164.32 sec   9.62589  |  keff  1.54895
     148   163.04 sec   9.62565  |  keff  1.54878
     149   162.66 sec   9.62569  |  keff  1.54890
     150   164.12 sec   9.62568  |  keff  0.88506  //  14000000
     151  1378.48 sec   9.62472  |  keff  1.54935
     152   494.49 sec   9.62422  |  keff  1.54873
     153   472.34 sec   9.62318  |  keff  1.54865
     154   469.53 sec   9.62269  |  keff  1.54877
     155   467.92 sec   9.62228  |  keff  1.54867
     156   466.60 sec   9.62199  |  keff  1.54831
     157   473.00 sec   9.62126  |  keff  1.54887
     158   472.18 sec   9.62124  |  keff  1.54905
     159   471.07 sec   9.62076  |  keff  1.54865
     160   471.72 sec   9.62034  |  keff  1.54867
     161   471.56 sec   9.62004  |  keff  1.54864
     162   470.78 sec   9.61965  |  keff  1.54900
     163   474.93 sec   9.61923  |  keff  1.54888
     164   471.61 sec   9.61891  |  keff  1.54918
     165   465.74 sec   9.61829  |  keff  1.54852
     166   467.95 sec   9.61818  |  keff  1.54864
     167   473.07 sec   9.61770  |  keff  1.54844
     168   468.97 sec   9.61754  |  keff  1.54874
     169   470.87 sec   9.61683  |  keff  1.54867
     170   472.81 sec   9.61625  |  keff  1.54881
     171   468.69 sec   9.61559  |  keff  1.54898
     172   471.20 sec   9.61516  |  keff  1.54843
     173   471.59 sec   9.61461  |  keff  1.54905
     174   471.20 sec   9.61435  |  keff  1.54892
     175   469.29 sec   9.61393  |  keff  1.54923
     176   470.34 sec   9.61335  |  keff  1.54893
     177   474.39 sec   9.61297  |  keff  1.54887
     178   467.99 sec   9.61257  |  keff  1.54932
     179   472.71 sec   9.61261  |  keff  1.54900
     180   473.46 sec   9.61213  |  keff  1.54916
     181   472.62 sec   9.61192  |  keff  1.54921
     182   468.37 sec   9.61144  |  keff  1.54868
     183   473.36 sec   9.61112  |  keff  1.54879
     184   472.26 sec   9.61085  |  keff  1.54912
     185   471.88 sec   9.61061  |  keff  1.54912
     186   468.68 sec   9.61015  |  keff  1.54874
     187   472.01 sec   9.61004  |  keff  1.54899
     188   474.29 sec   9.61003  |  keff  1.54894
     189   473.44 sec   9.60951  |  keff  1.54905
     190   476.29 sec   9.60945  |  keff  1.54918
     191   469.41 sec   9.60952  |  keff  1.54903
     192   469.53 sec   9.60921  |  keff  1.08425  //  20000000
     193  1908.64 sec   9.60874  |  keff  1.54914
     194   952.47 sec   9.60880  |  keff  1.54889
     195   941.88 sec   9.60838  |  keff  1.54907
     196   944.84 sec   9.60822  |  keff  1.54884
     197   944.32 sec   9.60823  |  keff  1.54901
     198   944.45 sec   9.60790  |  keff  1.54922
     199   944.61 sec   9.60759  |  keff  1.54883
     200   943.38 sec   9.60712  |  keff  1.54883
     201   947.90 sec   9.60693  |  keff  1.54893
     202   937.68 sec   9.60663  |  keff  1.54889
     203   944.66 sec   9.60647  |  keff  1.54902
     204   948.56 sec   9.60616  |  keff  1.54895
     205   947.18 sec   9.60568  |  keff  1.54889
     206   942.04 sec   9.60526  |  keff  1.54898
     207   946.57 sec   9.60502  |  keff  1.54911
     208   944.53 sec   9.60510  |  keff  1.54891
     209   940.92 sec   9.60503  |  keff  1.54912
     210   942.29 sec   9.60479  |  keff  1.54906
     211   946.74 sec   9.60461  |  keff  1.54918
     212   940.27 sec   9.60458  |  keff  1.54900
     213   972.27 sec   9.60418  |  keff  1.54879
     214   936.70 sec   9.60390  |  keff  1.54881
     215   938.31 sec   9.60374  |  keff  1.54911
     216   949.16 sec   9.60347  |  keff  1.54915
     217   938.10 sec   9.60346  |  keff  1.54892
     218   940.81 sec   9.60322  |  keff  1.54908
     219   945.26 sec   9.60303  |  keff  1.54898
     220  1141.98 sec   9.60281  |  keff  1.54894
     221   944.37 sec   9.60264  |  keff  1.54910
     222   949.79 sec   9.60250  |  keff  1.54892
     223   940.55 sec   9.60247  |  keff  1.54905
     224   939.09 sec   9.60241  |  keff  1.54892
     225   948.68 sec   9.60223  |  keff  1.54895
     226   940.83 sec   9.60220  |  keff  1.54916
     227   946.71 sec   9.60176  |  keff  1.54924
     228   944.27 sec   9.60170  |  keff  1.54937
     229   939.48 sec   9.60165  |  keff  1.54900
     230   945.97 sec   9.60138  |  keff  1.54912
     231   935.89 sec   9.60115  |  keff  1.54905
     232   946.81 sec   9.60088  |  keff  1.54897
     233   946.42 sec   9.60059  |  keff  1.54910
     234   947.46 sec   9.60052  |  keff  1.54901
     235   946.18 sec   9.60045  |  keff  1.54897
     236   941.63 sec   9.60034  |  keff  1.54917
     237   948.22 sec   9.60015  |  keff  1.54909
     238   942.35 sec   9.60003  |  keff  1.54909
     239   945.63 sec   9.59989  |  keff  1.54902
     240   939.85 sec   9.59972  |  keff  1.54898
     241   941.28 sec   9.59960  |  keff  1.54913
     242   942.30 sec   9.59930  |  keff  1.54922
     243   945.31 sec   9.59912  |  keff  1.54932
     244   939.93 sec   9.59901  |  keff  1.54920
     245   940.34 sec   9.59911  |  keff  1.54922
     246   944.66 sec   9.59923  |  keff  1.54908
     247   942.01 sec   9.59892  |  keff  1.54917  //  20000000
     248   940.89 sec   9.59885  |  keff  1.54906
     249   950.30 sec   9.59843  |  keff  1.54912   avg  1.54912   SD    0.000
     250   942.58 sec   9.59824  |  keff  1.54914   avg  1.54913   SD    0.672
     251   938.55 sec   9.59790  |  keff  1.54943   avg  1.54923   SD    8.136
     252   940.85 sec   9.59779  |  keff  1.54929   avg  1.54925   SD    6.240
     253   953.02 sec   9.59768  |  keff  1.54938   avg  1.54927   SD    5.516
     254   942.53 sec   9.59743  |  keff  1.54900   avg  1.54923   SD    6.209
     255   940.68 sec   9.59700  |  keff  1.54916   avg  1.54922   SD    5.396
     256   939.56 sec   9.59694  |  keff  1.54931   avg  1.54923   SD    4.855
     257   943.94 sec   9.59693  |  keff  1.54905   avg  1.54921   SD    4.704
     258   941.96 sec   9.59698  |  keff  1.54918   avg  1.54921   SD    4.245
     259   944.65 sec   9.59696  |  keff  1.54922   avg  1.54921   SD    3.860
     260   945.97 sec   9.59680  |  keff  1.54924   avg  1.54921   SD    3.550
     261   941.53 sec   9.59659  |  keff  1.54925   avg  1.54921   SD    3.292
     262   944.64 sec   9.59645  |  keff  1.54914   avg  1.54921   SD    3.092
     263   943.67 sec   9.59628  |  keff  1.54893   avg  1.54919   SD    3.399
     264   944.72 sec   9.59623  |  keff  1.54904   avg  1.54918   SD    3.315
     265   942.12 sec   9.59618  |  keff  1.54894   avg  1.54917   SD    3.406
     266   943.46 sec   9.59614  |  keff  1.54901   avg  1.54916   SD    3.321
     267   947.49 sec   9.59610  |  keff  1.54900   avg  1.54915   SD    3.248
     268   939.36 sec   9.59631  |  keff  1.54908   avg  1.54915   SD    3.102
     269   944.63 sec   9.59622  |  keff  1.54923   avg  1.54915   SD    2.980
     270   938.62 sec   9.59637  |  keff  1.54924   avg  1.54915   SD    2.872
     271   945.99 sec   9.59631  |  keff  1.54900   avg  1.54915   SD    2.828
     272   944.13 sec   9.59604  |  keff  1.54907   avg  1.54914   SD    2.729
     273   944.03 sec   9.59597  |  keff  1.54906   avg  1.54914   SD    2.638
     274   944.64 sec   9.59567  |  keff  1.54894   avg  1.54913   SD    2.649
     275   935.50 sec   9.59552  |  keff  1.54940   avg  1.54914   SD    2.726
     276   937.88 sec   9.59566  |  keff  1.54908   avg  1.54914   SD    2.638
     277   943.35 sec   9.59577  |  keff  1.54913   avg  1.54914   SD    2.548
     278   936.90 sec   9.59568  |  keff  1.54925   avg  1.54914   SD    2.487
     279   948.24 sec   9.59576  |  keff  1.54930   avg  1.54915   SD    2.460
     280   941.10 sec   9.59593  |  keff  1.54918   avg  1.54915   SD    2.385
     281   948.10 sec   9.59576  |  keff  1.54924   avg  1.54915   SD    2.331
     282   945.80 sec   9.59598  |  keff  1.54885   avg  1.54914   SD    2.430
     283   946.62 sec   9.59614  |  keff  1.54902   avg  1.54914   SD    2.387
     284   942.34 sec   9.59603  |  keff  1.54935   avg  1.54915   SD    2.388
     285   942.79 sec   9.59602  |  keff  1.54912   avg  1.54915   SD    2.324
     286   941.27 sec   9.59588  |  keff  1.54910   avg  1.54914   SD    2.266
     287   937.32 sec   9.59586  |  keff  1.54934   avg  1.54915   SD    2.261
     288   948.70 sec   9.59595  |  keff  1.54941   avg  1.54916   SD    2.296
     289   937.73 sec   9.59602  |  keff  1.54902   avg  1.54915   SD    2.264
     290   934.98 sec   9.59592  |  keff  1.54902   avg  1.54915   SD    2.233
     291   947.08 sec   9.59594  |  keff  1.54946   avg  1.54916   SD    2.297
     292   942.03 sec   9.59584  |  keff  1.54909   avg  1.54915   SD    2.249
     293   950.16 sec   9.59591  |  keff  1.54899   avg  1.54915   SD    2.227
     294   942.14 sec   9.59601  |  keff  1.54919   avg  1.54915   SD    2.180
     295   937.74 sec   9.59634  |  keff  1.54906   avg  1.54915   SD    2.143
     296   943.07 sec   9.59668  |  keff  1.54892   avg  1.54915   SD    2.150
     297   943.04 sec   9.59665  |  keff  1.54921   avg  1.54915   SD    2.110
     298   950.63 sec   9.59670  |  keff  1.54930   avg  1.54915   SD    2.090
 
    All Simulation Ends...
    - Elapsed time : 130906.873 sec 2181.78 min
    - Final keff   :   1.549149 +/-   2.090
 
  3.1320861E+01  0.0000000E+00  3.1320861E+01
  4.0377652E+01  0.0000000E+00  4.0377652E+01
  2.7359164E+01  0.0000000E+00  2.7359164E+01
  2.6871426E+01  0.0000000E+00  2.6871426E+01
  2.6488899E+01  0.0000000E+00  2.6488899E+01
  2.6242050E+01  0.0000000E+00  2.6242050E+01
  2.5995741E+01  0.0000000E+00  2.5995741E+01
  2.5639350E+01  0.0000000E+00  2.5639350E+01
  2.5605323E+01  0.0000000E+00  2.5605323E+01
  2.5138046E+01  1.3012207-319  2.5138046E+01
  2.4966362E+01  0.0000000E+00  2.4966362E+01
  2.4733481E+01  0.0000000E+00  2.4733481E+01
  2.4645443E+01  0.0000000E+00  2.4645443E+01
  2.4545590E+01  0.0000000E+00  2.4545590E+01
  2.4584443E+01  0.0000000E+00  2.4584443E+01
  2.4347295E+01  0.0000000E+00  2.4347295E+01
  2.4342265E+01  0.0000000E+00  2.4342265E+01
  2.4210588E+01  0.0000000E+00  2.4210588E+01
  2.4132360E+01  0.0000000E+00  2.4132360E+01
  2.4086701E+01  0.0000000E+00  2.4086701E+01
  2.4020893E+01  0.0000000E+00  2.4020893E+01
  2.4054152E+01  0.0000000E+00  2.4054152E+01
  2.3900259E+01  0.0000000E+00  2.3900259E+01
  2.4028986E+01  0.0000000E+00  2.4028986E+01
  2.3951105E+01  0.0000000E+00  2.3951105E+01
  2.3955443E+01  0.0000000E+00  2.3955443E+01
  2.3868781E+01  0.0000000E+00  2.3868781E+01
  2.3765730E+01  0.0000000E+00  2.3765730E+01
  2.3612156E+01  0.0000000E+00  2.3612156E+01
  2.3724170E+01  0.0000000E+00  2.3724170E+01
  2.3663870E+01  0.0000000E+00  2.3663870E+01
  2.3577937E+01  0.0000000E+00  2.3577937E+01
  2.3533473E+01  0.0000000E+00  2.3533473E+01
  2.3538993E+01  0.0000000E+00  2.3538993E+01
  2.3458693E+01  0.0000000E+00  2.3458693E+01
  2.3554713E+01  0.0000000E+00  2.3554713E+01
  2.3447953E+01  0.0000000E+00  2.3447953E+01
  2.3473936E+01  0.0000000E+00  2.3473936E+01
  2.3396762E+01  0.0000000E+00  2.3396762E+01
  2.3461168E+01  0.0000000E+00  2.3461168E+01
  2.3326193E+01  0.0000000E+00  2.3326193E+01
  2.3402291E+01  0.0000000E+00  2.3402291E+01
  2.3354302E+01  0.0000000E+00  2.3354302E+01
  2.3328479E+01  0.0000000E+00  2.3328479E+01
  2.3301038E+01  0.0000000E+00  2.3301038E+01
  2.3253746E+01  0.0000000E+00  2.3253746E+01
  2.3374305E+01  0.0000000E+00  2.3374305E+01
  2.3241996E+01  0.0000000E+00  2.3241996E+01
  2.3300525E+01  0.0000000E+00  2.3300525E+01
  2.3180653E+01  0.0000000E+00  2.3180653E+01
  2.3220499E+01  0.0000000E+00  2.3220499E+01
  2.3237665E+01  0.0000000E+00  2.3237665E+01
  2.3143899E+01  0.0000000E+00  2.3143899E+01
  2.3081860E+01  0.0000000E+00  2.3081860E+01
  2.3234741E+01  0.0000000E+00  2.3234741E+01
  2.3329291E+01  0.0000000E+00  2.3329291E+01
  2.3104443E+01  0.0000000E+00  2.3104443E+01
  2.3148711E+01  0.0000000E+00  2.3148711E+01
  2.3219134E+01  0.0000000E+00  2.3219134E+01
  2.3195739E+01  0.0000000E+00  2.3195739E+01
  2.3124766E+01  0.0000000E+00  2.3124766E+01
  2.3197663E+01  0.0000000E+00  2.3197663E+01
  2.3141691E+01  0.0000000E+00  2.3141691E+01
  2.3060993E+01  0.0000000E+00  2.3060993E+01
  2.3081990E+01  0.0000000E+00  2.3081990E+01
  2.3167749E+01  0.0000000E+00  2.3167749E+01
  2.3105531E+01  0.0000000E+00  2.3105531E+01
  2.3104788E+01  0.0000000E+00  2.3104788E+01
  2.2941154E+01  0.0000000E+00  2.2941154E+01
  2.3041080E+01  0.0000000E+00  2.3041080E+01
  2.2978376E+01  0.0000000E+00  2.2978376E+01
  2.3010563E+01  0.0000000E+00  2.3010563E+01
  2.2965503E+01  0.0000000E+00  2.2965503E+01
  2.3065316E+01  0.0000000E+00  2.3065316E+01
  2.2991347E+01  0.0000000E+00  2.2991347E+01
  2.3006390E+01  0.0000000E+00  2.3006390E+01
  2.3041702E+01  0.0000000E+00  2.3041702E+01
  2.3107904E+01  0.0000000E+00  2.3107904E+01
  2.3057939E+01  0.0000000E+00  2.3057939E+01
  2.3034172E+01  0.0000000E+00  2.3034172E+01
  2.2996360E+01  0.0000000E+00  2.2996360E+01
  2.2976061E+01  0.0000000E+00  2.2976061E+01
  2.2966371E+01  0.0000000E+00  2.2966371E+01
  2.3023057E+01  0.0000000E+00  2.3023057E+01
  2.2890069E+01  0.0000000E+00  2.2890069E+01
  2.2776997E+01  0.0000000E+00  2.2776997E+01
  2.2746571E+01  0.0000000E+00  2.2746571E+01
  2.2723584E+01  0.0000000E+00  2.2723584E+01
  2.2712303E+01  0.0000000E+00  2.2712303E+01
  2.2720265E+01  0.0000000E+00  2.2720265E+01
  2.2617376E+01  0.0000000E+00  2.2617376E+01
  2.2704258E+01  0.0000000E+00  2.2704258E+01
  2.2745052E+01  0.0000000E+00  2.2745052E+01
  2.2768575E+01  0.0000000E+00  2.2768575E+01
  2.2729989E+01  0.0000000E+00  2.2729989E+01
  2.2657383E+01  0.0000000E+00  2.2657383E+01
  2.2687758E+01  0.0000000E+00  2.2687758E+01
  2.2653510E+01  0.0000000E+00  2.2653510E+01
  2.2627642E+01  0.0000000E+00  2.2627642E+01
  2.2561901E+01  0.0000000E+00  2.2561901E+01
  2.2589646E+01  0.0000000E+00  2.2589646E+01
  2.2750308E+01  0.0000000E+00  2.2750308E+01
  2.2791244E+01  0.0000000E+00  2.2791244E+01
  2.2684917E+01  0.0000000E+00  2.2684917E+01
  2.2571448E+01  0.0000000E+00  2.2571448E+01
  2.2806604E+01  0.0000000E+00  2.2806604E+01
  2.2635460E+01  0.0000000E+00  2.2635460E+01
  2.2660760E+01  0.0000000E+00  2.2660760E+01
  2.2687689E+01  0.0000000E+00  2.2687689E+01
  2.2712840E+01  0.0000000E+00  2.2712840E+01
  2.2664030E+01  0.0000000E+00  2.2664030E+01
  1.5395286E+02  0.0000000E+00  1.5395286E+02
  1.6463756E+02  0.0000000E+00  1.6463756E+02
  1.6338655E+02  0.0000000E+00  1.6338655E+02
  1.6462663E+02  0.0000000E+00  1.6462663E+02
  1.6293025E+02  0.0000000E+00  1.6293025E+02
  1.6174837E+02  0.0000000E+00  1.6174837E+02
  1.6411431E+02  0.0000000E+00  1.6411431E+02
  1.6409132E+02  0.0000000E+00  1.6409132E+02
  1.6304838E+02  0.0000000E+00  1.6304838E+02
  1.6419849E+02  0.0000000E+00  1.6419849E+02
  1.6458455E+02  0.0000000E+00  1.6458455E+02
  1.6340651E+02  0.0000000E+00  1.6340651E+02
  1.6339024E+02  0.0000000E+00  1.6339024E+02
  1.6312168E+02  0.0000000E+00  1.6312168E+02
  1.6344179E+02  0.0000000E+00  1.6344179E+02
  1.6270649E+02  0.0000000E+00  1.6270649E+02
  1.6365612E+02  0.0000000E+00  1.6365612E+02
  1.6396758E+02  0.0000000E+00  1.6396758E+02
  1.6261977E+02  0.0000000E+00  1.6261977E+02
  1.6339679E+02  0.0000000E+00  1.6339679E+02
  1.6340262E+02  0.0000000E+00  1.6340262E+02
  1.6428094E+02  0.0000000E+00  1.6428094E+02
  1.6243190E+02  0.0000000E+00  1.6243190E+02
  1.6369816E+02  0.0000000E+00  1.6369816E+02
  1.6362508E+02  0.0000000E+00  1.6362508E+02
  1.6272074E+02  0.0000000E+00  1.6272074E+02
  1.6282579E+02  0.0000000E+00  1.6282579E+02
  1.6374772E+02  0.0000000E+00  1.6374772E+02
  1.6395583E+02  0.0000000E+00  1.6395583E+02
  1.6355214E+02  0.0000000E+00  1.6355214E+02
  1.6411194E+02  0.0000000E+00  1.6411194E+02
  1.6335385E+02  0.0000000E+00  1.6335385E+02
  1.6311984E+02  0.0000000E+00  1.6311984E+02
  1.6336859E+02  0.0000000E+00  1.6336859E+02
  1.6261698E+02  0.0000000E+00  1.6261698E+02
  1.6432379E+02  0.0000000E+00  1.6432379E+02
  1.6303696E+02  0.0000000E+00  1.6303696E+02
  1.6266101E+02  0.0000000E+00  1.6266101E+02
  1.6412294E+02  0.0000000E+00  1.6412294E+02
  1.3784788E+03  0.0000000E+00  1.3784788E+03
  4.9449256E+02  0.0000000E+00  4.9449256E+02
  4.7233768E+02  0.0000000E+00  4.7233768E+02
  4.6952678E+02  0.0000000E+00  4.6952678E+02
  4.6791930E+02  0.0000000E+00  4.6791930E+02
  4.6660226E+02  0.0000000E+00  4.6660226E+02
  4.7300370E+02  0.0000000E+00  4.7300370E+02
  4.7217841E+02  0.0000000E+00  4.7217841E+02
  4.7107116E+02  0.0000000E+00  4.7107116E+02
  4.7171819E+02  0.0000000E+00  4.7171819E+02
  4.7155681E+02  0.0000000E+00  4.7155681E+02
  4.7077866E+02  0.0000000E+00  4.7077866E+02
  4.7492765E+02  0.0000000E+00  4.7492765E+02
  4.7161211E+02  0.0000000E+00  4.7161211E+02
  4.6573700E+02  0.0000000E+00  4.6573700E+02
  4.6794696E+02  0.0000000E+00  4.6794696E+02
  4.7307243E+02  0.0000000E+00  4.7307243E+02
  4.6897077E+02  0.0000000E+00  4.6897077E+02
  4.7087281E+02  0.0000000E+00  4.7087281E+02
  4.7280807E+02  0.0000000E+00  4.7280807E+02
  4.6868570E+02  0.0000000E+00  4.6868570E+02
  4.7120262E+02  0.0000000E+00  4.7120262E+02
  4.7159136E+02  0.0000000E+00  4.7159136E+02
  4.7120156E+02  0.0000000E+00  4.7120156E+02
  4.6928668E+02  0.0000000E+00  4.6928668E+02
  4.7034335E+02  0.0000000E+00  4.7034335E+02
  4.7439344E+02  0.0000000E+00  4.7439344E+02
  4.6798835E+02  0.0000000E+00  4.6798835E+02
  4.7270908E+02  0.0000000E+00  4.7270908E+02
  4.7346203E+02  0.0000000E+00  4.7346203E+02
  4.7262387E+02  0.0000000E+00  4.7262387E+02
  4.6836620E+02  0.0000000E+00  4.6836620E+02
  4.7336424E+02  0.0000000E+00  4.7336424E+02
  4.7225862E+02  0.0000000E+00  4.7225862E+02
  4.7188358E+02  0.0000000E+00  4.7188358E+02
  4.6868490E+02  0.0000000E+00  4.6868490E+02
  4.7201055E+02  0.0000000E+00  4.7201055E+02
  4.7428721E+02  0.0000000E+00  4.7428721E+02
  4.7343521E+02  0.0000000E+00  4.7343521E+02
  4.7629066E+02  0.0000000E+00  4.7629066E+02
  4.6941475E+02  0.0000000E+00  4.6941475E+02
  4.6953171E+02  0.0000000E+00  4.6953171E+02
  1.9086422E+03  0.0000000E+00  1.9086422E+03
  9.5247201E+02  0.0000000E+00  9.5247201E+02
  9.4188489E+02  0.0000000E+00  9.4188489E+02
  9.4483609E+02  0.0000000E+00  9.4483609E+02
  9.4432205E+02  0.0000000E+00  9.4432205E+02
  9.4445345E+02  0.0000000E+00  9.4445345E+02
  9.4461072E+02  0.0000000E+00  9.4461072E+02
  9.4337617E+02  0.0000000E+00  9.4337617E+02
  9.4789844E+02  0.0000000E+00  9.4789844E+02
  9.3767621E+02  0.0000000E+00  9.3767621E+02
  9.4466115E+02  0.0000000E+00  9.4466115E+02
  9.4855519E+02  0.0000000E+00  9.4855519E+02
  9.4718384E+02  0.0000000E+00  9.4718384E+02
  9.4203965E+02  0.0000000E+00  9.4203965E+02
  9.4657307E+02  0.0000000E+00  9.4657307E+02
  9.4453430E+02  0.0000000E+00  9.4453430E+02
  9.4091605E+02  0.0000000E+00  9.4091605E+02
  9.4229237E+02  0.0000000E+00  9.4229237E+02
  9.4673727E+02  0.0000000E+00  9.4673727E+02
  9.4027282E+02  0.0000000E+00  9.4027282E+02
  9.7226868E+02  0.0000000E+00  9.7226868E+02
  9.3669607E+02  0.0000000E+00  9.3669607E+02
  9.3830937E+02  0.0000000E+00  9.3830937E+02
  9.4915970E+02  0.0000000E+00  9.4915970E+02
  9.3809770E+02  0.0000000E+00  9.3809770E+02
  9.4081033E+02  0.0000000E+00  9.4081033E+02
  9.4526295E+02  0.0000000E+00  9.4526295E+02
  1.1419795E+03  0.0000000E+00  1.1419795E+03
  9.4437351E+02  0.0000000E+00  9.4437351E+02
  9.4979014E+02  0.0000000E+00  9.4979014E+02
  9.4055128E+02  0.0000000E+00  9.4055128E+02
  9.3908807E+02  0.0000000E+00  9.3908807E+02
  9.4868080E+02  0.0000000E+00  9.4868080E+02
  9.4083175E+02  0.0000000E+00  9.4083175E+02
  9.4671241E+02  0.0000000E+00  9.4671241E+02
  9.4426566E+02  0.0000000E+00  9.4426566E+02
  9.3947734E+02  0.0000000E+00  9.3947734E+02
  9.4597010E+02  0.0000000E+00  9.4597010E+02
  9.3589158E+02  0.0000000E+00  9.3589158E+02
  9.4681473E+02  0.0000000E+00  9.4681473E+02
  9.4641616E+02  0.0000000E+00  9.4641616E+02
  9.4745684E+02  0.0000000E+00  9.4745684E+02
  9.4617654E+02  0.0000000E+00  9.4617654E+02
  9.4162770E+02  0.0000000E+00  9.4162770E+02
  9.4822314E+02  0.0000000E+00  9.4822314E+02
  9.4235348E+02  0.0000000E+00  9.4235348E+02
  9.4563442E+02  0.0000000E+00  9.4563442E+02
  9.3984878E+02  0.0000000E+00  9.3984878E+02
  9.4128219E+02  0.0000000E+00  9.4128219E+02
  9.4229729E+02  0.0000000E+00  9.4229729E+02
  9.4530938E+02  0.0000000E+00  9.4530938E+02
  9.3992620E+02  0.0000000E+00  9.3992620E+02
  9.4033694E+02  0.0000000E+00  9.4033694E+02
  9.4465631E+02  0.0000000E+00  9.4465631E+02
  9.4200994E+02  0.0000000E+00  9.4200994E+02
  9.4089291E+02  0.0000000E+00  9.4089291E+02
  9.5030233E+02  0.0000000E+00  9.5030233E+02
  9.4258096E+02  0.0000000E+00  9.4258096E+02
  9.3854951E+02  0.0000000E+00  9.3854951E+02
  9.4085332E+02  0.0000000E+00  9.4085332E+02
  9.5301861E+02  0.0000000E+00  9.5301861E+02
  9.4253085E+02  0.0000000E+00  9.4253085E+02
  9.4068325E+02  0.0000000E+00  9.4068325E+02
  9.3956473E+02  0.0000000E+00  9.3956473E+02
  9.4393987E+02  0.0000000E+00  9.4393987E+02
  9.4195654E+02  0.0000000E+00  9.4195654E+02
  9.4464672E+02  0.0000000E+00  9.4464672E+02
  9.4597470E+02  0.0000000E+00  9.4597470E+02
  9.4152684E+02  0.0000000E+00  9.4152684E+02
  9.4464347E+02  0.0000000E+00  9.4464347E+02
  9.4366702E+02  0.0000000E+00  9.4366702E+02
  9.4472413E+02  0.0000000E+00  9.4472413E+02
  9.4211734E+02  0.0000000E+00  9.4211734E+02
  9.4345869E+02  0.0000000E+00  9.4345869E+02
  9.4749437E+02  0.0000000E+00  9.4749437E+02
  9.3936211E+02  0.0000000E+00  9.3936211E+02
  9.4463367E+02  0.0000000E+00  9.4463367E+02
  9.3861633E+02  0.0000000E+00  9.3861633E+02
  9.4599475E+02  0.0000000E+00  9.4599475E+02
  9.4413339E+02  0.0000000E+00  9.4413339E+02
  9.4402692E+02  0.0000000E+00  9.4402692E+02
  9.4463796E+02  0.0000000E+00  9.4463796E+02
  9.3550408E+02  0.0000000E+00  9.3550408E+02
  9.3788351E+02  0.0000000E+00  9.3788351E+02
  9.4334953E+02  0.0000000E+00  9.4334953E+02
  9.3689807E+02  0.0000000E+00  9.3689807E+02
  9.4824309E+02  0.0000000E+00  9.4824309E+02
  9.4109775E+02  0.0000000E+00  9.4109775E+02
  9.4810407E+02  0.0000000E+00  9.4810407E+02
  9.4580124E+02  0.0000000E+00  9.4580124E+02
  9.4661760E+02  0.0000000E+00  9.4661760E+02
  9.4233897E+02  0.0000000E+00  9.4233897E+02
  9.4278905E+02  0.0000000E+00  9.4278905E+02
  9.4127252E+02  0.0000000E+00  9.4127252E+02
  9.3731702E+02  0.0000000E+00  9.3731702E+02
  9.4870038E+02  0.0000000E+00  9.4870038E+02
  9.3773087E+02  0.0000000E+00  9.3773087E+02
  9.3498376E+02  0.0000000E+00  9.3498376E+02
  9.4708298E+02  0.0000000E+00  9.4708298E+02
  9.4202948E+02  0.0000000E+00  9.4202948E+02
  9.5016360E+02  0.0000000E+00  9.5016360E+02
  9.4213764E+02  0.0000000E+00  9.4213764E+02
  9.3774154E+02  0.0000000E+00  9.3774154E+02
  9.4307141E+02  0.0000000E+00  9.4307141E+02
  9.4303761E+02  0.0000000E+00  9.4303761E+02
  9.5063482E+02  0.0000000E+00  9.5063482E+02
