    CTRL  READ COMPLETE..
    Continuous Energy Mode...
    Start reading ace-format nuclear data
           1 1001.711nc
           2 8016.711nc
    WARNING :: NYD block exists
           3 92235.711nc
           4 92238.711nc
    Read S(a,b) scattering law tables
           1 hh2o.71t_0293
    ACE Lib. READ COMPLETE...
    CE MAT READ COMPLETE...
    GEOM  READ COMPLETE..
    Setting ugrid...
    Initializing Source...
    Source Initializing Complete...
 
 
  > Num of Threads per Node          28
  > Num of MPI Nodes                  3
  > Num of Histories per Cycle   500000
  > Skip Cycles: 1000  /  Active Cycles:   50
 
  > Tally is OFF
 
    Transport Simulation Starts...
       1    8.111 sec   2.99999  |  keff  1.06232  //  500000
       2    8.519 sec   2.99624  |  keff  1.03424
       3    7.843 sec   2.98955  |  keff  1.03699
       4    8.004 sec   2.98396  |  keff  1.03989
       5    7.902 sec   2.98072  |  keff  1.03898
       6    7.951 sec   2.97825  |  keff  1.04367
       7    7.980 sec   2.97680  |  keff  1.04552
       8    7.906 sec   2.97642  |  keff  1.04172
       9    7.933 sec   2.97585  |  keff  1.04242
      10    7.887 sec   2.97525  |  keff  1.04167
      11    7.948 sec   2.97540  |  keff  1.04474
      12    7.975 sec   2.97519  |  keff  0.52301  // 1000000
      13   12.137 sec   2.97432  |  keff  1.04461
      14   30.366 sec   2.97401  |  keff  1.04327
      15   15.875 sec   2.97459  |  keff  1.04372
      16   15.923 sec   2.97420  |  keff  1.04281
      17   15.998 sec   2.97426  |  keff  1.04408  // 1000000
      18   15.932 sec   2.97385  |  keff  1.04431
      19   15.910 sec   2.97474  |  keff  1.04305   avg  1.04305   SD    0.000
      20   15.729 sec   2.97465  |  keff  1.04394   avg  1.04350   SD   31.499
      21   15.833 sec   2.97484  |  keff  1.04250   avg  1.04317   SD   34.264
      22   15.766 sec   2.97494  |  keff  1.04434   avg  1.04346   SD   36.074
      23   15.788 sec   2.97439  |  keff  1.04363   avg  1.04349   SD   29.020
      24   15.817 sec   2.97428  |  keff  1.04349   avg  1.04349   SD   24.183
      25   15.724 sec   2.97406  |  keff  1.04474   avg  1.04367   SD   26.460
      26   15.881 sec   2.97352  |  keff  1.04347   avg  1.04365   SD   23.264
      27   15.704 sec   2.97388  |  keff  1.04340   avg  1.04362   SD   20.844
      28   15.781 sec   2.97489  |  keff  1.04325   avg  1.04358   SD   19.085
      29   15.726 sec   2.97503  |  keff  1.04348   avg  1.04357   SD   17.372
      30   15.717 sec   2.97468  |  keff  1.04477   avg  1.04367   SD   18.561
      31   15.720 sec   2.97459  |  keff  1.04284   avg  1.04361   SD   18.190
      32   15.719 sec   2.97393  |  keff  1.04471   avg  1.04369   SD   18.528
      33   15.721 sec   2.97469  |  keff  1.04314   avg  1.04365   SD   17.650
      34   15.800 sec   2.97479  |  keff  1.04413   avg  1.04368   SD   16.802
      35   15.768 sec   2.97469  |  keff  1.04371   avg  1.04368   SD   15.814
      36   15.729 sec   2.97519  |  keff  1.04289   avg  1.04364   SD   15.528
      37   15.705 sec   2.97530  |  keff  1.04369   avg  1.04364   SD   14.714
      38   15.810 sec   2.97505  |  keff  1.04391   avg  1.04365   SD   14.041
      39   15.838 sec   2.97531  |  keff  1.04362   avg  1.04365   SD   13.373
      40   15.712 sec   2.97517  |  keff  1.04442   avg  1.04369   SD   13.215
      41   15.815 sec   2.97497  |  keff  1.04311   avg  1.04366   SD   12.877
      42   15.793 sec   2.97478  |  keff  1.04282   avg  1.04363   SD   12.812
      43   15.718 sec   2.97462  |  keff  1.04269   avg  1.04359   SD   12.838
      44   15.814 sec   2.97561  |  keff  1.04343   avg  1.04358   SD   12.358
      45   15.785 sec   2.97514  |  keff  1.04205   avg  1.04353   SD   13.136
      46   15.796 sec   2.97475  |  keff  1.04415   avg  1.04355   SD   12.855
      47   15.769 sec   2.97504  |  keff  1.04336   avg  1.04354   SD   12.428
      48   15.744 sec   2.97467  |  keff  1.04360   avg  1.04354   SD   12.016
      49   15.716 sec   2.97476  |  keff  1.04430   avg  1.04357   SD   11.872
      50   15.763 sec   2.97449  |  keff  1.04367   avg  1.04357   SD   11.505
      51   15.748 sec   2.97473  |  keff  1.04333   avg  1.04356   SD   11.179
      52   15.720 sec   2.97463  |  keff  1.04440   avg  1.04359   SD   11.120
      53   15.775 sec   2.97450  |  keff  1.04438   avg  1.04361   SD   11.027
      54   15.758 sec   2.97444  |  keff  1.04331   avg  1.04360   SD   10.752
      55   15.753 sec   2.97441  |  keff  1.04316   avg  1.04359   SD   10.528
      56   15.873 sec   2.97512  |  keff  1.04362   avg  1.04359   SD   10.252
      57   15.837 sec   2.97529  |  keff  1.04293   avg  1.04358   SD   10.129
      58   15.749 sec   2.97547  |  keff  1.04250   avg  1.04355   SD   10.227
      59   15.690 sec   2.97423  |  keff  1.04451   avg  1.04357   SD   10.241
      60   15.791 sec   2.97415  |  keff  1.04413   avg  1.04359   SD   10.084
      61   15.769 sec   2.97419  |  keff  1.04362   avg  1.04359   SD    9.850
      62   15.758 sec   2.97470  |  keff  1.04281   avg  1.04357   SD    9.783
      63   15.603 sec   2.97485  |  keff  1.04469   avg  1.04359   SD    9.878
      64   15.667 sec   2.97496  |  keff  1.04441   avg  1.04361   SD    9.821
      65   15.544 sec   2.97464  |  keff  1.04230   avg  1.04358   SD   10.001
      66   15.572 sec   2.97459  |  keff  1.04392   avg  1.04359   SD    9.817
      67   15.481 sec   2.97353  |  keff  1.04569   avg  1.04363   SD   10.512
      68   15.487 sec   2.97397  |  keff  1.04408   avg  1.04364   SD   10.340
 
    All Simulation Ends...
    - Elapsed time :    989.380 sec   16.49 min
    - Final keff   :   1.043642 +/-  10.340
 
  8.1114810E+00  0.0000000E+00  8.1114810E+00
  8.5194170E+00  0.0000000E+00  8.5194170E+00
  7.8429520E+00  0.0000000E+00  7.8429520E+00
  8.0040998E+00  0.0000000E+00  8.0040998E+00
  7.9017591E+00  0.0000000E+00  7.9017591E+00
  7.9507282E+00  0.0000000E+00  7.9507282E+00
  7.9795270E+00  0.0000000E+00  7.9795270E+00
  7.9064589E+00  0.0000000E+00  7.9064589E+00
  7.9334860E+00  0.0000000E+00  7.9334860E+00
  7.8874180E+00  1.6869871-319  7.8874180E+00
  7.9480469E+00  0.0000000E+00  7.9480469E+00
  7.9749930E+00  0.0000000E+00  7.9749930E+00
  1.2137021E+01  0.0000000E+00  1.2137021E+01
  3.0366262E+01  0.0000000E+00  3.0366262E+01
  1.5875071E+01  0.0000000E+00  1.5875071E+01
  1.5923021E+01  0.0000000E+00  1.5923021E+01
  1.5998114E+01  0.0000000E+00  1.5998114E+01
  1.5931639E+01  0.0000000E+00  1.5931639E+01
  1.5910107E+01  0.0000000E+00  1.5910107E+01
  1.5728856E+01  0.0000000E+00  1.5728856E+01
  1.5833256E+01  0.0000000E+00  1.5833256E+01
  1.5765748E+01  0.0000000E+00  1.5765748E+01
  1.5787922E+01  0.0000000E+00  1.5787922E+01
  1.5816850E+01  0.0000000E+00  1.5816850E+01
  1.5723802E+01  0.0000000E+00  1.5723802E+01
  1.5881419E+01  0.0000000E+00  1.5881419E+01
  1.5704372E+01  0.0000000E+00  1.5704372E+01
  1.5780757E+01  0.0000000E+00  1.5780757E+01
  1.5725656E+01  0.0000000E+00  1.5725656E+01
  1.5717235E+01  0.0000000E+00  1.5717235E+01
  1.5720101E+01  0.0000000E+00  1.5720101E+01
  1.5719064E+01  0.0000000E+00  1.5719064E+01
  1.5720831E+01  0.0000000E+00  1.5720831E+01
  1.5800161E+01  0.0000000E+00  1.5800161E+01
  1.5768487E+01  0.0000000E+00  1.5768487E+01
  1.5729439E+01  0.0000000E+00  1.5729439E+01
  1.5705212E+01  0.0000000E+00  1.5705212E+01
  1.5809888E+01  0.0000000E+00  1.5809888E+01
  1.5838109E+01  0.0000000E+00  1.5838109E+01
  1.5712228E+01  0.0000000E+00  1.5712228E+01
  1.5815209E+01  0.0000000E+00  1.5815209E+01
  1.5792760E+01  0.0000000E+00  1.5792760E+01
  1.5717637E+01  0.0000000E+00  1.5717637E+01
  1.5813645E+01  0.0000000E+00  1.5813645E+01
  1.5784575E+01  0.0000000E+00  1.5784575E+01
  1.5796466E+01  0.0000000E+00  1.5796466E+01
  1.5769405E+01  0.0000000E+00  1.5769405E+01
  1.5743540E+01  0.0000000E+00  1.5743540E+01
  1.5715991E+01  0.0000000E+00  1.5715991E+01
  1.5762779E+01  0.0000000E+00  1.5762779E+01
  1.5748493E+01  0.0000000E+00  1.5748493E+01
  1.5719571E+01  0.0000000E+00  1.5719571E+01
  1.5774701E+01  0.0000000E+00  1.5774701E+01
  1.5758250E+01  0.0000000E+00  1.5758250E+01
  1.5752773E+01  0.0000000E+00  1.5752773E+01
  1.5873395E+01  0.0000000E+00  1.5873395E+01
  1.5837014E+01  0.0000000E+00  1.5837014E+01
  1.5749185E+01  0.0000000E+00  1.5749185E+01
  1.5690212E+01  0.0000000E+00  1.5690212E+01
  1.5790695E+01  0.0000000E+00  1.5790695E+01
  1.5768743E+01  0.0000000E+00  1.5768743E+01
  1.5758024E+01  0.0000000E+00  1.5758024E+01
  1.5602920E+01  0.0000000E+00  1.5602920E+01
  1.5667324E+01  0.0000000E+00  1.5667324E+01
  1.5544056E+01  0.0000000E+00  1.5544056E+01
  1.5572053E+01  0.0000000E+00  1.5572053E+01
  1.5480520E+01  0.0000000E+00  1.5480520E+01
  1.5487333E+01  0.0000000E+00  1.5487333E+01
