    CTRL  READ COMPLETE..
    Continuous Energy Mode...
    Start reading ace-format nuclear data
           1 1001.711nc
           2 8016.711nc
    WARNING :: NYD block exists
           3 92235.711nc
           4 92238.711nc
    Read S(a,b) scattering law tables
           1 hh2o.71t_0293
    ACE Lib. READ COMPLETE...
    CE MAT READ COMPLETE...
    GEOM  READ COMPLETE..
    Setting ugrid...
    Initializing Source...
    Source Initializing Complete...
 
 
  > Num of Threads per Node          28
  > Num of MPI Nodes                  2
  > Num of Histories per Cycle  1500000
  > Skip Cycles:   20  /  Active Cycles:   50
 
  > Tally is OFF
 
    Transport Simulation Starts...
 MC   1.06236997381655     
       1   33.506 sec   3.00000  |  keff  1.06237
 MC   1.03494370372318     
       2   35.029 sec   2.99588  |  keff  1.03494
 MC   1.03575803682209     
       3   32.265 sec   2.98944  |  keff  1.03576
 MC   1.03676309388831     
       4   33.077 sec   2.98433  |  keff  1.03676
 MC   1.03917285020202     
       5   32.842 sec   2.98090  |  keff  1.03917
 MC   1.04091064835852     
       6   32.950 sec   2.97833  |  keff  1.04091
 MC   1.04190235944846     
       7   32.827 sec   2.97687  |  keff  1.04190
 MC   1.04256198592886     
       8   32.790 sec   2.97631  |  keff  1.04256
 MC   1.04396803165191     
       9   33.004 sec   2.97498  |  keff  1.04397
 MC   1.04351742749906     
      10   32.911 sec   2.97498  |  keff  1.04352
 MC   1.04442227537704     
      11   32.875 sec   2.97472  |  keff  1.04442
 MC   1.04445820480931     
      12   32.914 sec   2.97491  |  keff  1.04446
 MC   1.04490759341042     
      13   32.805 sec   2.97443  |  keff  1.04491
 MC   1.04232674619063     
      14   32.802 sec   2.97417  |  keff  1.04233
 MC   1.04452313013167     
      15   32.784 sec   2.97370  |  keff  1.04452
 MC   1.04250806139322     
      16   32.996 sec   2.97414  |  keff  1.04251
 MC   1.04357824850590     
      17   32.729 sec   2.97445  |  keff  1.04358
 MC   1.04434167291668     
      18   32.968 sec   2.97470  |  keff  1.04434
 MC   1.04311125464775     
      19   32.954 sec   2.97471  |  keff  1.04311
 MC   1.04425271829574     
      20   32.853 sec   2.97447  |  keff  1.04425
 MC   1.04339311371621     
      21   32.820 sec   2.97456  |  keff  1.04339   avg  1.04339   SD    0.000
 MC   1.04428998053333     
      22   32.684 sec   2.97463  |  keff  1.04429   avg  1.04384   SD   31.709
 MC   1.04481412742010     
      23   32.850 sec   2.97457  |  keff  1.04481   avg  1.04417   SD   33.875
 MC   1.04323071828800     
      24   32.860 sec   2.97473  |  keff  1.04323   avg  1.04393   SD   32.486
 MC   1.04215054836870     
      25   33.013 sec   2.97474  |  keff  1.04215   avg  1.04358   SD   41.121
 MC   1.04296381007945     
      26   33.039 sec   2.97455  |  keff  1.04296   avg  1.04347   SD   35.509
 MC   1.04297546254925     
      27   33.085 sec   2.97458  |  keff  1.04298   avg  1.04340   SD   31.142
 MC   1.04325875476122     
      28   32.963 sec   2.97439  |  keff  1.04326   avg  1.04338   SD   27.301
 MC   1.04399575615397     
      29   32.992 sec   2.97432  |  keff  1.04400   avg  1.04345   SD   25.098
 MC   1.04388178580210     
      30   32.755 sec   2.97447  |  keff  1.04388   avg  1.04350   SD   22.952
 MC   1.04442708254859     
      31   32.966 sec   2.97430  |  keff  1.04443   avg  1.04358   SD   22.374
 MC   1.04341622605300     
      32   32.983 sec   2.97440  |  keff  1.04342   avg  1.04357   SD   20.551
 MC   1.04232830581232     
      33   32.968 sec   2.97449  |  keff  1.04233   avg  1.04347   SD   21.062
 MC   1.04331659598026     
      34   32.803 sec   2.97478  |  keff  1.04332   avg  1.04346   SD   19.586
 MC   1.04308390701811     
      35   32.869 sec   2.97456  |  keff  1.04308   avg  1.04344   SD   18.441
