    CTRL  READ COMPLETE..
    Continuous Energy Mode...
    Start reading ace-format nuclear data
           1 1001.711nc
           2 8016.711nc
    WARNING :: NYD block exists
           3 92235.711nc
           4 92238.711nc
    Read S(a,b) scattering law tables
           1 hh2o.71t_0293
    ACE Lib. READ COMPLETE...
    CE MAT READ COMPLETE...
    GEOM  READ COMPLETE..
    Setting ugrid...
    Initializing Source...
    Source Initializing Complete...
 
 
  > Num of Threads per Node          28
  > Num of MPI Nodes                  1
  > Num of Histories per Cycle  3000000
  > Skip Cycles:   80  /  Active Cycles:   50
 
  > Tally is OFF
 
    Transport Simulation Starts...
       1  478.455 sec   8.49177  |  keff  1.51654
       2  246.823 sec   8.33042  |  keff  1.44326
       3  263.078 sec   8.17814  |  keff  1.48938
       4  358.188 sec   8.14472  |  keff  1.50106
       5  558.294 sec   8.14544  |  keff  1.50426
       6  360.320 sec   8.15785  |  keff  1.50469
       7  263.859 sec   8.16037  |  keff  1.50400
       8  257.091 sec   8.17229  |  keff  1.49967
       9  252.623 sec   8.17373  |  keff  1.49828
      10  264.300 sec   8.17790  |  keff  1.49860
      11  282.120 sec   8.17783  |  keff  1.49802
      12  277.253 sec   8.18594  |  keff  1.49987
      13  270.542 sec   8.18147  |  keff  1.49972
      14  303.014 sec   8.17494  |  keff  1.50040
      15  260.893 sec   8.17498  |  keff  1.49981
      16  327.771 sec   8.17189  |  keff  1.49987
      17  611.223 sec   8.16699  |  keff  1.50016
      18 2013.357 sec   8.17012  |  keff  1.50026
      19  732.895 sec   8.17443  |  keff  1.49974
      20  254.645 sec   8.17367  |  keff  1.50009
      21  451.054 sec   8.17444  |  keff  1.50036
      22  292.461 sec   8.17746  |  keff  1.49979
      23  249.123 sec   8.17503  |  keff  1.49986
      24 1041.266 sec   8.17489  |  keff  1.49915
      25  508.519 sec   8.17486  |  keff  1.50009
      26  314.015 sec   8.17796  |  keff  1.49990
      27  337.733 sec   8.17437  |  keff  1.50016
      28  257.653 sec   8.17635  |  keff  1.49981
      29  309.029 sec   8.17433  |  keff  1.50036
      30  334.151 sec   8.17550  |  keff  1.50030
      31  260.658 sec   8.17365  |  keff  1.49937
      32  346.619 sec   8.17913  |  keff  1.50018
      33 1050.965 sec   8.17893  |  keff  1.49928
      34  253.140 sec   8.18125  |  keff  1.49936
      35  544.249 sec   8.18223  |  keff  1.49971
      36  285.394 sec   8.18373  |  keff  1.49994
      37  289.790 sec   8.17988  |  keff  1.50017
      38  311.190 sec   8.17619  |  keff  1.49905
      39  262.076 sec   8.17614  |  keff  1.49986
      40  259.094 sec   8.17409  |  keff  1.49955
      41  255.934 sec   8.17478  |  keff  1.50013
      42  313.091 sec   8.17541  |  keff  1.50008
      43  383.057 sec   8.17800  |  keff  1.49993
      44  343.942 sec   8.17908  |  keff  1.49988
      45  595.957 sec   8.18099  |  keff  1.49956
      46  316.524 sec   8.17987  |  keff  1.49964
      47  289.169 sec   8.17725  |  keff  1.49951
      48  445.567 sec   8.17676  |  keff  1.49972
      49  588.489 sec   8.17154  |  keff  1.49972
      50  941.747 sec   8.17277  |  keff  1.49919
      51  288.690 sec   8.17461  |  keff  1.49978
      52  204.496 sec   8.17877  |  keff  1.49940
      53  204.421 sec   8.17480  |  keff  1.49925
      54  205.385 sec   8.17444  |  keff  1.50012
      55  205.691 sec   8.17496  |  keff  1.50171
      56  204.235 sec   8.17522  |  keff  1.50020
      57  205.101 sec   8.17551  |  keff  1.49995
      58  205.701 sec   8.17467  |  keff  1.49964
      59  204.852 sec   8.17437  |  keff  1.50008
      60  204.659 sec   8.17433  |  keff  1.50015
      61  205.458 sec   8.17443  |  keff  1.50077
      62  206.306 sec   8.17426  |  keff  1.49946
      63  207.455 sec   8.17423  |  keff  1.49972
      64  206.072 sec   8.17430  |  keff  1.49938
      65  207.099 sec   8.17409  |  keff  1.50031
      66  204.046 sec   8.17423  |  keff  1.49988
      67  206.226 sec   8.17437  |  keff  1.50004
      68  203.709 sec   8.17433  |  keff  1.49948
      69  204.211 sec   8.17431  |  keff  1.49992
      70  202.972 sec   8.17420  |  keff  1.50007
      71  206.902 sec   8.17417  |  keff  1.50031
      72  207.357 sec   8.17401  |  keff  1.50011
      73  206.652 sec   8.17366  |  keff  1.50001
      74  206.328 sec   8.17381  |  keff  1.49968
      75  205.945 sec   8.17386  |  keff  1.49946
      76  207.081 sec   8.17355  |  keff  1.50008
      77  204.268 sec   8.17377  |  keff  1.49994
      78  202.061 sec   8.17358  |  keff  1.49983
      79  204.770 sec   8.17377  |  keff  1.50013
      80  206.902 sec   8.17347  |  keff  1.49998
      81  206.166 sec   8.17347  |  keff  1.50084   avg  1.50084   SD    0.000
      82  207.449 sec   8.17346  |  keff  1.49971   avg  1.50027   SD   40.052
      83  206.561 sec   8.17345  |  keff  1.50084   avg  1.50046   SD   30.775
      84  204.692 sec   8.17348  |  keff  1.49978   avg  1.50029   SD   27.405
      85  204.242 sec   8.17347  |  keff  1.49944   avg  1.50012   SD   26.694
      86  204.183 sec   8.17356  |  keff  1.50021   avg  1.50013   SD   22.285
      87  204.819 sec   8.17327  |  keff  1.50064   avg  1.50021   SD   20.224
      88  204.979 sec   8.17332  |  keff  1.49960   avg  1.50013   SD   19.064
      89  204.079 sec   8.17345  |  keff  1.49952   avg  1.50006   SD   18.129
      90  205.715 sec   8.17375  |  keff  1.50025   avg  1.50008   SD   16.411
      91  203.198 sec   8.17387  |  keff  1.50031   avg  1.50010   SD   15.052
      92  203.838 sec   8.17390  |  keff  1.49988   avg  1.50008   SD   13.908
      93  203.526 sec   8.17401  |  keff  1.49969   avg  1.50005   SD   13.159
      94  204.699 sec   8.17407  |  keff  1.50051   avg  1.50009   SD   12.619
      95  204.886 sec   8.17398  |  keff  1.50013   avg  1.50009   SD   11.781
      96  205.121 sec   8.17402  |  keff  1.50037   avg  1.50011   SD   11.173
      97  204.406 sec   8.17398  |  keff  1.50027   avg  1.50012   SD   10.555
      98  202.709 sec   8.17406  |  keff  1.50052   avg  1.50014   SD   10.202
      99  204.186 sec   8.17424  |  keff  1.50008   avg  1.50014   SD    9.669
     100  203.987 sec   8.17405  |  keff  1.49981   avg  1.50012   SD    9.325
     101  206.516 sec   8.17421  |  keff  1.49968   avg  1.50010   SD    9.115
     102  204.944 sec   8.17436  |  keff  1.49877   avg  1.50004   SD   10.512
     103  204.643 sec   8.17436  |  keff  1.49916   avg  1.50000   SD   10.725
     104  207.015 sec   8.17427  |  keff  1.49997   avg  1.50000   SD   10.279
     105  206.997 sec   8.17427  |  keff  1.50046   avg  1.50002   SD   10.033
     106  204.794 sec   8.17418  |  keff  1.49993   avg  1.50001   SD    9.652
     107  205.213 sec   8.17419  |  keff  1.49970   avg  1.50000   SD    9.363
     108  206.973 sec   8.17411  |  keff  1.50042   avg  1.50002   SD    9.147
     109  205.093 sec   8.17409  |  keff  1.50037   avg  1.50003   SD    8.913
     110  206.004 sec   8.17409  |  keff  1.50010   avg  1.50003   SD    8.619
     111  205.380 sec   8.17405  |  keff  1.49989   avg  1.50003   SD    8.354
     112  205.282 sec   8.17390  |  keff  1.50080   avg  1.50005   SD    8.432
     113  205.517 sec   8.17383  |  keff  1.49957   avg  1.50004   SD    8.304
     114  204.680 sec   8.17371  |  keff  1.50010   avg  1.50004   SD    8.062
     115  203.101 sec   8.17364  |  keff  1.50068   avg  1.50006   SD    8.038
     116  204.056 sec   8.17366  |  keff  1.50001   avg  1.50006   SD    7.815
     117  204.883 sec   8.17359  |  keff  1.50043   avg  1.50007   SD    7.670
     118  203.160 sec   8.17383  |  keff  1.50090   avg  1.50009   SD    7.775
     119  204.590 sec   8.17383  |  keff  1.50005   avg  1.50009   SD    7.576
     120  205.350 sec   8.17393  |  keff  1.50004   avg  1.50009   SD    7.387
     121  204.036 sec   8.17392  |  keff  1.50032   avg  1.50009   SD    7.230
     122  205.940 sec   8.17391  |  keff  1.50010   avg  1.50009   SD    7.057
     123  204.966 sec   8.17399  |  keff  1.50027   avg  1.50010   SD    6.906
     124  204.402 sec   8.17381  |  keff  1.49931   avg  1.50008   SD    6.975
     125  204.820 sec   8.17408  |  keff  1.49983   avg  1.50007   SD    6.842
     126  206.600 sec   8.17397  |  keff  1.49964   avg  1.50006   SD    6.757
     127  207.107 sec   8.17414  |  keff  1.50023   avg  1.50007   SD    6.623
     128  204.862 sec   8.17410  |  keff  1.50005   avg  1.50007   SD    6.485
     129  204.305 sec   8.17406  |  keff  1.49965   avg  1.50006   SD    6.407
     130  205.146 sec   8.17411  |  keff  1.49993   avg  1.50005   SD    6.284
 
    All Simulation Ends...
    - Elapsed time :  37563.271 sec  626.05 min
    - Final keff   :   1.500055 +/-   6.284
 
  1.160003
  1.390759
  1.457848
  1.487129
  1.503445
  1.499647
  1.498945
  1.499271
  1.499643
  1.500090
  1.500137
  1.500186
  1.500321
  1.500400
  1.500435
  1.500535
  1.500424
  1.500311
  1.500422
  1.500364
  1.500294
  1.500364
  1.500254
  1.500237
  1.500159
  1.500565
  1.500621
  1.500840
  1.500750
  1.500836
  1.500303
  1.500100
  1.500034
  1.499952
  1.500080
  1.500278
  1.500530
  1.500428
  1.500573
  1.500495
  1.500568
  1.500561
  1.500590
  1.500447
  1.500404
  1.500447
  1.500259
  1.500334
  1.500237
  1.500148
  1.500109
  1.499397
  1.499246
  1.500122
  1.501715
  1.500196
  1.499953
  1.499637
  1.500082
  1.500146
  1.500774
  1.499464
  1.499716
  1.499376
  1.500314
  1.499881
  1.500041
  1.499483
  1.499924
  1.500073
  1.500307
  1.500113
  1.500014
  1.499677
  1.499462
  1.500081
  1.499944
  1.499828
  1.500130
  1.499980
  1.500840
  1.499707
  1.500835
  1.499778
  1.499439
  1.500208
  1.500637
  1.499600
  1.499515
  1.500248
  1.500311
  1.499882
  1.499693
  1.500511
  1.500134
  1.500367
  1.500267
  1.500518
  1.500085
  1.499806
  1.499677
  1.498769
  1.499160
  1.499973
  1.500461
  1.499931
  1.499704
  1.500421
  1.500372
  1.500103
  1.499886
  1.500797
  1.499565
  1.500099
  1.500680
  1.500008
  1.500431
  1.500898
  1.500046
  1.500043
  1.500321
  1.500098
  1.500272
  1.499312
  1.499829
  1.499638
  1.500232
  1.500048
  1.499654
  1.499929
 
  4.5508968E+02  2.3365448E+01  4.7845512E+02
  2.1401940E+02  3.2804013E+01  2.4682341E+02
  2.1714479E+02  4.5933018E+01  2.6307781E+02
  2.0947805E+02  1.4871039E+02  3.5818844E+02
  2.0537938E+02  3.5291435E+02  5.5829373E+02
  2.0595639E+02  1.5436353E+02  3.6031992E+02
  2.0502051E+02  5.8838054E+01  2.6385856E+02
  2.0360047E+02  5.3490868E+01  2.5709134E+02
  2.0423341E+02  4.8389644E+01  2.5262305E+02
  2.0587563E+02  5.8424119E+01  2.6429975E+02
  2.0513608E+02  7.6984296E+01  2.8212038E+02
  2.0715580E+02  7.0097344E+01  2.7725315E+02
  2.0415388E+02  6.6387907E+01  2.7054179E+02
  2.0405581E+02  9.8957956E+01  3.0301377E+02
  2.0472710E+02  5.6165461E+01  2.6089257E+02
  2.0557363E+02  1.2219742E+02  3.2777105E+02
  2.0489671E+02  4.0632623E+02  6.1122294E+02
  2.0496925E+02  1.8083881E+03  2.0133573E+03
  2.0754373E+02  5.2535113E+02  7.3289487E+02
  2.0458303E+02  5.0062389E+01  2.5464542E+02
  2.0424288E+02  2.4681148E+02  4.5105436E+02
  2.0454203E+02  8.7918635E+01  2.9246066E+02
  2.0622724E+02  4.2895479E+01  2.4912271E+02
  2.0646529E+02  8.3480109E+02  1.0412664E+03
  2.0710075E+02  3.0141818E+02  5.0851893E+02
  2.0498316E+02  1.0903142E+02  3.1401459E+02
  2.0528005E+02  1.3245286E+02  3.3773292E+02
  2.0364956E+02  5.4003790E+01  2.5765335E+02
  2.0423127E+02  1.0479807E+02  3.0902933E+02
  2.0430496E+02  1.2984626E+02  3.3415122E+02
  2.0603817E+02  5.4619696E+01  2.6065787E+02
  2.0714078E+02  1.3947780E+02  3.4661857E+02
  2.0315991E+02  8.4780511E+02  1.0509650E+03
  2.0432954E+02  4.8810580E+01  2.5314012E+02
  2.0503870E+02  3.3921043E+02  5.4424913E+02
  2.0578711E+02  7.9606898E+01  2.8539400E+02
  2.0592128E+02  8.3868250E+01  2.8978953E+02
  2.0510818E+02  1.0608187E+02  3.1119006E+02
  2.0492150E+02  5.7154311E+01  2.6207581E+02
  2.0630142E+02  5.2792974E+01  2.5909440E+02
  2.0328245E+02  5.2651995E+01  2.5593445E+02
  2.0404421E+02  1.0904642E+02  3.1309063E+02
  2.0339375E+02  1.7966369E+02  3.8305744E+02
  2.0360674E+02  1.4033566E+02  3.4394241E+02
  2.0463494E+02  3.9132251E+02  5.9595745E+02
  2.0437919E+02  1.1214495E+02  3.1652414E+02
  2.0504202E+02  8.4127210E+01  2.8916923E+02
  2.0444802E+02  2.4111934E+02  4.4556736E+02
  2.0532194E+02  3.8316675E+02  5.8848869E+02
  2.0523454E+02  7.3651203E+02  9.4174657E+02
  2.0511251E+02  8.3577294E+01  2.8868980E+02
  2.0447557E+02  1.9997000E-02  2.0449556E+02
  2.0438687E+02  3.3995000E-02  2.0442087E+02
  2.0536715E+02  1.7997000E-02  2.0538514E+02
  2.0567125E+02  1.9996000E-02  2.0569125E+02
  2.0421475E+02  1.9997000E-02  2.0423475E+02
  2.0508064E+02  1.9997000E-02  2.0510064E+02
  2.0563649E+02  6.4990000E-02  2.0570148E+02
  2.0483600E+02  1.5997000E-02  2.0485199E+02
  2.0464329E+02  1.5998000E-02  2.0465929E+02
  2.0543712E+02  2.0997000E-02  2.0545812E+02
  2.0628527E+02  2.0997000E-02  2.0630627E+02
  2.0743450E+02  2.0997000E-02  2.0745549E+02
  2.0605086E+02  2.0997000E-02  2.0607186E+02
  2.0707674E+02  2.1997000E-02  2.0709874E+02
  2.0402442E+02  2.1997000E-02  2.0404642E+02
  2.0620642E+02  1.9997000E-02  2.0622641E+02
  2.0365373E+02  5.4992000E-02  2.0370872E+02
  2.0418968E+02  2.0997000E-02  2.0421067E+02
  2.0290970E+02  6.1991000E-02  2.0297169E+02
  2.0688139E+02  2.0997000E-02  2.0690239E+02
  2.0733646E+02  2.0997000E-02  2.0735746E+02
  2.0663053E+02  2.0997000E-02  2.0665153E+02
  2.0630809E+02  1.9997000E-02  2.0632808E+02
  2.0592904E+02  1.5997000E-02  2.0594504E+02
  2.0706221E+02  1.8997000E-02  2.0708121E+02
  2.0425166E+02  1.5998000E-02  2.0426765E+02
  2.0204436E+02  1.6998000E-02  2.0206136E+02
  2.0475161E+02  1.7997000E-02  2.0476961E+02
  2.0682500E+02  7.6988000E-02  2.0690199E+02
  2.0614720E+02  1.8997000E-02  2.0616620E+02
  2.0743062E+02  1.7997000E-02  2.0744862E+02
  2.0654291E+02  1.7997000E-02  2.0656090E+02
  2.0461396E+02  7.7988000E-02  2.0469195E+02
  2.0422428E+02  1.7997000E-02  2.0424228E+02
  2.0416545E+02  1.7998000E-02  2.0418345E+02
  2.0477540E+02  4.3993000E-02  2.0481939E+02
  2.0496123E+02  1.7997000E-02  2.0497922E+02
  2.0405977E+02  1.8997000E-02  2.0407876E+02
  2.0569499E+02  1.9997000E-02  2.0571499E+02
  2.0317684E+02  2.0997000E-02  2.0319784E+02
  2.0381698E+02  2.0997000E-02  2.0383798E+02
  2.0350527E+02  2.0996000E-02  2.0352627E+02
  2.0467782E+02  2.0997000E-02  2.0469882E+02
  2.0486502E+02  2.0996000E-02  2.0488602E+02
  2.0510084E+02  1.9997000E-02  2.0512084E+02
  2.0435581E+02  4.9993000E-02  2.0440580E+02
  2.0267814E+02  3.0996000E-02  2.0270914E+02
  2.0416997E+02  1.5997000E-02  2.0418597E+02
  2.0397017E+02  1.6997000E-02  2.0398717E+02
  2.0649723E+02  1.8997000E-02  2.0651622E+02
  2.0492275E+02  2.0996000E-02  2.0494374E+02
  2.0462469E+02  1.7997000E-02  2.0464269E+02
  2.0699379E+02  2.0997000E-02  2.0701479E+02
  2.0693903E+02  5.7991000E-02  2.0699702E+02
  2.0477661E+02  1.6998000E-02  2.0479361E+02
  2.0519589E+02  1.6998000E-02  2.0521289E+02
  2.0689716E+02  7.5989000E-02  2.0697315E+02
  2.0507283E+02  1.9997000E-02  2.0509282E+02
  2.0598340E+02  2.0997000E-02  2.0600440E+02
  2.0536018E+02  1.9997000E-02  2.0538018E+02
  2.0526071E+02  2.0997000E-02  2.0528171E+02
  2.0549595E+02  2.0997000E-02  2.0551695E+02
  2.0465928E+02  2.0997000E-02  2.0468028E+02
  2.0307989E+02  2.0997000E-02  2.0310088E+02
  2.0403910E+02  1.6998000E-02  2.0405610E+02
  2.0484677E+02  3.5995000E-02  2.0488277E+02
  2.0313886E+02  2.0996000E-02  2.0315986E+02
  2.0456858E+02  2.0996000E-02  2.0458957E+02
  2.0532854E+02  2.0997000E-02  2.0534953E+02
  2.0401510E+02  2.0997000E-02  2.0403609E+02
  2.0592195E+02  1.7997000E-02  2.0593994E+02
  2.0490911E+02  5.6992000E-02  2.0496610E+02
  2.0438252E+02  1.8997000E-02  2.0440152E+02
  2.0480119E+02  1.8997000E-02  2.0482019E+02
  2.0656474E+02  3.4995000E-02  2.0659974E+02
  2.0708929E+02  1.7997000E-02  2.0710729E+02
  2.0484074E+02  2.0997000E-02  2.0486173E+02
  2.0428493E+02  1.9997000E-02  2.0430492E+02
  2.0512511E+02  2.0997000E-02  2.0514611E+02
