    CTRL  READ COMPLETE..
    Continuous Energy Mode...
    Start reading ace-format nuclear data
           1 1001.710nc
           2 8016.710nc
    WARNING :: NYD block exists
           3 92235.710nc
           4 92238.710nc
    Read S(a,b) scattering law tables
           1 hh2o.71t_0293
    ACE Lib. READ COMPLETE...
    CE MAT READ COMPLETE...
    GEOM  READ COMPLETE..
    Setting ugrid...
    Initializing Source...
    Source Initializing Complete...
 
 
  > Num of Threads per Node          28
  > Num of MPI Nodes                  3
  > Num of Histories per Cycle   100000
  > Skip Cycles:   10  /  Active Cycles:   30
 
  > CMFD is OFF 
 
  > Tally is OFF
 
    Transport Simulation Starts...
    1    1.698 sec  3.999914  |  keff  1.26233
    2    1.753 sec  3.982635  |  keff  1.35902
    3    1.550 sec  3.950753  |  keff  1.38709
    4    1.476 sec  3.921762  |  keff  1.40299
    5    1.486 sec  3.899919  |  keff  1.41376
    6    1.481 sec  3.879501  |  keff  1.41908
    7    1.496 sec  3.866111  |  keff  1.42660
    8    1.500 sec  3.852954  |  keff  1.42802
    9    1.496 sec  3.842528  |  keff  1.43037
   10    1.506 sec  3.834434  |  keff  1.43275
   11    1.509 sec  3.832133  |  keff  1.43925
   12    1.514 sec  3.827920  |  keff  1.44056  avg  1.43991  SD  46.42756
   13    1.508 sec  3.825349  |  keff  1.44050  avg  1.44011  SD  34.92576
   14    1.509 sec  3.824039  |  keff  1.44019  avg  1.44013  SD  26.25548
   15    1.489 sec  3.823101  |  keff  1.43518  avg  1.43914  SD  90.97442
   16    1.499 sec  3.824911  |  keff  1.43976  avg  1.43924  SD  76.40942
   17    1.499 sec  3.821231  |  keff  1.43585  avg  1.43876  SD  79.36681
   18    1.492 sec  3.821301  |  keff  1.43668  avg  1.43850  SD  73.57142
   19    1.505 sec  3.821454  |  keff  1.43898  avg  1.43855  SD  65.59204
