    CTRL  READ COMPLETE..
    Continuous Energy Mode...
    Start reading ace-format nuclear data
           1 1001.710nc
           2 8016.710nc
    WARNING :: NYD block exists
           3 92235.710nc
           4 92238.710nc
    Read S(a,b) scattering law tables
           1 hh2o.71t_0293
    ACE Lib. READ COMPLETE...
    CE MAT READ COMPLETE...
    GEOM  READ COMPLETE..
    Setting ugrid...
    Initializing Source...
    Source Initializing Complete...
 
 
  > Num of Threads per Node          28
  > Num of MPI Nodes                  1
  > Num of Histories per Cycle   180000
  > Skip Cycles: 1000  /  Active Cycles:  100
 
  > Tally is OFF
 
    Transport Simulation Starts...
       1   12.047 sec  14.90087  |  keff  1.35971
       2   15.807 sec  14.89527  |  keff  1.35543
       3   11.731 sec  14.87414  |  keff  1.35598
       4   11.729 sec  14.85249  |  keff  1.36115
       5   11.692 sec  14.84608  |  keff  1.36439
       6   11.540 sec  14.83872  |  keff  1.36352
       7   11.492 sec  14.83020  |  keff  1.37067
       8   11.551 sec  14.82107  |  keff  1.37071
       9   11.306 sec  14.81307  |  keff  1.37061
      10   11.273 sec  14.80847  |  keff  1.37061
      11   11.369 sec  14.80062  |  keff  1.37215
      12   11.282 sec  14.79579  |  keff  1.37598
      13   11.312 sec  14.78661  |  keff  1.37480
      14   11.204 sec  14.77776  |  keff  1.37679
      15   11.235 sec  14.77307  |  keff  1.37726
      16   11.200 sec  14.76802  |  keff  1.37527
      17   11.256 sec  14.76198  |  keff  1.37803
      18   11.108 sec  14.75444  |  keff  1.37699
      19   11.324 sec  14.74995  |  keff  1.37955
      20   11.039 sec  14.74491  |  keff  1.37926
      21   11.089 sec  14.73861  |  keff  1.38119
      22   11.087 sec  14.73424  |  keff  1.37933
      23   11.054 sec  14.73272  |  keff  1.37949
      24   11.076 sec  14.72819  |  keff  1.38106
      25   11.125 sec  14.72556  |  keff  1.38225
      26   11.063 sec  14.72474  |  keff  1.38120
      27   11.099 sec  14.72193  |  keff  1.38061
      28   11.038 sec  14.71336  |  keff  1.37841
      29   11.062 sec  14.71851  |  keff  1.38199
 up      360000
      30   11.058 sec  14.71940  |  keff  0.69344
 up      540000
      31   14.901 sec  14.71451  |  keff  0.92440
      32   44.099 sec  14.77665  |  keff  1.38176
      33   47.765 sec  14.83246  |  keff  1.38168
      34   33.392 sec  14.81928  |  keff  1.38163
      35   33.311 sec  14.81344  |  keff  1.38368
      36   33.198 sec  14.81182  |  keff  1.38305
      37   33.314 sec  14.80993  |  keff  1.38277
      38   33.198 sec  14.80987  |  keff  1.38283
      39   33.090 sec  14.81042  |  keff  1.38184
      40   33.528 sec  14.80956  |  keff  1.38237
 end          42      540000         142
      41   33.239 sec  14.80779  |  keff  1.38366
      42   33.212 sec  14.80735  |  keff  1.38241
      43   33.300 sec  14.80579  |  keff  1.38064   avg  1.38064   SD    0.000
      44   33.193 sec  14.80512  |  keff  1.38358   avg  1.38211   SD  104.286
      45   33.000 sec  14.80369  |  keff  1.38314   avg  1.38245   SD   74.941
      46   33.281 sec  14.80400  |  keff  1.38307   avg  1.38261   SD   57.751
      47   33.012 sec  14.80219  |  keff  1.38432   avg  1.38295   SD   55.436
      48   33.052 sec  14.80351  |  keff  1.38479   avg  1.38325   SD   54.004
      49   33.318 sec  14.80182  |  keff  1.38296   avg  1.38321   SD   46.457
      50   33.476 sec  14.79970  |  keff  1.38212   avg  1.38308   SD   42.615
      51   33.372 sec  14.80108  |  keff  1.38486   avg  1.38327   SD   42.234
      52   33.375 sec  14.80134  |  keff  1.38443   avg  1.38339   SD   39.562
      53   33.373 sec  14.80087  |  keff  1.38319   avg  1.38337   SD   36.006
      54   33.105 sec  14.80142  |  keff  1.38314   avg  1.38335   SD   33.059
      55   33.211 sec  14.79932  |  keff  1.38332   avg  1.38335   SD   30.517
      56   33.277 sec  14.79896  |  keff  1.38486   avg  1.38346   SD   30.173
      57   32.909 sec  14.79779  |  keff  1.38287   avg  1.38342   SD   28.411
      58   33.443 sec  14.79743  |  keff  1.38302   avg  1.38339   SD   26.742
      59   33.267 sec  14.79857  |  keff  1.38197   avg  1.38331   SD   26.443
      60   33.281 sec  14.79780  |  keff  1.38265   avg  1.38327   SD   25.223
      61   33.420 sec  14.79736  |  keff  1.38462   avg  1.38334   SD   24.875
      62   33.085 sec  14.79822  |  keff  1.38222   avg  1.38329   SD   24.257
      63   33.089 sec  14.79734  |  keff  1.38477   avg  1.38336   SD   24.103
      64   33.420 sec  14.79894  |  keff  1.38454   avg  1.38341   SD   23.598
      65   33.304 sec  14.79926  |  keff  1.38411   avg  1.38344   SD   22.768
      66   33.040 sec  14.79792  |  keff  1.38408   avg  1.38347   SD   21.974
      67   32.983 sec  14.79703  |  keff  1.38343   avg  1.38347   SD   21.096
      68   33.102 sec  14.79589  |  keff  1.38401   avg  1.38349   SD   20.386
      69   33.091 sec  14.79616  |  keff  1.38553   avg  1.38356   SD   20.992
      70   33.011 sec  14.79697  |  keff  1.38396   avg  1.38358   SD   20.289
      71   32.853 sec  14.79708  |  keff  1.38475   avg  1.38362   SD   19.991
      72   33.075 sec  14.79600  |  keff  1.38488   avg  1.38366   SD   19.762
      73   33.355 sec  14.79839  |  keff  1.38326   avg  1.38365   SD   19.168
      74   33.319 sec  14.79699  |  keff  1.38393   avg  1.38366   SD   18.589
      75   33.511 sec  14.79759  |  keff  1.38467   avg  1.38369   SD   18.279
      76   32.864 sec  14.79688  |  keff  1.38322   avg  1.38367   SD   17.793
      77   33.228 sec  14.79765  |  keff  1.38382   avg  1.38368   SD   17.289
      78   33.321 sec  14.79891  |  keff  1.38388   avg  1.38368   SD   16.818
      79   33.068 sec  14.79811  |  keff  1.38339   avg  1.38368   SD   16.382
      80   33.481 sec  14.79827  |  keff  1.38280   avg  1.38365   SD   16.113
      81   33.170 sec  14.79837  |  keff  1.38191   avg  1.38361   SD   16.309
      82   33.078 sec  14.79796  |  keff  1.38552   avg  1.38366   SD   16.588
      83   33.517 sec  14.79769  |  keff  1.38332   avg  1.38365   SD   16.203
      84   33.372 sec  14.79787  |  keff  1.38263   avg  1.38362   SD   15.997
      85   33.108 sec  14.79957  |  keff  1.38496   avg  1.38365   SD   15.923
      86   33.197 sec  14.80051  |  keff  1.38568   avg  1.38370   SD   16.212
      87   32.949 sec  14.80157  |  keff  1.38429   avg  1.38371   SD   15.904
      88   33.272 sec  14.79885  |  keff  1.38255   avg  1.38369   SD   15.759
      89   32.902 sec  14.79987  |  keff  1.38531   avg  1.38372   SD   15.797
      90   33.596 sec  14.79992  |  keff  1.38313   avg  1.38371   SD   15.516
      91   33.368 sec  14.79804  |  keff  1.38561   avg  1.38375   SD   15.676
      92   33.072 sec  14.79996  |  keff  1.38551   avg  1.38378   SD   15.751
      93   33.062 sec  14.79851  |  keff  1.38386   avg  1.38379   SD   15.443
      94   33.134 sec  14.79899  |  keff  1.38462   avg  1.38380   SD   15.229
      95   33.140 sec  14.79999  |  keff  1.38282   avg  1.38378   SD   15.054
      96   33.387 sec  14.79940  |  keff  1.38310   avg  1.38377   SD   14.828
      97   33.073 sec  14.79752  |  keff  1.38315   avg  1.38376   SD   14.601
      98   33.413 sec  14.79968  |  keff  1.38506   avg  1.38378   SD   14.523
      99   32.950 sec  14.79798  |  keff  1.38359   avg  1.38378   SD   14.272
     100   33.268 sec  14.79727  |  keff  1.38250   avg  1.38376   SD   14.195
     101   33.306 sec  14.79776  |  keff  1.38400   avg  1.38376   SD   13.960
     102   33.373 sec  14.79750  |  keff  1.38531   avg  1.38379   SD   13.964
     103   33.089 sec  14.79730  |  keff  1.38364   avg  1.38378   SD   13.737
     104   32.993 sec  14.79724  |  keff  1.38477   avg  1.38380   SD   13.607
     105   33.422 sec  14.79726  |  keff  1.38284   avg  1.38379   SD   13.477
     106   33.374 sec  14.79521  |  keff  1.38261   avg  1.38377   SD   13.390
     107   32.944 sec  14.79663  |  keff  1.38330   avg  1.38376   SD   13.203
     108   33.181 sec  14.79636  |  keff  1.38648   avg  1.38380   SD   13.631
     109   33.473 sec  14.79583  |  keff  1.38317   avg  1.38379   SD   13.459
     110   32.986 sec  14.79590  |  keff  1.38412   avg  1.38380   SD   13.270
     111   33.362 sec  14.79541  |  keff  1.38230   avg  1.38377   SD   13.253
     112   33.419 sec  14.79484  |  keff  1.38311   avg  1.38377   SD   13.097
     113   33.379 sec  14.79604  |  keff  1.38441   avg  1.38377   SD   12.944
     114   33.322 sec  14.79371  |  keff  1.38336   avg  1.38377   SD   12.777
     115   33.410 sec  14.79272  |  keff  1.38451   avg  1.38378   SD   12.642
     116   33.154 sec  14.79313  |  keff  1.38518   avg  1.38380   SD   12.611
     117   33.446 sec  14.79350  |  keff  1.38252   avg  1.38378   SD   12.558
     118   33.341 sec  14.79342  |  keff  1.38560   avg  1.38380   SD   12.617
     119   33.226 sec  14.79479  |  keff  1.38572   avg  1.38383   SD   12.695
     120   33.222 sec  14.79425  |  keff  1.38439   avg  1.38384   SD   12.553
     121   33.165 sec  14.79244  |  keff  1.38501   avg  1.38385   SD   12.482
     122   33.315 sec  14.79248  |  keff  1.38407   avg  1.38385   SD   12.329
     123   33.462 sec  14.79455  |  keff  1.38416   avg  1.38386   SD   12.183
     124   33.438 sec  14.79435  |  keff  1.38075   avg  1.38382   SD   12.609
     125   33.039 sec  14.79458  |  keff  1.38582   avg  1.38384   SD   12.685
     126   33.520 sec  14.79625  |  keff  1.38265   avg  1.38383   SD   12.614
     127   33.409 sec  14.79508  |  keff  1.38378   avg  1.38383   SD   12.466
     128   33.231 sec  14.79728  |  keff  1.38312   avg  1.38382   SD   12.349
     129   33.136 sec  14.79361  |  keff  1.38350   avg  1.38382   SD   12.213
     130   33.161 sec  14.79783  |  keff  1.38285   avg  1.38381   SD   12.123
     131   33.369 sec  14.79608  |  keff  1.38366   avg  1.38380   SD   11.988
     132   33.225 sec  14.79667  |  keff  1.38454   avg  1.38381   SD   11.883
     133   32.829 sec  14.79597  |  keff  1.38559   avg  1.38383   SD   11.912
     134   33.152 sec  14.79514  |  keff  1.38382   avg  1.38383   SD   11.782
     135   33.216 sec  14.79366  |  keff  1.38526   avg  1.38385   SD   11.755
     136   33.429 sec  14.79404  |  keff  1.38568   avg  1.38387   SD   11.790
     137   32.851 sec  14.79341  |  keff  1.38486   avg  1.38388   SD   11.711
     138   33.496 sec  14.79387  |  keff  1.38320   avg  1.38387   SD   11.611
     139   33.167 sec  14.79672  |  keff  1.38449   avg  1.38388   SD   11.509
     140   33.489 sec  14.79462  |  keff  1.38246   avg  1.38386   SD   11.482
     141   33.148 sec  14.79563  |  keff  1.38520   avg  1.38388   SD   11.445
     142   33.367 sec  14.79382  |  keff  1.38123   avg  1.38385   SD   11.632
 
    All Simulation Ends...
    - Elapsed time :   4072.427 sec   67.87 min
    - Final keff   :   1.383850 +/-  11.632
