    CTRL  READ COMPLETE..
    Continuous Energy Mode...
    Start reading ace-format nuclear data
           1 1001.710nc
           2 8016.710nc
    WARNING :: NYD block exists
           3 92235.710nc
           4 92238.710nc
    Read S(a,b) scattering law tables
           1 hh2o.71t_0293
    ACE Lib. READ COMPLETE...
    CE MAT READ COMPLETE...
    GEOM  READ COMPLETE..
    Setting ugrid...
    Initializing Source...
    Source Initializing Complete...
 
 
  > Num of Threads per Node          28
  > Num of MPI Nodes                  4
  > Num of Histories per Cycle   100000
  > Skip Cycles:  100  /  Active Cycles:  100
 
  > CMFD is OFF 
 
  > Tally is OFF
 
    Transport Simulation Starts...
       1    1.490 sec  5.999600  |  keff  1.41665
       2    1.595 sec  5.985892  |  keff  1.47339
       3    1.218 sec  5.963452  |  keff  1.49361
       4    1.206 sec  5.940021  |  keff  1.50987
       5    1.192 sec  5.920809  |  keff  1.51371
       6    1.191 sec  5.899649  |  keff  1.52388
       7    1.191 sec  5.885581  |  keff  1.51892
       8    1.197 sec  5.867468  |  keff  1.52442
       9    1.205 sec  5.851884  |  keff  1.52691
      10    1.198 sec  5.837009  |  keff  1.52872
      11    1.203 sec  5.828315  |  keff  1.53354
      12    1.204 sec  5.816908  |  keff  1.53156
      13    1.190 sec  5.810264  |  keff  1.53543
      14    1.201 sec  5.802256  |  keff  1.53132
      15    1.198 sec  5.791236  |  keff  1.53771
      16    1.212 sec  5.784639  |  keff  1.53155
      17    1.194 sec  5.774869  |  keff  1.53432
      18    1.202 sec  5.770204  |  keff  1.53374
      19    1.199 sec  5.763412  |  keff  1.53411
      20    1.206 sec  5.758839  |  keff  1.53936
      21    1.202 sec  5.750090  |  keff  1.53878
      22    1.202 sec  5.744806  |  keff  1.54356
      23    1.206 sec  5.744898  |  keff  1.54140
      24    1.198 sec  5.735674  |  keff  1.54261
      25    1.200 sec  5.734950  |  keff  1.53722
      26    1.200 sec  5.732128  |  keff  1.54277
      27    1.212 sec  5.730359  |  keff  1.53946
      28    1.203 sec  5.727851  |  keff  1.54314
      29    1.209 sec  5.723512  |  keff  1.53943
      30    1.212 sec  5.722209  |  keff  1.54705
      31    1.214 sec  5.722227  |  keff  1.54924
      32    1.206 sec  5.717949  |  keff  1.54115
      33    1.200 sec  5.715948  |  keff  1.54403
      34    1.206 sec  5.715227  |  keff  1.54248
      35    1.209 sec  5.713214  |  keff  1.54449
      36    1.201 sec  5.715957  |  keff  1.54406
      37    1.215 sec  5.716338  |  keff  1.54182
      38    1.195 sec  5.716805  |  keff  1.54023
      39    1.199 sec  5.712286  |  keff  1.54286
      40    1.208 sec  5.708853  |  keff  1.54223
      41    1.202 sec  5.706776  |  keff  1.54411
      42    1.211 sec  5.705473  |  keff  1.54349
      43    1.204 sec  5.707408  |  keff  1.54393
      44    1.211 sec  5.708734  |  keff  1.54042
      45    1.216 sec  5.711021  |  keff  1.54618
      46    1.211 sec  5.712650  |  keff  1.54273
      47    1.209 sec  5.710717  |  keff  1.54364
      48    1.203 sec  5.711645  |  keff  1.54232
      49    1.210 sec  5.709877  |  keff  1.54247
      50    1.210 sec  5.709706  |  keff  1.54106
      51    1.213 sec  5.712367  |  keff  1.54324
      52    1.206 sec  5.710895  |  keff  1.54442
      53    1.205 sec  5.711209  |  keff  1.54247
      54    1.200 sec  5.708614  |  keff  1.54495
      55    1.207 sec  5.706889  |  keff  1.54078
      56    1.208 sec  5.711933  |  keff  1.54485
      57    1.214 sec  5.710213  |  keff  1.54595
      58    1.206 sec  5.707215  |  keff  1.54359
      59    1.201 sec  5.706319  |  keff  1.54438
      60    1.200 sec  5.708648  |  keff  1.54547
      61    1.189 sec  5.710596  |  keff  1.53903
      62    1.199 sec  5.714651  |  keff  1.54027
      63    1.214 sec  5.715096  |  keff  1.53898
      64    1.205 sec  5.714965  |  keff  1.54099
      65    1.204 sec  5.705033  |  keff  1.54271
      66    1.211 sec  5.704077  |  keff  1.54623
      67    1.204 sec  5.706243  |  keff  1.54407
      68    1.212 sec  5.710044  |  keff  1.54497
      69    1.208 sec  5.708405  |  keff  1.54614
      70    1.206 sec  5.710879  |  keff  1.54409
      71    1.196 sec  5.712690  |  keff  1.54337
      72    1.210 sec  5.712146  |  keff  1.54199
      73    1.205 sec  5.711935  |  keff  1.54534
      74    1.202 sec  5.712048  |  keff  1.54267
      75    1.207 sec  5.707393  |  keff  1.54202
      76    1.201 sec  5.710547  |  keff  1.54701
      77    1.211 sec  5.708024  |  keff  1.54293
      78    1.217 sec  5.708604  |  keff  1.54134
      79    1.204 sec  5.709771  |  keff  1.54119
      80    1.212 sec  5.712478  |  keff  1.54839
      81    1.208 sec  5.710781  |  keff  1.54657
      82    1.200 sec  5.711814  |  keff  1.54574
      83    1.202 sec  5.712111  |  keff  1.54073
      84    1.196 sec  5.714898  |  keff  1.54030
      85    1.198 sec  5.713789  |  keff  1.54418
      86    1.222 sec  5.708885  |  keff  1.54678
      87    1.205 sec  5.710657  |  keff  1.54500
      88    1.205 sec  5.711203  |  keff  1.54128
      89    1.198 sec  5.710633  |  keff  1.54322
      90    1.204 sec  5.705501  |  keff  1.54183
      91    1.213 sec  5.703045  |  keff  1.54054
      92    1.205 sec  5.703993  |  keff  1.54180
      93    1.193 sec  5.706271  |  keff  1.54113
      94    1.205 sec  5.703654  |  keff  1.54715
      95    1.205 sec  5.701505  |  keff  1.54500
      96    1.199 sec  5.699091  |  keff  1.54496
      97    1.211 sec  5.698593  |  keff  1.55128
      98    1.210 sec  5.695772  |  keff  1.54476
      99    1.203 sec  5.694140  |  keff  1.54738
     100    1.205 sec  5.693974  |  keff  1.54323
     101    1.209 sec  5.693003  |  keff  1.54195   avg  1.54195   SD    0.000
     102    1.208 sec  5.693755  |  keff  1.54947   avg  1.54571   SD  265.679
     103    1.207 sec  5.695360  |  keff  1.54661   avg  1.54601   SD  178.804
     104    1.194 sec  5.698953  |  keff  1.54618   avg  1.54605   SD  134.156
     105    1.199 sec  5.700191  |  keff  1.54329   avg  1.54550   SD  118.133
     106    1.203 sec  5.699521  |  keff  1.54074   avg  1.54471   SD  122.184
     107    1.203 sec  5.697986  |  keff  1.54076   avg  1.54414   SD  116.998
     108    1.208 sec  5.703300  |  keff  1.54406   avg  1.54413   SD  102.377
     109    1.211 sec  5.699963  |  keff  1.54093   avg  1.54378   SD   96.988
     110    1.202 sec  5.696967  |  keff  1.53958   avg  1.54336   SD   95.931
     111    1.210 sec  5.697805  |  keff  1.54398   avg  1.54341   SD   87.378
     112    1.205 sec  5.697904  |  keff  1.54818   avg  1.54381   SD   88.670
     113    1.208 sec  5.701606  |  keff  1.53968   avg  1.54349   SD   87.371
     114    1.197 sec  5.697819  |  keff  1.54146   avg  1.54335   SD   82.326
     115    1.203 sec  5.697033  |  keff  1.54607   avg  1.54353   SD   78.804
     116    1.214 sec  5.695193  |  keff  1.54338   avg  1.54352   SD   73.884
     117    1.213 sec  5.694927  |  keff  1.54539   avg  1.54363   SD   70.356
     118    1.208 sec  5.696148  |  keff  1.54662   avg  1.54380   SD   68.379
     119    1.203 sec  5.697070  |  keff  1.54506   avg  1.54386   SD   65.104
     120    1.203 sec  5.697889  |  keff  1.54267   avg  1.54380   SD   62.122
     121    1.205 sec  5.704039  |  keff  1.54474   avg  1.54385   SD   59.323
     122    1.209 sec  5.702630  |  keff  1.54250   avg  1.54379   SD   56.941
     123    1.213 sec  5.700260  |  keff  1.54276   avg  1.54374   SD   54.640
     124    1.212 sec  5.701143  |  keff  1.54404   avg  1.54376   SD   52.377
     125    1.203 sec  5.701048  |  keff  1.54696   avg  1.54388   SD   51.826
     126    1.206 sec  5.700291  |  keff  1.54251   avg  1.54383   SD   50.100
     127    1.204 sec  5.699073  |  keff  1.54869   avg  1.54401   SD   51.375
     128    1.211 sec  5.700280  |  keff  1.54427   avg  1.54402   SD   49.549
     129    1.213 sec  5.703248  |  keff  1.54285   avg  1.54398   SD   48.003
     130    1.205 sec  5.700704  |  keff  1.54279   avg  1.54394   SD   46.566
     131    1.211 sec  5.700295  |  keff  1.54429   avg  1.54395   SD   45.078
     132    1.206 sec  5.705223  |  keff  1.54443   avg  1.54397   SD   43.694
     133    1.211 sec  5.703734  |  keff  1.54564   avg  1.54402   SD   42.663
     134    1.212 sec  5.704613  |  keff  1.54370   avg  1.54401   SD   41.418
     135    1.204 sec  5.705299  |  keff  1.54349   avg  1.54399   SD   40.262
     136    1.196 sec  5.704686  |  keff  1.54419   avg  1.54400   SD   39.147
     137    1.213 sec  5.709116  |  keff  1.54148   avg  1.54393   SD   38.677
     138    1.204 sec  5.708612  |  keff  1.54881   avg  1.54406   SD   39.735
     139    1.207 sec  5.711296  |  keff  1.54895   avg  1.54418   SD   40.645
     140    1.207 sec  5.707231  |  keff  1.54155   avg  1.54412   SD   40.160
     141    1.199 sec  5.705434  |  keff  1.54097   avg  1.54404   SD   39.908
     142    1.209 sec  5.704683  |  keff  1.54280   avg  1.54401   SD   39.067
     143    1.212 sec  5.708044  |  keff  1.54544   avg  1.54404   SD   38.299
     144    1.206 sec  5.709573  |  keff  1.54341   avg  1.54403   SD   37.455
     145    1.205 sec  5.706271  |  keff  1.54441   avg  1.54404   SD   36.632
     146    1.211 sec  5.703122  |  keff  1.54537   avg  1.54407   SD   35.949
     147    1.198 sec  5.705296  |  keff  1.54667   avg  1.54412   SD   35.609
     148    1.210 sec  5.709344  |  keff  1.54315   avg  1.54410   SD   34.926
     149    1.200 sec  5.710451  |  keff  1.54298   avg  1.54408   SD   34.288
     150    1.209 sec  5.708115  |  keff  1.54282   avg  1.54405   SD   33.694
     151    1.206 sec  5.706528  |  keff  1.54772   avg  1.54413   SD   33.793
     152    1.211 sec  5.709053  |  keff  1.54391   avg  1.54412   SD   33.146
     153    1.211 sec  5.708216  |  keff  1.54357   avg  1.54411   SD   32.537
     154    1.208 sec  5.708869  |  keff  1.54532   avg  1.54413   SD   32.011
     155    1.211 sec  5.708416  |  keff  1.54314   avg  1.54412   SD   31.480
     156    1.202 sec  5.707800  |  keff  1.53873   avg  1.54402   SD   32.356
     157    1.209 sec  5.708024  |  keff  1.54344   avg  1.54401   SD   31.805
     158    1.216 sec  5.711666  |  keff  1.54331   avg  1.54400   SD   31.280
     159    1.203 sec  5.712964  |  keff  1.54392   avg  1.54400   SD   30.750
     160    1.212 sec  5.710952  |  keff  1.53969   avg  1.54392   SD   31.064
     161    1.216 sec  5.711130  |  keff  1.54117   avg  1.54388   SD   30.881
     162    1.209 sec  5.706002  |  keff  1.54396   avg  1.54388   SD   30.383
     163    1.213 sec  5.706595  |  keff  1.54143   avg  1.54384   SD   30.148
     164    1.202 sec  5.706537  |  keff  1.54250   avg  1.54382   SD   29.750
     165    1.206 sec  5.705341  |  keff  1.54525   avg  1.54384   SD   29.373
     166    1.212 sec  5.708252  |  keff  1.54313   avg  1.54383   SD   28.948
     167    1.210 sec  5.704007  |  keff  1.54366   avg  1.54383   SD   28.517
     168    1.212 sec  5.702515  |  keff  1.54655   avg  1.54387   SD   28.376
     169    1.207 sec  5.706793  |  keff  1.54014   avg  1.54382   SD   28.476
     170    1.195 sec  5.707247  |  keff  1.54159   avg  1.54378   SD   28.245
     171    1.212 sec  5.711027  |  keff  1.54159   avg  1.54375   SD   28.015
     172    1.206 sec  5.709553  |  keff  1.54395   avg  1.54376   SD   27.628
     173    1.204 sec  5.710393  |  keff  1.53814   avg  1.54368   SD   28.298
     174    1.209 sec  5.707764  |  keff  1.54486   avg  1.54369   SD   27.961
     175    1.213 sec  5.707560  |  keff  1.54236   avg  1.54368   SD   27.644
     176    1.204 sec  5.704407  |  keff  1.54710   avg  1.54372   SD   27.646
     177    1.209 sec  5.704634  |  keff  1.54213   avg  1.54370   SD   27.364
     178    1.211 sec  5.711485  |  keff  1.54482   avg  1.54372   SD   27.050
     179    1.216 sec  5.709380  |  keff  1.54341   avg  1.54371   SD   26.711
     180    1.201 sec  5.710987  |  keff  1.54466   avg  1.54372   SD   26.403
     181    1.205 sec  5.710097  |  keff  1.54207   avg  1.54370   SD   26.156
     182    1.204 sec  5.708919  |  keff  1.54547   avg  1.54372   SD   25.925
     183    1.219 sec  5.706080  |  keff  1.54694   avg  1.54376   SD   25.900
     184    1.212 sec  5.705530  |  keff  1.54498   avg  1.54378   SD   25.632
     185    1.207 sec  5.704547  |  keff  1.54554   avg  1.54380   SD   25.415
     186    1.210 sec  5.701509  |  keff  1.54203   avg  1.54378   SD   25.202
     187    1.205 sec  5.704176  |  keff  1.54304   avg  1.54377   SD   24.927
     188    1.200 sec  5.701219  |  keff  1.54406   avg  1.54377   SD   24.646
     189    1.203 sec  5.701664  |  keff  1.54717   avg  1.54381   SD   24.662
     190    1.193 sec  5.703548  |  keff  1.54402   avg  1.54381   SD   24.390
     191    1.202 sec  5.704021  |  keff  1.54282   avg  1.54380   SD   24.146
     192    1.202 sec  5.703681  |  keff  1.54481   avg  1.54381   SD   23.908
     193    1.211 sec  5.700492  |  keff  1.54670   avg  1.54384   SD   23.851
     194    1.210 sec  5.703168  |  keff  1.54443   avg  1.54385   SD   23.606
     195    1.194 sec  5.701189  |  keff  1.54206   avg  1.54383   SD   23.432
     196    1.205 sec  5.704768  |  keff  1.54538   avg  1.54385   SD   23.244
     197    1.203 sec  5.701479  |  keff  1.54278   avg  1.54384   SD   23.031
     198    1.200 sec  5.700577  |  keff  1.54441   avg  1.54384   SD   22.803
     199    1.198 sec  5.700597  |  keff  1.54528   avg  1.54386   SD   22.619
     200    1.210 sec  5.706697  |  keff  1.54483   avg  1.54387   SD   22.414
 
    All Simulation Ends...
    - Elapsed time :    241.812 sec    4.03 min
    - Final keff   :   1.543867 +/-  22.414
