    CTRL  READ COMPLETE..
    Continuous Energy Mode...
    Start reading ace-format nuclear data
           1 1001.714nc
           2 8016.714nc
    WARNING :: NYD block exists
           3 92235.714nc
           4 92238.714nc
    Read S(a,b) scattering law tables
           1 hh2o.71t_0293
    ACE Lib. READ COMPLETE...
    CE MAT READ COMPLETE...
    GEOM  READ COMPLETE..
    Setting ugrid...
    Initializing Source...
    Source Initializing Complete...
 
 
    Num of threads      28
    Num of particles    100000
    Transport Simulation Starts...
    1    5.447 sec   1.422843
    2    7.241 sec   1.420983
    3    5.477 sec   1.424906
    4    5.375 sec   1.425011
    5    5.366 sec   1.425048
    6    5.215 sec   1.425605
    7    5.284 sec   1.426756
    8    5.161 sec   1.426698
    9    5.241 sec   1.430482
   10    5.214 sec   1.432433
   11    5.220 sec   1.430053
   12    5.184 sec   1.425119
   13    5.183 sec   1.428556
   14    5.187 sec   1.434998
   15    5.152 sec   1.433287
   16    5.092 sec   1.431767
   17    5.148 sec   1.434384
   18    5.082 sec   1.429736
   19    5.194 sec   1.431417
   20    5.296 sec   1.432168
   21    5.207 sec   1.426022
   22    5.150 sec   1.432129
   23    5.237 sec   1.430311
   24    5.105 sec   1.433098
   25    5.150 sec   1.428237
   26    5.160 sec   1.429289
   27    5.152 sec   1.430598
   28    5.189 sec   1.427005
   29    5.197 sec   1.433381
   30    5.119 sec   1.431837
   31    5.188 sec   1.436672
   32    5.175 sec   1.429179  |   1.432926 +/-  264.920509
   33    5.119 sec   1.434076  |   1.433309 +/-  179.369276
   34    5.209 sec   1.428959  |   1.432222 +/-  164.225316
   35    5.179 sec   1.434833  |   1.432744 +/-  139.437990
   36    5.265 sec   1.427844  |   1.431927 +/-  138.057983
   37    5.110 sec   1.431740  |   1.431900 +/-  118.361253
   38    5.222 sec   1.427630  |   1.431367 +/-  114.977149
   39    5.134 sec   1.425568  |   1.430722 +/-  118.892052
   40    5.197 sec   1.432791  |   1.430929 +/-  108.787866
   41    5.179 sec   1.428931  |   1.430747 +/-  100.403527
   42    5.178 sec   1.429276  |   1.430625 +/-   92.782335
   43    5.209 sec   1.433598  |   1.430854 +/-   88.419324
   44    5.142 sec   1.433418  |   1.431037 +/-   83.978978
   45    5.208 sec   1.432054  |   1.431105 +/-   78.653633
   46    5.152 sec   1.430604  |   1.431073 +/-   73.799854
   47    5.202 sec   1.427821  |   1.430882 +/-   71.895414
   48    5.160 sec   1.429104  |   1.430783 +/-   68.576050
   49    5.183 sec   1.432359  |   1.430866 +/-   65.466669
   50    5.192 sec   1.430800  |   1.430863 +/-   62.194164
   51    5.166 sec   1.430759  |   1.430858 +/-   59.234494
   52    5.116 sec   1.435691  |   1.431078 +/-   60.478375
   53    5.170 sec   1.428938  |   1.430985 +/-   58.560048
   54    5.201 sec   1.435640  |   1.431179 +/-   59.245269
   55    5.253 sec   1.437291  |   1.431423 +/-   61.715168
   56    5.111 sec   1.426034  |   1.431216 +/-   62.725717
   57    5.162 sec   1.432199  |   1.431252 +/-   60.508111
   58    5.180 sec   1.429559  |   1.431192 +/-   58.648455
   59    5.165 sec   1.432604  |   1.431240 +/-   56.828039
   60    5.169 sec   1.427503  |   1.431116 +/-   56.282684
   61    5.206 sec   1.433947  |   1.431207 +/-   55.203329
   62    5.187 sec   1.430267  |   1.431178 +/-   53.556379
   63    5.124 sec   1.430423  |   1.431155 +/-   51.982323
   64    5.230 sec   1.434659  |   1.431258 +/-   51.464785
   65    5.196 sec   1.431260  |   1.431258 +/-   49.994363
   66    5.138 sec   1.428919  |   1.431193 +/-   49.025891
   67    5.175 sec   1.431296  |   1.431196 +/-   47.701660
   68    5.150 sec   1.434167  |   1.431274 +/-   47.082654
   69    5.169 sec   1.430526  |   1.431255 +/-   45.914444
   70    5.183 sec   1.426123  |   1.431127 +/-   46.524562
   71    5.183 sec   1.433072  |   1.431174 +/-   45.631168
   72    5.181 sec   1.433531  |   1.431230 +/-   44.888377
   73    5.174 sec   1.430202  |   1.431206 +/-   43.908082
   74    5.141 sec   1.431571  |   1.431215 +/-   42.917986
   75    5.210 sec   1.434183  |   1.431281 +/-   42.468290
   76    5.171 sec   1.431448  |   1.431284 +/-   41.546623
   77    5.100 sec   1.430954  |   1.431277 +/-   40.668579
   78    5.135 sec   1.430124  |   1.431253 +/-   39.892223
   79    5.137 sec   1.433334  |   1.431296 +/-   39.303449
   80    5.151 sec   1.435871  |   1.431387 +/-   39.568343
   81    5.164 sec   1.434302  |   1.431444 +/-   39.203157
   82    5.122 sec   1.435921  |   1.431530 +/-   39.383051
   83    5.174 sec   1.429848  |   1.431499 +/-   38.767752
   84    5.127 sec   1.428009  |   1.431434 +/-   38.584673
   85    5.218 sec   1.430427  |   1.431416 +/-   37.926530
   86    5.149 sec   1.432369  |   1.431433 +/-   37.287430
   87    5.244 sec   1.427276  |   1.431360 +/-   37.339572
   88    5.290 sec   1.432119  |   1.431373 +/-   36.718734
   89    5.180 sec   1.433056  |   1.431401 +/-   36.207062
   90    5.125 sec   1.427381  |   1.431334 +/-   36.218292
   91    5.139 sec   1.431840  |   1.431343 +/-   35.634024
   92    5.147 sec   1.432793  |   1.431366 +/-   35.135972
   93    5.167 sec   1.430808  |   1.431357 +/-   34.589404
   94    5.178 sec   1.431541  |   1.431360 +/-   34.050142
   95    5.193 sec   1.429761  |   1.431335 +/-   33.615024
   96    5.181 sec   1.431796  |   1.431342 +/-   33.112932
   97    5.142 sec   1.434428  |   1.431388 +/-   32.937412
   98    5.216 sec   1.428648  |   1.431348 +/-   32.698714
   99    5.202 sec   1.431956  |   1.431357 +/-   32.236678
  100    5.242 sec   1.435159  |   1.431411 +/-   32.230443
  101    5.149 sec   1.432740  |   1.431430 +/-   31.830749
  102    5.112 sec   1.427771  |   1.431379 +/-   31.791733
  103    5.179 sec   1.433363  |   1.431406 +/-   31.472131
  104    5.182 sec   1.430270  |   1.431391 +/-   31.084272
  105    5.158 sec   1.427946  |   1.431345 +/-   31.007364
  106    5.111 sec   1.434875  |   1.431392 +/-   30.945314
  107    5.236 sec   1.432093  |   1.431401 +/-   30.556834
  108    5.117 sec   1.432881  |   1.431420 +/-   30.223948
  109    5.162 sec   1.428184  |   1.431379 +/-   30.117630
  110    5.184 sec   1.431692  |   1.431383 +/-   29.743707
  111    5.247 sec   1.428927  |   1.431352 +/-   29.530597
  112    5.206 sec   1.430945  |   1.431347 +/-   29.174649
  113    5.158 sec   1.430623  |   1.431339 +/-   28.836184
  114    5.196 sec   1.428687  |   1.431307 +/-   28.665159
  115    5.134 sec   1.431613  |   1.431311 +/-   28.330188
  116    5.116 sec   1.429394  |   1.431288 +/-   28.088257
  117    5.153 sec   1.436018  |   1.431343 +/-   28.286593
  118    5.148 sec   1.435980  |   1.431395 +/-   28.451822
  119    5.141 sec   1.431799  |   1.431400 +/-   28.135746
  120    5.174 sec   1.427992  |   1.431362 +/-   28.076713
  121    5.202 sec   1.430908  |   1.431357 +/-   27.772609
  122    5.148 sec   1.434704  |   1.431393 +/-   27.707920
  123    5.056 sec   1.436929  |   1.431453 +/-   28.042112
  124    5.209 sec   1.431320  |   1.431452 +/-   27.744149
  125    5.094 sec   1.435677  |   1.431496 +/-   27.806338
  126    5.134 sec   1.431653  |   1.431498 +/-   27.517167
  127    5.113 sec   1.432464  |   1.431508 +/-   27.251502
  128    5.114 sec   1.433379  |   1.431527 +/-   27.040241
  129    5.103 sec   1.427387  |   1.431485 +/-   27.088452
  130    5.093 sec   1.434409  |   1.431514 +/-   26.974981
  131    5.165 sec   1.425055  |   1.431450 +/-   27.455516
  132    5.119 sec   1.428749  |   1.431424 +/-   27.313751
  133    5.117 sec   1.431509  |   1.431425 +/-   27.048694
  134    5.199 sec   1.429560  |   1.431407 +/-   26.847949
  135    5.138 sec   1.429584  |   1.431389 +/-   26.648292
  136    5.168 sec   1.434161  |   1.431415 +/-   26.524878
  137    5.155 sec   1.432606  |   1.431427 +/-   26.300321
  138    5.113 sec   1.432958  |   1.431441 +/-   26.094991
  139    5.141 sec   1.435651  |   1.431479 +/-   26.139843
  140    5.156 sec   1.429774  |   1.431464 +/-   25.948145
  141    5.129 sec   1.433191  |   1.431479 +/-   25.760968
  142    5.120 sec   1.430433  |   1.431470 +/-   25.547880
  143    5.098 sec   1.436712  |   1.431516 +/-   25.739497
  144    5.166 sec   1.428684  |   1.431492 +/-   25.633352
  145    5.118 sec   1.429360  |   1.431473 +/-   25.477396
  146    5.117 sec   1.431903  |   1.431477 +/-   25.260464
  147    5.133 sec   1.427361  |   1.431442 +/-   25.288368
  148    5.111 sec   1.428439  |   1.431416 +/-   25.201785
  149    5.088 sec   1.429744  |   1.431402 +/-   25.029159
  150    5.098 sec   1.434598  |   1.431429 +/-   24.961901
  151    5.155 sec   1.432976  |   1.431442 +/-   24.788339
  152    5.054 sec   1.434099  |   1.431463 +/-   24.680682
  153    5.154 sec   1.429856  |   1.431450 +/-   24.514615
  154    5.113 sec   1.428002  |   1.431422 +/-   24.474138
  155    5.106 sec   1.430608  |   1.431416 +/-   24.287011
  156    5.193 sec   1.429169  |   1.431398 +/-   24.159634
  157    5.206 sec   1.432726  |   1.431409 +/-   23.992013
  158    5.177 sec   1.432519  |   1.431417 +/-   23.820242
  159    5.078 sec   1.431440  |   1.431417 +/-   23.635595
  160    5.126 sec   1.434214  |   1.431439 +/-   23.551452
  161    5.121 sec   1.427065  |   1.431405 +/-   23.607120
  162    5.108 sec   1.432211  |   1.431412 +/-   23.436158
  163    5.267 sec   1.434967  |   1.431438 +/-   23.411876
  164    5.107 sec   1.430111  |   1.431428 +/-   23.258118
  165    5.121 sec   1.433510  |   1.431444 +/-   23.136876
  166    5.236 sec   1.431434  |   1.431444 +/-   22.966753
  167    5.113 sec   1.432560  |   1.431452 +/-   22.813550
  168    5.121 sec   1.431980  |   1.431456 +/-   22.651439
  169    5.135 sec   1.434407  |   1.431477 +/-   22.587736
  170    5.190 sec   1.433379  |   1.431491 +/-   22.467227
  171    5.137 sec   1.432080  |   1.431495 +/-   22.311773
  172    5.134 sec   1.434201  |   1.431514 +/-   22.235915
  173    5.093 sec   1.431265  |   1.431512 +/-   22.081100
  174    5.195 sec   1.430839  |   1.431507 +/-   21.932706
  175    5.159 sec   1.434207  |   1.431526 +/-   21.860336
  176    5.145 sec   1.430019  |   1.431516 +/-   21.734975
  177    5.169 sec   1.430538  |   1.431509 +/-   21.597282
  178    5.211 sec   1.432635  |   1.431517 +/-   21.464757
  179    5.172 sec   1.430006  |   1.431506 +/-   21.344614
  180    5.129 sec   1.426986  |   1.431476 +/-   21.413969
  181    5.170 sec   1.434408  |   1.431496 +/-   21.359977
  182    5.141 sec   1.430872  |   1.431492 +/-   21.223393
  183    5.171 sec   1.431093  |   1.431489 +/-   21.086276
  184    5.096 sec   1.429916  |   1.431479 +/-   20.974068
  185    5.172 sec   1.428491  |   1.431460 +/-   20.927142
  186    5.151 sec   1.430173  |   1.431451 +/-   20.809228
  187    5.129 sec   1.430642  |   1.431446 +/-   20.683066
  188    5.069 sec   1.431720  |   1.431448 +/-   20.552887
  189    5.169 sec   1.435633  |   1.431474 +/-   20.591484
  190    5.167 sec   1.430067  |   1.431465 +/-   20.481571
  191    5.122 sec   1.431788  |   1.431467 +/-   20.355336
  192    5.074 sec   1.435844  |   1.431494 +/-   20.408183
  193    5.085 sec   1.429537  |   1.431482 +/-   20.318280
  194    5.047 sec   1.437743  |   1.431521 +/-   20.549854
  195    5.109 sec   1.430117  |   1.431512 +/-   20.442908
  196    5.184 sec   1.432183  |   1.431516 +/-   20.323754
  197    5.163 sec   1.432983  |   1.431525 +/-   20.221021
  198    5.129 sec   1.431362  |   1.431524 +/-   20.100890
  199    5.118 sec   1.431634  |   1.431525 +/-   19.982056
  200    5.160 sec   1.435361  |   1.431547 +/-   19.991526
  201    5.153 sec   1.432111  |   1.431550 +/-   19.877332
  202    5.124 sec   1.429074  |   1.431536 +/-   19.813835
  203    5.132 sec   1.435351  |   1.431558 +/-   19.821634
  204    5.133 sec   1.432062  |   1.431561 +/-   19.709833
  205    5.118 sec   1.434393  |   1.431577 +/-   19.663535
  206    5.192 sec   1.428859  |   1.431562 +/-   19.612381
  207    5.085 sec   1.434504  |   1.431578 +/-   19.571908
  208    5.132 sec   1.431160  |   1.431576 +/-   19.463364
  209    5.033 sec   1.429918  |   1.431567 +/-   19.376665
  210    5.119 sec   1.425236  |   1.431532 +/-   19.585619
  211    5.214 sec   1.431219  |   1.431530 +/-   19.478175
  212    5.131 sec   1.435926  |   1.431554 +/-   19.520312
  213    5.146 sec   1.428003  |   1.431535 +/-   19.509830
  214    5.057 sec   1.431933  |   1.431537 +/-   19.404999
  215    5.121 sec   1.428808  |   1.431522 +/-   19.356097
  216    5.081 sec   1.438633  |   1.431560 +/-   19.625919
  217    5.170 sec   1.435825  |   1.431583 +/-   19.653017
  218    5.161 sec   1.435297  |   1.431603 +/-   19.647507
  219    5.163 sec   1.430420  |   1.431597 +/-   19.553521
  220    5.104 sec   1.428318  |   1.431579 +/-   19.526586
  221    5.244 sec   1.434061  |   1.431592 +/-   19.467523
  222    5.149 sec   1.432619  |   1.431598 +/-   19.373471
  223    5.186 sec   1.427898  |   1.431578 +/-   19.367703
  224    5.140 sec   1.431408  |   1.431578 +/-   19.268068
  225    5.127 sec   1.434335  |   1.431592 +/-   19.221077
  226    5.142 sec   1.434728  |   1.431608 +/-   19.189515
  227    5.154 sec   1.429387  |   1.431596 +/-   19.125195
  228    5.078 sec   1.429894  |   1.431588 +/-   19.047930
  229    5.124 sec   1.427133  |   1.431565 +/-   19.083317
  230    5.149 sec   1.432119  |   1.431568 +/-   18.989910
  231    5.140 sec   1.435443  |   1.431588 +/-   18.993010
  232    5.126 sec   1.431586  |   1.431588 +/-   18.898985
  233    5.152 sec   1.432864  |   1.431594 +/-   18.816346
  234    5.194 sec   1.432295  |   1.431597 +/-   18.727251
  235    5.165 sec   1.426811  |   1.431574 +/-   18.780880
  236    5.155 sec   1.425206  |   1.431543 +/-   18.942416
  237    5.191 sec   1.431634  |   1.431543 +/-   18.850958
  238    5.183 sec   1.430136  |   1.431537 +/-   18.772461
  239    5.215 sec   1.428556  |   1.431522 +/-   18.736720
  240    5.132 sec   1.431235  |   1.431521 +/-   18.647996
  241    5.080 sec   1.432957  |   1.431528 +/-   18.572026
  242    5.176 sec   1.427888  |   1.431511 +/-   18.563613
  243    5.095 sec   1.429247  |   1.431500 +/-   18.506845
  244    5.136 sec   1.429779  |   1.431492 +/-   18.437835
  245    5.102 sec   1.432376  |   1.431496 +/-   18.356663
  246    5.177 sec   1.434865  |   1.431512 +/-   18.337824
  247    5.167 sec   1.426734  |   1.431490 +/-   18.384991
  248    5.066 sec   1.425879  |   1.431464 +/-   18.479928
  249    5.178 sec   1.431612  |   1.431465 +/-   18.395668
  250    5.150 sec   1.431057  |   1.431463 +/-   18.312986
  251    5.139 sec   1.425901  |   1.431438 +/-   18.402257
  252    5.122 sec   1.430022  |   1.431431 +/-   18.330409
  253    5.117 sec   1.432971  |   1.431438 +/-   18.261205
  254    5.144 sec   1.428667  |   1.431426 +/-   18.221540
  255    5.116 sec   1.429646  |   1.431418 +/-   18.157721
  256    5.105 sec   1.428627  |   1.431406 +/-   18.119322
  257    5.107 sec   1.426919  |   1.431386 +/-   18.146996
  258    5.155 sec   1.430577  |   1.431382 +/-   18.070874
  259    5.125 sec   1.429824  |   1.431375 +/-   18.004767
  260    5.188 sec   1.430792  |   1.431373 +/-   17.928272
  261    5.094 sec   1.430579  |   1.431369 +/-   17.853956
  262    5.162 sec   1.431885  |   1.431372 +/-   17.778385
  263    5.067 sec   1.427859  |   1.431357 +/-   17.765895
  264    5.085 sec   1.435097  |   1.431373 +/-   17.761743
  265    5.159 sec   1.431260  |   1.431372 +/-   17.686226
  266    5.066 sec   1.434710  |   1.431386 +/-   17.667748
  267    5.115 sec   1.429544  |   1.431378 +/-   17.610285
  268    5.119 sec   1.429665  |   1.431371 +/-   17.551003
  269    5.156 sec   1.432024  |   1.431374 +/-   17.479693
  270    5.151 sec   1.429734  |   1.431367 +/-   17.420207
  271    5.111 sec   1.430395  |   1.431363 +/-   17.352590
  272    5.177 sec   1.424331  |   1.431334 +/-   17.522476
  273    5.118 sec   1.437529  |   1.431360 +/-   17.634874
  274    5.124 sec   1.434064  |   1.431371 +/-   17.597389
  275    5.144 sec   1.430549  |   1.431367 +/-   17.528756
  276    5.102 sec   1.425530  |   1.431344 +/-   17.617374
  277    5.148 sec   1.431917  |   1.431346 +/-   17.547576
  278    5.152 sec   1.432486  |   1.431350 +/-   17.482836
  279    5.105 sec   1.431303  |   1.431350 +/-   17.412634
  280    5.054 sec   1.432871  |   1.431356 +/-   17.353608
  281    5.116 sec   1.430836  |   1.431354 +/-   17.285707
  282    5.105 sec   1.434936  |   1.431369 +/-   17.275464
  283    5.129 sec   1.430489  |   1.431365 +/-   17.210682
  284    5.112 sec   1.431254  |   1.431365 +/-   17.142979
  285    5.093 sec   1.435734  |   1.431382 +/-   17.161158
  286    5.150 sec   1.429274  |   1.431373 +/-   17.113857
  287    5.043 sec   1.436266  |   1.431393 +/-   17.152840
  288    5.069 sec   1.437753  |   1.431417 +/-   17.262602
  289    5.193 sec   1.430820  |   1.431415 +/-   17.197490
  290    5.132 sec   1.428410  |   1.431403 +/-   17.170137
  291    5.158 sec   1.430976  |   1.431402 +/-   17.105132
  292    5.070 sec   1.429238  |   1.431393 +/-   17.059778
  293    5.158 sec   1.432225  |   1.431397 +/-   16.997840
  294    5.119 sec   1.424240  |   1.431369 +/-   17.148248
  295    5.167 sec   1.432682  |   1.431374 +/-   17.090687
  296    5.076 sec   1.430669  |   1.431372 +/-   17.028492
  297    5.151 sec   1.432795  |   1.431377 +/-   16.973055
  298    5.107 sec   1.432432  |   1.431381 +/-   16.914284
  299    5.118 sec   1.430414  |   1.431377 +/-   16.855222
  300    5.101 sec   1.431998  |   1.431380 +/-   16.794365
  301    5.055 sec   1.436389  |   1.431398 +/-   16.833824
  302    5.151 sec   1.433289  |   1.431405 +/-   16.786274
  303    5.162 sec   1.431715  |   1.431406 +/-   16.725169
  304    5.192 sec   1.431336  |   1.431406 +/-   16.664148
  305    5.140 sec   1.429369  |   1.431399 +/-   16.620002
  306    5.143 sec   1.431382  |   1.431399 +/-   16.559785
  307    5.113 sec   1.437509  |   1.431421 +/-   16.646288
  308    5.100 sec   1.427353  |   1.431406 +/-   16.650597
  309    5.088 sec   1.432120  |   1.431409 +/-   16.592882
  310    5.123 sec   1.428482  |   1.431398 +/-   16.566519
  311    5.081 sec   1.433525  |   1.431406 +/-   16.524842
  312    5.110 sec   1.432652  |   1.431410 +/-   16.472152
  313    5.115 sec   1.429116  |   1.431402 +/-   16.433886
  314    5.114 sec   1.435500  |   1.431416 +/-   16.439257
  315    5.103 sec   1.433023  |   1.431422 +/-   16.391241
  316    5.162 sec   1.434679  |   1.431433 +/-   16.373447
  317    5.163 sec   1.434389  |   1.431444 +/-   16.348749
  318    5.203 sec   1.431783  |   1.431445 +/-   16.292407
  319    5.100 sec   1.432600  |   1.431449 +/-   16.240937
  320    5.149 sec   1.433170  |   1.431455 +/-   16.195773
  321    5.146 sec   1.430539  |   1.431452 +/-   16.143176
  322    5.140 sec   1.428591  |   1.431442 +/-   16.117591
  323    5.120 sec   1.429788  |   1.431436 +/-   16.072464
  324    5.211 sec   1.427273  |   1.431422 +/-   16.080072
  325    5.139 sec   1.431091  |   1.431421 +/-   16.025954
  326    5.132 sec   1.434586  |   1.431432 +/-   16.007446
  327    5.129 sec   1.427559  |   1.431419 +/-   16.006575
  328    5.105 sec   1.427773  |   1.431406 +/-   15.999554
  329    5.107 sec   1.437428  |   1.431427 +/-   16.072303
  330    5.127 sec   1.437220  |   1.431446 +/-   16.134329
    All Simulation Ends...
 
    Final keff :   1.431446 +/-    16.134
