    CTRL  READ COMPLETE..
    Continuous Energy Mode...
    Start reading ace-format nuclear data
           1 1001.714nc
           2 8016.714nc
    WARNING :: NYD block exists
           3 92235.714nc
           4 92238.714nc
    Read S(a,b) scattering law tables
           1 hh2o.71t_0293
    ACE Lib. READ COMPLETE...
    CE MAT READ COMPLETE...
    GEOM  READ COMPLETE..
    Setting ugrid...
    Initializing Source...
    Source Initializing Complete...
 
 
    Num of threads      28
    Num of particles    100000
    Transport Simulation Starts...
    1    5.217 sec   1.422843
    2    6.845 sec   1.419316
    3    5.266 sec   1.422676
    4    5.167 sec   1.419846
    5    5.117 sec   1.425535
    6    5.034 sec   1.428550
    7    5.095 sec   1.427577
    8    5.031 sec   1.425891
    9    5.033 sec   1.427284
   10    5.059 sec   1.427071
   11    5.024 sec   1.431370
   12    5.052 sec   1.432378
   13    5.005 sec   1.431152
   14    4.927 sec   1.428794
   15    5.001 sec   1.432303
   16    4.960 sec   1.433295
   17    5.015 sec   1.432954
   18    4.968 sec   1.432162
   19    4.933 sec   1.429804
   20    5.002 sec   1.434019
   21    4.966 sec   1.431016
   22    4.935 sec   1.427542
   23    4.979 sec   1.432048
   24    4.891 sec   1.432953
   25    5.034 sec   1.430683
   26    5.033 sec   1.429264
   27    5.023 sec   1.434157
   28    5.007 sec   1.429145
   29    4.856 sec   1.435673
   30    4.975 sec   1.431478
   31    4.986 sec   1.424692
   32    4.962 sec   1.433953  |   1.429323 +/-  327.419796
   33    4.969 sec   1.432104  |   1.430250 +/-  231.030338
   34    4.947 sec   1.435309  |   1.431515 +/-  204.985654
   35    5.019 sec   1.429156  |   1.431043 +/-  169.330523
   36    5.000 sec   1.434956  |   1.431695 +/-  153.156347
   37    4.975 sec   1.429740  |   1.431416 +/-  133.798984
   38    5.028 sec   1.431642  |   1.431444 +/-  117.103899
   39    4.999 sec   1.430722  |   1.431364 +/-  104.366384
   40    5.001 sec   1.431949  |   1.431422 +/-   94.093577
   41    4.987 sec   1.435114  |   1.431758 +/-   91.330076
   42    5.069 sec   1.431439  |   1.431731 +/-   83.757964
   43    4.905 sec   1.432312  |   1.431776 +/-   77.434132
   44    4.957 sec   1.428483  |   1.431541 +/-   75.391245
   45    4.943 sec   1.434197  |   1.431718 +/-   72.414865
   46    5.060 sec   1.434599  |   1.431898 +/-   70.091975
   47    4.969 sec   1.432669  |   1.431943 +/-   66.115473
   48    4.975 sec   1.432760  |   1.431989 +/-   62.597815
   49    4.938 sec   1.433094  |   1.432047 +/-   59.572810
   50    5.019 sec   1.433397  |   1.432114 +/-   56.975155
   51    5.054 sec   1.435824  |   1.432291 +/-   56.934167
   52    4.903 sec   1.429659  |   1.432171 +/-   55.589035
   53    4.913 sec   1.434702  |   1.432281 +/-   54.249903
   54    4.926 sec   1.431713  |   1.432258 +/-   52.041126
   55    4.990 sec   1.428631  |   1.432113 +/-   51.941534
   56    4.982 sec   1.431936  |   1.432106 +/-   49.948233
   57    5.002 sec   1.433185  |   1.432146 +/-   48.257868
   58    4.944 sec   1.429636  |   1.432056 +/-   47.359714
   59    5.030 sec   1.433202  |   1.432096 +/-   45.891299
   60    5.063 sec   1.432583  |   1.432112 +/-   44.390387
   61    4.941 sec   1.432406  |   1.432121 +/-   42.968545
   62    4.939 sec   1.431377  |   1.432098 +/-   41.688728
   63    4.947 sec   1.433528  |   1.432141 +/-   40.649994
   64    4.890 sec   1.428027  |   1.432020 +/-   41.216015
   65    4.898 sec   1.434529  |   1.432092 +/-   40.656878
   66    4.967 sec   1.434173  |   1.432150 +/-   39.936468
   67    4.948 sec   1.434993  |   1.432227 +/-   39.589385
   68    4.979 sec   1.429702  |   1.432160 +/-   39.101218
   69    5.030 sec   1.433478  |   1.432194 +/-   38.244396
   70    5.021 sec   1.427949  |   1.432088 +/-   38.732489
   71    4.915 sec   1.429554  |   1.432026 +/-   38.277670
   72    4.992 sec   1.437254  |   1.432151 +/-   39.338266
   73    4.916 sec   1.428856  |   1.432074 +/-   39.162380
   74    4.952 sec   1.429173  |   1.432008 +/-   38.823469
   75    4.996 sec   1.432752  |   1.432025 +/-   37.995880
   76    4.909 sec   1.434421  |   1.432077 +/-   37.525461
   77    4.921 sec   1.431951  |   1.432074 +/-   36.728004
   78    4.947 sec   1.429016  |   1.432010 +/-   36.511355
   79    4.978 sec   1.432222  |   1.432015 +/-   35.768785
   80    5.002 sec   1.435645  |   1.432087 +/-   35.782678
   81    5.040 sec   1.433683  |   1.432119 +/-   35.217619
   82    5.002 sec   1.429125  |   1.432061 +/-   35.007663
   83    4.984 sec   1.430173  |   1.432025 +/-   34.527865
   84    4.971 sec   1.438225  |   1.432140 +/-   35.746301
   85    4.961 sec   1.433011  |   1.432156 +/-   35.131390
   86    4.956 sec   1.434279  |   1.432194 +/-   34.708083
   87    5.024 sec   1.427845  |   1.432118 +/-   34.927623
   88    4.937 sec   1.437993  |   1.432219 +/-   35.764395
   89    5.018 sec   1.430920  |   1.432197 +/-   35.225909
   90    4.934 sec   1.431828  |   1.432191 +/-   34.644169
   91    5.038 sec   1.431440  |   1.432178 +/-   34.098085
   92    5.090 sec   1.424612  |   1.432056 +/-   35.664997
   93    4.948 sec   1.426876  |   1.431974 +/-   36.034274
   94    4.988 sec   1.433000  |   1.431990 +/-   35.506861
   95    4.961 sec   1.429772  |   1.431956 +/-   35.124160
   96    4.959 sec   1.433699  |   1.431983 +/-   34.691090
   97    4.961 sec   1.432723  |   1.431994 +/-   34.190898
   98    5.007 sec   1.431449  |   1.431986 +/-   33.697467
   99    4.913 sec   1.433965  |   1.432014 +/-   33.331030
  100    4.996 sec   1.429316  |   1.431976 +/-   33.077060
  101    5.038 sec   1.431966  |   1.431976 +/-   32.611189
  102    4.997 sec   1.430553  |   1.431956 +/-   32.218066
  103    4.986 sec   1.430442  |   1.431935 +/-   31.843408
  104    4.954 sec   1.433724  |   1.431959 +/-   31.504712
  105    5.046 sec   1.424868  |   1.431865 +/-   32.472370
  106    4.982 sec   1.425577  |   1.431782 +/-   33.082107
  107    4.996 sec   1.429654  |   1.431754 +/-   32.767690
  108    4.988 sec   1.433084  |   1.431771 +/-   32.391902
  109    5.042 sec   1.427916  |   1.431723 +/-   32.347465
  110    4.965 sec   1.437005  |   1.431789 +/-   32.610132
  111    5.018 sec   1.431373  |   1.431783 +/-   32.211576
  112    4.955 sec   1.429147  |   1.431751 +/-   31.978794
  113    4.978 sec   1.434472  |   1.431784 +/-   31.761010
  114    4.987 sec   1.428963  |   1.431751 +/-   31.560026
  115    5.032 sec   1.424320  |   1.431663 +/-   32.376909
  116    4.954 sec   1.434239  |   1.431693 +/-   32.138723
  117    5.031 sec   1.433297  |   1.431711 +/-   31.822143
  118    5.017 sec   1.431148  |   1.431705 +/-   31.466958
  119    4.931 sec   1.427882  |   1.431662 +/-   31.405291
  120    5.006 sec   1.429221  |   1.431635 +/-   31.173294
  121    4.961 sec   1.428149  |   1.431597 +/-   31.065175
  122    5.029 sec   1.429929  |   1.431579 +/-   30.780375
  123    4.964 sec   1.434072  |   1.431605 +/-   30.565963
  124    4.996 sec   1.432203  |   1.431612 +/-   30.247407
  125    4.950 sec   1.432731  |   1.431624 +/-   29.951969
  126    4.949 sec   1.436552  |   1.431675 +/-   30.076812
  127    4.988 sec   1.434253  |   1.431701 +/-   29.883955
  128    4.965 sec   1.432567  |   1.431710 +/-   29.592079
  129    4.989 sec   1.425093  |   1.431643 +/-   30.038494
  130    4.978 sec   1.435207  |   1.431679 +/-   29.948692
  131    5.031 sec   1.430712  |   1.431669 +/-   29.667466
  132    5.043 sec   1.426399  |   1.431618 +/-   29.823168
  133    5.001 sec   1.432481  |   1.431626 +/-   29.545383
  134    5.032 sec   1.430023  |   1.431611 +/-   29.301468
  135    4.919 sec   1.433887  |   1.431632 +/-   29.102502
  136    4.996 sec   1.429289  |   1.431610 +/-   28.911767
  137    4.975 sec   1.425883  |   1.431557 +/-   29.132852
  138    4.994 sec   1.432689  |   1.431567 +/-   28.881955
  139    4.929 sec   1.431881  |   1.431570 +/-   28.618413
  140    4.972 sec   1.431783  |   1.431572 +/-   28.358897
  141    5.005 sec   1.430861  |   1.431566 +/-   28.110637
  142    4.946 sec   1.435950  |   1.431605 +/-   28.130827
  143    4.965 sec   1.429195  |   1.431584 +/-   27.962611
  144    4.879 sec   1.433548  |   1.431601 +/-   27.770394
  145    4.937 sec   1.435200  |   1.431632 +/-   27.704763
  146    4.955 sec   1.428736  |   1.431607 +/-   27.578184
  147    4.997 sec   1.432446  |   1.431614 +/-   27.351790
  148    5.000 sec   1.430706  |   1.431607 +/-   27.130827
  149    4.971 sec   1.436409  |   1.431647 +/-   27.201373
  150    5.032 sec   1.430923  |   1.431641 +/-   26.981390
  151    4.955 sec   1.433458  |   1.431656 +/-   26.800173
  152    4.934 sec   1.432762  |   1.431665 +/-   26.595839
  153    5.006 sec   1.428986  |   1.431643 +/-   26.468633
  154    4.960 sec   1.428380  |   1.431617 +/-   26.385714
  155    4.945 sec   1.430986  |   1.431612 +/-   26.179449
  156    5.001 sec   1.433209  |   1.431625 +/-   26.002335
  157    4.960 sec   1.434370  |   1.431646 +/-   25.887269
  158    5.028 sec   1.433770  |   1.431663 +/-   25.738149
  159    5.032 sec   1.430687  |   1.431655 +/-   25.549737
  160    4.972 sec   1.432015  |   1.431658 +/-   25.354703
  161    4.981 sec   1.431489  |   1.431657 +/-   25.161482
  162    5.022 sec   1.434121  |   1.431675 +/-   25.040034
  163    4.957 sec   1.434777  |   1.431699 +/-   24.960093
  164    4.975 sec   1.427144  |   1.431665 +/-   25.004226
  165    4.961 sec   1.431756  |   1.431665 +/-   24.819100
  166    4.939 sec   1.432488  |   1.431671 +/-   24.643980
  167    5.024 sec   1.431793  |   1.431672 +/-   24.464257
  168    5.019 sec   1.429962  |   1.431660 +/-   24.318365
  169    4.987 sec   1.426633  |   1.431624 +/-   24.410822
  170    4.957 sec   1.432907  |   1.431633 +/-   24.253661
  171    4.963 sec   1.432322  |   1.431638 +/-   24.086576
  172    4.982 sec   1.431173  |   1.431634 +/-   23.919171
  173    4.964 sec   1.436272  |   1.431667 +/-   23.970789
  174    5.040 sec   1.433672  |   1.431681 +/-   23.844736
  175    4.998 sec   1.435404  |   1.431707 +/-   23.818131
  176    5.019 sec   1.433069  |   1.431716 +/-   23.673279
  177    4.964 sec   1.430719  |   1.431709 +/-   23.521951
  178    4.955 sec   1.431569  |   1.431708 +/-   23.363210
  179    4.938 sec   1.433289  |   1.431719 +/-   23.230479
  180    5.018 sec   1.431805  |   1.431719 +/-   23.075680
  181    4.984 sec   1.428224  |   1.431696 +/-   23.038639
  182    5.001 sec   1.435021  |   1.431718 +/-   22.990653
  183    4.984 sec   1.430052  |   1.431707 +/-   22.866166
  184    4.934 sec   1.437124  |   1.431742 +/-   22.986659
  185    4.984 sec   1.427954  |   1.431718 +/-   22.967903
  186    4.976 sec   1.429457  |   1.431703 +/-   22.866369
  187    5.077 sec   1.431302  |   1.431701 +/-   22.722155
  188    5.028 sec   1.434222  |   1.431717 +/-   22.634325
  189    4.971 sec   1.432122  |   1.431719 +/-   22.493404
  190    4.950 sec   1.432082  |   1.431722 +/-   22.353962
  191    4.938 sec   1.433958  |   1.431735 +/-   22.258229
  192    4.965 sec   1.430038  |   1.431725 +/-   22.145484
  193    5.014 sec   1.428816  |   1.431707 +/-   22.081399
  194    5.037 sec   1.430873  |   1.431702 +/-   21.952608
  195    4.951 sec   1.436653  |   1.431732 +/-   22.023672
  196    5.018 sec   1.437629  |   1.431768 +/-   22.175638
  197    4.940 sec   1.434228  |   1.431782 +/-   22.091741
  198    4.875 sec   1.430586  |   1.431775 +/-   21.971713
  199    5.018 sec   1.430019  |   1.431765 +/-   21.866274
  200    4.998 sec   1.432301  |   1.431768 +/-   21.739923
  201    4.952 sec   1.431837  |   1.431768 +/-   21.612826
  202    4.970 sec   1.431201  |   1.431765 +/-   21.489689
  203    4.976 sec   1.427763  |   1.431742 +/-   21.489597
  204    4.912 sec   1.429950  |   1.431732 +/-   21.390744
  205    5.048 sec   1.427890  |   1.431710 +/-   21.380838
  206    4.965 sec   1.428965  |   1.431694 +/-   21.316152
  207    5.028 sec   1.429360  |   1.431681 +/-   21.236469
  208    4.959 sec   1.431813  |   1.431682 +/-   21.117292
  209    4.988 sec   1.430305  |   1.431674 +/-   21.013321
  210    4.936 sec   1.429048  |   1.431659 +/-   20.947161
  211    4.887 sec   1.435426  |   1.431680 +/-   20.934566
  212    5.017 sec   1.434022  |   1.431693 +/-   20.859034
  213    4.897 sec   1.427978  |   1.431673 +/-   20.843580
  214    4.919 sec   1.428575  |   1.431656 +/-   20.798171
  215    5.028 sec   1.432032  |   1.431658 +/-   20.686744
  216    4.918 sec   1.431789  |   1.431659 +/-   20.575644
  217    5.039 sec   1.428586  |   1.431642 +/-   20.531133
  218    5.001 sec   1.427862  |   1.431622 +/-   20.520148
  219    4.976 sec   1.431563  |   1.431622 +/-   20.411600
  220    5.054 sec   1.434718  |   1.431638 +/-   20.369099
  221    4.999 sec   1.430436  |   1.431632 +/-   20.272178
  222    4.964 sec   1.430585  |   1.431626 +/-   20.173930
  223    5.001 sec   1.430890  |   1.431623 +/-   20.073012
  224    5.060 sec   1.430876  |   1.431619 +/-   19.973226
  225    4.974 sec   1.430350  |   1.431612 +/-   19.881397
  226    4.973 sec   1.429328  |   1.431601 +/-   19.814094
  227    4.959 sec   1.431180  |   1.431598 +/-   19.714666
  228    4.993 sec   1.431069  |   1.431596 +/-   19.616911
  229    5.078 sec   1.434463  |   1.431610 +/-   19.571192
  230    4.986 sec   1.427175  |   1.431588 +/-   19.598555
  231    4.937 sec   1.435338  |   1.431607 +/-   19.589629
  232    5.093 sec   1.432709  |   1.431612 +/-   19.500252
  233    5.012 sec   1.429922  |   1.431604 +/-   19.421966
  234    5.016 sec   1.429945  |   1.431596 +/-   19.343765
  235    4.961 sec   1.434905  |   1.431612 +/-   19.316645
  236    4.966 sec   1.430526  |   1.431606 +/-   19.230061
  237    4.972 sec   1.426191  |   1.431580 +/-   19.314272
  238    5.006 sec   1.430207  |   1.431574 +/-   19.232693
  239    5.015 sec   1.430653  |   1.431569 +/-   19.145719
  240    5.010 sec   1.432138  |   1.431572 +/-   19.056462
  241    5.055 sec   1.430340  |   1.431566 +/-   18.975089
  242    4.912 sec   1.426174  |   1.431541 +/-   19.055305
  243    4.969 sec   1.430574  |   1.431536 +/-   18.971252
  244    4.957 sec   1.431613  |   1.431537 +/-   18.882635
  245    4.947 sec   1.425851  |   1.431510 +/-   18.979109
  246    4.960 sec   1.432804  |   1.431516 +/-   18.900693
  247    4.974 sec   1.430145  |   1.431510 +/-   18.824158
  248    5.015 sec   1.432076  |   1.431512 +/-   18.739597
  249    4.949 sec   1.432463  |   1.431517 +/-   18.659054
  250    4.995 sec   1.434120  |   1.431529 +/-   18.611715
  251    4.960 sec   1.433023  |   1.431535 +/-   18.539777
  252    4.964 sec   1.429659  |   1.431527 +/-   18.475520
  253    4.949 sec   1.435702  |   1.431546 +/-   18.487270
  254    4.983 sec   1.434785  |   1.431560 +/-   18.461200
  255    4.932 sec   1.434451  |   1.431573 +/-   18.423795
  256    4.910 sec   1.435763  |   1.431591 +/-   18.435344
  257    4.998 sec   1.430704  |   1.431588 +/-   18.358279
  258    5.017 sec   1.428512  |   1.431574 +/-   18.327243
  259    4.971 sec   1.434977  |   1.431589 +/-   18.307365
  260    4.963 sec   1.428177  |   1.431574 +/-   18.287765
  261    5.045 sec   1.431629  |   1.431574 +/-   18.208612
  262    4.979 sec   1.429431  |   1.431565 +/-   18.153558
  263    4.905 sec   1.432242  |   1.431568 +/-   18.077974
  264    4.985 sec   1.432225  |   1.431571 +/-   18.002895
  265    4.969 sec   1.431737  |   1.431571 +/-   17.926425
  266    5.049 sec   1.434548  |   1.431584 +/-   17.894779
  267    4.961 sec   1.435418  |   1.431600 +/-   17.892229
  268    4.967 sec   1.432593  |   1.431604 +/-   17.821908
  269    4.979 sec   1.433159  |   1.431611 +/-   17.759203
  270    4.957 sec   1.430777  |   1.431607 +/-   17.688604
  271    5.036 sec   1.430027  |   1.431601 +/-   17.627357
  272    5.096 sec   1.427311  |   1.431583 +/-   17.643427
  273    5.007 sec   1.431520  |   1.431583 +/-   17.570839
  274    5.037 sec   1.431684  |   1.431583 +/-   17.498877
  275    4.983 sec   1.425232  |   1.431557 +/-   17.618462
  276    4.962 sec   1.436441  |   1.431577 +/-   17.658352
  277    5.020 sec   1.431507  |   1.431577 +/-   17.586883
  278    5.021 sec   1.432938  |   1.431582 +/-   17.524530
  279    4.949 sec   1.432714  |   1.431587 +/-   17.460037
  280    4.976 sec   1.433445  |   1.431594 +/-   17.406005
  281    4.954 sec   1.433697  |   1.431603 +/-   17.356800
  282    4.994 sec   1.432020  |   1.431604 +/-   17.288713
  283    5.046 sec   1.431983  |   1.431606 +/-   17.221025
  284    4.963 sec   1.435226  |   1.431620 +/-   17.212083
  285    4.950 sec   1.431258  |   1.431619 +/-   17.145173
  286    4.993 sec   1.434179  |   1.431629 +/-   17.107336
  287    4.952 sec   1.427535  |   1.431613 +/-   17.114785
  288    5.010 sec   1.433960  |   1.431622 +/-   17.072601
  289    4.962 sec   1.431049  |   1.431620 +/-   17.008116
  290    4.987 sec   1.426965  |   1.431602 +/-   17.036683
  291    4.955 sec   1.430231  |   1.431597 +/-   16.979498
  292    5.007 sec   1.434170  |   1.431606 +/-   16.943066
  293    4.951 sec   1.429691  |   1.431599 +/-   16.894297
  294    5.007 sec   1.431269  |   1.431598 +/-   16.830767
  295    4.956 sec   1.431003  |   1.431596 +/-   16.768752
  296    5.022 sec   1.430246  |   1.431591 +/-   16.713381
  297    5.020 sec   1.429537  |   1.431583 +/-   16.668475
  298    5.016 sec   1.430797  |   1.431580 +/-   16.608855
  299    5.041 sec   1.430202  |   1.431575 +/-   16.555009
  300    4.956 sec   1.434293  |   1.431585 +/-   16.524276
  301    4.948 sec   1.433441  |   1.431592 +/-   16.477486
  302    5.018 sec   1.433920  |   1.431600 +/-   16.439129
  303    4.983 sec   1.429373  |   1.431592 +/-   16.399138
  304    5.001 sec   1.432498  |   1.431595 +/-   16.342621
  305    4.950 sec   1.435191  |   1.431609 +/-   16.335410
  306    5.003 sec   1.433880  |   1.431617 +/-   16.296936
  307    4.947 sec   1.433709  |   1.431624 +/-   16.255598
  308    5.101 sec   1.434402  |   1.431634 +/-   16.227795
  309    4.928 sec   1.433124  |   1.431640 +/-   16.178418
  310    4.932 sec   1.428474  |   1.431628 +/-   16.160100
  311    4.927 sec   1.427015  |   1.431612 +/-   16.185754
  312    4.969 sec   1.429446  |   1.431604 +/-   16.146571
  313    5.010 sec   1.434113  |   1.431613 +/-   16.113832
  314    4.999 sec   1.426882  |   1.431596 +/-   16.142990
  315    4.966 sec   1.430649  |   1.431593 +/-   16.089773
  316    4.971 sec   1.429103  |   1.431584 +/-   16.057049
  317    4.986 sec   1.430772  |   1.431582 +/-   16.003597
  318    5.066 sec   1.430454  |   1.431578 +/-   15.952821
  319    5.042 sec   1.428325  |   1.431566 +/-   15.937267
  320    4.930 sec   1.436319  |   1.431583 +/-   15.966341
  321    5.029 sec   1.429405  |   1.431575 +/-   15.929006
  322    4.910 sec   1.432094  |   1.431577 +/-   15.875445
  323    4.976 sec   1.429870  |   1.431571 +/-   15.831949
  324    5.027 sec   1.432908  |   1.431576 +/-   15.784623
  325    4.967 sec   1.430141  |   1.431571 +/-   15.738603
  326    4.938 sec   1.434115  |   1.431580 +/-   15.708886
  327    4.973 sec   1.433549  |   1.431586 +/-   15.669986
  328    4.945 sec   1.431266  |   1.431585 +/-   15.617771
  329    5.002 sec   1.431189  |   1.431584 +/-   15.566099
  330    4.922 sec   1.434229  |   1.431593 +/-   15.539171
    All Simulation Ends...
 
    Final keff :   1.431593 +/-    15.539
