    CTRL  READ COMPLETE..
    Continuous Energy Mode...
    Start reading ace-format nuclear data
           1 1001.714nc
           2 8016.714nc
    WARNING :: NYD block exists
           3 92235.714nc
           4 92238.714nc
    Read S(a,b) scattering law tables
           1 hh2o.71t_0293
    ACE Lib. READ COMPLETE...
    CE MAT READ COMPLETE...
    GEOM  READ COMPLETE..
    Setting ugrid...
    Initializing Source...
    Source Initializing Complete...
 
 
    Num of threads      28
    Num of particles    100000
    Transport Simulation Starts...
    1    5.361 sec   1.422843
    2    7.035 sec   1.423519
    3    5.257 sec   1.420984
    4    5.194 sec   1.425316
    5    5.227 sec   1.421569
    6    5.112 sec   1.424379
    7    5.221 sec   1.431642
    8    5.137 sec   1.428091
    9    5.128 sec   1.431366
   10    5.104 sec   1.432762
   11    5.074 sec   1.430805
   12    5.139 sec   1.430610
   13    5.063 sec   1.431970
   14    5.083 sec   1.434046
   15    5.132 sec   1.430174
   16    5.046 sec   1.431388
   17    5.067 sec   1.428599
   18    5.003 sec   1.432488
   19    5.024 sec   1.432737
   20    5.013 sec   1.434588
   21    5.049 sec   1.429102
   22    5.055 sec   1.431372
   23    5.018 sec   1.430928
   24    4.997 sec   1.433744
   25    5.033 sec   1.432393
   26    5.026 sec   1.434484
   27    5.073 sec   1.428189
   28    5.001 sec   1.433043
   29    5.047 sec   1.430272
   30    4.974 sec   1.434646
   31    5.098 sec   1.430392
   32    4.979 sec   1.431083  |   1.430738 +/-   24.403779
   33    4.958 sec   1.432688  |   1.431388 +/-   55.525327
   34    4.996 sec   1.427400  |   1.430391 +/-   95.849715
   35    5.009 sec   1.433615  |   1.431036 +/-   95.952270
   36    5.062 sec   1.428545  |   1.430621 +/-   88.484729
   37    4.990 sec   1.426069  |   1.429970 +/-   96.833845
   38    4.984 sec   1.429822  |   1.429952 +/-   84.747483
   39    4.991 sec   1.430819  |   1.430048 +/-   75.877059
   40    4.987 sec   1.431191  |   1.430162 +/-   69.143996
   41    5.047 sec   1.431297  |   1.430266 +/-   63.622952
   42    4.907 sec   1.431568  |   1.430374 +/-   59.240147
   43    5.076 sec   1.432274  |   1.430520 +/-   56.457381
   44    4.978 sec   1.427781  |   1.430325 +/-   55.712295
   45    4.949 sec   1.431878  |   1.430428 +/-   52.952259
   46    5.107 sec   1.433396  |   1.430614 +/-   52.792189
   47    4.972 sec   1.430493  |   1.430607 +/-   49.691516
   48    5.062 sec   1.433476  |   1.430766 +/-   49.421299
   49    5.036 sec   1.425726  |   1.430501 +/-   53.467760
   50    4.976 sec   1.434246  |   1.430688 +/-   53.974645
   51    5.054 sec   1.431659  |   1.430734 +/-   51.602249
   52    4.933 sec   1.432416  |   1.430811 +/-   49.819969
   53    4.976 sec   1.430795  |   1.430810 +/-   47.653931
   54    5.003 sec   1.434640  |   1.430970 +/-   48.267025
   55    4.971 sec   1.433655  |   1.431077 +/-   47.516905
   56    4.956 sec   1.436626  |   1.431290 +/-   50.254720
   57    5.070 sec   1.430236  |   1.431251 +/-   48.545037
   58    5.027 sec   1.434736  |   1.431376 +/-   48.379932
   59    5.026 sec   1.432279  |   1.431407 +/-   46.811749
   60    5.029 sec   1.433668  |   1.431482 +/-   45.854105
   61    5.051 sec   1.424919  |   1.431271 +/-   49.019936
   62    4.918 sec   1.426986  |   1.431137 +/-   49.282663
   63    5.047 sec   1.431529  |   1.431149 +/-   47.803567
   64    4.938 sec   1.433272  |   1.431211 +/-   46.803823
   65    4.975 sec   1.437807  |   1.431400 +/-   49.113887
   66    5.030 sec   1.431785  |   1.431410 +/-   47.761265
   67    4.945 sec   1.429697  |   1.431364 +/-   46.694315
   68    4.958 sec   1.433884  |   1.431430 +/-   45.934119
   69    5.035 sec   1.429322  |   1.431376 +/-   45.073328
   70    5.043 sec   1.433008  |   1.431417 +/-   44.130729
   71    4.988 sec   1.434451  |   1.431491 +/-   43.670397
   72    4.933 sec   1.431978  |   1.431503 +/-   42.645994
   73    4.951 sec   1.429946  |   1.431466 +/-   41.807636
   74    5.013 sec   1.437558  |   1.431605 +/-   43.088529
   75    5.029 sec   1.434403  |   1.431667 +/-   42.577465
   76    5.026 sec   1.428900  |   1.431607 +/-   42.074535
   77    4.900 sec   1.434692  |   1.431672 +/-   41.688353
   78    4.937 sec   1.431764  |   1.431674 +/-   40.820280
   79    4.972 sec   1.428707  |   1.431614 +/-   40.434015
   80    4.991 sec   1.428437  |   1.431550 +/-   40.121322
   81    4.959 sec   1.433581  |   1.431590 +/-   39.531742
   82    5.021 sec   1.431333  |   1.431585 +/-   38.774617
   83    4.986 sec   1.431683  |   1.431587 +/-   38.043462
   84    4.980 sec   1.433124  |   1.431615 +/-   37.445318
   85    5.035 sec   1.435547  |   1.431687 +/-   37.440525
   86    4.980 sec   1.433301  |   1.431716 +/-   36.882652
   87    4.969 sec   1.433609  |   1.431749 +/-   36.384874
   88    4.994 sec   1.431674  |   1.431748 +/-   35.757780
   89    4.986 sec   1.433906  |   1.431784 +/-   35.338348
   90    5.017 sec   1.430672  |   1.431766 +/-   34.797947
   91    4.938 sec   1.435698  |   1.431830 +/-   34.819538
   92    5.023 sec   1.431374  |   1.431823 +/-   34.265698
   93    4.968 sec   1.434443  |   1.431864 +/-   33.973246
   94    4.964 sec   1.430686  |   1.431846 +/-   33.492289
   95    5.024 sec   1.427086  |   1.431773 +/-   33.768278
   96    4.983 sec   1.432233  |   1.431780 +/-   33.263826
   97    4.997 sec   1.431724  |   1.431779 +/-   32.767457
   98    4.998 sec   1.428734  |   1.431734 +/-   32.590070
   99    4.994 sec   1.433295  |   1.431757 +/-   32.196115
  100    4.898 sec   1.431548  |   1.431754 +/-   31.737552
  101    4.960 sec   1.435719  |   1.431810 +/-   31.778139
  102    4.994 sec   1.431849  |   1.431810 +/-   31.336824
  103    4.974 sec   1.436192  |   1.431870 +/-   31.477181
  104    5.037 sec   1.427242  |   1.431808 +/-   31.666940
  105    4.971 sec   1.436614  |   1.431872 +/-   31.886612
  106    5.019 sec   1.433844  |   1.431898 +/-   31.572461
  107    4.980 sec   1.433394  |   1.431917 +/-   31.222136
  108    4.989 sec   1.433279  |   1.431935 +/-   30.870647
  109    4.890 sec   1.433214  |   1.431951 +/-   30.522326
  110    5.020 sec   1.432447  |   1.431957 +/-   30.147112
  111    4.956 sec   1.434949  |   1.431994 +/-   30.000415
  112    4.952 sec   1.431132  |   1.431983 +/-   29.652945
  113    5.037 sec   1.432739  |   1.431993 +/-   29.309668
  114    5.004 sec   1.432233  |   1.431995 +/-   28.962146
  115    5.026 sec   1.434445  |   1.432024 +/-   28.764467
  116    5.047 sec   1.432742  |   1.432033 +/-   28.442099
  117    5.041 sec   1.435852  |   1.432076 +/-   28.452008
  118    4.984 sec   1.429575  |   1.432048 +/-   28.270283
  119    4.921 sec   1.429962  |   1.432025 +/-   28.049642
  120    5.057 sec   1.435860  |   1.432067 +/-   28.059859
  121    4.999 sec   1.432716  |   1.432074 +/-   27.760574
  122    4.960 sec   1.432136  |   1.432075 +/-   27.458909
  123    4.948 sec   1.437076  |   1.432129 +/-   27.685186
  124    4.905 sec   1.434082  |   1.432150 +/-   27.468532
  125    4.955 sec   1.434056  |   1.432170 +/-   27.252579
  126    4.935 sec   1.428741  |   1.432134 +/-   27.201709
  127    4.980 sec   1.429129  |   1.432103 +/-   27.097127
  128    4.930 sec   1.434136  |   1.432124 +/-   26.899926
  129    4.902 sec   1.431028  |   1.432113 +/-   26.650962
  130    4.984 sec   1.431512  |   1.432107 +/-   26.391220
  131    4.964 sec   1.431857  |   1.432104 +/-   26.131077
  132    4.987 sec   1.430435  |   1.432088 +/-   25.926078
  133    4.978 sec   1.433900  |   1.432105 +/-   25.734010
  134    5.023 sec   1.429438  |   1.432080 +/-   25.614076
  135    4.935 sec   1.436475  |   1.432122 +/-   25.709928
  136    4.935 sec   1.434351  |   1.432143 +/-   25.553268
  137    4.947 sec   1.437989  |   1.432197 +/-   25.892063
  138    5.009 sec   1.430791  |   1.432184 +/-   25.685021
  139    5.021 sec   1.431060  |   1.432174 +/-   25.470094
  140    4.984 sec   1.433939  |   1.432190 +/-   25.289064
  141    4.975 sec   1.430553  |   1.432175 +/-   25.104209
  142    4.971 sec   1.433356  |   1.432186 +/-   24.902207
  143    4.989 sec   1.435300  |   1.432213 +/-   24.833881
  144    5.025 sec   1.434281  |   1.432231 +/-   24.682211
  145    4.957 sec   1.429321  |   1.432206 +/-   24.597020
  146    5.025 sec   1.432700  |   1.432210 +/-   24.388665
  147    4.986 sec   1.435057  |   1.432235 +/-   24.301259
  148    4.986 sec   1.434898  |   1.432257 +/-   24.199926
  149    4.984 sec   1.432478  |   1.432259 +/-   23.997276
  150    4.996 sec   1.433737  |   1.432272 +/-   23.828896
  151    5.004 sec   1.431155  |   1.432262 +/-   23.649820
  152    4.961 sec   1.434446  |   1.432280 +/-   23.523587
  153    4.936 sec   1.435830  |   1.432309 +/-   23.508736
  154    4.992 sec   1.429722  |   1.432288 +/-   23.411535
  155    4.912 sec   1.432893  |   1.432293 +/-   23.229237
  156    4.983 sec   1.437353  |   1.432333 +/-   23.389427
  157    4.996 sec   1.430464  |   1.432318 +/-   23.251520
  158    4.976 sec   1.422539  |   1.432242 +/-   24.292819
  159    4.944 sec   1.427857  |   1.432208 +/-   24.341180
  160    4.988 sec   1.428536  |   1.432180 +/-   24.317316
  161    4.984 sec   1.431564  |   1.432175 +/-   24.136227
  162    4.963 sec   1.435196  |   1.432198 +/-   24.061609
  163    5.018 sec   1.432079  |   1.432197 +/-   23.880860
  164    4.988 sec   1.432059  |   1.432196 +/-   23.702867
  165    4.968 sec   1.431145  |   1.432188 +/-   23.540063
  166    4.963 sec   1.429237  |   1.432167 +/-   23.466753
  167    4.969 sec   1.433415  |   1.432176 +/-   23.313158
  168    4.991 sec   1.434167  |   1.432190 +/-   23.188838
  169    4.989 sec   1.431325  |   1.432184 +/-   23.030373
  170    4.963 sec   1.429255  |   1.432163 +/-   22.960725
  171    4.987 sec   1.429724  |   1.432146 +/-   22.862963
  172    5.003 sec   1.436165  |   1.432174 +/-   22.876472
  173    5.036 sec   1.428558  |   1.432149 +/-   22.855809
  174    4.975 sec   1.430841  |   1.432140 +/-   22.715121
  175    4.993 sec   1.434754  |   1.432158 +/-   22.629934
  176    5.050 sec   1.433680  |   1.432168 +/-   22.498959
  177    4.941 sec   1.433411  |   1.432177 +/-   22.361775
  178    4.972 sec   1.431147  |   1.432170 +/-   22.221503
  179    4.983 sec   1.431017  |   1.432162 +/-   22.085817
  180    4.973 sec   1.434433  |   1.432177 +/-   21.990413
  181    4.966 sec   1.433273  |   1.432184 +/-   21.856749
  182    4.992 sec   1.434217  |   1.432198 +/-   21.753816
  183    4.947 sec   1.430632  |   1.432187 +/-   21.635680
  184    4.972 sec   1.429837  |   1.432172 +/-   21.548955
  185    4.982 sec   1.430007  |   1.432158 +/-   21.455141
  186    4.990 sec   1.433114  |   1.432164 +/-   21.326356
  187    5.034 sec   1.437052  |   1.432195 +/-   21.416575
  188    4.985 sec   1.434087  |   1.432207 +/-   21.314451
  189    4.987 sec   1.428360  |   1.432183 +/-   21.317322
  190    4.989 sec   1.426154  |   1.432146 +/-   21.514602
  191    4.982 sec   1.430333  |   1.432134 +/-   21.410394
  192    4.977 sec   1.430385  |   1.432123 +/-   21.305454
  193    4.967 sec   1.429559  |   1.432108 +/-   21.232754
  194    5.012 sec   1.432962  |   1.432113 +/-   21.109680
  195    4.928 sec   1.435285  |   1.432132 +/-   21.069075
  196    4.989 sec   1.428978  |   1.432113 +/-   21.027642
  197    5.008 sec   1.429725  |   1.432099 +/-   20.950309
  198    4.999 sec   1.430163  |   1.432087 +/-   20.857285
  199    4.955 sec   1.433288  |   1.432094 +/-   20.745956
  200    4.977 sec   1.431451  |   1.432091 +/-   20.627376
  201    5.007 sec   1.431002  |   1.432084 +/-   20.516562
  202    4.967 sec   1.433720  |   1.432094 +/-   20.419309
  203    5.090 sec   1.425397  |   1.432055 +/-   20.664938
  204    4.945 sec   1.429535  |   1.432041 +/-   20.596883
  205    5.091 sec   1.434714  |   1.432056 +/-   20.535764
  206    5.021 sec   1.430952  |   1.432050 +/-   20.428665
  207    4.895 sec   1.434160  |   1.432062 +/-   20.348018
  208    5.064 sec   1.434070  |   1.432073 +/-   20.264955
  209    5.038 sec   1.429522  |   1.432059 +/-   20.201774
  210    5.013 sec   1.426504  |   1.432028 +/-   20.323851
  211    5.017 sec   1.431740  |   1.432026 +/-   20.212187
  212    5.005 sec   1.424088  |   1.431982 +/-   20.566333
  213    5.020 sec   1.431467  |   1.431980 +/-   20.455879
  214    5.042 sec   1.430882  |   1.431974 +/-   20.353406
  215    4.918 sec   1.435614  |   1.431993 +/-   20.338263
  216    4.992 sec   1.431278  |   1.431990 +/-   20.232558
  217    5.070 sec   1.431042  |   1.431984 +/-   20.130712
  218    5.003 sec   1.432777  |   1.431989 +/-   20.028052
  219    5.003 sec   1.427884  |   1.431967 +/-   20.039496
  220    4.971 sec   1.431503  |   1.431965 +/-   19.935514
  221    5.035 sec   1.429726  |   1.431953 +/-   19.865569
  222    5.017 sec   1.431801  |   1.431952 +/-   19.762260
  223    5.044 sec   1.428822  |   1.431936 +/-   19.726311
  224    5.005 sec   1.432299  |   1.431938 +/-   19.625519
  225    4.976 sec   1.432329  |   1.431940 +/-   19.525903
  226    4.950 sec   1.430959  |   1.431935 +/-   19.432693
  227    5.042 sec   1.427680  |   1.431913 +/-   19.453710
  228    4.982 sec   1.430576  |   1.431906 +/-   19.367170
  229    4.924 sec   1.433640  |   1.431915 +/-   19.289434
  230    4.964 sec   1.433308  |   1.431922 +/-   19.205563
  231    4.970 sec   1.434031  |   1.431932 +/-   19.138649
  232    5.046 sec   1.427287  |   1.431909 +/-   19.181579
  233    5.062 sec   1.431030  |   1.431905 +/-   19.091984
  234    4.917 sec   1.431466  |   1.431903 +/-   18.999609
  235    5.003 sec   1.431867  |   1.431903 +/-   18.906936
  236    4.947 sec   1.431561  |   1.431901 +/-   18.815882
  237    4.942 sec   1.434415  |   1.431913 +/-   18.764120
  238    4.995 sec   1.434134  |   1.431924 +/-   18.704261
  239    4.929 sec   1.428180  |   1.431906 +/-   18.700343
  240    4.974 sec   1.432849  |   1.431911 +/-   18.616687
  241    5.012 sec   1.430243  |   1.431903 +/-   18.545225
  242    5.054 sec   1.428388  |   1.431886 +/-   18.531703
  243    5.043 sec   1.429407  |   1.431874 +/-   18.481199
  244    5.005 sec   1.429574  |   1.431864 +/-   18.426067
  245    4.952 sec   1.428330  |   1.431847 +/-   18.413523
  246    5.006 sec   1.429649  |   1.431837 +/-   18.356385
  247    5.104 sec   1.424787  |   1.431805 +/-   18.557057
  248    4.926 sec   1.431355  |   1.431803 +/-   18.473077
  249    5.062 sec   1.430073  |   1.431795 +/-   18.405596
  250    4.986 sec   1.432194  |   1.431796 +/-   18.322828
  251    4.972 sec   1.432355  |   1.431799 +/-   18.241664
  252    4.985 sec   1.427021  |   1.431777 +/-   18.286020
  253    4.932 sec   1.432180  |   1.431779 +/-   18.204913
  254    4.974 sec   1.431324  |   1.431777 +/-   18.124778
  255    5.014 sec   1.426146  |   1.431752 +/-   18.216215
  256    4.998 sec   1.434704  |   1.431765 +/-   18.182390
  257    5.050 sec   1.436486  |   1.431786 +/-   18.220847
  258    5.030 sec   1.430518  |   1.431781 +/-   18.149414
  259    5.009 sec   1.424808  |   1.431750 +/-   18.323748
  260    5.005 sec   1.432090  |   1.431752 +/-   18.244674
  261    4.969 sec   1.429842  |   1.431743 +/-   18.184417
  262    4.988 sec   1.434790  |   1.431756 +/-   18.153391
  263    5.034 sec   1.432524  |   1.431760 +/-   18.078468
  264    5.015 sec   1.431141  |   1.431757 +/-   18.003146
  265    5.059 sec   1.430390  |   1.431751 +/-   17.935931
  266    4.983 sec   1.437330  |   1.431775 +/-   18.015007
  267    4.952 sec   1.432187  |   1.431777 +/-   17.939835
  268    4.901 sec   1.430151  |   1.431770 +/-   17.877454
  269    4.963 sec   1.428647  |   1.431757 +/-   17.850336
  270    5.006 sec   1.432011  |   1.431758 +/-   17.776274
  271    5.001 sec   1.431967  |   1.431759 +/-   17.702725
  272    4.947 sec   1.431762  |   1.431759 +/-   17.629574
  273    4.941 sec   1.431412  |   1.431757 +/-   17.557602
  274    4.945 sec   1.434826  |   1.431770 +/-   17.530641
  275    4.960 sec   1.437085  |   1.431791 +/-   17.592806
  276    4.991 sec   1.427997  |   1.431776 +/-   17.588790
  277    4.974 sec   1.434210  |   1.431786 +/-   17.545157
  278    5.008 sec   1.431904  |   1.431786 +/-   17.474475
  279    4.999 sec   1.436095  |   1.431804 +/-   17.489764
  280    5.030 sec   1.435222  |   1.431817 +/-   17.473164
  281    4.937 sec   1.434671  |   1.431829 +/-   17.440491
  282    4.949 sec   1.430640  |   1.431824 +/-   17.377664
  283    4.903 sec   1.431281  |   1.431822 +/-   17.310301
  284    4.977 sec   1.431917  |   1.431822 +/-   17.242190
  285    5.040 sec   1.432436  |   1.431825 +/-   17.176253
  286    4.967 sec   1.432814  |   1.431829 +/-   17.113508
  287    4.951 sec   1.432885  |   1.431833 +/-   17.051854
  288    4.989 sec   1.431359  |   1.431831 +/-   16.986749
  289    4.932 sec   1.434990  |   1.431843 +/-   16.964913
  290    4.988 sec   1.429429  |   1.431834 +/-   16.925051
  291    4.974 sec   1.424879  |   1.431807 +/-   17.068660
  292    5.035 sec   1.431530  |   1.431806 +/-   17.003839
  293    5.051 sec   1.429225  |   1.431796 +/-   16.967474
  294    4.975 sec   1.431889  |   1.431797 +/-   16.903240
  295    4.969 sec   1.429708  |   1.431789 +/-   16.857820
  296    5.008 sec   1.434872  |   1.431800 +/-   16.834238
  297    4.956 sec   1.435355  |   1.431814 +/-   16.823739
  298    4.955 sec   1.431074  |   1.431811 +/-   16.763230
  299    5.037 sec   1.432397  |   1.431813 +/-   16.702329
  300    5.059 sec   1.436339  |   1.431830 +/-   16.724392
  301    4.998 sec   1.433858  |   1.431837 +/-   16.679414
  302    4.921 sec   1.433059  |   1.431842 +/-   16.624136
  303    4.965 sec   1.430964  |   1.431839 +/-   16.566353
  304    4.946 sec   1.432554  |   1.431841 +/-   16.507949
  305    4.995 sec   1.433652  |   1.431848 +/-   16.461047
  306    5.075 sec   1.433577  |   1.431854 +/-   16.413326
  307    4.975 sec   1.432416  |   1.431856 +/-   16.355328
  308    5.007 sec   1.430572  |   1.431851 +/-   16.303020
  309    4.958 sec   1.430076  |   1.431845 +/-   16.256997
  310    5.008 sec   1.429039  |   1.431835 +/-   16.229795
  311    5.001 sec   1.430895  |   1.431832 +/-   16.175487
  312    5.041 sec   1.426202  |   1.431812 +/-   16.240867
  313    5.006 sec   1.430127  |   1.431806 +/-   16.194381
  314    5.025 sec   1.429601  |   1.431798 +/-   16.155950
  315    5.069 sec   1.436802  |   1.431816 +/-   16.194400
  316    5.025 sec   1.425900  |   1.431795 +/-   16.269338
  317    4.974 sec   1.435728  |   1.431809 +/-   16.270277
  318    5.016 sec   1.429758  |   1.431801 +/-   16.229349
  319    4.944 sec   1.436443  |   1.431817 +/-   16.252450
  320    5.033 sec   1.424404  |   1.431792 +/-   16.396211
  321    4.985 sec   1.431558  |   1.431791 +/-   16.340063
  322    5.063 sec   1.434678  |   1.431801 +/-   16.313980
  323    4.946 sec   1.431931  |   1.431801 +/-   16.258361
  324    4.921 sec   1.431396  |   1.431800 +/-   16.203646
  325    4.975 sec   1.431011  |   1.431797 +/-   16.150928
  326    5.024 sec   1.432450  |   1.431800 +/-   16.097867
  327    4.963 sec   1.429225  |   1.431791 +/-   16.066989
  328    4.979 sec   1.434442  |   1.431800 +/-   16.037675
  329    5.002 sec   1.431049  |   1.431797 +/-   15.986001
  330    4.943 sec   1.432200  |   1.431799 +/-   15.933278
    All Simulation Ends...
 
    Final keff :   1.431799 +/-    15.933
