    CTRL  READ COMPLETE..
    Continuous Energy Mode...
    Start reading ace-format nuclear data
           1 1001.714nc
           2 8016.714nc
    WARNING :: NYD block exists
           3 92235.714nc
           4 92238.714nc
    Read S(a,b) scattering law tables
           1 hh2o.71t_0293
    ACE Lib. READ COMPLETE...
    CE MAT READ COMPLETE...
    GEOM  READ COMPLETE..
    Setting ugrid...
    Initializing Source...
    Source Initializing Complete...
 
 
    Num of threads      28
    Num of particles    100000
    Transport Simulation Starts...
    1    5.832 sec   1.422843
    2    7.794 sec   1.414659
    3    5.804 sec   1.426255
    4    5.815 sec   1.420005
    5    5.886 sec   1.422670
    6    5.782 sec   1.427556
    7    5.691 sec   1.423940
    8    5.646 sec   1.430309
    9    5.687 sec   1.427985
   10    5.644 sec   1.428296
   11    5.652 sec   1.429351
   12    5.587 sec   1.427028
   13    5.590 sec   1.427649
   14    5.607 sec   1.430325
   15    5.532 sec   1.432452
   16    5.558 sec   1.429730
   17    5.524 sec   1.433172
   18    5.537 sec   1.431822
   19    5.559 sec   1.433420
   20    5.615 sec   1.430138
   21    5.614 sec   1.431137
   22    5.598 sec   1.428919
   23    5.511 sec   1.436415
   24    5.583 sec   1.431025
   25    5.519 sec   1.435981
   26    5.596 sec   1.430620
   27    5.415 sec   1.432617
   28    5.460 sec   1.426251
   29    5.410 sec   1.432156
   30    5.524 sec   1.429934
   31    5.467 sec   1.439055
   32    5.500 sec   1.430127  |   1.434591 +/-  315.657896
   33    5.596 sec   1.426779  |   1.431987 +/-  299.147773
   34    5.534 sec   1.434493  |   1.432614 +/-  230.827411
   35    5.535 sec   1.433315  |   1.432754 +/-  185.087716
   36    5.515 sec   1.431629  |   1.432566 +/-  155.186581
   37    5.498 sec   1.429827  |   1.432175 +/-  137.863033
   38    5.502 sec   1.432858  |   1.432260 +/-  120.893999
   39    5.550 sec   1.435164  |   1.432583 +/-  111.682500
   40    5.499 sec   1.434662  |   1.432791 +/-  102.430312
   41    5.505 sec   1.428448  |   1.432396 +/-  100.440548
   42    5.587 sec   1.424736  |   1.431758 +/-  110.506393
   43    5.534 sec   1.429940  |   1.431618 +/-  102.886804
   44    5.510 sec   1.434222  |   1.431804 +/-   97.204599
   45    5.594 sec   1.431371  |   1.431775 +/-   90.767059
   46    5.539 sec   1.429104  |   1.431608 +/-   86.615931
   47    5.483 sec   1.424511  |   1.431191 +/-   91.026832
   48    5.532 sec   1.431404  |   1.431202 +/-   85.977473
   49    5.538 sec   1.431498  |   1.431218 +/-   81.466454
   50    5.485 sec   1.431005  |   1.431207 +/-   77.400111
   51    5.574 sec   1.430519  |   1.431175 +/-   73.783817
   52    5.528 sec   1.428886  |   1.431071 +/-   71.159687
   53    5.564 sec   1.427825  |   1.430929 +/-   69.450501
   54    5.516 sec   1.432963  |   1.431014 +/-   67.071370
   55    5.522 sec   1.433898  |   1.431130 +/-   65.372887
   56    5.509 sec   1.426951  |   1.430969 +/-   64.803949
   57    5.527 sec   1.431571  |   1.430991 +/-   62.442224
   58    5.569 sec   1.429478  |   1.430937 +/-   60.445392
   59    5.568 sec   1.435306  |   1.431088 +/-   60.209048
   60    5.568 sec   1.429226  |   1.431026 +/-   58.521028
   61    5.496 sec   1.431877  |   1.431053 +/-   56.697681
   62    5.442 sec   1.433701  |   1.431136 +/-   55.526457
   63    5.520 sec   1.434000  |   1.431223 +/-   54.518125
   64    5.496 sec   1.432284  |   1.431254 +/-   53.004005
   65    5.468 sec   1.433749  |   1.431325 +/-   51.966800
   66    5.519 sec   1.432823  |   1.431367 +/-   50.689577
   67    5.487 sec   1.430092  |   1.431332 +/-   49.436550
   68    5.487 sec   1.433288  |   1.431384 +/-   48.402743
   69    5.483 sec   1.431524  |   1.431387 +/-   47.162978
   70    5.530 sec   1.431073  |   1.431380 +/-   45.990464
   71    5.587 sec   1.433109  |   1.431422 +/-   45.061713
   72    5.539 sec   1.435845  |   1.431527 +/-   45.202993
   73    5.520 sec   1.431442  |   1.431525 +/-   44.152197
   74    5.461 sec   1.435309  |   1.431611 +/-   43.978341
   75    5.528 sec   1.433696  |   1.431657 +/-   43.244371
   76    5.465 sec   1.431008  |   1.431643 +/-   42.327316
   77    5.509 sec   1.437588  |   1.431770 +/-   43.275164
   78    5.549 sec   1.433859  |   1.431813 +/-   42.592016
   79    5.502 sec   1.431680  |   1.431811 +/-   41.723661
   80    5.526 sec   1.431649  |   1.431807 +/-   40.890446
   81    5.449 sec   1.432728  |   1.431825 +/-   40.128526
   82    5.537 sec   1.432146  |   1.431832 +/-   39.361556
   83    5.559 sec   1.430417  |   1.431805 +/-   38.709302
   84    5.585 sec   1.430352  |   1.431778 +/-   38.085911
   85    5.525 sec   1.432808  |   1.431797 +/-   37.439470
   86    5.541 sec   1.431895  |   1.431798 +/-   36.771321
   87    5.445 sec   1.433230  |   1.431824 +/-   36.211922
   88    5.536 sec   1.430654  |   1.431803 +/-   35.643683
   89    5.512 sec   1.431110  |   1.431792 +/-   35.058918
   90    5.511 sec   1.423896  |   1.431660 +/-   36.861915
   91    5.492 sec   1.431065  |   1.431650 +/-   36.270506
   92    5.607 sec   1.431398  |   1.431646 +/-   35.687783
   93    5.524 sec   1.433500  |   1.431676 +/-   35.242436
   94    5.520 sec   1.429681  |   1.431645 +/-   34.829288
   95    5.521 sec   1.430060  |   1.431620 +/-   34.378682
   96    5.553 sec   1.427454  |   1.431557 +/-   34.432512
   97    5.554 sec   1.434144  |   1.431596 +/-   34.134334
   98    5.540 sec   1.428184  |   1.431545 +/-   33.998995
   99    5.523 sec   1.432660  |   1.431562 +/-   33.544592
  100    5.530 sec   1.433899  |   1.431595 +/-   33.231187
  101    5.477 sec   1.432145  |   1.431603 +/-   32.772169
  102    5.483 sec   1.430569  |   1.431588 +/-   32.348411
  103    5.548 sec   1.427321  |   1.431530 +/-   32.429243
  104    5.452 sec   1.437041  |   1.431604 +/-   32.835040
  105    5.556 sec   1.432236  |   1.431613 +/-   32.408037
  106    5.480 sec   1.434907  |   1.431656 +/-   32.270169
  107    5.517 sec   1.430122  |   1.431636 +/-   31.912563
  108    5.472 sec   1.427464  |   1.431583 +/-   31.948646
  109    5.458 sec   1.431234  |   1.431578 +/-   31.547279
  110    5.531 sec   1.433101  |   1.431597 +/-   31.210296
  111    5.536 sec   1.432906  |   1.431614 +/-   30.866746
  112    5.609 sec   1.432985  |   1.431630 +/-   30.535605
  113    5.581 sec   1.434964  |   1.431670 +/-   30.430798
  114    5.448 sec   1.437023  |   1.431734 +/-   30.728525
  115    5.473 sec   1.428609  |   1.431697 +/-   30.586157
  116    5.460 sec   1.431351  |   1.431693 +/-   30.233154
  117    5.522 sec   1.430915  |   1.431684 +/-   29.898873
  118    5.469 sec   1.433857  |   1.431709 +/-   29.660869
  119    5.607 sec   1.433571  |   1.431730 +/-   29.401279
  120    5.449 sec   1.434063  |   1.431756 +/-   29.188631
  121    5.564 sec   1.438362  |   1.431829 +/-   29.756795
  122    5.555 sec   1.430564  |   1.431815 +/-   29.465094
  123    5.499 sec   1.425038  |   1.431742 +/-   30.035684
  124    5.496 sec   1.429697  |   1.431720 +/-   29.794851
  125    5.587 sec   1.433394  |   1.431738 +/-   29.533298
  126    5.457 sec   1.433890  |   1.431760 +/-   29.310599
  127    5.506 sec   1.434421  |   1.431788 +/-   29.136522
  128    5.470 sec   1.431070  |   1.431780 +/-   28.848417
  129    5.514 sec   1.435531  |   1.431818 +/-   28.804734
  130    5.550 sec   1.436752  |   1.431868 +/-   28.936083
  131    5.547 sec   1.431885  |   1.431868 +/-   28.649592
  132    5.562 sec   1.434098  |   1.431890 +/-   28.452028
  133    5.590 sec   1.430357  |   1.431875 +/-   28.214691
  134    5.499 sec   1.436741  |   1.431921 +/-   28.328759
  135    5.472 sec   1.433533  |   1.431937 +/-   28.100482
  136    5.417 sec   1.430896  |   1.431927 +/-   27.852523
  137    5.483 sec   1.431384  |   1.431922 +/-   27.596836
  138    5.521 sec   1.434671  |   1.431947 +/-   27.458468
  139    5.494 sec   1.432212  |   1.431950 +/-   27.207628
  140    5.568 sec   1.430552  |   1.431937 +/-   26.989932
  141    5.542 sec   1.429700  |   1.431917 +/-   26.821940
  142    5.539 sec   1.432639  |   1.431923 +/-   26.590210
  143    5.472 sec   1.430148  |   1.431908 +/-   26.401249
  144    5.492 sec   1.428869  |   1.431881 +/-   26.303868
  145    5.435 sec   1.430135  |   1.431866 +/-   26.118900
  146    5.503 sec   1.438285  |   1.431921 +/-   26.473429
  147    5.458 sec   1.433567  |   1.431935 +/-   26.284487
  148    5.496 sec   1.430069  |   1.431919 +/-   26.109265
  149    5.461 sec   1.433534  |   1.431933 +/-   25.925102
  150    5.541 sec   1.430023  |   1.431917 +/-   25.757898
  151    5.451 sec   1.432127  |   1.431919 +/-   25.545605
  152    5.458 sec   1.433960  |   1.431936 +/-   25.390934
  153    5.464 sec   1.432496  |   1.431940 +/-   25.188591
  154    5.477 sec   1.424404  |   1.431879 +/-   25.708227
  155    5.487 sec   1.429632  |   1.431861 +/-   25.565344
  156    5.485 sec   1.427595  |   1.431827 +/-   25.585655
  157    5.566 sec   1.426612  |   1.431786 +/-   25.711607
  158    5.508 sec   1.435838  |   1.431818 +/-   25.704792
  159    5.537 sec   1.429569  |   1.431801 +/-   25.564604
  160    5.501 sec   1.430192  |   1.431788 +/-   25.397866
  161    5.489 sec   1.428815  |   1.431766 +/-   25.305167
  162    5.496 sec   1.430339  |   1.431755 +/-   25.136537
  163    5.457 sec   1.432793  |   1.431763 +/-   24.959651
  164    5.487 sec   1.426073  |   1.431720 +/-   25.131981
  165    5.470 sec   1.432567  |   1.431726 +/-   24.953650
  166    5.511 sec   1.428288  |   1.431701 +/-   24.897948
  167    5.499 sec   1.424339  |   1.431647 +/-   25.289495
  168    5.417 sec   1.430201  |   1.431637 +/-   25.127947
  169    5.480 sec   1.428986  |   1.431618 +/-   25.019436
  170    5.483 sec   1.432917  |   1.431627 +/-   24.857916
  171    5.434 sec   1.432316  |   1.431632 +/-   24.686421
  172    5.587 sec   1.428847  |   1.431612 +/-   24.590372
  173    5.524 sec   1.430774  |   1.431606 +/-   24.425402
  174    5.482 sec   1.435664  |   1.431635 +/-   24.417771
  175    5.530 sec   1.431717  |   1.431635 +/-   24.249438
  176    5.519 sec   1.434134  |   1.431652 +/-   24.143669
  177    5.550 sec   1.434474  |   1.431672 +/-   24.055612
  178    5.463 sec   1.428749  |   1.431652 +/-   23.973978
  179    5.486 sec   1.428302  |   1.431629 +/-   23.918267
  180    5.523 sec   1.433035  |   1.431639 +/-   23.777173
  181    5.605 sec   1.430927  |   1.431634 +/-   23.624380
  182    5.502 sec   1.433020  |   1.431643 +/-   23.486545
  183    5.607 sec   1.430211  |   1.431634 +/-   23.351672
  184    5.493 sec   1.425209  |   1.431592 +/-   23.569708
  185    5.533 sec   1.429651  |   1.431580 +/-   23.450903
  186    5.514 sec   1.428207  |   1.431558 +/-   23.399991
  187    5.560 sec   1.431116  |   1.431555 +/-   23.252640
  188    5.520 sec   1.429098  |   1.431540 +/-   23.157431
  189    5.458 sec   1.430801  |   1.431535 +/-   23.016447
  190    5.496 sec   1.433112  |   1.431545 +/-   22.893703
  191    5.461 sec   1.427254  |   1.431518 +/-   22.906065
  192    5.450 sec   1.435585  |   1.431543 +/-   22.901845
  193    5.542 sec   1.431131  |   1.431541 +/-   22.762737
  194    5.558 sec   1.429117  |   1.431526 +/-   22.671882
  195    5.557 sec   1.429787  |   1.431515 +/-   22.558956
  196    5.540 sec   1.432643  |   1.431522 +/-   22.433276
  197    5.559 sec   1.428267  |   1.431503 +/-   22.383467
  198    5.373 sec   1.432812  |   1.431510 +/-   22.263789
  199    5.499 sec   1.435409  |   1.431534 +/-   22.251262
  200    5.497 sec   1.435066  |   1.431554 +/-   22.217207
  201    5.451 sec   1.437987  |   1.431592 +/-   22.403484
  202    5.424 sec   1.432054  |   1.431595 +/-   22.274844
  203    5.416 sec   1.431393  |   1.431593 +/-   22.146391
  204    5.571 sec   1.432893  |   1.431601 +/-   22.031709
  205    5.450 sec   1.427372  |   1.431577 +/-   22.037925
  206    5.503 sec   1.427766  |   1.431555 +/-   22.018837
  207    5.380 sec   1.434677  |   1.431573 +/-   21.964986
  208    5.478 sec   1.434447  |   1.431589 +/-   21.900877
  209    5.506 sec   1.433962  |   1.431602 +/-   21.818630
  210    5.513 sec   1.432049  |   1.431605 +/-   21.698826
  211    5.441 sec   1.434811  |   1.431622 +/-   21.651125
  212    5.578 sec   1.431738  |   1.431623 +/-   21.532256
  213    5.547 sec   1.431732  |   1.431624 +/-   21.414675
  214    5.446 sec   1.430042  |   1.431615 +/-   21.315542
  215    5.489 sec   1.432694  |   1.431621 +/-   21.208307
  216    5.509 sec   1.434292  |   1.431635 +/-   21.142866
  217    5.496 sec   1.434028  |   1.431648 +/-   21.068496
  218    5.476 sec   1.431959  |   1.431650 +/-   20.957077
  219    5.539 sec   1.429940  |   1.431641 +/-   20.865710
  220    5.511 sec   1.430161  |   1.431633 +/-   20.770421
  221    5.566 sec   1.432008  |   1.431635 +/-   20.662605
  222    5.536 sec   1.433084  |   1.431642 +/-   20.568775
  223    5.613 sec   1.426469  |   1.431615 +/-   20.636138
  224    5.590 sec   1.429101  |   1.431603 +/-   20.570445
  225    5.530 sec   1.438214  |   1.431636 +/-   20.742475
  226    5.569 sec   1.430844  |   1.431632 +/-   20.640584
  227    5.565 sec   1.431626  |   1.431632 +/-   20.535810
  228    5.646 sec   1.426394  |   1.431606 +/-   20.601781
  229    5.451 sec   1.429662  |   1.431596 +/-   20.521405
  230    5.515 sec   1.432814  |   1.431602 +/-   20.427826
  231    5.566 sec   1.429278  |   1.431591 +/-   20.358886
  232    5.451 sec   1.430176  |   1.431584 +/-   20.270136
  233    5.497 sec   1.430304  |   1.431577 +/-   20.180086
  234    5.431 sec   1.432916  |   1.431584 +/-   20.091825
  235    5.483 sec   1.430298  |   1.431578 +/-   20.003609
  236    5.517 sec   1.433437  |   1.431587 +/-   19.926857
  237    5.495 sec   1.431839  |   1.431588 +/-   19.830964
  238    5.552 sec   1.431504  |   1.431587 +/-   19.735664
  239    5.417 sec   1.437326  |   1.431615 +/-   19.831297
  240    5.481 sec   1.435039  |   1.431631 +/-   19.803791
  241    5.374 sec   1.437014  |   1.431657 +/-   19.873542
  242    5.365 sec   1.429612  |   1.431647 +/-   19.803189
  243    5.513 sec   1.432274  |   1.431650 +/-   19.712405
  244    5.576 sec   1.431839  |   1.431651 +/-   19.620488
  245    5.482 sec   1.428039  |   1.431634 +/-   19.601019
  246    5.449 sec   1.432332  |   1.431637 +/-   19.512938
  247    5.523 sec   1.436418  |   1.431659 +/-   19.546971
  248    5.584 sec   1.431072  |   1.431657 +/-   19.459162
  249    5.584 sec   1.429127  |   1.431645 +/-   19.404555
  250    5.533 sec   1.428202  |   1.431629 +/-   19.379375
  251    5.470 sec   1.432571  |   1.431634 +/-   19.296370
  252    5.559 sec   1.431635  |   1.431634 +/-   19.209450
  253    5.490 sec   1.431147  |   1.431632 +/-   19.124548
  254    5.538 sec   1.430307  |   1.431626 +/-   19.048316
  255    5.529 sec   1.434321  |   1.431638 +/-   19.001284
  256    5.556 sec   1.426393  |   1.431614 +/-   19.058365
  257    5.547 sec   1.430759  |   1.431611 +/-   18.978128
  258    5.528 sec   1.435752  |   1.431629 +/-   18.981622
  259    5.605 sec   1.428951  |   1.431617 +/-   18.934721
  260    5.428 sec   1.435201  |   1.431633 +/-   18.916414
  261    5.504 sec   1.433169  |   1.431639 +/-   18.846210
  262    5.520 sec   1.426035  |   1.431615 +/-   18.919185
  263    5.501 sec   1.427867  |   1.431599 +/-   18.906273
  264    5.495 sec   1.432228  |   1.431602 +/-   18.827387
  265    5.584 sec   1.432244  |   1.431605 +/-   18.749256
  266    5.505 sec   1.429953  |   1.431598 +/-   18.682862
  267    5.544 sec   1.428854  |   1.431586 +/-   18.639852
  268    5.475 sec   1.433161  |   1.431593 +/-   18.573271
  269    5.434 sec   1.435058  |   1.431607 +/-   18.552072
  270    5.485 sec   1.434793  |   1.431620 +/-   18.522206
  271    5.509 sec   1.431762  |   1.431621 +/-   18.445443
  272    5.468 sec   1.431302  |   1.431620 +/-   18.369695
  273    5.521 sec   1.430702  |   1.431616 +/-   18.297976
  274    5.460 sec   1.432128  |   1.431618 +/-   18.224187
  275    5.537 sec   1.432986  |   1.431624 +/-   18.158352
  276    5.519 sec   1.432481  |   1.431627 +/-   18.087882
  277    5.384 sec   1.431844  |   1.431628 +/-   18.014864
  278    5.481 sec   1.431958  |   1.431629 +/-   17.942716
  279    5.474 sec   1.429789  |   1.431622 +/-   17.885874
  280    5.523 sec   1.434580  |   1.431634 +/-   17.853431
  281    5.470 sec   1.430432  |   1.431629 +/-   17.788717
  282    5.547 sec   1.428218  |   1.431615 +/-   17.769549
  283    5.550 sec   1.431258  |   1.431614 +/-   17.699876
  284    5.472 sec   1.432159  |   1.431616 +/-   17.631492
  285    5.552 sec   1.431403  |   1.431615 +/-   17.562547
  286    5.436 sec   1.430322  |   1.431610 +/-   17.501208
  287    5.523 sec   1.428633  |   1.431599 +/-   17.471395
  288    5.599 sec   1.433663  |   1.431607 +/-   17.421983
  289    5.552 sec   1.434945  |   1.431619 +/-   17.402326
  290    5.589 sec   1.432214  |   1.431622 +/-   17.336897
  291    5.438 sec   1.430481  |   1.431617 +/-   17.275982
  292    5.508 sec   1.431091  |   1.431615 +/-   17.211214
  293    5.536 sec   1.431632  |   1.431615 +/-   17.145773
  294    5.512 sec   1.428594  |   1.431604 +/-   17.118973
  295    5.497 sec   1.437752  |   1.431627 +/-   17.210838
  296    5.465 sec   1.431043  |   1.431625 +/-   17.147538
  297    5.490 sec   1.431934  |   1.431626 +/-   17.083705
  298    5.439 sec   1.436801  |   1.431645 +/-   17.128723
  299    5.583 sec   1.433970  |   1.431654 +/-   17.086826
  300    5.444 sec   1.431788  |   1.431655 +/-   17.023614
  301    5.507 sec   1.430199  |   1.431649 +/-   16.969270
  302    5.475 sec   1.430755  |   1.431646 +/-   16.910070
  303    5.580 sec   1.427249  |   1.431630 +/-   16.924660
  304    5.545 sec   1.426994  |   1.431613 +/-   16.947258
  305    5.530 sec   1.433199  |   1.431619 +/-   16.895442
  306    5.432 sec   1.435096  |   1.431631 +/-   16.881134
  307    5.645 sec   1.432951  |   1.431636 +/-   16.826916
  308    5.553 sec   1.430756  |   1.431633 +/-   16.769366
  309    5.535 sec   1.432862  |   1.431637 +/-   16.715048
  310    5.464 sec   1.434838  |   1.431649 +/-   16.694381
  311    5.541 sec   1.430551  |   1.431645 +/-   16.639543
  312    5.479 sec   1.435164  |   1.431657 +/-   16.627262
  313    5.587 sec   1.429557  |   1.431650 +/-   16.585061
  314    5.545 sec   1.426117  |   1.431630 +/-   16.640691
  315    5.537 sec   1.428107  |   1.431618 +/-   16.628152
  316    5.572 sec   1.430537  |   1.431614 +/-   16.574306
  317    5.504 sec   1.428790  |   1.431604 +/-   16.545753
  318    5.507 sec   1.428042  |   1.431592 +/-   16.534481
  319    5.495 sec   1.432631  |   1.431596 +/-   16.481173
  320    5.532 sec   1.431690  |   1.431596 +/-   16.424373
  321    5.430 sec   1.433444  |   1.431602 +/-   16.380211
  322    5.473 sec   1.433761  |   1.431610 +/-   16.340787
  323    5.542 sec   1.430005  |   1.431604 +/-   16.294190
  324    5.446 sec   1.432179  |   1.431606 +/-   16.239939
  325    5.452 sec   1.432988  |   1.431611 +/-   16.191639
  326    5.427 sec   1.432599  |   1.431614 +/-   16.140377
  327    5.469 sec   1.430465  |   1.431610 +/-   16.090669
  328    5.439 sec   1.430605  |   1.431607 +/-   16.040212
  329    5.449 sec   1.432134  |   1.431609 +/-   15.987533
  330    5.464 sec   1.428440  |   1.431598 +/-   15.969094
    All Simulation Ends...
 
    Final keff :   1.431598 +/-    15.969
