    CTRL  READ COMPLETE..
    Continuous Energy Mode...
    Start reading ace-format nuclear data
           1 1001.714nc
           2 8016.714nc
    WARNING :: NYD block exists
           3 92235.714nc
           4 92238.714nc
    Read S(a,b) scattering law tables
           1 hh2o.71t_0293
    ACE Lib. READ COMPLETE...
    CE MAT READ COMPLETE...
    GEOM  READ COMPLETE..
    Setting ugrid...
    Initializing Source...
    Source Initializing Complete...
 
 
    Num of threads      28
    Num of particles    100000
    Transport Simulation Starts...
    1    5.672 sec   1.422843
    2    7.425 sec   1.418288
    3    5.577 sec   1.422446
    4    5.578 sec   1.423011
    5    5.502 sec   1.420085
    6    5.476 sec   1.422228
    7    5.460 sec   1.427772
    8    5.440 sec   1.428570
    9    5.361 sec   1.426354
   10    5.372 sec   1.429113
   11    5.362 sec   1.431206
   12    5.361 sec   1.430580
   13    5.310 sec   1.430202
   14    5.368 sec   1.427368
   15    5.404 sec   1.431799
   16    5.308 sec   1.428915
   17    5.325 sec   1.432046
   18    5.356 sec   1.429161
   19    5.277 sec   1.431639
   20    5.288 sec   1.431046
   21    5.367 sec   1.433146
   22    5.278 sec   1.432597
   23    5.262 sec   1.430442
   24    5.336 sec   1.436053
   25    5.359 sec   1.434105
   26    5.347 sec   1.432403
   27    5.283 sec   1.436519
   28    5.367 sec   1.432893
   29    5.311 sec   1.426642
   30    5.311 sec   1.436445
   31    5.370 sec   1.435657
   32    5.396 sec   1.431078  |   1.433368 +/-  161.870934
   33    5.332 sec   1.435010  |   1.433915 +/-  116.809518
   34    5.336 sec   1.430272  |   1.433004 +/-  117.876884
   35    5.314 sec   1.432287  |   1.432861 +/-   95.171523
   36    5.271 sec   1.432899  |   1.432867 +/-   79.311754
   37    5.334 sec   1.432034  |   1.432748 +/-   68.869721
   38    5.334 sec   1.436344  |   1.433198 +/-   73.477375
   39    5.333 sec   1.437975  |   1.433728 +/-   82.284047
   40    5.351 sec   1.431734  |   1.433529 +/-   76.435618
   41    5.283 sec   1.431505  |   1.433345 +/-   71.667224
   42    5.247 sec   1.437432  |   1.433686 +/-   73.342126
   43    5.354 sec   1.432543  |   1.433598 +/-   68.225080
   44    5.296 sec   1.436640  |   1.433815 +/-   66.723286
   45    5.265 sec   1.430137  |   1.433570 +/-   66.629430
   46    5.291 sec   1.429500  |   1.433315 +/-   67.144874
   47    5.377 sec   1.432709  |   1.433280 +/-   63.289903
   48    5.361 sec   1.426893  |   1.432925 +/-   69.005647
   49    5.341 sec   1.431780  |   1.432865 +/-   65.636569
   50    5.406 sec   1.431484  |   1.432796 +/-   62.716734
   51    5.372 sec   1.434501  |   1.432877 +/-   60.253785
   52    5.366 sec   1.431325  |   1.432806 +/-   57.926337
   53    5.352 sec   1.427125  |   1.432559 +/-   60.444787
   54    5.326 sec   1.435215  |   1.432670 +/-   58.930674
   55    5.455 sec   1.426052  |   1.432405 +/-   62.235233
   56    5.345 sec   1.428134  |   1.432241 +/-   61.971730
   57    5.310 sec   1.432610  |   1.432255 +/-   59.691567
   58    5.323 sec   1.434228  |   1.432325 +/-   57.974218
   59    5.271 sec   1.432577  |   1.432334 +/-   55.981591
   60    5.233 sec   1.432574  |   1.432342 +/-   54.121250
   61    5.356 sec   1.432146  |   1.432336 +/-   52.379072
   62    5.285 sec   1.426498  |   1.432153 +/-   53.825480
   63    5.312 sec   1.432480  |   1.432163 +/-   52.203498
   64    5.325 sec   1.429633  |   1.432089 +/-   51.195820
   65    5.287 sec   1.430653  |   1.432048 +/-   49.897222
   66    5.338 sec   1.430385  |   1.432001 +/-   48.724432
   67    5.222 sec   1.430214  |   1.431953 +/-   47.646286
   68    5.259 sec   1.430562  |   1.431916 +/-   46.532795
   69    5.225 sec   1.435564  |   1.432010 +/-   46.270208
   70    5.329 sec   1.433326  |   1.432043 +/-   45.230338
   71    5.299 sec   1.431856  |   1.432038 +/-   44.129460
   72    5.214 sec   1.437184  |   1.432161 +/-   44.747104
   73    5.299 sec   1.434843  |   1.432223 +/-   44.139072
   74    5.254 sec   1.436094  |   1.432311 +/-   44.003632
   75    5.259 sec   1.430832  |   1.432278 +/-   43.148414
   76    5.356 sec   1.432997  |   1.432294 +/-   42.238668
   77    5.355 sec   1.428003  |   1.432203 +/-   42.315110
   78    5.257 sec   1.430938  |   1.432176 +/-   41.515464
   79    5.295 sec   1.436432  |   1.432263 +/-   41.566595
   80    5.283 sec   1.430921  |   1.432236 +/-   40.821781
   81    5.300 sec   1.434762  |   1.432286 +/-   40.320704
   82    5.307 sec   1.433748  |   1.432314 +/-   39.643253
   83    5.310 sec   1.428484  |   1.432242 +/-   39.548354
   84    5.238 sec   1.430558  |   1.432211 +/-   38.938628
   85    5.276 sec   1.428694  |   1.432147 +/-   38.752005
   86    5.310 sec   1.428894  |   1.432088 +/-   38.492831
   87    5.340 sec   1.426776  |   1.431995 +/-   38.929572
   88    5.329 sec   1.429719  |   1.431956 +/-   38.455616
   89    5.319 sec   1.430071  |   1.431924 +/-   37.936314
   90    5.332 sec   1.429186  |   1.431878 +/-   37.577570
   91    5.313 sec   1.431857  |   1.431878 +/-   36.961561
   92    5.356 sec   1.431033  |   1.431864 +/-   36.390551
   93    5.347 sec   1.426957  |   1.431787 +/-   36.637203
   94    5.265 sec   1.434059  |   1.431822 +/-   36.236468
   95    5.334 sec   1.429627  |   1.431788 +/-   35.836028
   96    5.184 sec   1.434143  |   1.431824 +/-   35.470275
   97    5.233 sec   1.431383  |   1.431817 +/-   34.946970
   98    5.346 sec   1.435150  |   1.431866 +/-   34.775082
   99    5.315 sec   1.429743  |   1.431836 +/-   34.407030
  100    5.226 sec   1.426881  |   1.431765 +/-   34.635895
  101    5.324 sec   1.433038  |   1.431783 +/-   34.194475
  102    5.334 sec   1.427901  |   1.431729 +/-   34.141869
  103    5.279 sec   1.431153  |   1.431721 +/-   33.683301
  104    5.344 sec   1.428067  |   1.431672 +/-   33.588150
  105    5.274 sec   1.430734  |   1.431659 +/-   33.163556
  106    5.314 sec   1.432022  |   1.431664 +/-   32.730623
  107    5.254 sec   1.428957  |   1.431629 +/-   32.493857
  108    5.303 sec   1.434615  |   1.431667 +/-   32.302016
  109    5.246 sec   1.433131  |   1.431686 +/-   31.946230
  110    5.251 sec   1.433176  |   1.431704 +/-   31.601176
  111    5.246 sec   1.432965  |   1.431720 +/-   31.249320
  112    5.205 sec   1.431647  |   1.431719 +/-   30.868357
  113    5.308 sec   1.438049  |   1.431795 +/-   31.424574
  114    5.317 sec   1.432421  |   1.431803 +/-   31.059314
  115    5.287 sec   1.431191  |   1.431795 +/-   30.702235
  116    5.343 sec   1.433554  |   1.431816 +/-   30.413218
  117    5.209 sec   1.439068  |   1.431899 +/-   31.184961
  118    5.248 sec   1.430168  |   1.431880 +/-   30.892600
  119    5.247 sec   1.431591  |   1.431876 +/-   30.547189
  120    5.289 sec   1.428937  |   1.431844 +/-   30.381849
  121    5.341 sec   1.429766  |   1.431821 +/-   30.133641
  122    5.276 sec   1.432135  |   1.431824 +/-   29.808035
  123    5.322 sec   1.430253  |   1.431807 +/-   29.535368
  124    5.294 sec   1.429534  |   1.431783 +/-   29.320012
  125    5.371 sec   1.436032  |   1.431828 +/-   29.350457
  126    5.336 sec   1.425268  |   1.431760 +/-   29.829475
  127    5.211 sec   1.436006  |   1.431803 +/-   29.841513
  128    5.345 sec   1.429904  |   1.431784 +/-   29.599886
  129    5.276 sec   1.433048  |   1.431797 +/-   29.328406
  130    5.268 sec   1.435486  |   1.431834 +/-   29.266240
  131    5.207 sec   1.435597  |   1.431871 +/-   29.212726
  132    5.233 sec   1.433839  |   1.431890 +/-   28.990016
  133    5.317 sec   1.430883  |   1.431880 +/-   28.725047
  134    5.296 sec   1.432476  |   1.431886 +/-   28.454546
  135    5.289 sec   1.430471  |   1.431873 +/-   28.215445
  136    5.293 sec   1.432328  |   1.431877 +/-   27.952538
  137    5.268 sec   1.429937  |   1.431859 +/-   27.750055
  138    5.309 sec   1.434967  |   1.431888 +/-   27.641943
  139    5.358 sec   1.435779  |   1.431923 +/-   27.617916
  140    5.240 sec   1.427334  |   1.431882 +/-   27.680221
  141    5.278 sec   1.431654  |   1.431879 +/-   27.431611
  142    5.315 sec   1.432117  |   1.431882 +/-   27.187507
  143    5.225 sec   1.429410  |   1.431860 +/-   27.034748
  144    5.297 sec   1.428320  |   1.431829 +/-   26.975273
  145    5.278 sec   1.433821  |   1.431846 +/-   26.796274
  146    5.287 sec   1.435756  |   1.431880 +/-   26.776429
  147    5.314 sec   1.428185  |   1.431848 +/-   26.733114
  148    5.286 sec   1.427377  |   1.431810 +/-   26.773771
  149    5.353 sec   1.425041  |   1.431753 +/-   27.146292
  150    5.289 sec   1.426841  |   1.431712 +/-   27.227003
  151    5.307 sec   1.428077  |   1.431682 +/-   27.167241
  152    5.367 sec   1.431268  |   1.431679 +/-   26.946679
  153    5.321 sec   1.431557  |   1.431678 +/-   26.727783
  154    5.354 sec   1.428726  |   1.431654 +/-   26.618016
  155    5.330 sec   1.431666  |   1.431654 +/-   26.405073
  156    5.337 sec   1.433496  |   1.431669 +/-   26.235916
  157    5.336 sec   1.433227  |   1.431681 +/-   26.058016
  158    5.295 sec   1.427345  |   1.431647 +/-   26.073738
  159    5.247 sec   1.430708  |   1.431640 +/-   25.881777
  160    5.289 sec   1.429587  |   1.431624 +/-   25.730827
  161    5.264 sec   1.434324  |   1.431645 +/-   25.616819
  162    5.347 sec   1.431984  |   1.431647 +/-   25.424038
  163    5.315 sec   1.432311  |   1.431652 +/-   25.237775
  164    5.264 sec   1.434761  |   1.431676 +/-   25.155855
  165    5.331 sec   1.434469  |   1.431696 +/-   25.054445
  166    5.300 sec   1.434284  |   1.431715 +/-   24.942341
  167    5.288 sec   1.433779  |   1.431730 +/-   24.805738
  168    5.256 sec   1.432691  |   1.431737 +/-   24.635744
  169    5.211 sec   1.433878  |   1.431753 +/-   24.506610
  170    5.340 sec   1.434336  |   1.431771 +/-   24.400926
  171    5.264 sec   1.432219  |   1.431774 +/-   24.229938
  172    5.252 sec   1.429885  |   1.431761 +/-   24.095807
  173    5.204 sec   1.435562  |   1.431788 +/-   24.073480
  174    5.281 sec   1.425605  |   1.431745 +/-   24.286156
  175    5.342 sec   1.436476  |   1.431777 +/-   24.336837
  176    5.324 sec   1.431314  |   1.431774 +/-   24.172216
  177    5.184 sec   1.426777  |   1.431740 +/-   24.245622
  178    5.306 sec   1.432313  |   1.431744 +/-   24.084893
  179    5.296 sec   1.431438  |   1.431742 +/-   23.924125
  180    5.220 sec   1.435876  |   1.431770 +/-   23.922846
  181    5.308 sec   1.434697  |   1.431789 +/-   23.842845
  182    5.274 sec   1.428576  |   1.431768 +/-   23.779521
  183    5.307 sec   1.428313  |   1.431745 +/-   23.731085
  184    5.299 sec   1.432473  |   1.431750 +/-   23.581694
  185    5.330 sec   1.427454  |   1.431722 +/-   23.591843
  186    5.222 sec   1.435516  |   1.431747 +/-   23.565642
  187    5.281 sec   1.432401  |   1.431751 +/-   23.419225
  188    5.226 sec   1.431513  |   1.431749 +/-   23.271485
  189    5.263 sec   1.436774  |   1.431781 +/-   23.338703
  190    5.238 sec   1.429299  |   1.431765 +/-   23.244317
  191    5.256 sec   1.433122  |   1.431774 +/-   23.115222
  192    5.344 sec   1.422945  |   1.431719 +/-   23.606194
  193    5.335 sec   1.429857  |   1.431708 +/-   23.489000
  194    5.277 sec   1.429302  |   1.431693 +/-   23.391548
  195    5.266 sec   1.431458  |   1.431692 +/-   23.250215
  196    5.264 sec   1.436349  |   1.431720 +/-   23.278816
  197    5.267 sec   1.430767  |   1.431714 +/-   23.146404
  198    5.268 sec   1.433802  |   1.431726 +/-   23.041968
  199    5.285 sec   1.432774  |   1.431733 +/-   22.913964
  200    5.358 sec   1.433144  |   1.431741 +/-   22.794203
  201    5.257 sec   1.433059  |   1.431749 +/-   22.673927
  202    5.268 sec   1.430535  |   1.431742 +/-   22.553073
  203    5.282 sec   1.433241  |   1.431750 +/-   22.439362
  204    5.291 sec   1.435517  |   1.431772 +/-   22.414574
  205    5.286 sec   1.435496  |   1.431793 +/-   22.387273
  206    5.294 sec   1.434667  |   1.431810 +/-   22.319535
  207    5.260 sec   1.431695  |   1.431809 +/-   22.193530
  208    5.240 sec   1.433888  |   1.431821 +/-   22.099561
  209    5.358 sec   1.432000  |   1.431822 +/-   21.976328
  210    5.203 sec   1.433994  |   1.431834 +/-   21.887348
  211    5.293 sec   1.431081  |   1.431829 +/-   21.770373
  212    5.314 sec   1.429375  |   1.431816 +/-   21.692490
  213    5.302 sec   1.440640  |   1.431864 +/-   22.103330
  214    5.243 sec   1.433309  |   1.431872 +/-   21.997150
  215    5.328 sec   1.433691  |   1.431882 +/-   21.900220
  216    5.233 sec   1.433501  |   1.431891 +/-   21.799778
  217    5.264 sec   1.433421  |   1.431899 +/-   21.698556
  218    5.362 sec   1.432917  |   1.431904 +/-   21.589896
  219    5.278 sec   1.430360  |   1.431896 +/-   21.491113
  220    5.225 sec   1.430058  |   1.431886 +/-   21.399756
  221    5.297 sec   1.431556  |   1.431885 +/-   21.288414
  222    5.306 sec   1.434908  |   1.431900 +/-   21.235685
  223    5.295 sec   1.428371  |   1.431882 +/-   21.204226
  224    5.227 sec   1.421059  |   1.431826 +/-   21.816545
  225    5.274 sec   1.435666  |   1.431846 +/-   21.793325
  226    5.345 sec   1.434821  |   1.431861 +/-   21.734924
  227    5.200 sec   1.437106  |   1.431888 +/-   21.787050
  228    5.247 sec   1.432022  |   1.431888 +/-   21.677121
  229    5.241 sec   1.432921  |   1.431894 +/-   21.574403
  230    5.288 sec   1.430330  |   1.431886 +/-   21.480687
  231    5.211 sec   1.435078  |   1.431902 +/-   21.432451
  232    5.297 sec   1.435724  |   1.431921 +/-   21.409696
  233    5.298 sec   1.436917  |   1.431945 +/-   21.445227
  234    5.283 sec   1.431213  |   1.431942 +/-   21.343107
  235    5.371 sec   1.431773  |   1.431941 +/-   21.239154
  236    5.338 sec   1.430159  |   1.431932 +/-   21.153655
  237    5.290 sec   1.427869  |   1.431913 +/-   21.142325
  238    5.260 sec   1.431676  |   1.431911 +/-   21.040986
  239    5.369 sec   1.431616  |   1.431910 +/-   20.940785
  240    5.302 sec   1.431909  |   1.431910 +/-   20.841067
  241    5.254 sec   1.430173  |   1.431902 +/-   20.758549
  242    5.305 sec   1.434925  |   1.431916 +/-   20.709551
  243    5.305 sec   1.434100  |   1.431926 +/-   20.637693
  244    5.387 sec   1.432929  |   1.431931 +/-   20.546570
  245    5.411 sec   1.428173  |   1.431914 +/-   20.525226
  246    5.289 sec   1.433757  |   1.431922 +/-   20.447945
  247    5.279 sec   1.430512  |   1.431916 +/-   20.364035
  248    5.302 sec   1.432956  |   1.431920 +/-   20.276219
  249    5.322 sec   1.425261  |   1.431890 +/-   20.410375
  250    5.356 sec   1.433284  |   1.431896 +/-   20.327437
  251    5.339 sec   1.431228  |   1.431893 +/-   20.237708
  252    5.339 sec   1.426919  |   1.431871 +/-   20.270222
  253    5.275 sec   1.430161  |   1.431863 +/-   20.193826
  254    5.244 sec   1.432828  |   1.431867 +/-   20.108268
  255    5.329 sec   1.430255  |   1.431860 +/-   20.031659
  256    5.250 sec   1.431454  |   1.431858 +/-   19.943829
  257    5.342 sec   1.426728  |   1.431836 +/-   19.983602
  258    5.295 sec   1.431407  |   1.431834 +/-   19.896839
  259    5.291 sec   1.432582  |   1.431837 +/-   19.812632
  260    5.271 sec   1.432633  |   1.431841 +/-   19.729507
  261    5.215 sec   1.430377  |   1.431834 +/-   19.654265
  262    5.344 sec   1.431551  |   1.431833 +/-   19.569930
  263    5.254 sec   1.436728  |   1.431854 +/-   19.598380
  264    5.316 sec   1.431440  |   1.431852 +/-   19.515425
  265    5.234 sec   1.431784  |   1.431852 +/-   19.432402
  266    5.209 sec   1.430645  |   1.431847 +/-   19.356792
  267    5.292 sec   1.430671  |   1.431842 +/-   19.281477
  268    5.291 sec   1.431074  |   1.431839 +/-   19.203160
  269    5.259 sec   1.432347  |   1.431841 +/-   19.123992
  270    5.249 sec   1.430070  |   1.431834 +/-   19.058546
  271    5.331 sec   1.431143  |   1.431831 +/-   18.981616
  272    5.284 sec   1.425383  |   1.431804 +/-   19.089258
  273    5.242 sec   1.428708  |   1.431791 +/-   19.053168
  274    5.277 sec   1.429449  |   1.431782 +/-   18.999251
  275    5.379 sec   1.429001  |   1.431770 +/-   18.955583
  276    5.309 sec   1.435053  |   1.431784 +/-   18.925451
  277    5.342 sec   1.429449  |   1.431774 +/-   18.872427
  278    5.324 sec   1.428664  |   1.431762 +/-   18.837956
  279    5.329 sec   1.433129  |   1.431767 +/-   18.770304
  280    5.261 sec   1.429524  |   1.431758 +/-   18.716648
  281    5.300 sec   1.429199  |   1.431748 +/-   18.669829
  282    5.238 sec   1.430771  |   1.431744 +/-   18.599770
  283    5.277 sec   1.432169  |   1.431746 +/-   18.527012
  284    5.243 sec   1.428911  |   1.431735 +/-   18.487647
  285    5.241 sec   1.430624  |   1.431730 +/-   18.420274
  286    5.263 sec   1.427259  |   1.431713 +/-   18.430931
  287    5.244 sec   1.432563  |   1.431716 +/-   18.362184
  288    5.332 sec   1.431001  |   1.431713 +/-   18.293107
  289    5.205 sec   1.434788  |   1.431725 +/-   18.260943
  290    5.271 sec   1.431482  |   1.431724 +/-   18.190949
  291    5.263 sec   1.434611  |   1.431735 +/-   18.154845
  292    5.300 sec   1.430276  |   1.431730 +/-   18.094098
  293    5.327 sec   1.429284  |   1.431721 +/-   18.049190
  294    5.271 sec   1.435985  |   1.431737 +/-   18.052957
  295    5.306 sec   1.431254  |   1.431735 +/-   17.985752
  296    5.249 sec   1.431723  |   1.431735 +/-   17.918137
  297    5.285 sec   1.435088  |   1.431747 +/-   17.894987
  298    5.363 sec   1.432521  |   1.431750 +/-   17.830545
  299    5.339 sec   1.435651  |   1.431765 +/-   17.823135
  300    5.401 sec   1.430404  |   1.431760 +/-   17.764249
  301    5.196 sec   1.431641  |   1.431759 +/-   17.698752
  302    5.352 sec   1.425148  |   1.431735 +/-   17.799781
  303    5.246 sec   1.433506  |   1.431741 +/-   17.746397
  304    5.334 sec   1.432679  |   1.431745 +/-   17.684924
  305    5.263 sec   1.429356  |   1.431736 +/-   17.641939
  306    5.266 sec   1.433318  |   1.431742 +/-   17.587321
  307    5.260 sec   1.436902  |   1.431761 +/-   17.622190
  308    5.208 sec   1.431582  |   1.431760 +/-   17.558918
  309    5.225 sec   1.435292  |   1.431773 +/-   17.541572
  310    5.330 sec   1.430402  |   1.431768 +/-   17.485749
  311    5.234 sec   1.435405  |   1.431781 +/-   17.471363
  312    5.194 sec   1.432401  |   1.431783 +/-   17.410793
  313    5.248 sec   1.431519  |   1.431782 +/-   17.349519
  314    5.240 sec   1.430668  |   1.431778 +/-   17.292861
  315    5.236 sec   1.435388  |   1.431791 +/-   17.278513
  316    5.242 sec   1.439640  |   1.431818 +/-   17.434709
  317    5.212 sec   1.433559  |   1.431824 +/-   17.384514
  318    5.287 sec   1.428565  |   1.431813 +/-   17.360946
  319    5.281 sec   1.429659  |   1.431805 +/-   17.316864
  320    5.307 sec   1.433286  |   1.431810 +/-   17.264674
  321    5.441 sec   1.434506  |   1.431820 +/-   17.230170
  322    5.216 sec   1.432911  |   1.431823 +/-   17.175217
  323    5.335 sec   1.427421  |   1.431808 +/-   17.182195
  324    5.294 sec   1.432700  |   1.431811 +/-   17.126428
  325    5.359 sec   1.434144  |   1.431819 +/-   17.086607
  326    5.308 sec   1.433650  |   1.431826 +/-   17.040076
  327    5.232 sec   1.436371  |   1.431841 +/-   17.051277
  328    5.338 sec   1.429077  |   1.431832 +/-   17.019262
  329    5.315 sec   1.429661  |   1.431824 +/-   16.977817
  330    5.374 sec   1.431161  |   1.431822 +/-   16.922666
    All Simulation Ends...
 
    Final keff :   1.431822 +/-    16.923
