    CTRL  READ COMPLETE..
    Continuous Energy Mode...
    Start reading ace-format nuclear data
           1 1001.714nc
           2 8016.714nc
    WARNING :: NYD block exists
           3 92235.714nc
           4 92238.714nc
    Read S(a,b) scattering law tables
           1 hh2o.71t_0293
    ACE Lib. READ COMPLETE...
    CE MAT READ COMPLETE...
    GEOM  READ COMPLETE..
    Setting ugrid...
    Initializing Source...
    Source Initializing Complete...
 
 
    Num of threads      32
    Num of particles    100000
    Transport Simulation Starts...
    1    5.440 sec   1.425794
    2    7.114 sec   1.422281
    3    5.393 sec   1.417978
    4    5.366 sec   1.421711
    5    5.388 sec   1.424248
    6    5.258 sec   1.422327
    7    5.222 sec   1.425325
    8    5.228 sec   1.427168
    9    5.132 sec   1.432509
   10    5.151 sec   1.424228
   11    5.056 sec   1.433222
   12    5.131 sec   1.431519
   13    5.070 sec   1.429160
   14    5.046 sec   1.428290
   15    5.145 sec   1.433096
   16    5.099 sec   1.424321
   17    5.073 sec   1.432090
   18    5.203 sec   1.432456
   19    5.064 sec   1.431496
   20    5.067 sec   1.434223
   21    5.147 sec   1.431768
   22    5.062 sec   1.432044
   23    5.110 sec   1.429296
   24    5.051 sec   1.428545
   25    5.041 sec   1.434941
   26    5.094 sec   1.430565
   27    5.109 sec   1.431073
   28    5.034 sec   1.430290
   29    5.089 sec   1.430378
   30    5.001 sec   1.434714
   31    5.003 sec   1.435259
   32    5.068 sec   1.429472  |   1.432365 +/-  204.572687
   33    5.143 sec   1.431210  |   1.431980 +/-  139.959745
   34    5.017 sec   1.428541  |   1.431121 +/-  128.693614
   35    5.048 sec   1.434442  |   1.431785 +/-  118.871900
   36    5.083 sec   1.429855  |   1.431463 +/-  103.318879
   37    5.055 sec   1.428110  |   1.430984 +/-   99.041831
   38    5.115 sec   1.431864  |   1.431094 +/-   87.270042
   39    5.000 sec   1.433422  |   1.431353 +/-   81.314110
   40    5.065 sec   1.430062  |   1.431224 +/-   74.200628
   41    5.126 sec   1.425670  |   1.430719 +/-   82.873069
   42    4.990 sec   1.436098  |   1.431167 +/-   87.250102
   43    5.089 sec   1.432703  |   1.431285 +/-   81.334804
   44    5.019 sec   1.429937  |   1.431189 +/-   76.093530
   45    5.074 sec   1.433321  |   1.431331 +/-   72.336119
   46    5.047 sec   1.434412  |   1.431524 +/-   70.331896
   47    5.026 sec   1.437702  |   1.431887 +/-   74.998200
   48    5.080 sec   1.431270  |   1.431853 +/-   70.909995
   49    5.014 sec   1.434545  |   1.431994 +/-   68.579126
   50    5.123 sec   1.432224  |   1.432006 +/-   65.159734
   51    5.057 sec   1.431550  |   1.431984 +/-   62.093051
   52    5.071 sec   1.429604  |   1.431876 +/-   60.205757
   53    5.020 sec   1.432289  |   1.431894 +/-   57.614935
   54    5.158 sec   1.430120  |   1.431820 +/-   55.686563
   55    5.051 sec   1.434040  |   1.431909 +/-   54.162393
   56    5.134 sec   1.433754  |   1.431980 +/-   52.542104
   57    5.007 sec   1.428525  |   1.431852 +/-   52.131078
   58    5.126 sec   1.428480  |   1.431731 +/-   51.641464
   59    5.141 sec   1.431737  |   1.431732 +/-   49.860727
   60    5.059 sec   1.430656  |   1.431696 +/-   48.327382
   61    5.047 sec   1.431173  |   1.431679 +/-   46.797797
   62    5.056 sec   1.431617  |   1.431677 +/-   45.335765
   63    5.064 sec   1.435254  |   1.431785 +/-   45.239133
   64    5.080 sec   1.429175  |   1.431709 +/-   44.555126
   65    5.014 sec   1.435441  |   1.431815 +/-   44.540319
   66    5.095 sec   1.432266  |   1.431828 +/-   43.320697
   67    5.064 sec   1.429503  |   1.431765 +/-   42.603186
   68    5.107 sec   1.430266  |   1.431726 +/-   41.664231
   69    5.089 sec   1.430244  |   1.431688 +/-   40.768810
   70    5.042 sec   1.429948  |   1.431644 +/-   39.980917
   71    5.087 sec   1.435319  |   1.431734 +/-   39.997954
   72    5.092 sec   1.430382  |   1.431701 +/-   39.174786
   73    5.072 sec   1.426988  |   1.431592 +/-   39.767630
   74    5.115 sec   1.432151  |   1.431605 +/-   38.884138
   75    5.061 sec   1.429863  |   1.431566 +/-   38.212220
   76    5.069 sec   1.437673  |   1.431699 +/-   39.621120
   77    5.057 sec   1.436395  |   1.431799 +/-   40.018391
   78    5.070 sec   1.429708  |   1.431755 +/-   39.421026
   79    5.060 sec   1.433822  |   1.431797 +/-   38.841474
   80    5.099 sec   1.429244  |   1.431746 +/-   38.398893
   81    5.055 sec   1.427658  |   1.431666 +/-   38.473450
   82    5.039 sec   1.429748  |   1.431629 +/-   37.909905
   83    5.044 sec   1.434803  |   1.431689 +/-   37.664640
   84    5.065 sec   1.430979  |   1.431676 +/-   36.990099
   85    5.120 sec   1.430904  |   1.431662 +/-   36.344184
   86    5.074 sec   1.435908  |   1.431738 +/-   36.477535
   87    5.063 sec   1.433702  |   1.431772 +/-   35.999971
   88    5.028 sec   1.437025  |   1.431863 +/-   36.500659
   89    5.138 sec   1.432907  |   1.431880 +/-   35.924913
   90    5.137 sec   1.433618  |   1.431909 +/-   35.442678
   91    5.142 sec   1.430387  |   1.431884 +/-   34.949375
   92    5.024 sec   1.432728  |   1.431898 +/-   34.412173
   93    5.109 sec   1.435279  |   1.431952 +/-   34.281965
   94    5.157 sec   1.431209  |   1.431940 +/-   33.765928
   95    5.044 sec   1.426116  |   1.431850 +/-   34.414831
   96    5.073 sec   1.432823  |   1.431865 +/-   33.924943
   97    5.060 sec   1.433215  |   1.431885 +/-   33.478380
   98    5.016 sec   1.432673  |   1.431897 +/-   33.006059
   99    5.122 sec   1.428291  |   1.431845 +/-   32.938872
  100    4.992 sec   1.432885  |   1.431860 +/-   32.501851
  101    5.149 sec   1.433024  |   1.431876 +/-   32.085457
  102    5.050 sec   1.435015  |   1.431920 +/-   31.934657
  103    5.125 sec   1.432522  |   1.431928 +/-   31.507857
  104    5.139 sec   1.433077  |   1.431943 +/-   31.120305
  105    5.053 sec   1.424471  |   1.431844 +/-   32.260660
  106    4.987 sec   1.431625  |   1.431841 +/-   31.837461
  107    5.091 sec   1.426847  |   1.431776 +/-   32.077668
  108    5.041 sec   1.434129  |   1.431806 +/-   31.807923
  109    5.139 sec   1.430286  |   1.431787 +/-   31.463405
  110    5.002 sec   1.435825  |   1.431837 +/-   31.472326
  111    5.119 sec   1.434822  |   1.431874 +/-   31.298714
  112    5.115 sec   1.429675  |   1.431847 +/-   31.031734
  113    5.080 sec   1.432590  |   1.431856 +/-   30.670757
  114    5.046 sec   1.430020  |   1.431834 +/-   30.383467
  115    5.068 sec   1.436086  |   1.431884 +/-   30.434883
  116    5.147 sec   1.433298  |   1.431901 +/-   30.125321
  117    5.094 sec   1.429008  |   1.431868 +/-   29.961976
  118    5.022 sec   1.429922  |   1.431846 +/-   29.702978
  119    5.003 sec   1.435373  |   1.431885 +/-   29.632480
  120    5.083 sec   1.436009  |   1.431931 +/-   29.655339
  121    5.058 sec   1.435024  |   1.431965 +/-   29.523583
  122    5.138 sec   1.431151  |   1.431956 +/-   29.215935
  123    5.150 sec   1.430661  |   1.431942 +/-   28.934950
  124    5.115 sec   1.434205  |   1.431966 +/-   28.727108
  125    5.075 sec   1.430306  |   1.431949 +/-   28.477824
  126    5.069 sec   1.432399  |   1.431953 +/-   28.185038
  127    5.126 sec   1.429909  |   1.431932 +/-   27.973186
  128    5.052 sec   1.432143  |   1.431935 +/-   27.688569
  129    5.103 sec   1.428866  |   1.431904 +/-   27.581852
  130    5.044 sec   1.428620  |   1.431871 +/-   27.500743
  131    5.059 sec   1.436052  |   1.431912 +/-   27.538255
  132    5.089 sec   1.427442  |   1.431868 +/-   27.614773
  133    5.091 sec   1.431473  |   1.431864 +/-   27.349337
  134    5.101 sec   1.435446  |   1.431899 +/-   27.302311
  135    5.057 sec   1.427514  |   1.431857 +/-   27.359849
  136    4.989 sec   1.434083  |   1.431878 +/-   27.182211
  137    5.098 sec   1.434458  |   1.431902 +/-   27.034909
  138    5.063 sec   1.430642  |   1.431891 +/-   26.809752
  139    5.053 sec   1.430771  |   1.431880 +/-   26.583475
  140    5.089 sec   1.427465  |   1.431840 +/-   26.643105
  141    5.153 sec   1.427337  |   1.431800 +/-   26.710190
  142    5.071 sec   1.431244  |   1.431795 +/-   26.476318
  143    5.111 sec   1.437609  |   1.431846 +/-   26.737386
  144    5.058 sec   1.432463  |   1.431851 +/-   26.508324
  145    5.031 sec   1.432261  |   1.431855 +/-   26.280204
  146    5.054 sec   1.431375  |   1.431851 +/-   26.056914
  147    5.121 sec   1.429199  |   1.431828 +/-   25.932575
  148    5.014 sec   1.436387  |   1.431867 +/-   25.998972
  149    5.145 sec   1.434875  |   1.431892 +/-   25.903071
  150    5.074 sec   1.432336  |   1.431896 +/-   25.689851
  151    4.968 sec   1.431213  |   1.431890 +/-   25.483735
  152    5.114 sec   1.429084  |   1.431867 +/-   25.378440
  153    5.054 sec   1.431795  |   1.431867 +/-   25.172179
  154    5.069 sec   1.432641  |   1.431873 +/-   24.976924
  155    5.051 sec   1.429361  |   1.431853 +/-   24.857828
  156    5.033 sec   1.433824  |   1.431868 +/-   24.709723
  157    5.106 sec   1.428354  |   1.431841 +/-   24.669593
  158    5.071 sec   1.432831  |   1.431848 +/-   24.488978
  159    5.095 sec   1.426865  |   1.431810 +/-   24.601983
  160    5.072 sec   1.429553  |   1.431792 +/-   24.473887
  161    5.063 sec   1.433956  |   1.431809 +/-   24.342699
  162    5.051 sec   1.430689  |   1.431801 +/-   24.173060
  163    4.994 sec   1.436010  |   1.431832 +/-   24.197633
  164    5.143 sec   1.429453  |   1.431814 +/-   24.082116
  165    5.062 sec   1.432945  |   1.431823 +/-   23.918287
  166    5.077 sec   1.429318  |   1.431804 +/-   23.813224
  167    5.191 sec   1.427523  |   1.431773 +/-   23.843595
  168    5.020 sec   1.429045  |   1.431753 +/-   23.752603
  169    5.001 sec   1.429663  |   1.431738 +/-   23.629289
  170    5.156 sec   1.431975  |   1.431740 +/-   23.461115
  171    5.084 sec   1.431166  |   1.431736 +/-   23.298260
  172    5.062 sec   1.429451  |   1.431720 +/-   23.189672
  173    5.011 sec   1.430585  |   1.431712 +/-   23.041084
  174    5.135 sec   1.431508  |   1.431710 +/-   22.881512
  175    5.045 sec   1.435769  |   1.431738 +/-   22.894221
  176    5.036 sec   1.429628  |   1.431724 +/-   22.782992
  177    5.017 sec   1.429899  |   1.431712 +/-   22.661818
  178    5.063 sec   1.426795  |   1.431678 +/-   22.750897
  179    5.046 sec   1.427784  |   1.431652 +/-   22.747864
  180    5.118 sec   1.429273  |   1.431636 +/-   22.651435
  181    5.049 sec   1.431461  |   1.431635 +/-   22.501722
  182    5.035 sec   1.432377  |   1.431640 +/-   22.358977
  183    4.989 sec   1.435330  |   1.431664 +/-   22.342527
  184    5.075 sec   1.429980  |   1.431653 +/-   22.224207
  185    5.002 sec   1.430390  |   1.431645 +/-   22.095764
  186    5.092 sec   1.429614  |   1.431632 +/-   21.992453
  187    5.110 sec   1.432175  |   1.431636 +/-   21.855089
  188    5.183 sec   1.433302  |   1.431646 +/-   21.742196
  189    5.056 sec   1.430855  |   1.431641 +/-   21.611140
  190    5.078 sec   1.426789  |   1.431611 +/-   21.687837
  191    5.056 sec   1.435905  |   1.431637 +/-   21.716511
  192    5.113 sec   1.426949  |   1.431609 +/-   21.774452
  193    5.076 sec   1.434384  |   1.431626 +/-   21.707343
  194    5.082 sec   1.429070  |   1.431610 +/-   21.630829
  195    5.063 sec   1.432527  |   1.431616 +/-   21.506877
  196    5.077 sec   1.435819  |   1.431641 +/-   21.525874
  197    5.123 sec   1.431475  |   1.431640 +/-   21.397206
  198    5.041 sec   1.428962  |   1.431624 +/-   21.329114
  199    5.063 sec   1.439418  |   1.431670 +/-   21.695792
  200    5.050 sec   1.432329  |   1.431674 +/-   21.571634
  201    5.057 sec   1.429532  |   1.431661 +/-   21.481837
  202    5.027 sec   1.433332  |   1.431671 +/-   21.378875
  203    5.065 sec   1.426533  |   1.431641 +/-   21.460612
  204    4.973 sec   1.434852  |   1.431660 +/-   21.416441
  205    5.050 sec   1.430041  |   1.431651 +/-   21.314027
  206    5.073 sec   1.434152  |   1.431665 +/-   21.240274
  207    5.005 sec   1.429310  |   1.431652 +/-   21.161886
  208    5.016 sec   1.435001  |   1.431670 +/-   21.126509
  209    5.087 sec   1.436144  |   1.431695 +/-   21.155811
  210    5.069 sec   1.429103  |   1.431681 +/-   21.087247
  211    5.037 sec   1.428265  |   1.431662 +/-   21.055045
  212    5.143 sec   1.430087  |   1.431653 +/-   20.957130
  213    5.161 sec   1.425892  |   1.431622 +/-   21.077728
  214    5.016 sec   1.436749  |   1.431650 +/-   21.146577
  215    5.088 sec   1.428599  |   1.431633 +/-   21.096476
  216    5.164 sec   1.436176  |   1.431658 +/-   21.123943
  217    5.055 sec   1.433522  |   1.431668 +/-   21.034493
  218    5.045 sec   1.430882  |   1.431664 +/-   20.926763
  219    5.041 sec   1.426307  |   1.431635 +/-   21.007102
  220    5.085 sec   1.428911  |   1.431621 +/-   20.945405
  221    5.071 sec   1.430352  |   1.431614 +/-   20.846274
  222    5.073 sec   1.429917  |   1.431605 +/-   20.756423
  223    5.102 sec   1.437743  |   1.431637 +/-   20.891062
  224    5.080 sec   1.430550  |   1.431632 +/-   20.790894
  225    5.060 sec   1.432491  |   1.431636 +/-   20.688947
  226    5.076 sec   1.429542  |   1.431625 +/-   20.610957
  227    5.072 sec   1.427506  |   1.431604 +/-   20.612126
  228    5.031 sec   1.428830  |   1.431590 +/-   20.555602
  229    5.002 sec   1.440397  |   1.431635 +/-   20.923268
  230    5.085 sec   1.427276  |   1.431613 +/-   20.931813
  231    4.969 sec   1.431052  |   1.431610 +/-   20.829537
  232    5.067 sec   1.434432  |   1.431624 +/-   20.773226
  233    5.089 sec   1.430018  |   1.431616 +/-   20.685957
  234    4.986 sec   1.436235  |   1.431639 +/-   20.708111
  235    5.066 sec   1.428757  |   1.431625 +/-   20.654740
  236    4.953 sec   1.434448  |   1.431638 +/-   20.599892
  237    5.086 sec   1.431273  |   1.431637 +/-   20.501131
  238    4.974 sec   1.434608  |   1.431651 +/-   20.452296
  239    5.124 sec   1.428580  |   1.431636 +/-   20.407154
  240    5.067 sec   1.428571  |   1.431622 +/-   20.362117
  241    5.027 sec   1.433935  |   1.431633 +/-   20.295121
  242    5.080 sec   1.431548  |   1.431632 +/-   20.199429
  243    5.109 sec   1.429401  |   1.431622 +/-   20.131732
  244    5.134 sec   1.427914  |   1.431604 +/-   20.112073
  245    5.097 sec   1.429771  |   1.431596 +/-   20.036593
  246    5.083 sec   1.431510  |   1.431595 +/-   19.943871
  247    5.068 sec   1.430055  |   1.431588 +/-   19.864588
  248    5.069 sec   1.431469  |   1.431588 +/-   19.773542
  249    5.071 sec   1.431875  |   1.431589 +/-   19.683687
  250    5.042 sec   1.430085  |   1.431582 +/-   19.606082
  251    5.060 sec   1.429778  |   1.431574 +/-   19.534366
  252    5.081 sec   1.436250  |   1.431595 +/-   19.559590
  253    5.103 sec   1.430540  |   1.431590 +/-   19.477604
  254    5.122 sec   1.433359  |   1.431598 +/-   19.406645
  255    5.018 sec   1.436147  |   1.431619 +/-   19.425387
  256    5.013 sec   1.429056  |   1.431607 +/-   19.372490
  257    5.008 sec   1.431041  |   1.431605 +/-   19.288752
  258    5.046 sec   1.437204  |   1.431629 +/-   19.359850
  259    5.119 sec   1.433300  |   1.431637 +/-   19.289043
  260    5.068 sec   1.432394  |   1.431640 +/-   19.207988
  261    5.117 sec   1.430335  |   1.431634 +/-   19.133144
  262    5.079 sec   1.433564  |   1.431643 +/-   19.068737
  263    5.049 sec   1.433533  |   1.431651 +/-   19.004157
  264    5.112 sec   1.431506  |   1.431650 +/-   18.923044
  265    5.094 sec   1.431280  |   1.431648 +/-   18.843174
  266    5.144 sec   1.429825  |   1.431641 +/-   18.779164
  267    5.042 sec   1.432660  |   1.431645 +/-   18.704848
  268    5.051 sec   1.430159  |   1.431639 +/-   18.636673
  269    5.066 sec   1.432387  |   1.431642 +/-   18.561324
  270    5.105 sec   1.435314  |   1.431657 +/-   18.546951
  271    5.092 sec   1.430679  |   1.431653 +/-   18.474437
  272    5.128 sec   1.431597  |   1.431653 +/-   18.398111
  273    5.110 sec   1.431769  |   1.431653 +/-   18.322460
  274    5.087 sec   1.435306  |   1.431668 +/-   18.308407
  275    5.082 sec   1.431903  |   1.431669 +/-   18.233930
  276    5.064 sec   1.426147  |   1.431647 +/-   18.297497
  277    5.029 sec   1.429050  |   1.431636 +/-   18.253608
  278    5.023 sec   1.431478  |   1.431636 +/-   18.180116
  279    5.041 sec   1.430093  |   1.431630 +/-   18.117652
  280    5.044 sec   1.435348  |   1.431644 +/-   18.106146
  281    5.089 sec   1.427950  |   1.431630 +/-   18.093745
  282    4.989 sec   1.429729  |   1.431622 +/-   18.037654
  283    5.120 sec   1.431421  |   1.431621 +/-   17.966533
  284    5.107 sec   1.431275  |   1.431620 +/-   17.896316
  285    5.095 sec   1.428022  |   1.431606 +/-   17.881665
  286    5.071 sec   1.428842  |   1.431595 +/-   17.844389
  287    5.048 sec   1.427498  |   1.431579 +/-   17.846015
  288    5.138 sec   1.430613  |   1.431575 +/-   17.780777
  289    5.125 sec   1.432347  |   1.431578 +/-   17.714622
  290    5.097 sec   1.432550  |   1.431582 +/-   17.650428
  291    5.045 sec   1.425481  |   1.431559 +/-   17.736934
  292    5.043 sec   1.432960  |   1.431564 +/-   17.677298
  293    5.155 sec   1.428347  |   1.431552 +/-   17.652344
  294    5.031 sec   1.433106  |   1.431558 +/-   17.595294
  295    5.048 sec   1.431041  |   1.431556 +/-   17.529979
  296    5.072 sec   1.435901  |   1.431572 +/-   17.540007
  297    5.078 sec   1.435481  |   1.431587 +/-   17.535295
  298    5.062 sec   1.425084  |   1.431562 +/-   17.636933
  299    5.147 sec   1.427898  |   1.431549 +/-   17.623902
  300    5.117 sec   1.430582  |   1.431545 +/-   17.562269
  301    5.033 sec   1.435767  |   1.431561 +/-   17.566422
  302    5.074 sec   1.434787  |   1.431573 +/-   17.541846
  303    5.020 sec   1.431273  |   1.431572 +/-   17.477934
  304    5.028 sec   1.432904  |   1.431576 +/-   17.420908
  305    5.013 sec   1.427983  |   1.431563 +/-   17.406501
  306    5.008 sec   1.429723  |   1.431557 +/-   17.356208
  307    5.045 sec   1.426938  |   1.431540 +/-   17.373446
  308    5.109 sec   1.433375  |   1.431547 +/-   17.323484
  309    5.061 sec   1.433980  |   1.431555 +/-   17.283330
  310    5.032 sec   1.432080  |   1.431557 +/-   17.222621
  311    5.054 sec   1.427368  |   1.431542 +/-   17.225743
  312    5.078 sec   1.432912  |   1.431547 +/-   17.171509
  313    5.103 sec   1.437471  |   1.431568 +/-   17.237922
  314    5.035 sec   1.434508  |   1.431579 +/-   17.208278
  315    5.030 sec   1.433371  |   1.431585 +/-   17.159388
  316    4.985 sec   1.432009  |   1.431586 +/-   17.100031
  317    5.022 sec   1.434724  |   1.431597 +/-   17.075372
  318    5.028 sec   1.434420  |   1.431607 +/-   17.044185
  319    5.001 sec   1.435584  |   1.431621 +/-   17.040679
  320    5.049 sec   1.425480  |   1.431600 +/-   17.112955
  321    5.123 sec   1.430533  |   1.431596 +/-   17.058069
  322    5.050 sec   1.429313  |   1.431588 +/-   17.017553
  323    5.154 sec   1.427905  |   1.431576 +/-   17.005843
  324    4.998 sec   1.430510  |   1.431572 +/-   16.951859
  325    5.117 sec   1.435206  |   1.431584 +/-   16.939108
  326    5.016 sec   1.432325  |   1.431587 +/-   16.883729
  327    5.013 sec   1.438528  |   1.431610 +/-   16.987874
  328    5.069 sec   1.428818  |   1.431601 +/-   16.956680
  329    5.196 sec   1.428631  |   1.431591 +/-   16.929024
  330    5.116 sec   1.429775  |   1.431585 +/-   16.883410
    All Simulation Ends...
 
    Final keff :   1.431585 +/-    16.883
