    CTRL  READ COMPLETE..
    Continuous Energy Mode...
    Start reading ace-format nuclear data
           1 1001.714nc
           2 8016.714nc
    WARNING :: NYD block exists
           3 92235.714nc
           4 92238.714nc
    Read S(a,b) scattering law tables
           1 hh2o.71t_0293
    ACE Lib. READ COMPLETE...
    CE MAT READ COMPLETE...
    GEOM  READ COMPLETE..
    Setting ugrid...
    Initializing Source...
    Source Initializing Complete...
 
 
    Num of threads      32
    Num of particles    100000
    Transport Simulation Starts...
    1    5.171 sec   1.425794
    2    6.970 sec   1.420793
    3    5.296 sec   1.421791
    4    5.237 sec   1.426125
    5    5.145 sec   1.425449
    6    5.184 sec   1.426650
    7    5.071 sec   1.428440
    8    5.149 sec   1.426749
    9    5.004 sec   1.428880
   10    5.010 sec   1.434323
   11    5.059 sec   1.433108
   12    4.966 sec   1.428553
   13    5.023 sec   1.428517
   14    4.990 sec   1.430450
   15    5.044 sec   1.431496
   16    4.964 sec   1.430115
   17    5.016 sec   1.433500
   18    4.971 sec   1.432536
   19    4.887 sec   1.431366
   20    4.967 sec   1.431465
   21    4.961 sec   1.430967
   22    4.947 sec   1.427677
   23    5.001 sec   1.433851
   24    4.953 sec   1.434930
   25    5.016 sec   1.426366
   26    4.974 sec   1.428289
   27    5.040 sec   1.430465
   28    5.010 sec   1.429469
   29    4.979 sec   1.428639
   30    4.929 sec   1.435120
   31    5.026 sec   1.427799
   32    4.934 sec   1.430673  |   1.429236 +/-  101.608508
   33    4.954 sec   1.429511  |   1.429327 +/-   68.150418
   34    4.928 sec   1.440191  |   1.432043 +/-  240.701648
   35    4.930 sec   1.426679  |   1.430970 +/-  215.148141
   36    4.952 sec   1.434923  |   1.431629 +/-  189.106206
   37    4.980 sec   1.427607  |   1.431055 +/-  170.596144
   38    4.917 sec   1.431091  |   1.431059 +/-  149.272235
   39    4.971 sec   1.434390  |   1.431429 +/-  137.198807
   40    4.939 sec   1.432674  |   1.431554 +/-  124.042156
   41    4.885 sec   1.434933  |   1.431861 +/-  116.506436
   42    5.012 sec   1.432247  |   1.431893 +/-  106.842013
   43    4.912 sec   1.430125  |   1.431757 +/-   99.484894
   44    4.906 sec   1.432789  |   1.431831 +/-   92.651323
   45    4.987 sec   1.428561  |   1.431613 +/-   89.002263
   46    4.888 sec   1.435433  |   1.431852 +/-   86.582321
   47    4.917 sec   1.432606  |   1.431896 +/-   81.602762
   48    4.960 sec   1.432645  |   1.431938 +/-   77.175408
   49    5.009 sec   1.431180  |   1.431898 +/-   73.216368
   50    5.009 sec   1.427213  |   1.431663 +/-   73.206746
   51    5.036 sec   1.430788  |   1.431622 +/-   69.839449
   52    4.905 sec   1.434333  |   1.431745 +/-   67.743864
   53    5.012 sec   1.430972  |   1.431711 +/-   64.881747
   54    4.936 sec   1.437295  |   1.431944 +/-   66.217784
   55    4.926 sec   1.435385  |   1.432082 +/-   64.983725
   56    4.915 sec   1.431878  |   1.432074 +/-   62.489066
   57    4.861 sec   1.432067  |   1.432074 +/-   60.174661
   58    4.917 sec   1.434566  |   1.432163 +/-   58.680215
   59    4.996 sec   1.429978  |   1.432087 +/-   57.138209
   60    4.913 sec   1.434046  |   1.432153 +/-   55.605335
   61    4.977 sec   1.423534  |   1.431875 +/-   60.362824
   62    5.013 sec   1.431667  |   1.431868 +/-   58.479971
   63    5.007 sec   1.431191  |   1.431848 +/-   56.743859
   64    4.911 sec   1.433526  |   1.431897 +/-   55.289300
   65    4.913 sec   1.439323  |   1.432109 +/-   57.636619
   66    4.899 sec   1.428287  |   1.432003 +/-   57.005061
   67    4.910 sec   1.429120  |   1.431925 +/-   55.994304
   68    4.902 sec   1.432998  |   1.431953 +/-   54.591970
   69    4.907 sec   1.439543  |   1.432148 +/-   56.554958
   70    4.909 sec   1.431930  |   1.432142 +/-   55.143701
   71    4.884 sec   1.431717  |   1.432132 +/-   53.808518
   72    4.867 sec   1.436523  |   1.432237 +/-   53.533211
   73    4.954 sec   1.433842  |   1.432274 +/-   52.418257
   74    4.880 sec   1.430850  |   1.432242 +/-   51.326716
   75    4.900 sec   1.432707  |   1.432252 +/-   50.196534
   76    4.926 sec   1.432535  |   1.432258 +/-   49.109070
   77    4.912 sec   1.435486  |   1.432327 +/-   48.542063
   78    4.933 sec   1.435063  |   1.432384 +/-   47.864406
   79    4.940 sec   1.433087  |   1.432398 +/-   46.909082
   80    4.884 sec   1.436578  |   1.432482 +/-   46.709761
   81    4.975 sec   1.429266  |   1.432419 +/-   46.217379
   82    4.983 sec   1.434126  |   1.432451 +/-   45.445007
   83    4.967 sec   1.426490  |   1.432339 +/-   45.958548
   84    4.848 sec   1.431378  |   1.432321 +/-   45.141940
   85    4.925 sec   1.434303  |   1.432357 +/-   44.464815
   86    4.959 sec   1.431227  |   1.432337 +/-   43.716618
   87    4.885 sec   1.430957  |   1.432313 +/-   43.016623
   88    4.941 sec   1.433884  |   1.432340 +/-   42.360217
   89    4.920 sec   1.430254  |   1.432305 +/-   41.789505
   90    4.907 sec   1.427860  |   1.432231 +/-   41.744296
   91    4.913 sec   1.430983  |   1.432210 +/-   41.110035
   92    4.926 sec   1.431382  |   1.432197 +/-   40.468684
   93    4.910 sec   1.436800  |   1.432270 +/-   40.480704
   94    5.037 sec   1.429809  |   1.432231 +/-   40.030403
   95    4.889 sec   1.435082  |   1.432275 +/-   39.654026
   96    4.990 sec   1.429979  |   1.432240 +/-   39.205581
   97    4.950 sec   1.431025  |   1.432222 +/-   38.662373
   98    4.875 sec   1.432534  |   1.432227 +/-   38.096520
   99    4.938 sec   1.429291  |   1.432184 +/-   37.781207
  100    4.909 sec   1.431775  |   1.432178 +/-   37.246006
  101    4.912 sec   1.430052  |   1.432148 +/-   36.841588
  102    4.967 sec   1.427803  |   1.432088 +/-   36.821025
  103    4.926 sec   1.433697  |   1.432110 +/-   36.382515
  104    4.925 sec   1.434764  |   1.432146 +/-   36.067193
  105    4.918 sec   1.429298  |   1.432108 +/-   35.785656
  106    4.922 sec   1.428884  |   1.432066 +/-   35.565278
  107    4.910 sec   1.424426  |   1.431966 +/-   36.461056
  108    4.944 sec   1.433955  |   1.431992 +/-   36.082669
  109    4.906 sec   1.432927  |   1.432004 +/-   35.645345
  110    4.921 sec   1.427237  |   1.431944 +/-   35.694383
  111    4.905 sec   1.434891  |   1.431981 +/-   35.438654
  112    4.942 sec   1.429175  |   1.431946 +/-   35.171272
  113    4.935 sec   1.428156  |   1.431901 +/-   35.042717
  114    4.874 sec   1.434218  |   1.431928 +/-   34.733971
  115    4.935 sec   1.432119  |   1.431930 +/-   34.326060
  116    4.947 sec   1.434702  |   1.431963 +/-   34.077895
  117    4.965 sec   1.432481  |   1.431969 +/-   33.691395
  118    4.875 sec   1.427841  |   1.431922 +/-   33.633504
  119    4.946 sec   1.432303  |   1.431926 +/-   33.258331
  120    4.938 sec   1.428582  |   1.431889 +/-   33.095753
  121    4.907 sec   1.431113  |   1.431880 +/-   32.743046
  122    4.887 sec   1.434240  |   1.431906 +/-   32.487437
  123    4.891 sec   1.431013  |   1.431896 +/-   32.152285
  124    4.833 sec   1.438216  |   1.431964 +/-   32.505536
  125    4.942 sec   1.430928  |   1.431953 +/-   32.181655
  126    4.870 sec   1.433906  |   1.431973 +/-   31.910693
  127    4.901 sec   1.432836  |   1.431982 +/-   31.594102
  128    4.919 sec   1.425531  |   1.431916 +/-   31.950128
  129    4.883 sec   1.436812  |   1.431966 +/-   32.007820
  130    4.916 sec   1.429294  |   1.431939 +/-   31.799049
  131    4.857 sec   1.430155  |   1.431921 +/-   31.533198
  132    4.928 sec   1.430641  |   1.431909 +/-   31.249019
  133    4.925 sec   1.429363  |   1.431884 +/-   31.043241
  134    4.815 sec   1.436328  |   1.431927 +/-   31.037512
  135    4.832 sec   1.430994  |   1.431918 +/-   30.754638
  136    4.827 sec   1.435652  |   1.431953 +/-   30.665571
  137    4.915 sec   1.427436  |   1.431911 +/-   30.668214
  138    4.946 sec   1.432109  |   1.431913 +/-   30.384798
  139    4.897 sec   1.431009  |   1.431904 +/-   30.117355
  140    4.830 sec   1.429394  |   1.431882 +/-   29.929933
  141    4.967 sec   1.432187  |   1.431884 +/-   29.661556
  142    4.940 sec   1.427970  |   1.431849 +/-   29.601921
  143    4.886 sec   1.431410  |   1.431845 +/-   29.342515
  144    4.943 sec   1.430132  |   1.431830 +/-   29.123585
  145    4.879 sec   1.432401  |   1.431835 +/-   28.874559
  146    4.942 sec   1.431973  |   1.431837 +/-   28.625885
  147    4.878 sec   1.430393  |   1.431824 +/-   28.407788
  148    4.774 sec   1.436208  |   1.431861 +/-   28.408881
  149    4.867 sec   1.434246  |   1.431881 +/-   28.240710
  150    4.893 sec   1.429172  |   1.431859 +/-   28.095474
  151    4.901 sec   1.428945  |   1.431835 +/-   27.966315
  152    4.872 sec   1.434405  |   1.431856 +/-   27.816335
  153    4.974 sec   1.431753  |   1.431855 +/-   27.590312
  154    4.881 sec   1.428522  |   1.431828 +/-   27.498462
  155    4.875 sec   1.433769  |   1.431844 +/-   27.322257
  156    4.894 sec   1.433349  |   1.431856 +/-   27.131538
  157    5.004 sec   1.429751  |   1.431839 +/-   26.968471
  158    4.947 sec   1.434048  |   1.431856 +/-   26.812929
  159    4.842 sec   1.433301  |   1.431867 +/-   26.628467
  160    4.888 sec   1.429289  |   1.431848 +/-   26.497395
  161    4.932 sec   1.432828  |   1.431855 +/-   26.305693
  162    4.957 sec   1.427880  |   1.431825 +/-   26.278257
  163    4.906 sec   1.431242  |   1.431821 +/-   26.084326
  164    4.887 sec   1.430472  |   1.431811 +/-   25.909081
  165    4.887 sec   1.432772  |   1.431818 +/-   25.726958
  166    4.938 sec   1.432898  |   1.431826 +/-   25.550044
  167    4.847 sec   1.435312  |   1.431851 +/-   25.489994
  168    4.927 sec   1.433833  |   1.431865 +/-   25.345719
  169    4.914 sec   1.427330  |   1.431833 +/-   25.372550
  170    4.935 sec   1.430749  |   1.431825 +/-   25.203128
  171    4.959 sec   1.433360  |   1.431836 +/-   25.047891
  172    4.928 sec   1.431163  |   1.431831 +/-   24.875982
  173    4.931 sec   1.430581  |   1.431822 +/-   24.717376
  174    4.900 sec   1.432475  |   1.431827 +/-   24.549877
  175    4.940 sec   1.437276  |   1.431865 +/-   24.666550
  176    4.968 sec   1.432436  |   1.431868 +/-   24.500709
  177    4.867 sec   1.427899  |   1.431841 +/-   24.482389
  178    4.904 sec   1.433928  |   1.431856 +/-   24.357529
  179    4.900 sec   1.432240  |   1.431858 +/-   24.195420
  180    4.830 sec   1.436715  |   1.431891 +/-   24.249835
  181    4.873 sec   1.431512  |   1.431888 +/-   24.090539
  182    4.988 sec   1.431182  |   1.431883 +/-   23.936522
  183    4.907 sec   1.428981  |   1.431864 +/-   23.855126
  184    4.907 sec   1.433922  |   1.431878 +/-   23.737611
  185    4.930 sec   1.429317  |   1.431861 +/-   23.641895
  186    4.925 sec   1.433895  |   1.431874 +/-   23.526263
  187    4.892 sec   1.434011  |   1.431888 +/-   23.415731
  188    4.870 sec   1.431616  |   1.431886 +/-   23.268161
  189    4.950 sec   1.429776  |   1.431873 +/-   23.159639
  190    4.935 sec   1.433389  |   1.431882 +/-   23.034265
  191    4.919 sec   1.430763  |   1.431875 +/-   22.901689
  192    4.873 sec   1.430771  |   1.431869 +/-   22.770473
  193    4.895 sec   1.432783  |   1.431874 +/-   22.637693
  194    4.818 sec   1.433457  |   1.431884 +/-   22.520232
  195    4.899 sec   1.433447  |   1.431893 +/-   22.403675
  196    4.902 sec   1.427987  |   1.431870 +/-   22.391951
  197    4.835 sec   1.429304  |   1.431854 +/-   22.310504
  198    4.892 sec   1.431137  |   1.431850 +/-   22.181786
  199    4.887 sec   1.431298  |   1.431847 +/-   22.052936
  200    4.867 sec   1.429292  |   1.431832 +/-   21.974372
  201    4.868 sec   1.429033  |   1.431816 +/-   21.906759
  202    4.927 sec   1.433744  |   1.431827 +/-   21.808053
  203    4.928 sec   1.427568  |   1.431802 +/-   21.820500
  204    4.887 sec   1.434248  |   1.431816 +/-   21.740307
  205    5.017 sec   1.428288  |   1.431796 +/-   21.709349
  206    4.980 sec   1.431384  |   1.431794 +/-   21.587265
  207    4.896 sec   1.435329  |   1.431814 +/-   21.557486
  208    4.870 sec   1.429641  |   1.431801 +/-   21.470913
  209    4.916 sec   1.431089  |   1.431797 +/-   21.354654
  210    4.939 sec   1.432495  |   1.431801 +/-   21.239528
  211    4.927 sec   1.431168  |   1.431798 +/-   21.125062
  212    4.917 sec   1.428531  |   1.431780 +/-   21.085109
  213    4.967 sec   1.434503  |   1.431795 +/-   21.022314
  214    4.974 sec   1.431922  |   1.431795 +/-   20.908177
  215    4.879 sec   1.429236  |   1.431782 +/-   20.840865
  216    4.890 sec   1.429894  |   1.431771 +/-   20.753504
  217    4.904 sec   1.432088  |   1.431773 +/-   20.643212
  218    4.944 sec   1.428837  |   1.431758 +/-   20.592410
  219    4.916 sec   1.435516  |   1.431777 +/-   20.579250
  220    4.969 sec   1.429409  |   1.431765 +/-   20.508662
  221    4.931 sec   1.426619  |   1.431738 +/-   20.577489
  222    4.927 sec   1.432757  |   1.431743 +/-   20.477156
  223    4.980 sec   1.433139  |   1.431751 +/-   20.383825
  224    4.931 sec   1.433402  |   1.431759 +/-   20.296522
  225    4.917 sec   1.430899  |   1.431755 +/-   20.197227
  226    4.958 sec   1.430345  |   1.431747 +/-   20.106983
  227    4.852 sec   1.432111  |   1.431749 +/-   20.005764
  228    4.844 sec   1.434386  |   1.431763 +/-   19.949010
  229    4.902 sec   1.429784  |   1.431753 +/-   19.873523
  230    4.931 sec   1.432207  |   1.431755 +/-   19.775454
  231    4.901 sec   1.440639  |   1.431799 +/-   20.165006
  232    4.920 sec   1.431096  |   1.431796 +/-   20.068187
  233    4.894 sec   1.431158  |   1.431793 +/-   19.971791
  234    4.950 sec   1.432143  |   1.431794 +/-   19.874630
  235    4.895 sec   1.428973  |   1.431780 +/-   19.825277
  236    4.935 sec   1.431791  |   1.431781 +/-   19.729038
  237    4.933 sec   1.428733  |   1.431766 +/-   19.688575
  238    4.909 sec   1.429511  |   1.431755 +/-   19.623749
  239    4.941 sec   1.431240  |   1.431753 +/-   19.531402
  240    4.915 sec   1.432898  |   1.431758 +/-   19.446005
  241    4.937 sec   1.430094  |   1.431750 +/-   19.369830
  242    4.854 sec   1.430393  |   1.431744 +/-   19.289035
  243    4.882 sec   1.434471  |   1.431756 +/-   19.240943
  244    4.916 sec   1.432735  |   1.431761 +/-   19.156460
  245    4.958 sec   1.427959  |   1.431743 +/-   19.148815
  246    4.917 sec   1.434068  |   1.431754 +/-   19.090374
  247    4.902 sec   1.429864  |   1.431745 +/-   19.022261
  248    4.888 sec   1.430862  |   1.431741 +/-   18.939321
  249    4.835 sec   1.437580  |   1.431768 +/-   19.039545
  250    4.871 sec   1.433397  |   1.431775 +/-   18.967396
  251    4.820 sec   1.430776  |   1.431771 +/-   18.886957
  252    4.843 sec   1.433528  |   1.431779 +/-   18.818459
  253    4.923 sec   1.435920  |   1.431797 +/-   18.825465
  254    5.012 sec   1.432797  |   1.431802 +/-   18.746712
  255    4.854 sec   1.431534  |   1.431801 +/-   18.663770
  256    4.924 sec   1.434405  |   1.431812 +/-   18.616724
  257    4.915 sec   1.430231  |   1.431805 +/-   18.547736
  258    4.928 sec   1.432151  |   1.431807 +/-   18.467005
  259    4.887 sec   1.434894  |   1.431820 +/-   18.435509
  260    4.885 sec   1.429346  |   1.431809 +/-   18.386701
  261    4.901 sec   1.430410  |   1.431803 +/-   18.317079
  262    4.837 sec   1.434559  |   1.431815 +/-   18.276583
  263    4.885 sec   1.430027  |   1.431808 +/-   18.214244
  264    4.892 sec   1.434220  |   1.431818 +/-   18.165564
  265    5.009 sec   1.430349  |   1.431812 +/-   18.099014
  266    4.893 sec   1.429196  |   1.431801 +/-   18.056235
  267    4.856 sec   1.434443  |   1.431812 +/-   18.014445
  268    4.940 sec   1.432857  |   1.431816 +/-   17.944112
  269    4.844 sec   1.435120  |   1.431830 +/-   17.922188
  270    4.912 sec   1.434746  |   1.431842 +/-   17.888639
  271    4.937 sec   1.429530  |   1.431833 +/-   17.840128
  272    4.832 sec   1.433464  |   1.431839 +/-   17.779140
  273    4.968 sec   1.430844  |   1.431835 +/-   17.710694
  274    4.904 sec   1.432639  |   1.431838 +/-   17.641176
  275    4.926 sec   1.431442  |   1.431837 +/-   17.569912
  276    4.844 sec   1.434745  |   1.431849 +/-   17.538218
  277    4.925 sec   1.430827  |   1.431845 +/-   17.472092
  278    4.892 sec   1.432291  |   1.431846 +/-   17.402570
  279    4.964 sec   1.429962  |   1.431839 +/-   17.349122
  280    4.858 sec   1.434173  |   1.431848 +/-   17.304824
  281    4.900 sec   1.429611  |   1.431839 +/-   17.258826
  282    4.881 sec   1.432761  |   1.431843 +/-   17.194213
  283    4.866 sec   1.434608  |   1.431854 +/-   17.160957
  284    4.906 sec   1.431009  |   1.431850 +/-   17.096616
  285    4.823 sec   1.437527  |   1.431873 +/-   17.173886
  286    4.915 sec   1.432283  |   1.431874 +/-   17.107549
  287    4.908 sec   1.431774  |   1.431874 +/-   17.041028
  288    4.851 sec   1.428702  |   1.431862 +/-   17.019276
  289    4.796 sec   1.434769  |   1.431873 +/-   16.990532
  290    4.986 sec   1.434731  |   1.431884 +/-   16.960717
  291    4.890 sec   1.434610  |   1.431894 +/-   16.927865
  292    4.920 sec   1.431213  |   1.431892 +/-   16.865251
  293    4.906 sec   1.431656  |   1.431891 +/-   16.801362
  294    4.947 sec   1.427236  |   1.431873 +/-   16.829984
  295    4.881 sec   1.428075  |   1.431859 +/-   16.827394
  296    4.928 sec   1.430049  |   1.431852 +/-   16.777884
  297    4.910 sec   1.431642  |   1.431851 +/-   16.715229
  298    4.881 sec   1.430929  |   1.431848 +/-   16.656404
  299    4.964 sec   1.430296  |   1.431842 +/-   16.604465
  300    4.939 sec   1.426891  |   1.431824 +/-   16.643899
  301    4.912 sec   1.433486  |   1.431830 +/-   16.593776
  302    4.860 sec   1.431311  |   1.431828 +/-   16.533865
  303    4.920 sec   1.429336  |   1.431819 +/-   16.498482
  304    4.936 sec   1.431564  |   1.431818 +/-   16.438531
  305    4.941 sec   1.436103  |   1.431833 +/-   16.452433
  306    4.921 sec   1.430937  |   1.431830 +/-   16.396028
  307    4.946 sec   1.432873  |   1.431834 +/-   16.341159
  308    4.855 sec   1.431189  |   1.431832 +/-   16.284026
  309    4.912 sec   1.430769  |   1.431828 +/-   16.230113
  310    4.946 sec   1.433928  |   1.431835 +/-   16.189468
  311    4.959 sec   1.423145  |   1.431804 +/-   16.424587
  312    4.879 sec   1.432661  |   1.431807 +/-   16.369152
  313    4.885 sec   1.431151  |   1.431805 +/-   16.312952
  314    4.928 sec   1.433836  |   1.431812 +/-   16.271182
  315    4.935 sec   1.430225  |   1.431807 +/-   16.223621
  316    4.904 sec   1.430516  |   1.431802 +/-   16.173166
  317    4.992 sec   1.431695  |   1.431802 +/-   16.116856
  318    4.941 sec   1.431748  |   1.431802 +/-   16.060906
  319    4.854 sec   1.436717  |   1.431819 +/-   16.095150
  320    4.921 sec   1.433181  |   1.431823 +/-   16.046501
  321    4.914 sec   1.431475  |   1.431822 +/-   15.991803
  322    4.918 sec   1.434463  |   1.431831 +/-   15.962586
  323    4.958 sec   1.430588  |   1.431827 +/-   15.913747
  324    4.963 sec   1.427599  |   1.431813 +/-   15.924452
  325    4.931 sec   1.430881  |   1.431809 +/-   15.873599
  326    4.877 sec   1.429938  |   1.431803 +/-   15.832560
  327    4.876 sec   1.432781  |   1.431806 +/-   15.782677
  328    4.912 sec   1.432264  |   1.431808 +/-   15.730461
  329    4.820 sec   1.429252  |   1.431799 +/-   15.701059
  330    4.915 sec   1.432069  |   1.431800 +/-   15.648980
    All Simulation Ends...
 
    Final keff :   1.431800 +/-    15.649
