   1.46872857776423        1.46872857776423        1.46883655710278     
   1.49631884240180        1.49631884240180        1.49572651134714     
   1.50863663197883        1.50863663197883        1.50885362257855     
   1.51299969629754        1.51299969629754        1.51327573480215     
   1.51292068389092        1.51292068389092        1.51282253856411     
   1.51144984895241        1.51144984895241        1.51191285743631     
   1.50852770739300        1.50852770739300        1.50830611058474     
   1.50737844998874        1.50737844998874        1.50679604388275     
   1.50714767641959        1.50714767641959        1.50691080908494     
   1.50716482098672        1.50716482098672        1.50718558557495     
   1.50862562438612        1.50862562438612        1.50837213908119     
   1.50797004204760        1.50797004204760        1.50771315730072     
   1.50849971453293        1.50849971453293        1.50870727893079     
   1.50977725562754        1.50977725562754        1.50956573845650     
   1.50829688531289        1.50829688531289        1.50863987089434     
   1.50921761115427        1.50921761115427        1.50962762687975     
   1.50939598733728        1.50939598733728        1.50946693216482     
   1.50890580606506        1.50890580606506        1.50928399778876     
   1.50835988098887        1.50835988098887        1.50875564979955     
   1.50878130258293        1.50878130258293        1.50855638168299     
   1.50944470131905        1.50944470131905        1.50898161028644     
   1.50845553829675        1.50845553829675        1.50768156598076     
   1.50890204797390        1.50890204797390        1.50888817599026     
   1.50899532207019        1.50899532207019        1.50894569883094     
   1.50944295054375        1.50944295054375        1.50913103609760     
   1.50842654161708        1.50842654161708        1.50937026032500     
   1.50915306963991        1.50915306963991        1.50894662171143     
   1.50847239636399        1.50847239636399        1.50852471305962     
   1.50885976829117        1.50885976829117        1.50922750058690     
   1.50881970370453        1.50881970370453        1.50813570911852     
   1.50790373370517        1.50790373370517        1.50729794356180     
   1.50911245221484        1.50911245221484        1.50956511452382     
   1.50918941007925        1.50918941007925        1.50937299490013     
   1.50870218192411        1.50870218192411        1.50857385182094     
   1.50878131169651        1.50878131169651        1.50868511820448     
   1.50835770930464        1.50835770930464        1.50762151210255     
   1.50882023335931        1.50882023335931        1.50810636274457     
   1.50818445118367        1.50818445118367        1.50813759390762     
   1.50812430763853        1.50812430763853        1.50760725887355     
   1.50801732621817        1.50801732621817        1.50863274386701     
   1.50812567992946        1.50812567992946        1.50856039042933     
   1.50805937973296        1.50805937973296        1.50855338199384     
   1.50886561109248        1.50886561109248        1.50837269131865     
   1.50792168276998        1.50792168276998        1.50793878272166     
   1.50798519842809        1.50798519842809        1.50774677648562     
   1.50917429200636        1.50917429200636        1.50897660704297     
   1.50853826843610        1.50853826843610        1.50794821578324     
   1.50828448832438        1.50828448832438        1.50776504932741     
   1.50896911482014        1.50896911482014        1.50938973746421     
   1.50880234419155        1.50880234419155        1.50893133450567     
   1.50865479105280        1.50865479105280        1.50804721132567     
   1.50913854175237        1.50913854175237        1.50915230100954     
   1.50849895028625        1.50849895028625        1.50902542747080     
   1.50853123876812        1.50853123876812        1.50871456224088     
   1.50861801657215        1.50861801657215        1.50839997716473     
   1.50831994317619        1.50831994317619        1.50854615546476     
   1.50834938148978        1.50834938148978        1.50895379268383     
   1.50829621886579        1.50829621886579        1.50712361469303     
   1.50864878271125        1.50864878271125        1.50816737717074     
   1.50819016863960        1.50819016863960        1.50772392876951     
   1.50818350835967        1.50818350835967        1.50739167911476     
   1.50764205342222        1.50764205342222        1.50806798294169     
   1.50847056695833        1.50847056695833        1.50827102953046     
   1.50762735965397        1.50762735965397        1.50729299423667     
   1.50807577922025        1.50807577922025        1.50720885206112     
   1.50892735280851        1.50892735280851        1.50851201410936     
   1.50786051126193        1.50786051126193        1.50785903375716     
   1.50866405268735        1.50866405268735        1.50763540650601     
   1.50874645914208        1.50874645914208        1.50909711220933     
   1.50807776867747        1.50807776867747        1.50791819778095     
   1.50879229477991        1.50879229477991        1.50896595844145     
   1.50882054639447        1.50882054639447        1.50862312690718     
   1.50836769210707        1.50836769210707        1.50797189661220     
   1.50841543775098        1.50841543775098        1.50850833390098     
   1.50879143573061        1.50879143573061        1.50814101845792     
   1.50863384869142        1.50863384869142        1.50873426526369     
   1.50823874687261        1.50823874687261        1.50724601249026     
   1.50903625051276        1.50903625051276        1.50898147414826     
   1.50879755018036        1.50879755018036        1.50888717381979     
   1.50819074892620        1.50819074892620        1.50764731611306     
   1.50887311111297        1.50887311111297        1.50907732256576     
   1.50792393510337        1.50792393510337        1.50764071448789     
   1.50859973277076        1.50859973277076        1.50823656299333     
   1.50881050968321        1.50881050968321        1.50902732843956     
   1.50850993301053        1.50850993301053        1.50821984055994     
   1.50834574634831        1.50834574634831        1.50894111851320     
   1.50858043738851        1.50858043738851        1.50928701447349     
   1.50848810196529        1.50848810196529        1.50867874782201     
   1.50852988460097        1.50852988460097        1.50819694540327     
   1.50865579769896        1.50865579769896        1.50860331853410     
   1.50857550123401        1.50857550123401        1.50901260541794     
   1.50876176695168        1.50876176695168        1.50808429912711     
   1.50842646868716        1.50842646868716        1.50862892584636     
   1.50858569809584        1.50858569809584        1.50833627414389     
   1.50862238740414        1.50862238740414        1.50852270870467     
   1.50875629316402        1.50875629316402        1.50900241245136     
   1.50848952145065        1.50848952145065        1.50802720781463     
   1.50976490133391        1.50976490133391        1.50977166107919     
   1.50840056116249        1.50840056116249        1.50934812561357     
   1.50836950148565        1.50836950148565        1.50870044199351     
   1.50896336945619        1.50896336945619        1.50877840691180     
   1.50879269706410        1.50879269706410        1.50884143131934     
   1.50820581240235        1.50820581240235        1.50832898595918     
   1.50790145422453        1.50790145422453        1.50792367247652     
   1.50856876726289        1.50856876726289        1.50891903416196     
   1.50881754324978        1.50881754324978        1.50807113256357     
   1.50908413235708        1.50908413235708        1.50925441989464     
   1.50894436274251        1.50894436274251        1.50834065887372     
   1.50883094337266        1.50883094337266        1.50910844897217     
   1.50803917861604        1.50803917861604        1.50826073416492     
   1.50852345782685        1.50852345782685        1.50908433062757     
   1.50824267808960        1.50824267808960        1.50877258475045     
   1.50817265145783        1.50817265145783        1.50792568868941     
   1.50833868498523        1.50833868498523        1.50784198116256     
   1.50856868415795        1.50856868415795        1.50793228664591     
   1.50845986073483        1.50845986073483        1.50827102191083     
   1.50752790755402        1.50752790755402        1.50704047575199     
   1.50780806753503        1.50780806753503        1.50679725363534     
   1.50897288355958        1.50897288355958        1.50894411937889     
   1.50833030845373        1.50833030845373        1.50821052746409     
   1.50771182190528        1.50771182190528        1.50854312212325     
   1.50810485428344        1.50810485428344        1.50830726554427     
   1.50959229274656        1.50959229274656        1.50863476355012     
   1.50877967567896        1.50877967567896        1.50871481313388     
   1.50803916546206        1.50803916546206        1.50797526013054     
   1.50781721716229        1.50781721716229        1.50847699098659     
   1.50827523885343        1.50827523885343        1.50796426704829     
   1.50874900297330        1.50874900297330        1.50810536998219     
   1.50860995963294        1.50860995963294        1.50862787871932     
   1.50843268447711        1.50843268447711        1.50858557656020     
   1.50820780859957        1.50820780859957        1.50834522354862     
   1.50963922350442        1.50963922350442        1.50967069592474     
   1.50809511420418        1.50809511420418        1.50753387723843     
   1.50901416318461        1.50901416318461        1.50874473937242     
   1.50804788367256        1.50804788367256        1.50894014626516     
   1.50824361427629        1.50824361427629        1.50902794946292     
   1.50850729676537        1.50850729676537        1.50866689627982     
   1.50919407274308        1.50919407274308        1.50925413512035     
   1.50895997368192        1.50895997368192        1.50945670935651     
   1.50896009116569        1.50896009116569        1.50886259521812     
   1.50823073734351        1.50823073734351        1.50848645446566     
   1.50869731556548        1.50869731556548        1.50822042022909     
   1.50860361601254        1.50860361601254        1.50860655646384     
   1.50863665396611        1.50863665396611        1.50846101752284     
   1.50853940030165        1.50853940030165        1.50898251036609     
   1.50834982997481        1.50834982997481        1.50860438614905     
   1.50828269348210        1.50828269348210        1.50819241809686     
   1.50831126963939        1.50831126963939        1.50864855386243     
   1.50845267144015        1.50845267144015        1.50903155356824     
   1.50845867969469        1.50845867969469        1.50846638575863     
   1.50852590098846        1.50852590098846        1.50881661842222     
   1.50829223476878        1.50829223476878        1.50799175494494     
   1.50899205209966        1.50899205209966        1.50913947319720     
   1.50910679306480        1.50910679306480        1.50926522447850     
   1.50863370520329        1.50863370520329        1.50851178599477     
   1.50820659363849        1.50820659363849        1.50794610381393     
   1.50856080351505        1.50856080351505        1.50865805364305     
   1.50871212149146        1.50871212149146        1.50933661245854     
   1.50777974874945        1.50777974874945        1.50749448339135     
   1.50773529019261        1.50773529019261        1.50743258819318     
   1.50875440482260        1.50875440482260        1.50900179341190     
   1.50932507567382        1.50932507567382        1.50825717166822     
   1.50845205916879        1.50845205916879        1.50765974200584     
   1.50851423726618        1.50851423726618        1.50861497650638     
   1.50892111812879        1.50892111812879        1.50886342768022     
   1.50926270696711        1.50926270696711        1.50967989949932     
   1.50853017155200        1.50853017155200        1.50775099241542     
   1.50846047617169        1.50846047617169        1.50840918707484     
   1.50865751660606        1.50865751660606        1.50907085779950     
   1.50917759872913        1.50917759872913        1.50965953947121     
   1.50825618492461        1.50825618492461        1.50793802616372     
   1.50851178968568        1.50851178968568        1.50818877687547     
   1.50799133847513        1.50799133847513        1.50745789079330     
   1.50742408241747        1.50742408241747        1.50783258517295     
   1.50879164422834        1.50879164422834        1.50914577443669     
   1.50766372157011        1.50766372157011        1.50659383539390     
   1.50866087139539        1.50866087139539        1.50796335492960     
   1.50698034607057        1.50698034607057        1.50666490477087     
   1.50797671770383        1.50797671770383        1.50771064432334     
   1.50805787566383        1.50805787566383        1.50732928402718     
   1.50803861648805        1.50803861648805        1.50769022862962     
   1.50851978583611        1.50851978583611        1.50856922092446     
   1.50840466867974        1.50840466867974        1.50932524834778     
   1.50897131994583        1.50897131994583        1.50802902955264     
   1.50893398305530        1.50893398305530        1.50954751185774     
   1.50825780057662        1.50825780057662        1.50787074304345     
   1.50877058523669        1.50877058523669        1.50898589248225     
   1.50836413007703        1.50836413007703        1.50832246217807     
   1.50828458123088        1.50828458123088        1.50801935347911     
   1.50895903705258        1.50895903705258        1.50826962948147     
   1.50837286236734        1.50837286236734        1.50907732812582     
   1.50849457937536        1.50849457937536        1.50824197338437     
   1.50918845868941        1.50918845868941        1.50894637054578     
   1.50833259436958        1.50833259436958        1.50888875857056     
   1.50864424804675        1.50864424804675        1.50873151585390     
   1.50900845129761        1.50900845129761        1.50879251845514     
   1.50850959404998        1.50850959404998        1.50888850054082     
   1.50771113011422        1.50771113011422        1.50691766458167     
   1.50879017927747        1.50879017927747        1.50899931413840     
   1.50786702190083        1.50786702190083        1.50825194864357     
   1.50843066495507        1.50843066495507        1.50775379486959     
   1.50887097753485        1.50887097753485        1.50876666628341     
   1.50946430347417        1.50946430347417        1.51005636650431     
   1.50856850645393        1.50856850645393        1.50820398262438     
   1.50829592192919        1.50829592192919        1.50863403507100     
   1.50819398562267        1.50819398562267        1.50776965488645     
   1.50907648304198        1.50907648304198        1.50854171159897     
   1.50827864983161        1.50827864983161        1.50810946371914     
   1.50836783151090        1.50836783151090        1.50846976712400     
   1.50842121961084        1.50842121961084        1.50843711093199     
   1.50851406062205        1.50851406062205        1.50807885454348     
   1.50903601919770        1.50903601919770        1.50908756539231     
   1.50809262132563        1.50809262132563        1.50742005505640     
   1.50811268081431        1.50811268081431        1.50771309329867     
   1.50844042957324        1.50844042957324        1.50890865452476     
   1.50781716593827        1.50781716593827        1.50834762834337     
   1.50871722044932        1.50871722044932        1.50864511269925     
   1.50859403703135        1.50859403703135        1.50887001533856     
   1.50871341879052        1.50871341879052        1.50944332728041     
   1.50784397594960        1.50784397594960        1.50821429783469     
   1.50838613597226        1.50838613597226        1.50758252794650     
   1.50789412067606        1.50789412067606        1.50887386874692     
   1.50812151101287        1.50812151101287        1.50761885764450     
   1.50856779684657        1.50856779684657        1.50855121378155     
   1.50854082092272        1.50854082092272        1.50846031111946     
   1.50922354039993        1.50922354039993        1.50918956616273     
   1.50896410214202        1.50896410214202        1.50901702206124     
   1.50952095805621        1.50952095805621        1.50935244300683     
   1.50798927892011        1.50798927892011        1.50736917393425     
   1.50884791981256        1.50884791981256        1.50927227766764     
   1.50897887133539        1.50897887133539        1.50914966326976     
   1.50927900341609        1.50927900341609        1.50880630753329     
   1.50853678729367        1.50853678729367        1.50792875657595     
   1.50831356027967        1.50831356027967        1.50820137409167     
   1.50881868419491        1.50881868419491        1.50827548098129     
   1.50844931880735        1.50844931880735        1.50897837256511     
   1.50819149941781        1.50819149941781        1.50878469378135     
   1.50781821901993        1.50781821901993        1.50861775476511     
   1.50914594184523        1.50914594184523        1.50884505058089     
   1.50876306104003        1.50876306104003        1.50877685035987     
   1.50931962806865        1.50931962806865        1.50904771205111     
   1.50813290166312        1.50813290166312        1.50854983747272     
   1.50819549426754        1.50819549426754        1.50743881552137     
   1.50838491440345        1.50838491440345        1.50878191331292     
   1.50772932910408        1.50772932910408        1.50789570432923     
   1.50726915058816        1.50726915058816        1.50741869238640     
   1.50807702311121        1.50807702311121        1.50754344932621     
   1.50841281469349        1.50841281469349        1.50838703838371     
   1.50830887743662        1.50830887743662        1.50789036576917     
   1.50840000274830        1.50840000274830        1.50798106596729     
   1.50830983311527        1.50830983311527        1.50847362974404     
   1.50922196627949        1.50922196627949        1.50957140699264     
   1.50860019122955        1.50860019122955        1.50825871900278     
   1.50859301481048        1.50859301481048        1.50812628938627     
   1.50836421277561        1.50836421277561        1.50812770291706     
   1.50833706992793        1.50833706992793        1.50741147172418     
   1.50844386195749        1.50844386195749        1.50834891339230     
   1.50895562829556        1.50895562829556        1.50799887660542     
   1.50810940066036        1.50810940066036        1.50691109040869     
   1.50847490834452        1.50847490834452        1.50819409994598     
   1.50901740538114        1.50901740538114        1.50973622519167     
   1.50796421287305        1.50796421287305        1.50772279052678     
   1.50827800655484        1.50827800655484        1.50843461454232     
   1.50845346702962        1.50845346702962        1.50894084434267     
   1.50902036247513        1.50902036247513        1.50914277846639     
   1.50844398758102        1.50844398758102        1.50841529855966     
   1.50864686079941        1.50864686079941        1.50909187748147     
   1.50845461436161        1.50845461436161        1.50817522827403     
   1.50844489182736        1.50844489182736        1.50810868592313     
   1.50836889025808        1.50836889025808        1.50851322885186     
   1.50845365697343        1.50845365697343        1.50889909229678     
   1.50812661128110        1.50812661128110        1.50827569082529     
   1.50836678098545        1.50836678098545        1.50893449371042     
   1.50859052318110        1.50859052318110        1.50866019297742     
   1.50891803364009        1.50891803364009        1.50923204767017     
   1.50861132560354        1.50861132560354        1.50925097864781     
   1.50904325248907        1.50904325248907        1.50871150894193     
   1.50843543057992        1.50843543057992        1.50900642835798     
   1.50884708348340        1.50884708348340        1.50897978039429     
   1.50836582455296        1.50836582455296        1.50885228069274     
   1.50801616651471        1.50801616651471        1.50810144629823     
   1.50853318119860        1.50853318119860        1.50884757831394     
   1.50821652171152        1.50821652171152        1.50901045975517     
   1.50896009054435        1.50896009054435        1.50784974086852     
   1.50835419037760        1.50835419037760        1.50827942688070     
   1.50860539957396        1.50860539957396        1.50816757296814     
   1.50867837869210        1.50867837869210        1.50897122571041     
   1.50877044496546        1.50877044496546        1.50920900887493     
   1.50856100627562        1.50856100627562        1.50914781048624     
   1.50850453773348        1.50850453773348        1.50817068078073     
   1.50885673867260        1.50885673867260        1.50921586962747     
   1.50861049706965        1.50861049706965        1.50815373121532     
   1.50919495791745        1.50919495791745        1.50880554346500     
   1.50804625734368        1.50804625734368        1.50810168994072     
   1.50888592249942        1.50888592249942        1.50840234906002     
   1.50794395673723        1.50794395673723        1.50800281218744     
   1.50810473240470        1.50810473240470        1.50754300243341     
   1.50828266940159        1.50828266940159        1.50810256074055     
   1.50845408567813        1.50845408567813        1.50828833178418     
   1.50806615227008        1.50806615227008        1.50799010622941     
   1.50829730698168        1.50829730698168        1.50849790205626     
   1.50769566837097        1.50769566837097        1.50821666501104     
   1.50866818261874        1.50866818261874        1.50836447970611     
   1.50803035619170        1.50803035619170        1.50828078918479     
   1.50833763566953        1.50833763566953        1.50778232531135     
   1.50870976865493        1.50870976865493        1.50821497019586     
   1.50906348916328        1.50906348916328        1.50874725445826     
   1.50819071661212        1.50819071661212        1.50867111302675     
   1.50813936003529        1.50813936003529        1.50792252932706     
   1.50777155727361        1.50777155727361        1.50728653137358     
   1.50858510568396        1.50858510568396        1.50882747842488     
   1.50802345141417        1.50802345141417        1.50878217036738     
   1.50855497703292        1.50855497703292        1.50913271403609     
   1.50874508255980        1.50874508255980        1.50957506971533     
   1.50807837729485        1.50807837729485        1.50826896976246     
   1.50834072279820        1.50834072279820        1.50787857251066     
   1.50807166455532        1.50807166455532        1.50792521142799     
   1.50808312968041        1.50808312968041        1.50774363397409     
   1.50945569331686        1.50945569331686        1.50906149422997     
   1.50863700929342        1.50863700929342        1.50772831688217     
   1.50831015668868        1.50831015668868        1.50832681048557     
   1.50904599734815        1.50904599734815        1.50882772602422     
   1.50863219462728        1.50863219462728        1.50905137723895     
   1.50839519451095        1.50839519451095        1.50809677770768     
   1.50902996126798        1.50902996126798        1.50875105252806     
   1.50924436181529        1.50924436181529        1.50924581023916     
   1.50863306243970        1.50863306243970        1.50877741488178     
   1.50960175347243        1.50960175347243        1.50921489052029     
   1.50907170145391        1.50907170145391        1.50912229623375     
   1.50937736774005        1.50937736774005        1.50958934784453     
   1.50895443656633        1.50895443656633        1.50789824838087     
   1.50871618126785        1.50871618126785        1.50834516010317     
   1.50843130380404        1.50843130380404        1.50925809624915     
   1.50851031406755        1.50851031406755        1.50915478851101     
   1.50826010611822        1.50826010611822        1.50839514570906     
   1.50806175725271        1.50806175725271        1.50797267958277     
   1.50875595137105        1.50875595137105        1.50917630483548     
   1.50894805429894        1.50894805429894        1.50849066913535     
   1.50879855693221        1.50879855693221        1.50756165036969     
   1.50851501979295        1.50851501979295        1.50881379881279     
   1.50839964413313        1.50839964413313        1.50848159711195     
   1.50843348735362        1.50843348735362        1.50833965189253     
   1.50847794544678        1.50847794544678        1.50848711065567     
   1.50829822909295        1.50829822909295        1.50807070403176     
   1.50839854740816        1.50839854740816        1.50871986116668     
   1.50841833700205        1.50841833700205        1.50833457038821     
   1.50785570965859        1.50785570965859        1.50823619966051     
   1.50869013624073        1.50869013624073        1.50869902551447     
   1.50784313340053        1.50784313340053        1.50760683082938     
   1.50771586875950        1.50771586875950        1.50775831974680     
   1.50894505810031        1.50894505810031        1.50921394314010     
   1.50865410689963        1.50865410689963        1.50849199673094     
   1.50878551582933        1.50878551582933        1.50933267665772     
   1.50877782302971        1.50877782302971        1.50855376156859     
   1.50925853363622        1.50925853363622        1.50940908035996     
   1.50820870342498        1.50820870342498        1.50788209335143     
   1.50796287177465        1.50796287177465        1.50781615908848     
   1.50909126956504        1.50909126956504        1.50861482007703     
   1.50859983172670        1.50859983172670        1.50874260076656     
   1.50916544719448        1.50916544719448        1.50945230627770     
   1.50789493263360        1.50789493263360        1.50786951472371     
   1.50794575868101        1.50794575868101        1.50823177526293     
   1.50908503299431        1.50908503299431        1.50852750224244     
   1.50850817461870        1.50850817461870        1.50847023878816     
   1.50843438572267        1.50843438572267        1.50838812951106     
   1.50845727243568        1.50845727243568        1.50868508171088     
   1.50841563309844        1.50841563309844        1.50825238079184     
   1.50892899695498        1.50892899695498        1.50858443474807     
   1.50847614698610        1.50847614698610        1.50855367087237     
   1.50849407114202        1.50849407114202        1.50976191527805     
   1.50861577807492        1.50861577807492        1.50769030331309     
   1.50839054634866        1.50839054634866        1.50822475341134     
   1.50820763750595        1.50820763750595        1.50771817681621     
   1.50843991460896        1.50843991460896        1.50841961065417     
   1.50843604166847        1.50843604166847        1.50881311631108     
   1.50874471522679        1.50874471522679        1.50891973097846     
   1.50902675453916        1.50902675453916        1.50937337113989     
   1.50861107429353        1.50861107429353        1.50964061555983     
   1.50874987243789        1.50874987243789        1.50834000399472     
   1.50799306543018        1.50799306543018        1.50820752131799     
   1.50842309791210        1.50842309791210        1.50865290704979     
   1.50968913103406        1.50968913103406        1.50890218212383     
   1.50869468174211        1.50869468174211        1.50913599338080     
   1.50823078618190        1.50823078618190        1.50877725975170     
   1.50780418391375        1.50780418391375        1.50752788711143     
   1.50859776498632        1.50859776498632        1.50880689669907     
   1.50847120704009        1.50847120704009        1.50840807162929     
   1.50835709246806        1.50835709246806        1.50874374494150     
   1.50855706292135        1.50855706292135        1.50805911787852     
   1.50909261738908        1.50909261738908        1.50879230722326     
   1.50850027290387        1.50850027290387        1.50824719681642     
   1.50868819036667        1.50868819036667        1.50825828180982     
   1.50814633817240        1.50814633817240        1.50833150227920     
   1.50883444233127        1.50883444233127        1.50899915326028     
   1.50944411305643        1.50944411305643        1.50932249753571     
   1.50810827345571        1.50810827345571        1.50786893744442     
   1.50764479535112        1.50764479535112        1.50784476336351     
   1.50848224925610        1.50848224925610        1.50848342080757     
   1.50839488254931        1.50839488254931        1.50852998986965     
   1.50921921534359        1.50921921534359        1.50930612844158     
   1.50854047134029        1.50854047134029        1.50828823995513     
   1.50845986731052        1.50845986731052        1.50739568905859     
   1.50861133406519        1.50861133406519        1.50873631347380     
   1.50800957275092        1.50800957275092        1.50858238801394     
   1.50851252019606        1.50851252019606        1.50817460531938     
   1.50780938333481        1.50780938333481        1.50825266269568     
   1.50833740793765        1.50833740793765        1.50821083702917     
   1.50851257420361        1.50851257420361        1.50866010393322     
   1.50720217445127        1.50720217445127        1.50705201541792     
   1.50852734566515        1.50852734566515        1.50836363593982     
   1.50820174274417        1.50820174274417        1.50907502273908     
   1.50858276093417        1.50858276093417        1.50865602169868     
   1.50855743042764        1.50855743042764        1.50799126106777     
   1.50894298765156        1.50894298765156        1.50905781535003     
   1.50869393411841        1.50869393411841        1.50934705455200     
   1.50876561150496        1.50876561150496        1.50974154486661     
   1.50831440275382        1.50831440275382        1.50765728877589     
   1.50876277728531        1.50876277728531        1.50827944332959     
   1.50896915472481        1.50896915472481        1.50860864654425     
   1.50847886499824        1.50847886499824        1.50898770086352     
   1.50887424384226        1.50887424384226        1.50868905883317     
   1.50889440786136        1.50889440786136        1.50925532158003     
   1.50868790395880        1.50868790395880        1.50959687960125     
   1.50855392352990        1.50855392352990        1.50865234593697     
   1.50816710826225        1.50816710826225        1.50723113677277     
   1.50874949332633        1.50874949332633        1.50902948472988     
   1.50879750552403        1.50879750552403        1.50903215253798     
   1.50844544158890        1.50844544158890        1.50837701663545     
   1.50781202877145        1.50781202877145        1.50714983355451     
   1.50771363151508        1.50771363151508        1.50781621963370     
   1.50897450720322        1.50897450720322        1.50947478375128     
   1.50803775361331        1.50803775361331        1.50845219067787     
   1.50873498773938        1.50873498773938        1.50841105827844     
   1.50803294185698        1.50803294185698        1.50831782978488     
   1.50889102729900        1.50889102729900        1.50848705222078     
   1.50912611346814        1.50912611346814        1.50920805972317     
   1.50904212079366        1.50904212079366        1.50977117634777     
   1.50847786855892        1.50847786855892        1.50858107741597     
   1.50858865043733        1.50858865043733        1.50855646911499     
   1.50902454433453        1.50902454433453        1.50928303222015     
   1.50879928194244        1.50879928194244        1.50858257731910     
   1.50904559529785        1.50904559529785        1.50915439180225     
   1.50901397868376        1.50901397868376        1.50822630262063     
   1.50792517481422        1.50792517481422        1.50788082523275     
   1.50847779006993        1.50847779006993        1.50861950663445     
   1.50946381929413        1.50946381929413        1.50893658853062     
   1.50925941506873        1.50925941506873        1.51003169233108     
   1.50878579516174        1.50878579516174        1.50927047505615     
   1.50833872400407        1.50833872400407        1.50847355189203     
   1.50819060826004        1.50819060826004        1.50789725641957     
