   1.41262791538276        1.41275007626329        1.41250575450222     
   1.43877574415360        1.43887587319149        1.43867561511570     
   1.45680805815675        1.45661400964579        1.45700210666770     
   1.46769858888576        1.46740254481247        1.46799463295905     
   1.47474199260736        1.47498617044661        1.47449781476811     
   1.48113503131250        1.48128999846891        1.48098006415608     
   1.48560023178104        1.48498343173781        1.48621703182427     
   1.48779063337778        1.48767682964084        1.48790443711472     
   1.48992430971998        1.48956631565564        1.49028230378432     
   1.49151978937381        1.49116597342441        1.49187360532322     
   1.49215011626391        1.49220445851095        1.49209577401687     
   1.49359122317545        1.49380858752439        1.49337385882651     
   1.49410042634966        1.49436445362031        1.49383639907900     
   1.49431723647940        1.49394804767503        1.49468642528378     
   1.49405448243736        1.49422359082792        1.49388537404680     
   1.49466574519517        1.49476353756714        1.49456795282320     
   1.49536527715140        1.49523446549538        1.49549608880741     
   1.49573613075114        1.49540959314106        1.49606266836123     
   1.49588326124521        1.49566929573638        1.49609722675404     
   1.49475868358456        1.49510584018830        1.49441152698082     
   1.49600094473603        1.49603355696490        1.49596833250715     
   1.49557522024668        1.49580029941709        1.49535014107627     
   1.49449958241932        1.49493260645839        1.49406655838024     
   1.49502649701419        1.49511022842145        1.49494276560692     
   1.49558859063205        1.49562188106192        1.49555530020219     
   1.49573678608275        1.49574264763981        1.49573092452570     
   1.49454071896613        1.49463494492642        1.49444649300585     
   1.49562409721370        1.49577684780944        1.49547134661795     
   1.49652466424362        1.49631265512351        1.49673667336374     
   1.49589279542551        1.49589033966731        1.49589525118370     
   1.49636690226874        1.49624359294540        1.49649021159209     
   1.49572514675248        1.49566371948440        1.49578657402055     
   1.49535384523482        1.49550907464242        1.49519861582721     
   1.49546019878202        1.49564765434610        1.49527274321793     
   1.49525694117801        1.49547492049919        1.49503896185682     
   1.49502071671324        1.49533335121884        1.49470808220764     
   1.49513618126017        1.49489295977574        1.49537940274461     
   1.49541091247036        1.49527403682341        1.49554778811730     
   1.49536516132417        1.49554104752757        1.49518927512077     
   1.49512028214214        1.49508496693530        1.49515559734899     
   1.49500984741282        1.49498159264675        1.49503810217888     
   1.49599073968859        1.49596925754571        1.49601222183148     
   1.49519675409202        1.49516462887014        1.49522887931391     
   1.49573233269302        1.49599534472431        1.49546932066173     
   1.49606357001642        1.49598472704719        1.49614241298565     
   1.49551774625498        1.49540424058968        1.49563125192027     
   1.49528100831443        1.49531614228068        1.49524587434818     
   1.49570110177619        1.49530710936896        1.49609509418342     
   1.49522464783437        1.49530348025368        1.49514581541506     
   1.49637334176903        1.49637007567215        1.49637660786592     
   1.49578421109658        1.49572996702019        1.49583845517297     
   1.49498948726275        1.49469216013117        1.49528681439432     
   1.49562245864364        1.49581015195363        1.49543476533366     
   1.49491796183161        1.49521744979236        1.49461847387087     
   1.49524240918994        1.49521520079636        1.49526961758351     
   1.49536910696153        1.49520622092948        1.49553199299357     
   1.49589535375705        1.49598922786140        1.49580147965271     
   1.49630318215180        1.49621486155578        1.49639150274781     
   1.49561372385105        1.49547197144099        1.49575547626111     
   1.49508098841663        1.49510063753752        1.49506133929573     
   1.49495204738960        1.49517586436433        1.49472823041488     
   1.49591126000505        1.49546200257312        1.49636051743697     
   1.49554589499502        1.49530928576848        1.49578250422157     
   1.49536161490942        1.49564051106706        1.49508271875178     
   1.49555498651407        1.49531113539794        1.49579883763019     
   1.49519304419369        1.49539320553043        1.49499288285695     
   1.49543231220790        1.49544805645605        1.49541656795976     
   1.49596972133625        1.49610475269831        1.49583468997418     
   1.49544082029453        1.49556172528181        1.49531991530724     
   1.49623504466524        1.49606572821648        1.49640436111400     
   1.49571346865509        1.49548363129824        1.49594330601193     
   1.49533670497186        1.49505642159666        1.49561698834706     
   1.49619559838877        1.49558014678786        1.49681104998968     
   1.49476786245492        1.49505380216060        1.49448192274925     
   1.49506536584861        1.49483056164652        1.49530017005069     
   1.49513421026170        1.49521960567265        1.49504881485074     
   1.49485020010263        1.49471368421068        1.49498671599458     
   1.49648718757943        1.49621909040789        1.49675528475098     
   1.49504460499152        1.49522198468783        1.49486722529520     
   1.49511623442327        1.49540307269523        1.49482939615132     
   1.49593867783742        1.49581169410858        1.49606566156626     
   1.49626455692645        1.49601431252751        1.49651480132539     
   1.49614906696239        1.49642477259865        1.49587336132612     
   1.49527286794332        1.49524886181474        1.49529687407189     
   1.49645107696569        1.49600829319728        1.49689386073409     
   1.49549628342316        1.49542080206798        1.49557176477834     
   1.49550776667644        1.49572069878790        1.49529483456498     
   1.49527256932937        1.49544639735989        1.49509874129885     
   1.49598313359957        1.49612187858580        1.49584438861334     
   1.49569602963381        1.49545763442895        1.49593442483866     
   1.49657731372553        1.49613366019509        1.49702096725598     
   1.49570655983717        1.49544967360868        1.49596344606566     
   1.49617970294619        1.49608298835206        1.49627641754032     
   1.49637506986486        1.49637785407649        1.49637228565322     
   1.49625097326116        1.49597586483025        1.49652608169207     
   1.49530436288466        1.49555793360064        1.49505079216868     
   1.49588056338872        1.49588954654375        1.49587158023368     
   1.49563793109318        1.49573585947314        1.49554000271322     
   1.49609058114994        1.49597532102722        1.49620584127266     
   1.49583335727765        1.49585634294837        1.49581037160694     
   1.49560193579709        1.49552006841261        1.49568380318158     
   1.49572894493054        1.49555686607291        1.49590102378817     
   1.49555871112541        1.49570711638215        1.49541030586866     
   1.49465340931835        1.49469592720626        1.49461089143044     
   1.49547245396802        1.49542892836698        1.49551597956906     
   1.49557699977046        1.49587058213869        1.49528341740222     
   1.49529316995565        1.49514133657415        1.49544500333716     
   1.49597902974628        1.49578661627422        1.49617144321834     
   1.49534242959321        1.49557541603513        1.49510944315129     
   1.49574510114930        1.49562459460355        1.49586560769504     
   1.49560891595407        1.49570778647388        1.49551004543427     
   1.49602730764049        1.49606771572719        1.49598689955378     
   1.49607642094776        1.49575560278412        1.49639723911140     
   1.49567747523881        1.49577423963969        1.49558071083794     
   1.49604092576453        1.49552012795673        1.49656172357233     
   1.49609820978033        1.49576853791034        1.49642788165031     
   1.49524598464316        1.49531895894347        1.49517301034286     
   1.49517287078001        1.49537172001057        1.49497402154946     
   1.49631126692894        1.49622895393818        1.49639357991971     
   1.49612660125571        1.49583351662639        1.49641968588502     
   1.49537856539403        1.49514129473442        1.49561583605364     
   1.49516231651416        1.49491809014821        1.49540654288011     
   1.49498083817310        1.49488617274796        1.49507550359824     
   1.49583542310696        1.49605899204025        1.49561185417367     
   1.49578644712565        1.49584912491153        1.49572376933977     
   1.49512387519829        1.49508828908968        1.49515946130689     
   1.49570983802137        1.49584856605095        1.49557110999178     
   1.49612494152612        1.49604395212076        1.49620593093149     
   1.49479028272018        1.49500577824705        1.49457478719331     
   1.49588762683625        1.49559720066094        1.49617805301156     
   1.49533156122703        1.49553555804377        1.49512756441029     
   1.49515957414001        1.49517493181462        1.49514421646540     
   1.49481964437638        1.49508370749994        1.49455558125283     
   1.49587251823920        1.49607428147955        1.49567075499885     
   1.49517479006195        1.49518325352613        1.49516632659777     
   1.49530424265343        1.49555883589230        1.49504964941455     
   1.49557488766710        1.49570211442345        1.49544766091075     
   1.49481593988703        1.49475260567087        1.49487927410319     
   1.49571808503483        1.49588472191357        1.49555144815608     
   1.49583154353367        1.49531549921899        1.49634758784834     
   1.49464255676751        1.49458962632179        1.49469548721323     
   1.49581230936696        1.49560342087779        1.49602119785613     
   1.49566920221065        1.49560290397065        1.49573550045065     
   1.49530063634310        1.49546867116830        1.49513260151790     
   1.49594176949597        1.49578534244633        1.49609819654560     
   1.49593621302466        1.49579853469049        1.49607389135884     
   1.49524552338918        1.49568993474539        1.49480111203297     
   1.49484122752418        1.49509998973746        1.49458246531090     
   1.49576076238506        1.49600456173636        1.49551696303376     
   1.49613150073997        1.49605484740118        1.49620815407876     
   1.49563600535957        1.49588961752149        1.49538239319766     
   1.49557813128812        1.49561872877296        1.49553753380328     
   1.49581137435135        1.49573207581464        1.49589067288805     
   1.49545215724368        1.49563924875968        1.49526506572768     
   1.49603930385692        1.49599166236988        1.49608694534397     
   1.49529141951447        1.49545380644767        1.49512903258127     
   1.49585158023331        1.49552829890064        1.49617486156599     
   1.49562507298243        1.49569984899001        1.49555029697485     
   1.49522099394585        1.49503783049258        1.49540415739912     
   1.49447087428702        1.49479349147725        1.49414825709680     
   1.49555160765395        1.49532641387155        1.49577680143634     
   1.49470015560402        1.49485365415901        1.49454665704903     
   1.49573199596179        1.49558525951478        1.49587873240880     
   1.49600756060081        1.49584360816429        1.49617151303733     
   1.49513277106560        1.49521870415884        1.49504683797235     
   1.49503177713666        1.49520634124353        1.49485721302979     
   1.49571529284724        1.49541698230876        1.49601360338573     
   1.49527220503957        1.49552820855176        1.49501620152737     
   1.49502492607221        1.49500878245107        1.49504106969336     
   1.49455509212259        1.49452258974500        1.49458759450017     
   1.49544326189319        1.49548773873377        1.49539878505261     
   1.49505653761023        1.49513648011058        1.49497659510989     
   1.49500718266185        1.49512239668118        1.49489196864253     
   1.49557992091556        1.49580918869240        1.49535065313873     
   1.49536084298999        1.49511703014381        1.49560465583618     
   1.49556651486112        1.49572474999471        1.49540827972753     
   1.49606176760960        1.49590232156818        1.49622121365102     
   1.49541345343052        1.49544691239252        1.49537999446851     
   1.49415368239525        1.49441581538634        1.49389154940417     
   1.49615508413981        1.49631200606981        1.49599816220981     
   1.49563699999449        1.49579724209443        1.49547675789454     
   1.49592675220106        1.49561656189896        1.49623694250315     
   1.49567422496219        1.49563912216402        1.49570932776036     
   1.49574344616275        1.49544559516435        1.49604129716116     
   1.49567290234630        1.49574403333737        1.49560177135523     
   1.49583157880246        1.49565664948443        1.49600650812050     
   1.49603505622425        1.49603935537008        1.49603075707842     
   1.49566390881012        1.49583111303474        1.49549670458550     
   1.49563220019218        1.49574409560548        1.49552030477889     
   1.49562090172667        1.49560733885009        1.49563446460326     
   1.49421635647931        1.49455277478839        1.49387993817023     
   1.49534509023160        1.49535339716396        1.49533678329925     
   1.49514764958343        1.49512457918687        1.49517071997999     
   1.49591366712821        1.49598407813343        1.49584325612299     
   1.49571541460375        1.49567196507555        1.49575886413195     
   1.49525821197408        1.49509310552537        1.49542331842279     
   1.49478892292425        1.49484940843738        1.49472843741111     
   1.49640749598974        1.49626464583405        1.49655034614543     
   1.49505807630592        1.49517107941350        1.49494507319833     
   1.49520468166261        1.49498792232047        1.49542144100475     
   1.49500994026501        1.49542593364010        1.49459394688992     
   1.49512235475721        1.49522756627566        1.49501714323876     
   1.49612949022197        1.49571619274961        1.49654278769433     
   1.49523210550791        1.49528870548850        1.49517550552732     
   1.49618287664987        1.49600414860131        1.49636160469842     
   1.49605398770859        1.49605443691125        1.49605353850593     
   1.49601928858158        1.49584046317546        1.49619811398771     
   1.49593968825255        1.49575952833782        1.49611984816728     
   1.49606845379325        1.49633854659827        1.49579836098823     
   1.49475485338857        1.49499497960647        1.49451472717066     
   1.49546805505358        1.49553890953411        1.49539720057305     
   1.49531126943927        1.49517635023866        1.49544618863988     
   1.49552565180613        1.49558035451331        1.49547094909896     
   1.49592246197663        1.49599148699162        1.49585343696164     
   1.49615619482243        1.49623598998220        1.49607639966265     
   1.49601430542754        1.49576837404707        1.49626023680801     
   1.49520575710056        1.49536799416932        1.49504352003179     
   1.49602821323485        1.49589180034065        1.49616462612904     
   1.49620939018024        1.49590187803917        1.49651690232131     
   1.49592272408536        1.49556095451466        1.49628449365606     
   1.49451527189523        1.49463687767050        1.49439366611997     
   1.49511829748009        1.49524632522741        1.49499026973278     
   1.49541810246712        1.49564119082852        1.49519501410572     
   1.49577146867600        1.49571668756995        1.49582624978205     
   1.49632392106063        1.49609889369885        1.49654894842242     
   1.49519286655739        1.49543684333694        1.49494888977784     
   1.49488998638548        1.49526476600304        1.49451520676791     
   1.49554320900372        1.49557774840839        1.49550866959905     
   1.49511200148567        1.49531230002728        1.49491170294407     
   1.49619483551040        1.49591412593956        1.49647554508124     
   1.49543470578869        1.49498793031963        1.49588148125775     
   1.49430340578855        1.49472336662557        1.49388344495153     
   1.49617508204030        1.49592480032310        1.49642536375750     
   1.49518002075316        1.49526924345003        1.49509079805630     
   1.49586386364181        1.49596950681654        1.49575822046708     
   1.49613055652815        1.49597257307405        1.49628853998225     
   1.49594434492807        1.49560337053241        1.49628531932374     
   1.49494699995835        1.49522138815921        1.49467261175749     
   1.49479951324493        1.49506876674504        1.49453025974481     
   1.49491525768215        1.49548357745036        1.49434693791395     
   1.49544454205551        1.49526122168676        1.49562786242426     
   1.49582316249371        1.49540648594407        1.49623983904334     
   1.49520615104056        1.49531025469303        1.49510204738809     
   1.49568024181095        1.49536039558740        1.49600008803451     
   1.49649668743770        1.49649913534612        1.49649423952927     
   1.49531308557642        1.49547892943534        1.49514724171750     
   1.49565683785779        1.49566399406932        1.49564968164625     
   1.49497464102144        1.49494376615175        1.49500551589112     
   1.49523480424155        1.49538615577867        1.49508345270442     
   1.49556809530813        1.49553173982675        1.49560445078951     
   1.49555288707056        1.49569459281315        1.49541118132797     
   1.49492399488235        1.49510572123980        1.49474226852490     
   1.49578519617401        1.49583148836038        1.49573890398765     
   1.49489005929863        1.49520000682888        1.49458011176837     
   1.49642305596614        1.49615558440051        1.49669052753178     
   1.49669597849493        1.49649343303379        1.49689852395608     
   1.49519471750968        1.49540958354468        1.49497985147467     
   1.49581591611595        1.49610968012468        1.49552215210722     
   1.49496343977763        1.49512959001719        1.49479728953806     
   1.49522499631960        1.49544060216748        1.49500939047172     
   1.49541015443314        1.49551471648687        1.49530559237941     
   1.49635700162060        1.49636038418099        1.49635361906022     
   1.49556381979331        1.49579978149460        1.49532785809202     
   1.49591098911884        1.49592441177713        1.49589756646054     
   1.49522459753572        1.49527385792859        1.49517533714286     
   1.49536013989057        1.49560838617307        1.49511189360808     
   1.49596447132084        1.49563170907583        1.49629723356585     
   1.49560513626003        1.49569242142043        1.49551785109964     
   1.49589376148219        1.49582981990818        1.49595770305621     
   1.49523907028008        1.49530441145525        1.49517372910492     
   1.49509519345870        1.49498277073090        1.49520761618651     
   1.49549026308808        1.49545428552898        1.49552624064718     
   1.49596202042815        1.49571885425118        1.49620518660512     
   1.49553822548281        1.49547587993035        1.49560057103526     
   1.49575925462804        1.49557198955347        1.49594651970261     
   1.49481295762110        1.49494579981693        1.49468011542528     
   1.49621177620350        1.49621789193633        1.49620566047067     
   1.49555689480817        1.49579121614729        1.49532257346905     
   1.49558200585697        1.49549766740699        1.49566634430696     
   1.49536996675491        1.49535809997350        1.49538183353633     
   1.49636460817442        1.49614067695047        1.49658853939838     
   1.49516526927137        1.49472138047136        1.49560915807138     
   1.49592563200218        1.49546386898749        1.49638739501686     
   1.49527985504869        1.49523296136169        1.49532674873570     
   1.49538147314563        1.49532466856554        1.49543827772573     
   1.49567572332545        1.49535567625671        1.49599577039418     
   1.49648031154395        1.49637037177655        1.49659025131136     
   1.49568171710109        1.49573757051668        1.49562586368550     
   1.49644486231752        1.49607422436250        1.49681550027254     
   1.49615674882950        1.49596763139800        1.49634586626100     
   1.49534003061245        1.49531278906976        1.49536727215514     
   1.49513828729318        1.49523439491315        1.49504217967321     
   1.49544757970361        1.49541171043445        1.49548344897276     
   1.49578856548623        1.49599405980027        1.49558307117219     
   1.49629530064581        1.49617686993889        1.49641373135273     
   1.49568382030351        1.49555606808262        1.49581157252439     
   1.49500736407742        1.49488317476835        1.49513155338648     
   1.49537882037476        1.49542405462643        1.49533358612309     
   1.49585163713098        1.49529826339858        1.49640501086337     
   1.49441594119106        1.49480747506966        1.49402440731246     
   1.49533088953105        1.49541015438978        1.49525162467233     
   1.49574609166095        1.49567526203449        1.49581692128740     
   1.49489471266888        1.49515130047437        1.49463812486340     
   1.49520709203571        1.49530666534781        1.49510751872362     
   1.49528629046549        1.49487122928169        1.49570135164929     
   1.49656649838551        1.49618164997773        1.49695134679329     
   1.49627950758866        1.49578205770764        1.49677695746967     
   1.49496325321307        1.49519249273760        1.49473401368854     
   1.49608214901850        1.49603341442269        1.49613088361430     
   1.49475339836520        1.49490774468807        1.49459905204233     
   1.49540657368271        1.49555667126083        1.49525647610458     
   1.49589054617692        1.49594564002933        1.49583545232450     
   1.49600904668392        1.49576404005602        1.49625405331183     
   1.49491051185534        1.49501071646093        1.49481030724975     
   1.49539973585914        1.49551734938154        1.49528212233674     
   1.49571460728443        1.49573759538388        1.49569161918499     
   1.49552782181415        1.49530400532051        1.49575163830778     
   1.49484769189126        1.49502442110016        1.49467096268236     
   1.49514813036224        1.49516360984887        1.49513265087560     
   1.49617009589110        1.49597390387590        1.49636628790630     
   1.49510048000841        1.49531768812248        1.49488327189433     
   1.49592453208696        1.49575081902244        1.49609824515149     
   1.49486915197723        1.49521715600211        1.49452114795235     
   1.49659384198388        1.49630637768562        1.49688130628215     
   1.49624657549227        1.49603295425640        1.49646019672814     
   1.49662523408568        1.49624603447781        1.49700443369356     
   1.49590299729597        1.49583411033656        1.49597188425538     
   1.49630067109444        1.49624585951665        1.49635548267223     
   1.49533680606935        1.49522134742039        1.49545226471832     
   1.49544138637238        1.49514436846870        1.49573840427607     
   1.49479898470754        1.49490843637079        1.49468953304430     
   1.49539638248571        1.49486517879464        1.49592758617679     
   1.49651211609239        1.49665148625815        1.49637274592662     
   1.49607606748551        1.49597906351168        1.49617307145933     
   1.49521465954337        1.49523052009352        1.49519879899321     
   1.49549316803259        1.49553439024069        1.49545194582450     
   1.49552044698496        1.49527681233928        1.49576408163065     
   1.49525966104074        1.49542943969672        1.49508988238477     
   1.49554715255045        1.49557778631088        1.49551651879001     
   1.49543124274018        1.49557430831269        1.49528817716766     
   1.49550821112972        1.49572131795511        1.49529510430433     
   1.49517844867085        1.49548316824484        1.49487372909687     
   1.49530365726033        1.49505327356538        1.49555404095528     
   1.49535589324608        1.49531067061719        1.49540111587498     
   1.49528805257873        1.49517121309451        1.49540489206296     
   1.49477565627052        1.49490832846189        1.49464298407914     
   1.49528193241063        1.49553247658305        1.49503138823822     
   1.49489571360033        1.49520347562096        1.49458795157970     
   1.49547697767131        1.49534568980572        1.49560826553690     
   1.49545903818140        1.49510093084899        1.49581714551380     
