   1.66675463913504        1.68411998876644        1.68243655262576     
   1.67243434163241        1.67114718754404        1.66841996636342     
   1.67797337453871        1.67865549720875        1.67357083380962     
   1.67950687090278        1.69557017149596        1.69793760117420     
   1.68156736907120        1.67217880645205        1.67065540729042     
   1.67951951605537        1.67913955313855        1.67935224730241     
   1.67870436300481        1.68490273090212        1.68541213193395     
   1.68299568864620        1.67979159220973        1.68511727864456     
   1.68163848479664        1.68172736766730        1.68126299878507     
   1.67828938135658        1.67849600968580        1.67730758327215     
   1.67666144704720        1.67956531523411        1.68136472145166     
   1.67768620961083        1.67597586829244        1.67462638325553     
   1.67831449452077        1.68252352620306        1.68263522248793     
   1.67706349291397        1.68657962798637        1.68335575427885     
   1.67985015777444        1.68372476152895        1.68422970186014     
   1.68011728763227        1.67724416516573        1.67318836253697     
   1.68117583461689        1.68318752760439        1.67934500559413     
   1.68224243425507        1.67327923145372        1.67806188638627     
   1.67986068078411        1.68917821428946        1.69074751189532     
   1.67723698892010        1.68227391819025        1.67969690778894     
   1.67879363550062        1.68209376461336        1.68066990829014     
   1.68152189994555        1.67561894839908        1.67867898497368     
   1.68112863171941        1.67767143941886        1.67767812909672     
   1.68154671829627        1.68053447641164        1.67767105785027     
   1.67670677908242        1.67382343345849        1.67257044001683     
   1.67512182169138        1.67983802369068        1.68372913975713     
   1.68087234196047        1.67265795387680        1.67057675145705     
   1.68216285257545        1.68249377012795        1.68601573614466     
   1.68140853833034        1.68351846282780        1.68911321986111     
   1.68038479526179        1.67770134341076        1.68700414809211     
   1.68224450483325        1.68351394847199        1.68627580674304     
   1.68259346545331        1.67764179831999        1.67362644111502     
   1.68024110456883        1.67654513134926        1.67009043527439     
   1.67867864041172        1.66992163907872        1.66962442994183     
   1.67747517111398        1.68728029867109        1.68015066612825     
   1.67734825040578        1.67332514205312        1.67135148912104     
   1.67553645772441        1.67820284824952        1.67711160616754     
   1.67802767632789        1.67983834108745        1.67984829325773     
   1.68045661871574        1.69507658479684        1.69254064830468     
   1.67988055204061        1.67862502304833        1.68446434709941     
   1.68151647401374        1.67035062632494        1.66909038257337     
   1.68043871581097        1.68195518962258        1.68373484383214     
   1.67827171082080        1.67607605512148        1.67708042354706     
   1.67803954394738        1.68291594055806        1.68718172425817     
   1.67978987223694        1.68037327653935        1.68149804239048     
   1.67936618047044        1.68652483045867        1.68590716820860     
   1.68007211140321        1.68921828911797        1.68593561814391     
   1.68029384755209        1.67755384280783        1.67694846489648     
   1.67834648759239        1.68838618641309        1.68266779523488     
   1.68063150589593        1.69316115821080        1.69521161654418     
   1.68078011468722        1.68042281066039        1.67573069814473     
   1.68039749894759        1.69159338917884        1.69011508294593     
   1.68026356287699        1.67154863889417        1.67632985127953     
   1.67883620002290        1.68114991204057        1.67896824145102     
   1.67889922832104        1.68308224899863        1.67823798393512     
   1.67965372831808        1.68745253145621        1.68582816397102     
   1.68310488062996        1.67861103397092        1.67562837536355     
   1.68561913938671        1.69076416136597        1.69480482588937     
   1.68321351215288        1.67984352804729        1.67606047621419     
   1.68175976877297        1.69244190396483        1.69608942165586     
   1.68004733348296        1.67254908531487        1.67471405189081     
   1.67963289688918        1.68556518178802        1.68257369243155     
   1.67969615128371        1.67670093079162        1.67566750333262     
   1.68133660427225        1.67768732299526        1.67870343215144     
   1.68034411944237        1.67805139799290        1.67585225764030     
   1.68077207157474        1.66985775005809        1.67300586046595     
   1.68201923847802        1.68564954287690        1.68116792606810     
   1.68042202445787        1.68342540324995        1.68397233966958     
   1.68179800543230        1.67742956264372        1.67710034684247     
   1.68050122182734        1.68034130262624        1.68219021065413     
   1.67776237773864        1.68116456632186        1.67637724313035     
   1.67832772426350        1.68183631923216        1.68465131059518     
   1.68049304313442        1.67561036190555        1.67732353396462     
   1.67942395457714        1.67864988452401        1.67888634585151     
   1.67745639583107        1.67909299019769        1.67771826011281     
   1.67984708821693        1.68207375828804        1.68097899036348     
   1.68107354922621        1.66794370333412        1.66838944415880     
   1.67961108803057        1.68619981658385        1.68728765570437     
   1.67865259155166        1.68872097868426        1.68667746462644     
   1.67942682384733        1.67530874644137        1.67378763894113     
   1.67972256260913        1.67488198906617        1.67442593436850     
   1.68111721553517        1.67263013883613        1.67338747027926     
   1.68363011708427        1.67016056589599        1.66585321608036     
   1.68428609168769        1.67192927653119        1.67618216657778     
   1.68110187928252        1.68351159937447        1.68276595197153     
   1.67862953991434        1.67507196110439        1.67516385028245     
   1.67928786417983        1.68045408559232        1.67658284122805     
   1.68236854742873        1.68048646653680        1.68246166056009     
   1.68165648361804        1.68707409286660        1.68332765323755     
   1.68003531475134        1.67909459712696        1.68577204863460     
   1.68364204171786        1.67649095876429        1.67601984186774     
   1.68220700860112        1.68560262267403        1.68916317671636     
   1.67805244400191        1.68149666068209        1.68140529803439     
   1.68236852870149        1.67329305759250        1.67216694592572     
   1.68607348938718        1.67436162479454        1.68118519270805     
   1.68135610331768        1.67964752346907        1.68186053491325     
   1.67909209470628        1.68147548209114        1.68319974694212     
   1.67980817706961        1.66147413641487        1.66203377770532     
   1.67976856646506        1.68263168553006        1.67367418899203     
   1.67982146025862        1.66953633650444        1.67154696470123     
   1.67791518177350        1.67995821238371        1.67612232936459     
   1.67745343963362        1.67941506201319        1.67052983032653     
   1.67983053148178        1.67789870915103        1.67530025532091     
   1.68101876273000        1.67950963197615        1.68294912627742     
   1.68164086359876        1.67610692937155        1.67340626472686     
   1.68051834721920        1.66763965821410        1.66162019516727     
   1.68161525570724        1.67925648831926        1.68096615491101     
   1.68346771866324        1.67740610361648        1.68073506195700     
   1.68438381828290        1.67233126574029        1.67552279067292     
   1.68202137257653        1.68330712492660        1.68652720731632     
   1.67807342435151        1.68269076451944        1.67967270301340     
   1.67812558998152        1.68316739999286        1.68498071025779     
   1.68136993649876        1.66767716414317        1.67009941998722     
   1.68175289045039        1.68330820635027        1.68080132823305     
   1.68016219025199        1.68017277179604        1.68515600571663     
   1.68230926639639        1.67182314726851        1.67501950447365     
   1.68398766420986        1.67658474820924        1.67953336087354     
   1.68085192743729        1.66871226607309        1.67217665132694     
   1.67849187056954        1.68102436950187        1.67863912235021     
   1.67919331308739        1.68102520174222        1.68213003003258     
   1.68039198502196        1.68442343893918        1.68637425246474     
   1.68157118841059        1.67566816299701        1.67402071867003     
   1.68114419358229        1.67955312905784        1.68197696923362     
   1.68237228958241        1.68500239576768        1.68405473542598     
   1.68190192235361        1.68302612161335        1.68375098878134     
   1.67912651007018        1.69366820588823        1.69894987225990     
   1.68020435733009        1.66976480214247        1.67352766792028     
   1.68061255493418        1.66722042218717        1.66928697445870     
   1.67845966030417        1.67787111459930        1.67121080743907     
   1.67920399347703        1.67912668478766        1.67613372964408     
   1.68035679728544        1.66843907092261        1.66540542056726     
   1.67967301435477        1.67578128240729        1.67155465823530     
   1.67941884092549        1.67436443114117        1.67334831411231     
   1.67856613235034        1.69089061152046        1.68968400740784     
   1.67862909031565        1.67537499053368        1.67919814409871     
   1.67773928172621        1.67772398134418        1.67585401542464     
   1.67736810280588        1.67663729734783        1.67932845697128     
   1.67896272557900        1.69395955623635        1.68627781271061     
   1.67773904973897        1.67333904973406        1.66815660167029     
   1.68029673784603        1.68553628471204        1.68394642608240     
   1.68224715150052        1.68877211050451        1.68360796847077     
   1.68205435303027        1.67874207730211        1.67982000837714     
   1.68056296227124        1.68051231209858        1.67986678178103     
   1.67889995079644        1.67610850980778        1.67764209582032     
   1.68017983595468        1.68068072110238        1.67594329953718     
   1.68072332512554        1.67353480448110        1.67355560202577     
   1.68132158162692        1.67242569975128        1.67264985044833     
   1.68005709329914        1.68486257390975        1.68179719450229     
   1.68076375200766        1.67871732000891        1.67943310411105     
   1.68248742914788        1.69201921969934        1.69407415983623     
   1.68122653123052        1.67193978374721        1.66953548403655     
   1.68140470605954        1.67102031924691        1.67183322721859     
   1.68289359658989        1.66597504828869        1.66340063573653     
   1.68068538079240        1.68473097631311        1.68354416396218     
   1.67850681337301        1.69079374760520        1.68967716080280     
   1.68170041333766        1.67151585473989        1.66972577848901     
   1.68204326256439        1.68819630554971        1.68229239080735     
   1.67829614041780        1.67656529128478        1.67798074370757     
   1.67806497830793        1.67666834864354        1.67628730130977     
   1.67808487415203        1.67721436063658        1.67817718452617     
   1.67910304744722        1.68343351103041        1.68362544118321     
   1.68048869564124        1.67138499626449        1.67253269213600     
   1.67661111935953        1.67663627645244        1.68245254758282     
   1.67736302489149        1.66811096199392        1.67256809708401     
   1.68263695044765        1.67902855008006        1.67999158760921     
   1.68106648338912        1.68370464877240        1.68273213371892     
   1.67943213104773        1.66839240110368        1.66311453996788     
   1.68025362219110        1.68064996795872        1.68650299728903     
   1.67918742676155        1.68207574543881        1.67836748959790     
   1.67675704218748        1.67984619651018        1.67493305034893     
   1.67830161021275        1.67937717247581        1.67391402791322     
   1.68145616658590        1.68874463096900        1.69444906943852     
   1.68275936179720        1.68398657215658        1.69052546220052     
   1.68157056533740        1.67560229549947        1.67228851977131     
   1.67714983109640        1.67832342629655        1.67496955942192     
   1.67886636566119        1.68180466695161        1.68109343536465     
   1.68090013470200        1.68218346683074        1.68212893306761     
   1.67555973024024        1.68776285755262        1.68322370592234     
   1.67534850593554        1.68207191266008        1.67959945525689     
   1.67833281902924        1.68241437968363        1.68368859644869     
   1.68054062184996        1.67207266846232        1.66241108630892     
   1.67989461379236        1.68703037169093        1.68821426671755     
   1.67898744324706        1.67346059533822        1.67283323406586     
   1.67991697686238        1.68885221109135        1.68898154677392     
   1.67952164950350        1.68649772330439        1.68537605290002     
   1.67982073165203        1.68450374019212        1.68285825908188     
   1.68165686957888        1.69027890838122        1.68497725837538     
   1.68187736867248        1.68170489889642        1.68306720597962     
   1.68023917063714        1.67574125122259        1.67312712529235     
   1.68142961592685        1.67722978152224        1.67926008246886     
   1.68205665722848        1.68201069992820        1.68307940977550     
   1.68003131571940        1.67844766950746        1.68004072098120     
   1.67819702785278        1.68336677568194        1.68440062153344     
   1.67606587893170        1.68737008447782        1.68857731618560     
   1.67662513675413        1.67561534601175        1.68023689136133     
   1.67723335190798        1.68265559968517        1.68116724591379     
   1.67944116180832        1.67265616387677        1.66997514314184     
   1.68196865734654        1.67362238854032        1.67848355608448     
   1.68103692674786        1.68575657771772        1.69032285984657     
   1.68044513109585        1.68308683765645        1.68384968079742     
   1.68108374281726        1.67046695417382        1.67010621057257     
   1.68092710274877        1.68594128072463        1.68173873902628     
   1.67819058260357        1.67402116943648        1.66917503534888     
   1.67715791797662        1.67150706605244        1.67229470925549     
   1.67881441315088        1.68652966155828        1.68766551060615     
   1.67914897600254        1.68679263568181        1.68591762543074     
   1.67798756559565        1.66951063757563        1.66749843067863     
   1.67725094158704        1.68508701406526        1.68485110325865     
   1.67739867444983        1.67940015721705        1.67673656182180     
   1.67743030226408        1.67507082027153        1.66933407066464     
   1.67983026145408        1.67729261847827        1.68094210095001     
   1.68190642742465        1.66966261379246        1.66872530819636     
   1.68062992417735        1.68156423114423        1.68469052994215     
   1.67865155585599        1.67547676387963        1.67552142533894     
   1.67834500662554        1.67179222197290        1.67245303953516     
   1.68320791524700        1.67930519515505        1.68048078187746     
   1.68419935725287        1.68479472541295        1.68426462124328     
   1.68277658070873        1.67540590080778        1.67711677843694     
   1.68080093496678        1.68178989251996        1.68451862060723     
   1.67883498051289        1.68225210852448        1.68354870352540     
   1.67825575120792        1.68560918182912        1.68159388625091     
   1.67857953432775        1.68053921415678        1.68008603040659     
   1.67867378826080        1.67247763981912        1.66791380813630     
   1.67840963718064        1.68432171082766        1.68859007944636     
   1.67974719751405        1.67803219435559        1.67718684970231     
   1.67795740288378        1.68891960944259        1.68680761502599     
   1.67702331547643        1.67585966791753        1.67136423738952     
   1.67831448404484        1.67639636832350        1.67407685883206     
   1.67948626972059        1.68028920546190        1.68374976759333     
   1.67995846085654        1.67851959642199        1.67528281827787     
   1.68058892055715        1.67918201915481        1.67832727786929     
   1.68183672574552        1.67952189385246        1.68036218997369     
   1.68155600852211        1.67516796410462        1.67347307365297     
   1.67926363733056        1.68551873957537        1.68088832424203     
   1.68096378949644        1.67093725580500        1.67146498574156     
   1.68347517072417        1.67062390443296        1.66986395956457     
   1.67871367244382        1.67940722825694        1.67642027461847     
   1.67700712915370        1.68626034272298        1.68726885128293     
   1.68140677458381        1.68255041658905        1.68983765349149     
   1.68098483497472        1.68232521418957        1.68630664386378     
   1.67944527180884        1.68998517643841        1.68720763041029     
   1.68049963401292        1.68928232547235        1.69078163131097     
   1.67890972767630        1.67614889785551        1.67118526460535     
   1.68370403450577        1.67905043086837        1.68244703097538     
   1.68362492426813        1.68498728076160        1.68319793989677     
   1.67769551747688        1.67940739203546        1.68088675730449     
   1.67894736026859        1.68411015090215        1.68291465769496     
   1.68129007507331        1.67023450302521        1.66912550730627     
   1.68023841404772        1.67508743168030        1.66958059245462     
   1.68085531832219        1.68052807355399        1.67915117357927     
   1.68074284589990        1.67797873595762        1.67429178429000     
   1.68164696981547        1.67530875256872        1.67784843171440     
   1.68103857754200        1.69084503310097        1.69113631564735     
   1.67585498661069        1.68536430215037        1.68316950620836     
   1.67581671511280        1.67127365271909        1.67154099667295     
   1.68023124685777        1.68563520254497        1.68822805422196     
   1.67951091790591        1.66950721256272        1.67043999877544     
   1.67993925009488        1.68076571725625        1.68694759363450     
   1.68009619434436        1.68567266603607        1.68832970244792     
   1.67878200851390        1.68077632417801        1.67963300317995     
   1.68212015014804        1.66792092998712        1.66549609269290     
   1.68045685409179        1.68513328090663        1.68334745499622     
   1.67949791656450        1.68266562045546        1.68388198561107     
   1.67912010625768        1.68043404252893        1.67712164621870     
   1.68089398703456        1.66909534752852        1.67165562204824     
   1.68174145162621        1.68178084719599        1.67913830785371     
   1.67736622527805        1.68649316269844        1.68914733594245     
   1.67740735166892        1.68139956424386        1.68030954521696     
   1.67886747003918        1.69096062008310        1.69896265675422     
   1.67886619599696        1.68325669409958        1.67998960560075     
   1.68076881877394        1.68478902733434        1.68704452134770     
   1.68017427875725        1.67872958262285        1.67773905861248     
   1.67822625567683        1.67428967939957        1.67043076022484     
   1.67874368346029        1.67651283056192        1.67283125585214     
   1.67646548435592        1.68253108187161        1.67801711265238     
   1.67771083368408        1.68932369386086        1.68468193990236     
   1.68035037831363        1.67821617069823        1.67974478424059     
   1.67925102917588        1.67164812882725        1.67504419521847     
   1.68011687782720        1.68561332866247        1.69322142958274     
   1.68138830750062        1.67764077754519        1.68420576544522     
   1.68020522548633        1.67578988663520        1.67642332015113     
   1.67885347563564        1.67598101545620        1.67773490544845     
   1.68212991455830        1.67516634323604        1.67354863880148     
   1.68065564623433        1.68874192775272        1.68810588055118     
   1.67668036085243        1.67851144910455        1.67916403438246     
   1.67843711986133        1.69087209301481        1.69237639592316     
   1.67929080945663        1.68319047748680        1.68174058791479     
   1.68143238517100        1.67535844755131        1.66973386718311     
   1.67910728860230        1.67808575083855        1.67754263441508     
   1.67645343769168        1.66961181385061        1.67064265488567     
   1.67802216559535        1.68662500098464        1.69543454305349     
   1.68204806571076        1.69251008689283        1.69171586784163     
   1.68257730439632        1.67230978425247        1.67304058567355     
   1.67907108203675        1.68532740313328        1.69075363526355     
   1.67842220910156        1.67685063590549        1.68184185269483     
   1.67919132458006        1.68718922465548        1.68748267258119     
   1.67914659725251        1.67393209882954        1.67202860034432     
   1.68152142270132        1.67383345640137        1.67482275150009     
   1.68083691389859        1.69218320859824        1.69310457535635     
   1.67631175507570        1.67422957087990        1.67038750777826     
   1.67724195255659        1.68174847673822        1.68138962709303     
   1.67970308739255        1.69241636587573        1.69140027395760     
   1.67975955778529        1.67601890485544        1.67248878516807     
   1.68318014316946        1.68196133885643        1.68296130116161     
   1.68350442844514        1.67286373830170        1.67720733675835     
   1.68267482276506        1.68432693038381        1.69056079917672     
   1.68274389454106        1.69204692025400        1.69584324925752     
   1.68123419315489        1.67533982886931        1.67729753813060     
   1.68297896343473        1.67752344153529        1.67702785890321     
   1.68210364522504        1.67786650572125        1.67995246194919     
   1.67728234895542        1.68339246880172        1.68795717383210     
   1.67538065088177        1.67885192105052        1.68083221287063     
   1.67555563756927        1.68623584211665        1.68452902898872     
   1.68160501312569        1.68012139126014        1.68320364466236     
   1.68464203403312        1.68482013320674        1.67816887445299     
   1.68330600938022        1.67295006945746        1.67409179521232     
   1.68303433949474        1.67709667657569        1.67757011151400     
   1.68053200106855        1.69006272088653        1.68704615282993     
   1.68043398468060        1.67474425049531        1.67431421934859     
   1.68226882790418        1.67484946396816        1.67746536847159     
   1.68215464282182        1.66924174269424        1.67038899803894     
   1.67812030542523        1.67444390187777        1.67474994443433     
   1.67834253151263        1.67918563978106        1.68161701782183     
   1.68021509028203        1.67609231060580        1.67652798819212     
   1.67859606230063        1.68245230931347        1.68204801460400     
   1.67919594902126        1.68203318623519        1.68521218039893     
   1.67831181290391        1.68149314814297        1.68634830076712     
   1.67447290510543        1.67778513920427        1.67283969853456     
   1.67413316600687        1.68874926259378        1.68798335880024     
   1.67787817969830        1.68896987401244        1.69419049008348     
   1.68232684820919        1.68110152391483        1.67936490771548     
   1.68302947046471        1.66874034160554        1.67118935236133     
   1.68064392592304        1.68593416049802        1.68766471624346     
   1.68035497688092        1.69517678733172        1.69758425722440     
   1.68071219451270        1.67537047009352        1.67611899354827     
   1.68022393692616        1.67993485867218        1.68228369672490     
   1.67898299039012        1.68098432695054        1.67666211471676     
   1.67705333473477        1.69561008670403        1.69074578353673     
   1.67913340781935        1.67929176893259        1.67890748754551     
   1.67812763530461        1.68245797402779        1.68081569788846     
   1.67790802918961        1.68550377974359        1.68646441092362     
   1.68072092314559        1.67091850810487        1.67178355334600     
   1.67876729324640        1.68018174608616        1.68099591129044     
   1.67803059402595        1.68168847792595        1.68247519131614     
   1.67955497296593        1.67888762158305        1.67572193956949     
   1.67848114970571        1.68316657883631        1.68875157271233     
   1.67824605887458        1.68536844279732        1.68323437653266     
   1.67776164434004        1.67963324843491        1.68096051668361     
   1.67890016307025        1.67192802439183        1.67462664590576     
   1.68230611860731        1.67775157759630        1.67914849340226     
   1.68330087864019        1.67656986621325        1.68494574404338     
   1.68076502339692        1.68329124423218        1.68322023713002     
   1.67759340294837        1.69474318278683        1.69198209702328     
   1.68185343533399        1.67300746687383        1.67214611781294     
   1.68379940639453        1.67619206793872        1.67200135478927     
   1.67927932970211        1.67816940639841        1.68154261115054     
   1.67836357567498        1.68559616333231        1.69077072745876     
   1.68014923185702        1.67484156504583        1.68002768963084     
   1.68280536444896        1.68626338843604        1.68921831969636     
   1.68140716680966        1.67709586826111        1.67538769698412     
   1.67739724554509        1.67448281101565        1.67132183187648     
   1.67581118978214        1.68782295478065        1.68385919291488     
   1.67763466517433        1.67401137157940        1.67480966095739     
   1.68119021806521        1.66346433048913        1.65989904652868     
   1.68034335321690        1.66293060396668        1.65993484392388     
   1.67777655329958        1.68304498153453        1.68354272717987     
   1.67882243516616        1.67863163221465        1.67960375536310     
   1.67967383867345        1.67273918528699        1.67402205960304     
   1.68034279053888        1.68079200080151        1.68256413107899     
   1.68030741469734        1.68671137472057        1.68170813112106     
   1.68018858939232        1.66521153567184        1.66770371196821     
   1.68041497054538        1.67702822365313        1.67574978467024     
   1.67931691993253        1.67651236382088        1.67493011096287     
   1.67779315724824        1.68008843786687        1.68181704411153     
   1.67783838571021        1.68818941464084        1.68783724503241     
   1.68009779214235        1.68074078313539        1.68341099964509     
   1.68141225558396        1.67174970798343        1.67138694604174     
   1.68170610560007        1.67922882285109        1.67905969331228     
   1.67918023097993        1.66879050014561        1.66715118088933     
   1.67868031708191        1.68249203914655        1.68386956075898     
   1.68177264714591        1.67982366077420        1.68799516591515     
   1.68102582553323        1.68533282694129        1.68466869630164     
   1.67950200291559        1.68145093049944        1.68258083488324     
   1.67974508785823        1.68921324163497        1.68741349863615     
   1.67872812844792        1.68173021709936        1.68474867755968     
   1.67723363613443        1.67987952183813        1.68248397933663     
   1.67637605551867        1.68923294742971        1.68946178073983     
   1.67875764588676        1.68839447491582        1.68680604551346     
   1.67910652030263        1.68555618005436        1.68503139575874     
   1.67680208775177        1.68050397846213        1.67776331285594     
   1.67827292921947        1.68465546510709        1.68264802330644     
   1.68018409124500        1.66471268739282        1.66087104483507     
   1.68289110208835        1.68137304276872        1.68408653319175     
   1.68134763468639        1.66869341984515        1.66840134384765     
   1.67841609727900        1.66580409112389        1.66743742146091     
   1.68205306678740        1.69168083999950        1.69073913787125     
   1.68225423141994        1.68676981503112        1.68464870647058     
   1.68100933473458        1.66958723421348        1.66987747665758     
   1.67955219741042        1.68648434599255        1.68513925316375     
   1.67796441926316        1.67033797427892        1.66806990497118     
   1.68079901478600        1.68415974517305        1.68555749649930     
   1.67893499610147        1.68241458827594        1.68428172659981     
   1.67886435665700        1.68467681441915        1.68934353656742     
   1.68150925619832        1.68185044885567        1.68181203514246     
   1.67903784382706        1.67981115994589        1.67168525564083     
   1.67921287984164        1.67375912401964        1.67646228254987     
   1.68146376784948        1.68231155407600        1.68327071090783     
   1.67980177928277        1.67822038190787        1.68133844325202     
   1.67956614905059        1.68531176729307        1.68199010433174     
   1.67918576134887        1.68634295554872        1.68198540317938     
   1.67906460353106        1.68428779597900        1.67641714356910     
   1.67811118664889        1.68503193274887        1.68727548467815     
   1.67770694403817        1.68112269923604        1.67732680741662     
   1.67736804220801        1.68122463373159        1.68520664474036     
   1.67935521585197        1.66964082186457        1.66701423901288     
   1.68135201383632        1.67034638858056        1.67185864028156     
   1.67746813243346        1.68933575063102        1.69361044050282     
   1.68108994615595        1.68186832146906        1.67941462664102     
   1.68235226944714        1.69227314063763        1.69132413889943     
   1.67919329133379        1.68335465683429        1.68378026968421     
   1.67794449043103        1.68280079348542        1.68759553832632     
   1.67829891791339        1.68781323033968        1.69187953207379     
   1.68021351683186        1.68002019017336        1.67655040299538     
   1.68177675141258        1.67900066883268        1.67363370540240     
   1.68241871681825        1.67987478919096        1.67929442493301     
   1.68102460047361        1.67351805629263        1.66861944697739     
   1.67985518238567        1.68204234338007        1.67967248029465     
   1.67966883219031        1.67715140075596        1.67554462618009     
   1.67798516537619        1.68105753982921        1.68277120042164     
   1.67872637325472        1.67900383782005        1.67613684196440     
   1.67879271193757        1.67949378757640        1.68163619577462     
   1.67873773697631        1.68315069442442        1.68676351025240     
   1.67847712775907        1.67857031516061        1.67774820436281     
   1.67691185543439        1.68216073171014        1.68229700552264     
   1.67857329482109        1.67531841010388        1.68038020839962     
   1.67943085605775        1.68510625681105        1.68093928631754     
   1.68226781324393        1.67278746762659        1.66962730153720     
   1.68100915239400        1.68204650775680        1.68395949369058     
   1.67906340515424        1.67755609048553        1.67549217515843     
   1.67922603601625        1.68466992258933        1.67931544824839     
   1.67834537664778        1.67664286035367        1.67626280191721     
   1.67873589402057        1.67915279205793        1.68164639205502     
   1.67760884033096        1.68699883326979        1.68967030422062     
   1.67659593159469        1.68663501012018        1.68381743710919     
   1.67686491351384        1.67778668504175        1.67685385449672     
   1.68055794211356        1.67500627715134        1.67547549389650     
   1.68145274257239        1.68319327755536        1.68301047764388     
   1.68052326852323        1.66793999863131        1.67042947644212     
   1.68042676317951        1.67576993215830        1.67815783944132     
   1.67948754086220        1.68119528131042        1.68189644984996     
   1.68143665152115        1.67224512753247        1.67047167587030     
   1.67854470084539        1.68531762425738        1.68334565983069     
   1.67594693693579        1.68002690751886        1.67755015286060     
   1.67823554517909        1.68659009698280        1.68687728514898     
   1.67961034086698        1.67726709618683        1.67591830081560     
   1.67798236295941        1.67521229798438        1.67435676074686     
   1.67815169567721        1.66946673983746        1.66839279205719     
   1.67942224088578        1.68721252563073        1.69275414720284     
   1.67877559578749        1.67266921477852        1.67512070712025     
   1.67760058862243        1.68152891625757        1.68265313737142     
   1.67948155709982        1.69070475229210        1.69114106174429     
   1.68152268833036        1.68637065181315        1.68585158349070     
   1.67909127186404        1.67949840996888        1.68135666177639     
   1.68040703850289        1.69051886993339        1.68890124456389     
   1.68030399529353        1.67996320137981        1.67749928214748     
   1.67565135326552        1.67964906853896        1.67610922302041     
   1.67739103899397        1.67180042808760        1.67631719041322     
   1.67961950596393        1.68775903580209        1.69274898077551     
   1.67668614394552        1.69728289669307        1.69693068775323     
   1.67669401060521        1.68195131265869        1.68250665402128     
   1.67952258476977        1.67921453605532        1.67845860437530     
   1.67899728076233        1.67950723566157        1.67243203980450     
   1.67882650215611        1.69216091823508        1.68934570141758     
   1.67907195862280        1.67195376673901        1.67132649545273     
   1.68110817376465        1.68000538237852        1.68398292492645     
   1.68288299823396        1.67133267787768        1.66483496018341     
   1.68229389261321        1.68251009147817        1.68202713101502     
   1.68099600717802        1.68458148869615        1.68844146247760     
   1.68252688160000        1.68346522119878        1.68451275860106     
   1.68394139026470        1.68140605461357        1.67890959078218     
   1.68189464202823        1.67382213863451        1.67163006473760     
   1.67969810127664        1.66920712294640        1.66749056361806     
   1.68046266203801        1.68128652131280        1.68113655699891     
   1.68037714183939        1.68278009529471        1.68328073634247     
   1.67979120419116        1.66499965023329        1.67457988165737     
   1.68284989133888        1.67466421911874        1.67301776482226     
   1.67972807173527        1.68948294424009        1.68778829255959     
   1.67759369568735        1.67882307283860        1.67954667907718     
   1.68008642741362        1.67466296223926        1.67241500347985     
   1.67849894160589        1.67908742197324        1.68146701314816     
   1.67781277181479        1.68019273514872        1.68209905542226     
   1.67897035132676        1.67354644226566        1.66956947341693     
   1.68024209556314        1.68932532371709        1.68799215067699     
   1.67900115582781        1.69229025596143        1.69878758490274     
   1.67821394490728        1.67736155401860        1.67716337528834     
   1.67986949144242        1.67624741277888        1.67663702874821     
   1.67840209758455        1.68159539389164        1.67906815201401     
   1.67710200427046        1.68694229373732        1.68393879128256     
   1.67795535894876        1.68875188547753        1.68527829740481     
   1.67917168326344        1.67780435234117        1.67872142291233     
   1.68068524844220        1.67774899388141        1.68259420031601     
   1.68015606590831        1.67792835500416        1.67774861878551     
   1.67973579181666        1.67790509061950        1.68175050582967     
   1.68050422804906        1.67455000619860        1.67225169150751     
   1.67939778699668        1.68217601157675        1.68178146493056     
   1.67827994361335        1.69070378768525        1.69576795883780     
   1.68139968981147        1.68540280599575        1.68043006293080     
   1.68257268109289        1.68428873118506        1.68447348110641     
   1.68002827512894        1.69249591502085        1.69185122739429     
   1.67740379474102        1.68572724844934        1.68186646159334     
   1.67828591005741        1.68741764463043        1.68754411378905     
   1.67996114085150        1.68591724024996        1.68549660069091     
   1.67943363532702        1.68046825720710        1.67857475871004     
   1.67952347668895        1.68320726117265        1.68311352754372     
   1.68311930071800        1.67227181920714        1.67462628723410     
   1.68201428100642        1.66887523810452        1.67109947343861     
   1.68113578541906        1.68060149897688        1.68182632521925     
   1.68033633709086        1.67727186190488        1.67854086768635     
   1.68083541402302        1.67443441176794        1.68054102820522     
   1.68402729640315        1.67010409967826        1.67777131841466     
   1.68448575469321        1.68233461287145        1.68103999932885     
   1.68054714134960        1.68662415372004        1.68092134165901     
   1.68009864044409        1.67490809727914        1.67372375671220     
   1.68199815651614        1.68231872586335        1.68782872691786     
   1.68193446493090        1.67961156919151        1.68079280599614     
   1.68283439794246        1.67356044300415        1.67185665470147     
   1.68221849622120        1.68514176839704        1.68447006338341     
   1.68362221233844        1.66974806798823        1.67106145781137     
   1.68441573506243        1.69002113225388        1.69054675159694     
   1.68307604707509        1.69135766163929        1.69190229863624     
   1.67963145100552        1.68165296189603        1.68346798836599     
   1.67703621821570        1.67643628746776        1.67804672063968     
   1.67840268156632        1.67578001365586        1.67547549050502     
   1.67928020334112        1.69442368742190        1.69272671074715     
   1.67931973830831        1.67455280476888        1.67249737928498     
   1.68110098142473        1.68783443974684        1.68409564022720     
   1.68048004810423        1.68004612751138        1.68425214739354     
   1.67765494238458        1.68350535690342        1.68888736506944     
   1.67771262941996        1.68988457132344        1.68603104816358     
   1.67894660196953        1.68484483003712        1.68581840558845     
   1.67993024425617        1.67818705533822        1.67931981313439     
   1.68117383418973        1.68114472871534        1.68468688174119     
   1.68265599690312        1.66865363154300        1.67194768310482     
   1.68439113881650        1.68151864910258        1.68046370376807     
   1.68341383860366        1.69075282446304        1.69087742231066     
   1.67982478565826        1.67621758380214        1.67347444558172     
   1.67838012571373        1.67246001292901        1.67425017630398     
   1.68251300659446        1.67831856148983        1.68297420330131     
   1.68338513154715        1.67698403626467        1.67017552596283     
   1.67914831262105        1.67755529826805        1.67985505372408     
   1.67972329384411        1.67734558717251        1.67827367928513     
   1.67905606627512        1.67049119307277        1.66760292086648     
   1.68183491124213        1.67914133114726        1.67863510278354     
   1.68311075735522        1.68880492000840        1.69632576650043     
   1.67852281707189        1.68629035852309        1.68482816714493     
   1.67912446446960        1.68323895335962        1.68639606321827     
   1.67788482270958        1.67947767672887        1.68399213167669     
   1.67639180414301        1.67167677641040        1.67620893696538     
   1.68012707469659        1.68505593430775        1.68383155937827     
   1.68231861978992        1.67139215975948        1.67353872841891     
   1.68167088349215        1.67288438438813        1.67460020828924     
   1.67965551169447        1.68413367465857        1.68406725440103     
   1.67974686128324        1.68704013658591        1.68795555819790     
   1.68038736702642        1.68053638745287        1.68288608251129     
   1.68234179438653        1.66943702033818        1.67563563512550     
   1.68235376334828        1.69532023979676        1.70095732999950     
   1.68077917705882        1.66804504490747        1.67553418997327     
   1.68219244449453        1.66973014960537        1.66920969831188     
   1.68073652296182        1.68199334843158        1.68400327621030     
   1.68087024924859        1.68285691968218        1.68192099263113     
   1.67983425790485        1.66924981518256        1.67084755532267     
   1.67930652037547        1.67384231988842        1.67676594946197     
   1.67985506596241        1.68418831132531        1.68443196856691     
   1.68048194081600        1.68544288283252        1.67992655930981     
   1.68063339911908        1.68036703256198        1.67736765644655     
   1.67948449495348        1.68393892415682        1.68557369128238     
   1.67889495806117        1.67867261581206        1.67984497030182     
   1.67771096070646        1.68390364533090        1.67865329307867     
   1.67864010230548        1.68955942583919        1.69343597777564     
   1.68137014571611        1.68065667843130        1.68026673128534     
   1.68123444586453        1.67141598015086        1.67175631121091     
   1.67949679365463        1.68747171666103        1.68940099881193     
   1.68000179363062        1.68369644685118        1.67812273449664     
   1.67955117708081        1.68514504545229        1.68819783572225     
   1.67949666899708        1.67702858698071        1.67721887020880     
   1.68241910308402        1.68404450971681        1.68221744932797     
   1.68037525968625        1.67748785321285        1.67469751982388     
   1.67860054195437        1.68583866288379        1.68230842293882     
   1.67965037539580        1.68323677416848        1.68391097517049     
   1.67839111841670        1.66733577687203        1.67063463242549     
   1.68007137722075        1.67622921488517        1.67132024301836     
   1.68068611389871        1.68974893590724        1.69341971412348     
   1.67761919621980        1.69115235580519        1.69110882258118     
   1.68057607316130        1.68263587422126        1.68653814020698     
   1.68126132980451        1.68283275697559        1.68563824482850     
   1.67919671410165        1.67491741995460        1.66943557455447     
   1.67836071206605        1.67402760620079        1.67231655302487     
   1.67829214132441        1.68502151305850        1.68435495706946     
   1.67700454787477        1.67266289762857        1.67418181347589     
   1.67608314128975        1.68461415394542        1.67930376565876     
   1.67860727594203        1.68463417033905        1.68566632043914     
   1.67848981050798        1.67806994391722        1.67720569727169     
   1.67951903944338        1.69152435203875        1.69587488389719     
   1.68133666519811        1.67415878312118        1.67712725908709     
   1.68100613484055        1.67947676852277        1.67894414221895     
   1.68003261550145        1.69085649962306        1.68827793789163     
   1.68225423592182        1.68126928056203        1.67955004587650     
   1.68221468219591        1.68086848795563        1.67354719355414     
   1.67929456254910        1.68174630315294        1.68400909059958     
   1.67845900532713        1.67728145912259        1.67979167728643     
   1.67879547012619        1.67283251953053        1.67410922087451     
   1.67760963675484        1.68129941297239        1.68739156973161     
   1.68020642048840        1.67749841333947        1.68360424411663     
   1.68273709427054        1.68082942160377        1.68251899459897     
   1.68239845283142        1.67847240985796        1.67601190648788     
   1.68218419169370        1.67445542647939        1.67296039347761     
   1.67782062478841        1.68670521734984        1.68628610251478     
   1.67656385909671        1.67757787706423        1.67097472395619     
   1.68110634008551        1.68934362821133        1.69043099809033     
   1.68027359757907        1.67408866710078        1.66943685045789     
   1.68107597638335        1.68348856757054        1.68526949160724     
   1.68428603350429        1.68108831301436        1.68255615633371     
   1.68299358888006        1.68533705601439        1.68921976141894     
   1.68333713484986        1.67757973915377        1.67840469366031     
   1.68210117583684        1.67976922289032        1.67854877333505     
   1.67829069244995        1.67914554528171        1.67600678919598     
   1.67572599000028        1.68114374555006        1.68100699986842     
   1.67740107930746        1.68248527185717        1.68246168263894     
   1.67850007400055        1.67994786589775        1.68520052677143     
   1.67856635813604        1.67923392809727        1.67863044937771     
   1.68075908423320        1.66626191074304        1.66143300335509     
   1.67701256383761        1.68304827366692        1.67608924849357     
   1.67720674947440        1.68658182562036        1.68673796630176     
   1.68206769146041        1.67194357264558        1.67594351127411     
   1.68106458184558        1.67742216482522        1.68090810675720     
   1.67673465732745        1.69284011566896        1.68430587540134     
   1.67708349370045        1.68893186552023        1.68931683504408     
   1.67984918088509        1.68511635997750        1.68506868692479     
   1.68157246851884        1.67317484266175        1.67045537250481     
   1.67994832501744        1.68310914162512        1.68226717990313     
   1.68133281960133        1.67303192740906        1.67450639322320     
   1.68425562099887        1.67300715299372        1.66803004610309     
   1.68013956731358        1.68642444374891        1.68217435639393     
   1.68232677422982        1.68246582900633        1.68670997790373     
   1.68026512041479        1.69394359867052        1.69040435484685     
   1.67902408362144        1.68520673089469        1.68569370791433     
   1.68465865912989        1.67268440152912        1.66933293777105     
   1.68462092888975        1.68741571738642        1.69377681671706     
   1.68293607151555        1.67117869751076        1.66627084403662     
   1.68130957201346        1.67841744590405        1.68663338750802     
   1.68132847342042        1.68068755000956        1.68095807199242     
   1.68010244101200        1.67902173893891        1.67639892596180     
   1.68043695812445        1.68016142523442        1.68198028044379     
   1.68256248764274        1.67757916804464        1.67263669098650     
   1.68197071019084        1.68286605390774        1.68525466110461     
   1.67583875911384        1.68605109400352        1.68171859770391     
   1.67674044747671        1.68453890170852        1.68588972471941     
   1.68101659105310        1.67168297083611        1.66352728877343     
   1.68056916007572        1.69039751491078        1.69653570556686     
   1.68292556273073        1.67802694004056        1.68103164903299     
   1.68073941025978        1.69040632300605        1.69063398853719     
   1.67898449018052        1.67979399673305        1.68083817682992     
   1.67909004131167        1.67143424824164        1.66656049639814     
   1.67931881352199        1.69247237737912        1.69864891243278     
   1.68080944649482        1.67680740620747        1.67570392416537     
   1.68117428721274        1.68125993073740        1.68300372522090     
   1.68122100726192        1.67711399659173        1.67431534351315     
   1.68079831716675        1.67486546594561        1.67273438941590     
   1.68139073751334        1.68004420001248        1.67764007358776     
   1.68155644980997        1.69029930594010        1.69562349650479     
   1.67848397571282        1.68707053895836        1.68623802850531     
   1.67789749464627        1.66930858270126        1.66858350710469     
   1.67901709820491        1.68757109437131        1.69099164826901     
   1.68076813953934        1.68064539283989        1.68191969005173     
   1.68087139076870        1.68264650381557        1.68733154481504     
   1.67892157384513        1.68220577280873        1.67921082341976     
   1.67791743482425        1.69049794453497        1.69130661747611     
   1.67788248629129        1.68487375581459        1.68390309325289     
   1.67849988916739        1.68448038423470        1.67882015169850     
   1.67831648872601        1.67940194392482        1.68255064757213     
   1.68056096693191        1.67626441911705        1.67846146656858     
   1.68041891994852        1.68686003214454        1.68632004772196     
   1.67605287906932        1.67896006237559        1.68001226170678     
   1.67881554396559        1.68389902268551        1.68077529373985     
   1.68021966759480        1.66570750132525        1.66191085501816     
   1.67836715907522        1.68229876705629        1.68114721816100     
   1.67860426891683        1.68289410099634        1.68003783133375     
   1.68037715808733        1.66584705997473        1.66698818660122     
   1.68157337656694        1.67918513768915        1.68246690980258     
   1.67752726013971        1.68674655756972        1.68290573727763     
   1.67866100499233        1.69278950708118        1.68921227198815     
   1.68137830474393        1.68349834842035        1.68689158192366     
   1.67982434534539        1.68220279984077        1.68582546307053     
   1.68187912155366        1.67992464572165        1.67867193295698     
   1.68254163276906        1.67717140336743        1.67910424806557     
   1.68268292426183        1.67760838115485        1.67185955798269     
   1.68153660733396        1.68060237868055        1.67691885578091     
   1.68010183842570        1.68354402394618        1.68987824917911     
   1.68314271588018        1.67574293856945        1.67679033864181     
   1.68039513679406        1.69227784863212        1.69439631218744     
   1.67789205026211        1.68533958482887        1.68744804823182     
   1.67857247575112        1.68286457447513        1.68190349638417     
   1.68044649847217        1.67474454712075        1.67647081937545     
   1.68465861194581        1.68195342723018        1.68799251287521     
   1.68103038303684        1.68064623898785        1.67739034757390     
   1.67787596669895        1.68163441200908        1.67783228129288     
   1.67898619430487        1.68618796683013        1.69094775822307     
   1.68100896144817        1.67089460153652        1.67661831887507     
   1.68249476854654        1.67447894646566        1.67127282571680     
   1.67941787403109        1.68642820282956        1.68127796675165     
   1.67994019966342        1.67115471566535        1.67350377438494     
   1.67933802378723        1.68588081216061        1.68543980831128     
   1.68301924464750        1.67954417854159        1.68146063225375     
   1.68253643971121        1.68871337131883        1.69079922238831     
   1.67960616461260        1.68422453299189        1.68821540898770     
   1.67879787152629        1.68034133620548        1.67639787699784     
   1.67979061811830        1.67904073156268        1.68051934967957     
   1.68189079335172        1.68005504350556        1.67736963734079     
   1.67840197567859        1.68218217040967        1.68352157386585     
   1.67848244414172        1.67109251612137        1.67222148646332     
   1.68078863071676        1.67628948434547        1.67702700008392     
   1.67859256622972        1.67409867416247        1.67490003206814     
   1.67809826170375        1.68574440782384        1.68827130479110     
   1.67970044133711        1.67787778708220        1.67953908492724     
   1.67909170284736        1.68372860434193        1.68081353814388     
   1.67890984760820        1.68754167025769        1.69106704293576     
   1.67748544622966        1.67492516245449        1.67235550522632     
   1.67905627911544        1.68508184868308        1.69236757947011     
   1.67931536582764        1.67990839338192        1.68137073245988     
   1.67842953826180        1.68063877434722        1.68224203032784     
   1.67737241820908        1.68470636535411        1.68148943794277     
   1.68019113660579        1.67813909008719        1.67471684392536     
   1.67994885486808        1.67622044924341        1.66909492600211     
   1.67348633236496        1.67490870789376        1.66681465131490     
   1.67608670764500        1.67704642371438        1.67346005870931     
   1.68122706040096        1.68189270286989        1.68295960868360     
   1.68219538868256        1.68119049366282        1.67741364957213     
   1.68059370638189        1.68515129459337        1.68234469866408     
   1.67870333199701        1.67610352545358        1.67910901584092     
   1.67707386335255        1.68923377496164        1.68678814700466     
   1.67685855683621        1.67223105481743        1.66725355182768     
   1.67907362144877        1.67471292213521        1.67284119874705     
   1.68124641157615        1.67716715962768        1.68036737302524     
   1.68249337079169        1.69241864507466        1.68682704262485     
   1.68366420426648        1.68456340123153        1.68415324289700     
   1.68136583076554        1.68072010919505        1.67865938673288     
   1.67883307573351        1.68331818915058        1.68200949693107     
   1.68195035528823        1.67353128924012        1.67723608258459     
   1.68216046215293        1.67267256882677        1.67134901660471     
   1.67967828437419        1.68145230579172        1.68580412859854     
   1.68213417810966        1.67666239189179        1.67779040899372     
   1.68230814362355        1.66746107184934        1.67097919507349     
   1.67915722253424        1.68145995525815        1.67882548140936     
   1.68162526559762        1.68635685120606        1.68510468751148     
   1.68211616379842        1.68229973879083        1.68565075606811     
   1.67647147695074        1.67892309983858        1.68051732549342     
   1.67707493866562        1.68579992448145        1.68696582050553     
   1.68263396547027        1.67959108433441        1.68070451259553     
   1.68128126540984        1.68130881230778        1.68070373346994     
   1.67925134628254        1.68075867152632        1.67522646985792     
   1.67892063697771        1.67123460040669        1.66213211743474     
   1.67921616195277        1.67458359561629        1.67853870920180     
   1.68335021040731        1.67409254692545        1.67632429410824     
   1.68399056962911        1.69686159722372        1.69764011010269     
   1.68105491007721        1.68040687829805        1.67864331882257     
   1.68101163367506        1.68716411659917        1.69193609580528     
   1.67862176600245        1.68315684770356        1.69184389903624     
   1.67565521915286        1.68352898593863        1.68084330531767     
   1.67707424842952        1.68134792439840        1.68749056340242     
   1.67953684404655        1.68277657854337        1.68481179979465     
   1.67968244477375        1.67995178722522        1.67388662267257     
   1.67985992785025        1.67638593828670        1.67525107983218     
   1.67987145232454        1.68664501312784        1.68638373372985     
   1.67921572946336        1.68004613085926        1.67957327389794     
   1.67935388558670        1.68517899573753        1.68429660053797     
   1.67962013007902        1.68544470265812        1.68536610654559     
   1.68022391376702        1.67948542462990        1.68758557174857     
   1.68134010190360        1.68704253779006        1.68742273378868     
   1.68173749794546        1.68020151523783        1.68011821494329     
   1.67932499017159        1.68496078966981        1.68792401726776     
   1.68007777670527        1.69044917839382        1.69422681493162     
   1.68122679436641        1.69422219595313        1.69232317851849     
   1.67905456774143        1.67071935720892        1.67254236736012     
   1.67937132295010        1.68454292591953        1.68237851749262     
   1.67880289645386        1.68673852104690        1.68959830510462     
   1.68165058326766        1.67915834143147        1.68192859871850     
   1.68239227393683        1.68094666307452        1.68394198631596     
   1.67899970257777        1.68448391329108        1.68644542823103     
   1.67973815010122        1.67874889075022        1.67623653008790     
   1.67940854523932        1.68201611722193        1.67692858643913     
   1.68101997420626        1.67987560141068        1.67818512952904     
   1.68129601742068        1.68763674419159        1.68569521137121     
   1.68285924721631        1.67362283987676        1.67679520695252     
   1.68446406500574        1.68569094470967        1.68720066272724     
   1.68015531055837        1.67555926410156        1.67664496182921     
   1.67987880455805        1.67413968955493        1.67880636583468     
   1.68167442876217        1.67988072000925        1.68030787035383     
   1.68074974842631        1.66870134179808        1.67282258298022     
   1.67783091350999        1.68222742078363        1.68348387478771     
   1.67806114242197        1.68470004387880        1.68703998211812     
   1.68140396029304        1.67658957507224        1.67732447336320     
   1.67831322836940        1.68736026656710        1.67941679813249     
   1.67626365422667        1.67255470656622        1.66971993617167     
   1.67954350495445        1.68510580976159        1.68507714081899     
   1.68064796601144        1.68044524240626        1.67540748266124     
   1.67963036434216        1.68563873226958        1.67907055806732     
   1.68088431009712        1.68028746428303        1.68517023900766     
   1.68122135068253        1.68113361418915        1.68111404581538     
   1.67955996549595        1.68727786866677        1.69161612073607     
   1.68045111049676        1.68921810516909        1.69202170616984     
   1.68066013849970        1.67660529626298        1.67925410150309     
   1.68294420264165        1.69014750659030        1.69947400712604     
   1.68143664895713        1.68218379821499        1.68320720238057     
   1.68184732219867        1.68417248075390        1.68645698620765     
   1.68210704125333        1.68049813167147        1.67486151018251     
   1.67834500313842        1.67782175881016        1.67337644004119     
   1.67901498821925        1.67315058901393        1.67086840500378     
   1.68038257391207        1.68088829856507        1.67958719126167     
   1.68099031313708        1.66842940825879        1.67102255845257     
   1.68294430452385        1.67245607396850        1.67416536801212     
   1.68192121427646        1.68236839499225        1.68602793032522     
   1.67950132109882        1.67282221756248        1.66621529602553     
   1.67901909482735        1.69150980875123        1.68871123871638     
   1.67862269186037        1.68132979632673        1.68461033020757     
   1.68027049247947        1.66879924015904        1.66943233970915     
   1.68123654687260        1.67200264414230        1.67167157997649     
   1.68193291754657        1.68733021690034        1.68691781485244     
   1.68040543897929        1.68688045397627        1.68970117672409     
   1.67975906480599        1.68222855745770        1.68226267660833     
   1.67772012819808        1.68197468140924        1.68445414842893     
   1.67706971408193        1.67003186684598        1.67425730586288     
   1.67900510463665        1.68061529065662        1.68079267349866     
   1.67899113183084        1.68193319003650        1.67936817638472     
   1.67697231047450        1.67494149770756        1.67510620954459     
   1.67698224708851        1.68151390402828        1.68302294934661     
   1.67674903162850        1.67641154906540        1.67181660801199     
   1.67793725937856        1.66674807611556        1.67197770899234     
   1.67870774362830        1.68869079067447        1.68737853148476     
   1.67654218104532        1.67354369758239        1.67516534027848     
   1.68057223385142        1.67608810858961        1.67793204985734     
   1.68113905363736        1.68047111772354        1.67712277850214     
   1.67972406767122        1.67882786902827        1.67919568860880     
   1.68110660284886        1.68289800452933        1.67900778086037     
   1.67971190716253        1.67588877287354        1.67374838546551     
   1.68058300481409        1.67679216544157        1.68258475729543     
   1.68105212906103        1.67843779096723        1.67144650196674     
   1.67646103601634        1.68738187141287        1.69115036316231     
   1.67781574008981        1.67797369119666        1.67588941087742     
   1.67960543326152        1.68201248966622        1.68382814641157     
   1.67808850763061        1.68612357499899        1.69092550271894     
   1.67964551201482        1.67889324811455        1.67723666351136     
   1.68024048399855        1.68393502977970        1.68081037438045     
   1.67971480405524        1.68150464473388        1.68103482000295     
   1.68256429736518        1.67693107408477        1.68140302980136     
   1.68224825386416        1.68865049180453        1.68981777079673     
   1.67933256177146        1.68845368135586        1.68324492758095     
   1.68114125414349        1.67574753966615        1.67264664586887     
   1.67935709068358        1.68086851339480        1.68082919776328     
   1.67681228080450        1.68993482570561        1.69080211144695     
   1.67885611314142        1.67172397366435        1.67347794868367     
   1.67955298858295        1.67578927640574        1.67319332065429     
   1.67981450903487        1.69104465635679        1.68889745788862     
   1.68488773740616        1.67286799321470        1.67594098915727     
   1.68322955905466        1.68745924051178        1.68249814648958     
   1.67720206338726        1.67551252418313        1.67423293602269     
   1.67956112685758        1.67773835642679        1.68021204563251     
   1.68118969851239        1.67184397539412        1.67064981009325     
   1.67977350085353        1.68099454982010        1.68553923458324     
   1.67831426794667        1.68899758846095        1.69262414217898     
   1.67947939522003        1.69379755727982        1.69022684311073     
   1.68134552413537        1.67718246293393        1.67805114339915     
   1.68377603052544        1.66977372196965        1.67330757851317     
   1.68329382985179        1.67038493001038        1.66576690260243     
   1.68040194244752        1.68610315984088        1.68891692395934     
   1.67943293553925        1.67507026751809        1.67115846447815     
   1.67881544275631        1.67070938211598        1.66841723329172     
   1.67978283109166        1.67452863665344        1.67487368666690     
   1.68124819160480        1.68300474849281        1.68407194100651     
   1.68301721648920        1.68641923619310        1.68689122413901     
   1.68184912784298        1.68772951045503        1.69289469272752     
   1.68140692078270        1.66390736298888        1.66316651966356     
   1.68203419882424        1.69160528238460        1.69834750379077     
   1.67869422388846        1.69981172411891        1.69676593544973     
   1.67916996239617        1.67628278701087        1.67331675769127     
   1.68059246795153        1.68248738888250        1.68671108620815     
   1.67772671733148        1.68595347059448        1.68011353812852     
   1.67707262998607        1.68248795290700        1.68134992791903     
   1.67726502480161        1.67904713655542        1.68378124807961     
   1.67650277473999        1.69353055239484        1.69310520335601     
   1.67852805995224        1.67530116977818        1.67204535503702     
   1.68050281196525        1.67334187837150        1.67389290652395     
   1.67871111899199        1.67531523686333        1.67226024254339     
   1.67771726688468        1.67485501105637        1.67379429259119     
   1.68022682197240        1.68246270187027        1.67984110658125     
   1.67997710319964        1.68906519844682        1.68812763457622     
   1.68077352609388        1.67873763393918        1.68169355679464     
   1.68262358904716        1.67499646592723        1.68030494708594     
   1.68246801512315        1.67916644270172        1.68139050587632     
   1.68237851078650        1.68339821477922        1.68093365453473     
   1.67961593462427        1.68910859430455        1.68674233255663     
   1.67932884316603        1.69437225768930        1.69446085830411     
   1.68154737630797        1.67450107172133        1.66949000172684     
   1.68123935634199        1.68195231310156        1.67869259305461     
   1.68174562977891        1.68348881874134        1.68664370733189     
   1.68013157333123        1.68372500539908        1.68567548703643     
   1.67872726421509        1.67050376184342        1.66790645405423     
   1.68046765267264        1.67638009896433        1.67223076601286     
   1.67946413555244        1.67810492540392        1.67682348565634     
   1.67712996685299        1.67855429033306        1.68176958008013     
   1.67972778901926        1.67389149155143        1.67461822368367     
   1.68375274461084        1.67321998100997        1.67529857783772     
   1.67877975493438        1.67804719549948        1.67399160971752     
   1.67732427004507        1.68555090679521        1.68590801247911     
   1.68153348623794        1.68174758862347        1.67846232667471     
   1.68059543735673        1.67952407527297        1.67815360267181     
   1.67847703355317        1.68513800783429        1.68050884319198     
   1.68236101429829        1.68418243291521        1.69137133504599     
   1.68075107944775        1.67689763944234        1.67614300294155     
   1.67829017481684        1.68364271057918        1.68910225503250     
   1.68441139181715        1.67260885409142        1.67880065366876     
   1.68455734511362        1.68317196907779        1.68338407279598     
   1.68206811060544        1.68178930029729        1.68784504783055     
   1.68001500105438        1.68269170070838        1.68141447573959     
   1.68040844531294        1.67487024743446        1.67492242070895     
   1.68121912161423        1.67840024771149        1.67569179977456     
   1.68204972083988        1.67787795350187        1.67929342473708     
   1.68345644268894        1.67196476267642        1.67158639239091     
   1.68276555898352        1.68027729357642        1.67739748639862     
   1.68243176306349        1.68346302808559        1.68408383041332     
   1.68271937820362        1.66852011297609        1.67198957091089     
   1.68201274485357        1.68512856488668        1.68712928655450     
   1.67896092364696        1.68364911285481        1.68030484913692     
   1.68136604678472        1.67435088968120        1.67828607222414     
   1.68199569572018        1.68694768909973        1.68706643729461     
   1.68051222651530        1.67252079151475        1.66526415116604     
   1.67969244666258        1.69405444975144        1.69198902327114     
   1.67868492316623        1.67841925550100        1.68117864592697     
   1.68249459518123        1.66672235836085        1.66841031326890     
   1.68184485979474        1.68708145810808        1.68663976671555     
   1.67900964071800        1.66810398034919        1.66534002396663     
   1.67914539554355        1.68543097997178        1.68435258175176     
   1.67881146338338        1.67769605234281        1.68024649202587     
   1.67838023393908        1.68275731698639        1.68261976155998     
   1.67926480389946        1.67791496217597        1.67845763810311     
   1.68040396611456        1.68448126337977        1.68843277963319     
   1.68191433724787        1.67897110570855        1.67601006774428     
   1.67939959682519        1.68452882261111        1.68015520575451     
   1.67810188850570        1.67787501411973        1.67704839391766     
   1.67925766396601        1.67975369638178        1.67610268326703     
   1.68045989632715        1.67488905188175        1.67347329586129     
   1.68114998569892        1.67635018743517        1.67612262625808     
   1.68105513074409        1.67828400669511        1.68073121538411     
   1.67964221981429        1.68266813704746        1.68236590758059     
   1.67981545213169        1.68104858171390        1.68452750585815     
   1.68162981523392        1.67484384673024        1.67308581106427     
   1.68050478838777        1.67904037987461        1.67969797336443     
   1.67980376080917        1.68377716406609        1.68773629282422     
   1.67855157161197        1.68237960970967        1.68361580633375     
   1.67901408945297        1.67588726107713        1.67570400725706     
   1.68064027973605        1.68613593390249        1.69348385193367     
   1.68284616570694        1.67148426252389        1.66943270148626     
   1.68326444251234        1.68505878413078        1.68874961546232     
   1.68359786885022        1.66861021574184        1.67334123800580     
   1.68549427374793        1.67445365055179        1.67846813223985     
   1.68503274896936        1.68072322906609        1.68435244734133     
   1.68279025131953        1.68694218406892        1.68483567295955     
   1.68112138438581        1.68349533428089        1.68446604275320     
   1.68173533186719        1.67350447138100        1.67507931751198     
   1.68038192470345        1.69577573488705        1.69834769754577     
   1.68055154240157        1.68598694818520        1.68414856931244     
   1.68077803637094        1.68580034501994        1.68789257758435     
   1.68120717942181        1.69233181274941        1.69229345961601     
   1.68035235586773        1.68112880446935        1.67656783419998     
   1.67482750083546        1.68754456396819        1.69067237261528     
   1.67678189343061        1.68333105142449        1.68325424182110     
   1.67908962113078        1.68002227303717        1.67939833801310     
   1.67612546452837        1.69651687778202        1.69569073912568     
   1.67636194506913        1.67915663871108        1.67397543752920     
   1.67940778219366        1.67751338283014        1.68210948571663     
   1.68173196748950        1.67965342029508        1.68405615895151     
   1.68133812628042        1.68478487720202        1.67854448810205     
   1.67947391246007        1.69249494216630        1.69051994143472     
   1.67845960439403        1.68473252765985        1.68382891244648     
   1.67692126741994        1.68125799811581        1.67536266591805     
   1.67993382897866        1.68712492566950        1.68315654489355     
   1.68132537574014        1.68607137582864        1.68526941397919     
   1.67821434541375        1.68183356862817        1.68214020771913     
   1.67945271868379        1.68260685165959        1.68381948664485     
   1.67861089350461        1.67634661388043        1.67739762368328     
   1.67920307335445        1.67761115722112        1.67998733134093     
   1.67867740484207        1.67913087866163        1.67741524309347     
   1.67650587198330        1.68128537345442        1.67623261894591     
   1.67709027941607        1.67117588819914        1.66592295680114     
   1.67861737157268        1.68241201326952        1.68055349049012     
   1.68145658172062        1.69019245561129        1.69129655821474     
   1.68162986962636        1.67574039314759        1.67812365257162     
   1.68106096173695        1.67624809008462        1.67912257413175     
   1.68228362718831        1.66895818964725        1.67362753136516     
   1.68218550705913        1.68713277414960        1.68460229646593     
   1.68066989928188        1.68523477403118        1.68723823440615     
   1.67934310651049        1.66656342963977        1.66785994363397     
   1.67801662858570        1.69316953953834        1.69161478480496     
   1.67835098386178        1.68351788654552        1.68397315915618     
   1.68088403669138        1.69290787495038        1.69853825458995     
   1.68146240061210        1.68555654264875        1.69433395016322     
   1.67983649035331        1.68209540593930        1.67992425042486     
   1.68220986282202        1.67185522512324        1.67648395747267     
   1.68383424103057        1.67352528001393        1.67414366872881     
   1.67945708126367        1.68722881986662        1.68590498601222     
   1.67795271090376        1.69094718944252        1.69027096099770     
   1.67873623279306        1.67212484204891        1.67469669083703     
   1.67888170549994        1.68181618406531        1.68655103315814     
   1.68068301105221        1.68952732107112        1.68875103952720     
   1.68227273312507        1.67730544892581        1.67914050220715     
   1.68042830854968        1.68396819995525        1.68397810073810     
   1.67758115028825        1.66799269624459        1.66834898329023     
   1.67921065635810        1.67354847918238        1.67188096998841     
   1.68035684582764        1.70135015753864        1.70137029164927     
   1.68098575304754        1.67318740599505        1.67213993614797     
   1.68307074172330        1.68207534423386        1.67992063988040     
   1.68314404541108        1.67527974473779        1.67772559417667     
   1.68147664839563        1.68397850854317        1.68849509777377     
   1.67885576340529        1.68113859525869        1.68887096562197     
   1.67790717273030        1.68860089132234        1.68770784691359     
   1.67807423363463        1.67289662660804        1.67212516293055     
   1.67711770527067        1.67667656207957        1.67724933938952     
   1.67533774563633        1.68122412081643        1.68131993429467     
   1.67892875385115        1.68554261265805        1.68748359948331     
   1.68030930880869        1.68946718452991        1.68778938841906     
   1.67883676414150        1.67926848721753        1.67657067492605     
   1.67872430150595        1.67803655564305        1.68240538227747     
   1.67761761664141        1.68097238124323        1.68365731499942     
   1.67853312199922        1.67179138385363        1.66990005264148     
   1.67737304021532        1.68192373270212        1.68452228526278     
   1.67757058492834        1.68280924402819        1.68204159487558     
   1.67985416760134        1.68049554146378        1.68459306793031     
   1.67832162369623        1.68395687430968        1.67826777133056     
   1.67846791857201        1.68564064878636        1.68586964209091     
   1.67922881749921        1.68360958325953        1.68287803131861     
   1.68097218257705        1.67251204970866        1.67109261390927     
   1.68328172395276        1.67512480207216        1.67753184780630     
   1.68105140411772        1.67873341870361        1.67642729660951     
   1.67887419939890        1.66926089294918        1.67106613952098     
   1.67671893180465        1.67467048241181        1.67534812325356     
   1.67731038175373        1.67935659264164        1.68761577148454     
   1.68059779343077        1.67875254381250        1.67695278956946     
   1.67924545428966        1.68572181572048        1.67820293754424     
   1.68003328762410        1.68088988860442        1.68586539487993     
   1.68077191923197        1.67605620518861        1.67360124880792     
   1.67661403967362        1.69150376193582        1.68839726078203     
