   1.35246069808907     
   1.35151375785840     
   1.35242344100463     
   1.35040295099581     
   1.35110038480012     
   1.34838010653492     
   1.35593157178663     
   1.35012741425110     
   1.35141684419054     
   1.35329836228684     
   1.35492627383719     
   1.35446470263226     
   1.35319250524197     
   1.35609941267272     
   1.35517993151718     
   1.35060372444784     
   1.35430068133347     
   1.35410745909881     
   1.34661894262372     
   1.35160852590469     
   1.35248899679624     
   1.35450047518796     
   1.35335519148051     
   1.34982055891906     
   1.35234402100224     
   1.34833572769527     
   1.35211434556803     
   1.34786116261125     
   1.34978349052749     
   1.35084813748006     
   1.35202638375620     
   1.35321424568340     
   1.34888626656142     
   1.35334182927246     
   1.35296376778161     
   1.35285650348667     
   1.35147619836819     
   1.35270926581239     
   1.34843474030539     
   1.35312834195329     
   1.35437606437324     
   1.34864651911376     
   1.34898520930583     
   1.35136754602163     
   1.35367029029351     
   1.35178558550141     
   1.34933895878677     
   1.35039679804749     
   1.35279675508171     
   1.35259035078726     
   1.35169603582460     
   1.35201343391257     
   1.34980008974033     
   1.35200931190039     
   1.35270887642724     
   1.35531290924976     
   1.35220881441691     
   1.35153535353644     
   1.35175259174094     
