    CTRL  READ COMPLETE..
    Multi-group Energy Mode...
    XS    READ COMPLETE..
    GEOM  READ COMPLETE..
    Initializing Source...
    Source Initializing Complete...
 
 
  > Num of Threads per Node          28
  > Num of MPI Nodes                  7
  > Num of Histories per Cycle 10000000
  > Skip Cycles:   50  /  Active Cycles:  300
 
  > CMFD is OFF 
 
  > Tally is OFF
 
    Transport Simulation Starts...
      1 / 350 cycle k eff :  1.1202585       elased time :  86.776sec
      2 / 350 cycle k eff :  1.1334891       elased time :  68.314sec
      3 / 350 cycle k eff :  1.1471267       elased time :  67.865sec
      4 / 350 cycle k eff :  1.1560689       elased time :  67.029sec
      5 / 350 cycle k eff :  1.1629308       elased time :  67.637sec
      6 / 350 cycle k eff :  1.1684893       elased time :  66.847sec
      7 / 350 cycle k eff :  1.1719597       elased time :  66.869sec
      8 / 350 cycle k eff :  1.1752703       elased time :  66.276sec
      9 / 350 cycle k eff :  1.1778159       elased time :  66.638sec
     10 / 350 cycle k eff :  1.1797909       elased time :  66.658sec
     11 / 350 cycle k eff :  1.1809905       elased time :  66.847sec
     12 / 350 cycle k eff :  1.1821313       elased time :  66.266sec
     13 / 350 cycle k eff :  1.1837863       elased time :  66.342sec
     14 / 350 cycle k eff :  1.1841410       elased time :  66.078sec
     15 / 350 cycle k eff :  1.1845459       elased time :  66.718sec
     16 / 350 cycle k eff :  1.1853577       elased time :  65.882sec
     17 / 350 cycle k eff :  1.1848657       elased time :  66.446sec
     18 / 350 cycle k eff :  1.1855369       elased time :  66.388sec
     19 / 350 cycle k eff :  1.1858994       elased time :  66.809sec
     20 / 350 cycle k eff :  1.1856493       elased time :  66.089sec
     21 / 350 cycle k eff :  1.1851390       elased time :  66.134sec
     22 / 350 cycle k eff :  1.1856813       elased time :  65.782sec
     23 / 350 cycle k eff :  1.1857109       elased time :  65.776sec
     24 / 350 cycle k eff :  1.1869336       elased time :  66.149sec
     25 / 350 cycle k eff :  1.1867838       elased time :  65.317sec
     26 / 350 cycle k eff :  1.1865283       elased time :  66.063sec
     27 / 350 cycle k eff :  1.1864202       elased time :  65.568sec
     28 / 350 cycle k eff :  1.1867375       elased time :  66.274sec
     29 / 350 cycle k eff :  1.1863622       elased time :  66.309sec
     30 / 350 cycle k eff :  1.1863561       elased time :  65.644sec
     31 / 350 cycle k eff :  1.1867784       elased time :  66.517sec
     32 / 350 cycle k eff :  1.1869534       elased time :  66.143sec
     33 / 350 cycle k eff :  1.1867667       elased time :  65.663sec
     34 / 350 cycle k eff :  1.1859503       elased time :  66.489sec
     35 / 350 cycle k eff :  1.1863109       elased time :  65.875sec
     36 / 350 cycle k eff :  1.1865720       elased time :  65.920sec
     37 / 350 cycle k eff :  1.1860779       elased time :  66.232sec
     38 / 350 cycle k eff :  1.1866526       elased time :  66.287sec
     39 / 350 cycle k eff :  1.1865373       elased time :  66.032sec
     40 / 350 cycle k eff :  1.1870696       elased time :  65.476sec
     41 / 350 cycle k eff :  1.1869777       elased time :  66.045sec
     42 / 350 cycle k eff :  1.1863780       elased time :  66.264sec
     43 / 350 cycle k eff :  1.1862685       elased time :  66.138sec
     44 / 350 cycle k eff :  1.1869759       elased time :  66.319sec
     45 / 350 cycle k eff :  1.1859242       elased time :  65.678sec
     46 / 350 cycle k eff :  1.1862213       elased time :  66.502sec
     47 / 350 cycle k eff :  1.1861453       elased time :  65.448sec
     48 / 350 cycle k eff :  1.1864329       elased time :  66.242sec
     49 / 350 cycle k eff :  1.1864667       elased time :  66.259sec
     50 / 350 cycle k eff :  1.1864413       elased time :  65.513sec
     51 / 350 cycle k eff :  1.1866073       elased time :  65.792sec
     52 / 350 cycle k eff :  1.1869837       elased time :  66.048sec
     53 / 350 cycle k eff :  1.1868019       elased time :  65.715sec
     54 / 350 cycle k eff :  1.1867218       elased time :  66.376sec
     55 / 350 cycle k eff :  1.1861182       elased time :  65.832sec
     56 / 350 cycle k eff :  1.1865125       elased time :  66.293sec
     57 / 350 cycle k eff :  1.1870845       elased time :  66.237sec
     58 / 350 cycle k eff :  1.1866210       elased time :  66.174sec
     59 / 350 cycle k eff :  1.1869579       elased time :  65.698sec
     60 / 350 cycle k eff :  1.1866825       elased time :  66.028sec
     61 / 350 cycle k eff :  1.1865866       elased time :  66.262sec
     62 / 350 cycle k eff :  1.1868592       elased time :  66.544sec
     63 / 350 cycle k eff :  1.1865025       elased time :  66.229sec
     64 / 350 cycle k eff :  1.1866806       elased time :  66.581sec
     65 / 350 cycle k eff :  1.1864310       elased time :  66.193sec
     66 / 350 cycle k eff :  1.1868351       elased time :  66.142sec
     67 / 350 cycle k eff :  1.1860720       elased time :  66.365sec
     68 / 350 cycle k eff :  1.1860987       elased time :  65.725sec
     69 / 350 cycle k eff :  1.1865278       elased time :  65.448sec
     70 / 350 cycle k eff :  1.1867533       elased time :  65.930sec
     71 / 350 cycle k eff :  1.1859756       elased time :  65.656sec
     72 / 350 cycle k eff :  1.1866124       elased time :  65.816sec
     73 / 350 cycle k eff :  1.1868637       elased time :  66.541sec
     74 / 350 cycle k eff :  1.1864422       elased time :  66.343sec
     75 / 350 cycle k eff :  1.1859077       elased time :  66.232sec
     76 / 350 cycle k eff :  1.1867456       elased time :  65.733sec
     77 / 350 cycle k eff :  1.1866190       elased time :  66.143sec
     78 / 350 cycle k eff :  1.1859100       elased time :  65.783sec
     79 / 350 cycle k eff :  1.1870446       elased time :  66.013sec
     80 / 350 cycle k eff :  1.1866742       elased time :  65.751sec
     81 / 350 cycle k eff :  1.1864205       elased time :  65.755sec
     82 / 350 cycle k eff :  1.1866782       elased time :  66.489sec
     83 / 350 cycle k eff :  1.1868219       elased time :  66.139sec
     84 / 350 cycle k eff :  1.1864868       elased time :  65.498sec
     85 / 350 cycle k eff :  1.1854810       elased time :  65.860sec
     86 / 350 cycle k eff :  1.1860752       elased time :  66.072sec
     87 / 350 cycle k eff :  1.1860902       elased time :  65.788sec
     88 / 350 cycle k eff :  1.1873989       elased time :  66.206sec
     89 / 350 cycle k eff :  1.1860173       elased time :  65.749sec
     90 / 350 cycle k eff :  1.1865465       elased time :  65.911sec
     91 / 350 cycle k eff :  1.1858086       elased time :  65.573sec
     92 / 350 cycle k eff :  1.1858746       elased time :  66.110sec
     93 / 350 cycle k eff :  1.1862894       elased time :  66.408sec
     94 / 350 cycle k eff :  1.1865174       elased time :  65.791sec
     95 / 350 cycle k eff :  1.1864582       elased time :  66.027sec
     96 / 350 cycle k eff :  1.1863216       elased time :  65.572sec
     97 / 350 cycle k eff :  1.1866200       elased time :  65.874sec
     98 / 350 cycle k eff :  1.1859035       elased time :  65.818sec
     99 / 350 cycle k eff :  1.1869499       elased time :  66.411sec
    100 / 350 cycle k eff :  1.1866750       elased time :  66.204sec
    101 / 350 cycle k eff :  1.1862118       elased time :  66.068sec
    102 / 350 cycle k eff :  1.1866401       elased time :  66.384sec
    103 / 350 cycle k eff :  1.1861078       elased time :  65.959sec
    104 / 350 cycle k eff :  1.1865567       elased time :  65.826sec
    105 / 350 cycle k eff :  1.1872502       elased time :  66.367sec
    106 / 350 cycle k eff :  1.1862405       elased time :  66.338sec
    107 / 350 cycle k eff :  1.1864828       elased time :  66.224sec
    108 / 350 cycle k eff :  1.1869970       elased time :  66.098sec
    109 / 350 cycle k eff :  1.1865013       elased time :  66.311sec
    110 / 350 cycle k eff :  1.1868462       elased time :  66.248sec
    111 / 350 cycle k eff :  1.1856990       elased time :  65.939sec
    112 / 350 cycle k eff :  1.1863871       elased time :  66.188sec
    113 / 350 cycle k eff :  1.1869766       elased time :  66.049sec
    114 / 350 cycle k eff :  1.1854733       elased time :  66.068sec
    115 / 350 cycle k eff :  1.1858762       elased time :  66.235sec
    116 / 350 cycle k eff :  1.1854450       elased time :  65.754sec
    117 / 350 cycle k eff :  1.1858390       elased time :  66.164sec
    118 / 350 cycle k eff :  1.1864461       elased time :  66.312sec
    119 / 350 cycle k eff :  1.1856621       elased time :  65.829sec
    120 / 350 cycle k eff :  1.1860312       elased time :  66.030sec
    121 / 350 cycle k eff :  1.1857757       elased time :  65.934sec
    122 / 350 cycle k eff :  1.1865079       elased time :  66.023sec
    123 / 350 cycle k eff :  1.1866267       elased time :  65.880sec
    124 / 350 cycle k eff :  1.1860453       elased time :  65.790sec
    125 / 350 cycle k eff :  1.1864154       elased time :  66.206sec
    126 / 350 cycle k eff :  1.1859326       elased time :  66.227sec
    127 / 350 cycle k eff :  1.1866354       elased time :  66.736sec
    128 / 350 cycle k eff :  1.1867915       elased time :  65.873sec
    129 / 350 cycle k eff :  1.1868881       elased time :  66.164sec
    130 / 350 cycle k eff :  1.1864478       elased time :  65.902sec
    131 / 350 cycle k eff :  1.1865214       elased time :  66.279sec
    132 / 350 cycle k eff :  1.1871705       elased time :  66.250sec
    133 / 350 cycle k eff :  1.1856065       elased time :  65.946sec
    134 / 350 cycle k eff :  1.1865808       elased time :  65.940sec
    135 / 350 cycle k eff :  1.1861860       elased time :  66.130sec
    136 / 350 cycle k eff :  1.1861552       elased time :  65.931sec
    137 / 350 cycle k eff :  1.1872666       elased time :  66.133sec
    138 / 350 cycle k eff :  1.1864875       elased time :  66.189sec
    139 / 350 cycle k eff :  1.1861325       elased time :  65.926sec
    140 / 350 cycle k eff :  1.1863937       elased time :  66.500sec
    141 / 350 cycle k eff :  1.1871676       elased time :  66.348sec
    142 / 350 cycle k eff :  1.1869099       elased time :  65.838sec
    143 / 350 cycle k eff :  1.1867509       elased time :  66.025sec
    144 / 350 cycle k eff :  1.1856718       elased time :  65.849sec
    145 / 350 cycle k eff :  1.1864218       elased time :  66.306sec
    146 / 350 cycle k eff :  1.1862802       elased time :  65.865sec
    147 / 350 cycle k eff :  1.1864129       elased time :  65.997sec
    148 / 350 cycle k eff :  1.1865284       elased time :  66.168sec
    149 / 350 cycle k eff :  1.1877436       elased time :  66.210sec
    150 / 350 cycle k eff :  1.1869778       elased time :  66.040sec
    151 / 350 cycle k eff :  1.1863285       elased time :  65.756sec
    152 / 350 cycle k eff :  1.1862931       elased time :  65.816sec
    153 / 350 cycle k eff :  1.1863659       elased time :  66.263sec
    154 / 350 cycle k eff :  1.1853608       elased time :  65.500sec
    155 / 350 cycle k eff :  1.1866211       elased time :  65.755sec
    156 / 350 cycle k eff :  1.1861555       elased time :  65.931sec
    157 / 350 cycle k eff :  1.1864821       elased time :  65.483sec
    158 / 350 cycle k eff :  1.1874059       elased time :  65.873sec
    159 / 350 cycle k eff :  1.1859844       elased time :  65.366sec
    160 / 350 cycle k eff :  1.1871927       elased time :  66.299sec
    161 / 350 cycle k eff :  1.1857398       elased time :  66.093sec
    162 / 350 cycle k eff :  1.1867693       elased time :  65.509sec
    163 / 350 cycle k eff :  1.1864465       elased time :  66.458sec
    164 / 350 cycle k eff :  1.1869324       elased time :  66.035sec
    165 / 350 cycle k eff :  1.1857672       elased time :  65.580sec
    166 / 350 cycle k eff :  1.1861583       elased time :  65.852sec
    167 / 350 cycle k eff :  1.1862930       elased time :  65.974sec
    168 / 350 cycle k eff :  1.1868933       elased time :  66.448sec
    169 / 350 cycle k eff :  1.1862699       elased time :  66.018sec
    170 / 350 cycle k eff :  1.1869722       elased time :  65.590sec
    171 / 350 cycle k eff :  1.1861562       elased time :  65.448sec
    172 / 350 cycle k eff :  1.1868676       elased time :  66.248sec
    173 / 350 cycle k eff :  1.1863133       elased time :  66.113sec
    174 / 350 cycle k eff :  1.1866418       elased time :  66.237sec
    175 / 350 cycle k eff :  1.1862712       elased time :  65.770sec
    176 / 350 cycle k eff :  1.1865300       elased time :  66.055sec
    177 / 350 cycle k eff :  1.1868522       elased time :  65.742sec
    178 / 350 cycle k eff :  1.1865803       elased time :  65.976sec
    179 / 350 cycle k eff :  1.1864494       elased time :  66.242sec
    180 / 350 cycle k eff :  1.1861984       elased time :  66.259sec
    181 / 350 cycle k eff :  1.1869332       elased time :  65.910sec
    182 / 350 cycle k eff :  1.1859301       elased time :  65.514sec
    183 / 350 cycle k eff :  1.1870239       elased time :  66.170sec
    184 / 350 cycle k eff :  1.1863868       elased time :  66.065sec
    185 / 350 cycle k eff :  1.1862161       elased time :  65.712sec
    186 / 350 cycle k eff :  1.1871056       elased time :  65.485sec
    187 / 350 cycle k eff :  1.1870188       elased time :  65.696sec
    188 / 350 cycle k eff :  1.1861288       elased time :  65.950sec
    189 / 350 cycle k eff :  1.1868353       elased time :  66.089sec
    190 / 350 cycle k eff :  1.1867137       elased time :  66.102sec
    191 / 350 cycle k eff :  1.1857807       elased time :  66.206sec
    192 / 350 cycle k eff :  1.1868380       elased time :  65.759sec
    193 / 350 cycle k eff :  1.1862856       elased time :  66.133sec
    194 / 350 cycle k eff :  1.1866249       elased time :  66.219sec
    195 / 350 cycle k eff :  1.1870103       elased time :  66.149sec
    196 / 350 cycle k eff :  1.1860319       elased time :  66.316sec
    197 / 350 cycle k eff :  1.1862696       elased time :  66.012sec
    198 / 350 cycle k eff :  1.1868223       elased time :  65.884sec
    199 / 350 cycle k eff :  1.1858954       elased time :  65.846sec
    200 / 350 cycle k eff :  1.1865652       elased time :  66.240sec
    201 / 350 cycle k eff :  1.1865739       elased time :  66.163sec
    202 / 350 cycle k eff :  1.1861873       elased time :  66.251sec
    203 / 350 cycle k eff :  1.1861686       elased time :  66.318sec
    204 / 350 cycle k eff :  1.1858389       elased time :  66.353sec
    205 / 350 cycle k eff :  1.1867483       elased time :  65.702sec
    206 / 350 cycle k eff :  1.1871028       elased time :  65.978sec
    207 / 350 cycle k eff :  1.1856532       elased time :  65.997sec
    208 / 350 cycle k eff :  1.1863796       elased time :  65.980sec
    209 / 350 cycle k eff :  1.1867647       elased time :  66.281sec
    210 / 350 cycle k eff :  1.1862692       elased time :  65.879sec
    211 / 350 cycle k eff :  1.1873861       elased time :  66.358sec
    212 / 350 cycle k eff :  1.1866302       elased time :  66.009sec
    213 / 350 cycle k eff :  1.1857356       elased time :  66.327sec
    214 / 350 cycle k eff :  1.1867501       elased time :  66.706sec
    215 / 350 cycle k eff :  1.1863332       elased time :  66.298sec
    216 / 350 cycle k eff :  1.1869112       elased time :  65.814sec
    217 / 350 cycle k eff :  1.1870705       elased time :  66.282sec
    218 / 350 cycle k eff :  1.1871023       elased time :  66.237sec
    219 / 350 cycle k eff :  1.1871618       elased time :  65.761sec
    220 / 350 cycle k eff :  1.1866102       elased time :  65.616sec
    221 / 350 cycle k eff :  1.1868094       elased time :  66.219sec
    222 / 350 cycle k eff :  1.1873278       elased time :  66.250sec
    223 / 350 cycle k eff :  1.1872547       elased time :  65.926sec
    224 / 350 cycle k eff :  1.1867783       elased time :  65.923sec
    225 / 350 cycle k eff :  1.1865123       elased time :  65.779sec
    226 / 350 cycle k eff :  1.1860925       elased time :  65.551sec
    227 / 350 cycle k eff :  1.1862069       elased time :  66.087sec
    228 / 350 cycle k eff :  1.1862053       elased time :  66.144sec
    229 / 350 cycle k eff :  1.1858002       elased time :  65.797sec
    230 / 350 cycle k eff :  1.1866033       elased time :  65.797sec
    231 / 350 cycle k eff :  1.1869044       elased time :  65.969sec
    232 / 350 cycle k eff :  1.1864459       elased time :  66.190sec
    233 / 350 cycle k eff :  1.1860478       elased time :  66.105sec
    234 / 350 cycle k eff :  1.1861464       elased time :  66.252sec
    235 / 350 cycle k eff :  1.1867210       elased time :  65.731sec
    236 / 350 cycle k eff :  1.1867364       elased time :  65.426sec
    237 / 350 cycle k eff :  1.1861089       elased time :  65.853sec
    238 / 350 cycle k eff :  1.1868456       elased time :  65.838sec
    239 / 350 cycle k eff :  1.1864391       elased time :  66.215sec
    240 / 350 cycle k eff :  1.1871192       elased time :  66.224sec
    241 / 350 cycle k eff :  1.1861400       elased time :  65.951sec
    242 / 350 cycle k eff :  1.1864465       elased time :  65.585sec
    243 / 350 cycle k eff :  1.1865730       elased time :  66.481sec
    244 / 350 cycle k eff :  1.1863934       elased time :  66.556sec
    245 / 350 cycle k eff :  1.1871322       elased time :  65.939sec
    246 / 350 cycle k eff :  1.1863390       elased time :  65.768sec
    247 / 350 cycle k eff :  1.1856169       elased time :  66.287sec
    248 / 350 cycle k eff :  1.1868400       elased time :  66.030sec
    249 / 350 cycle k eff :  1.1862432       elased time :  65.948sec
    250 / 350 cycle k eff :  1.1866986       elased time :  66.175sec
    251 / 350 cycle k eff :  1.1863351       elased time :  65.391sec
    252 / 350 cycle k eff :  1.1870689       elased time :  65.932sec
    253 / 350 cycle k eff :  1.1866528       elased time :  65.809sec
    254 / 350 cycle k eff :  1.1864685       elased time :  65.805sec
    255 / 350 cycle k eff :  1.1867456       elased time :  66.064sec
    256 / 350 cycle k eff :  1.1861687       elased time :  65.506sec
    257 / 350 cycle k eff :  1.1866608       elased time :  65.832sec
    258 / 350 cycle k eff :  1.1867364       elased time :  66.340sec
    259 / 350 cycle k eff :  1.1866515       elased time :  66.307sec
    260 / 350 cycle k eff :  1.1857955       elased time :  66.181sec
    261 / 350 cycle k eff :  1.1861144       elased time :  66.423sec
    262 / 350 cycle k eff :  1.1863145       elased time :  66.033sec
    263 / 350 cycle k eff :  1.1862774       elased time :  65.845sec
    264 / 350 cycle k eff :  1.1873339       elased time :  66.147sec
    265 / 350 cycle k eff :  1.1862723       elased time :  65.908sec
    266 / 350 cycle k eff :  1.1859258       elased time :  66.253sec
    267 / 350 cycle k eff :  1.1862642       elased time :  65.767sec
    268 / 350 cycle k eff :  1.1867329       elased time :  65.995sec
    269 / 350 cycle k eff :  1.1863693       elased time :  65.884sec
    270 / 350 cycle k eff :  1.1862782       elased time :  65.770sec
    271 / 350 cycle k eff :  1.1866125       elased time :  66.369sec
    272 / 350 cycle k eff :  1.1864407       elased time :  66.221sec
    273 / 350 cycle k eff :  1.1862631       elased time :  66.344sec
    274 / 350 cycle k eff :  1.1860822       elased time :  66.048sec
    275 / 350 cycle k eff :  1.1863750       elased time :  66.259sec
    276 / 350 cycle k eff :  1.1868716       elased time :  66.069sec
    277 / 350 cycle k eff :  1.1864081       elased time :  65.742sec
    278 / 350 cycle k eff :  1.1863709       elased time :  66.129sec
    279 / 350 cycle k eff :  1.1871248       elased time :  65.798sec
    280 / 350 cycle k eff :  1.1865554       elased time :  65.513sec
    281 / 350 cycle k eff :  1.1858257       elased time :  66.047sec
    282 / 350 cycle k eff :  1.1860453       elased time :  65.981sec
    283 / 350 cycle k eff :  1.1864204       elased time :  65.916sec
    284 / 350 cycle k eff :  1.1868795       elased time :  65.661sec
    285 / 350 cycle k eff :  1.1861418       elased time :  66.111sec
    286 / 350 cycle k eff :  1.1864106       elased time :  65.918sec
    287 / 350 cycle k eff :  1.1864218       elased time :  65.610sec
    288 / 350 cycle k eff :  1.1868162       elased time :  65.693sec
    289 / 350 cycle k eff :  1.1860113       elased time :  66.278sec
    290 / 350 cycle k eff :  1.1862017       elased time :  66.296sec
    291 / 350 cycle k eff :  1.1863505       elased time :  66.071sec
    292 / 350 cycle k eff :  1.1861251       elased time :  65.745sec
    293 / 350 cycle k eff :  1.1867565       elased time :  66.355sec
    294 / 350 cycle k eff :  1.1868362       elased time :  66.058sec
    295 / 350 cycle k eff :  1.1862004       elased time :  66.077sec
    296 / 350 cycle k eff :  1.1862504       elased time :  65.825sec
    297 / 350 cycle k eff :  1.1862527       elased time :  65.723sec
    298 / 350 cycle k eff :  1.1862133       elased time :  65.861sec
    299 / 350 cycle k eff :  1.1856577       elased time :  65.874sec
    300 / 350 cycle k eff :  1.1866425       elased time :  66.008sec
    301 / 350 cycle k eff :  1.1861692       elased time :  66.246sec
    302 / 350 cycle k eff :  1.1861931       elased time :  65.914sec
    303 / 350 cycle k eff :  1.1868794       elased time :  65.786sec
    304 / 350 cycle k eff :  1.1867544       elased time :  65.935sec
    305 / 350 cycle k eff :  1.1866424       elased time :  65.732sec
    306 / 350 cycle k eff :  1.1868629       elased time :  66.036sec
    307 / 350 cycle k eff :  1.1866452       elased time :  65.689sec
    308 / 350 cycle k eff :  1.1858601       elased time :  66.210sec
    309 / 350 cycle k eff :  1.1857539       elased time :  66.179sec
    310 / 350 cycle k eff :  1.1865625       elased time :  66.334sec
    311 / 350 cycle k eff :  1.1865731       elased time :  65.588sec
    312 / 350 cycle k eff :  1.1861938       elased time :  66.081sec
    313 / 350 cycle k eff :  1.1865494       elased time :  66.049sec
    314 / 350 cycle k eff :  1.1867934       elased time :  65.420sec
    315 / 350 cycle k eff :  1.1868567       elased time :  66.545sec
    316 / 350 cycle k eff :  1.1863231       elased time :  65.910sec
    317 / 350 cycle k eff :  1.1861429       elased time :  65.950sec
    318 / 350 cycle k eff :  1.1866919       elased time :  66.432sec
    319 / 350 cycle k eff :  1.1861686       elased time :  65.852sec
    320 / 350 cycle k eff :  1.1874746       elased time :  66.032sec
    321 / 350 cycle k eff :  1.1864553       elased time :  65.450sec
    322 / 350 cycle k eff :  1.1861397       elased time :  66.088sec
    323 / 350 cycle k eff :  1.1878389       elased time :  66.401sec
    324 / 350 cycle k eff :  1.1867207       elased time :  65.838sec
    325 / 350 cycle k eff :  1.1864307       elased time :  66.025sec
    326 / 350 cycle k eff :  1.1865149       elased time :  66.023sec
    327 / 350 cycle k eff :  1.1860732       elased time :  66.281sec
    328 / 350 cycle k eff :  1.1867565       elased time :  65.892sec
    329 / 350 cycle k eff :  1.1859882       elased time :  65.683sec
    330 / 350 cycle k eff :  1.1862042       elased time :  65.736sec
    331 / 350 cycle k eff :  1.1862913       elased time :  66.051sec
    332 / 350 cycle k eff :  1.1860847       elased time :  66.417sec
    333 / 350 cycle k eff :  1.1862060       elased time :  65.889sec
    334 / 350 cycle k eff :  1.1866815       elased time :  66.142sec
    335 / 350 cycle k eff :  1.1864236       elased time :  66.254sec
    336 / 350 cycle k eff :  1.1867103       elased time :  65.807sec
    337 / 350 cycle k eff :  1.1864611       elased time :  66.626sec
    338 / 350 cycle k eff :  1.1860398       elased time :  66.005sec
    339 / 350 cycle k eff :  1.1858507       elased time :  66.004sec
    340 / 350 cycle k eff :  1.1869218       elased time :  66.174sec
    341 / 350 cycle k eff :  1.1864507       elased time :  65.973sec
    342 / 350 cycle k eff :  1.1867029       elased time :  65.896sec
    343 / 350 cycle k eff :  1.1865332       elased time :  66.452sec
    344 / 350 cycle k eff :  1.1861559       elased time :  65.273sec
    345 / 350 cycle k eff :  1.1868596       elased time :  66.281sec
    346 / 350 cycle k eff :  1.1865405       elased time :  65.616sec
    347 / 350 cycle k eff :  1.1859148       elased time :  66.317sec
    348 / 350 cycle k eff :  1.1862376       elased time :  65.497sec
    349 / 350 cycle k eff :  1.1872636       elased time :  66.001sec
    350 / 350 cycle k eff :  1.1869037       elased time :  65.569sec
    All Simulation Ends...
    elapsed time23138.5383  sec
