   1.41146733269929        1.41228066917904        1.41065399621954     
   1.43636790150712        1.43664963465340        1.43608616836085     
   1.45696359852399        1.45704392579497        1.45688327125301     
   1.46669490825039        1.46660823364228        1.46678158285850     
   1.47523250704275        1.47592843910898        1.47453657497651     
   1.48010485333916        1.48058427413570        1.47962543254261     
   1.48548269613722        1.48515878313182        1.48580660914262     
   1.48839351810039        1.48830782736223        1.48847920883855     
   1.49055041283843        1.48985745256569        1.49124337311116     
   1.49237349194637        1.49185184430996        1.49289513958277     
   1.49212513080796        1.49175220038908        1.49249806122683     
   1.49391202730096        1.49412002793007        1.49370402667185     
   1.49402319125651        1.49371056919392        1.49433581331910     
   1.49514285070127        1.49485001937250        1.49543568203003     
   1.49633034300600        1.49504937649570        1.49761130951629     
   1.49557798506628        1.49536953943678        1.49578643069579     
   1.49525198199644        1.49450065850211        1.49600330549078     
   1.49551429314251        1.49614585731336        1.49488272897167     
   1.49561563347078        1.49577746080304        1.49545380613852     
   1.49554425296543        1.49530206497672        1.49578644095414     
   1.49528254527296        1.49532672701788        1.49523836352804     
   1.49577839163642        1.49597247047128        1.49558431280156     
   1.49493153942041        1.49452464852008        1.49533843032074     
   1.49481203016085        1.49494834668153        1.49467571364016     
   1.49607167118686        1.49613214216357        1.49601120021015     
   1.49465599008408        1.49503713342462        1.49427484674353     
   1.49636385607969        1.49635332114391        1.49637439101546     
   1.49396873577552        1.49486834161549        1.49306912993556     
   1.49412896828710        1.49458225436725        1.49367568220694     
   1.49560186689541        1.49584230306867        1.49536143072216     
   1.49609962968192        1.49686252017404        1.49533673918980     
   1.49465099845307        1.49510997587620        1.49419202102995     
   1.49737165081611        1.49715924169540        1.49758405993682     
   1.49379926323493        1.49412076295728        1.49347776351258     
   1.49438181323458        1.49491992568391        1.49384370078526     
   1.49490514610608        1.49413558386635        1.49567470834581     
   1.49509550668148        1.49549887204582        1.49469214131715     
   1.49567765848581        1.49558184605165        1.49577347091997     
   1.49607639020266        1.49590471617525        1.49624806423007     
   1.49556020885640        1.49593723710988        1.49518318060292     
   1.49312249481559        1.49348157165583        1.49276341797536     
   1.49381368053673        1.49432448151670        1.49330287955676     
   1.49553760593565        1.49601257982086        1.49506263205044     
   1.49336558146586        1.49368656197413        1.49304460095759     
   1.49515416426207        1.49430020478212        1.49600812374202     
   1.49589337820646        1.49579975219686        1.49598700421606     
   1.49505557287194        1.49566016467930        1.49445098106458     
   1.49594158203423        1.49567318538981        1.49620997867865     
   1.49543656187390        1.49485863459791        1.49601448914990     
   1.49478454827928        1.49541053511007        1.49415856144849     
   1.49755744518236        1.49708941761755        1.49802547274717     
   1.49464168514991        1.49444365207084        1.49483971822897     
   1.49508444352511        1.49498364906058        1.49518523798963     
   1.49420626209781        1.49467678085557        1.49373574334005     
   1.49577190453788        1.49548691780667        1.49605689126910     
   1.49586753276389        1.49616631684366        1.49556874868412     
   1.49531331537166        1.49530721870034        1.49531941204299     
   1.49426952186090        1.49451976580477        1.49401927791704     
   1.49634800351570        1.49653144947397        1.49616455755743     
   1.49499867649761        1.49495542235175        1.49504193064347     
   1.49618628890270        1.49619352180539        1.49617905600000     
   1.49440785038874        1.49394030877289        1.49487539200460     
   1.49612050263429        1.49586193264735        1.49637907262124     
   1.49563810220056        1.49558365556158        1.49569254883955     
   1.49810924590164        1.49789719858507        1.49832129321821     
   1.49440450842397        1.49472304236241        1.49408597448552     
   1.49653547885823        1.49653777040060        1.49653318731585     
   1.49604414390383        1.49590471105765        1.49618357675001     
   1.49590662403413        1.49646154358088        1.49535170448739     
   1.49435480595404        1.49473867018985        1.49397094171823     
   1.49448161883656        1.49498103378773        1.49398220388539     
   1.49478952274359        1.49424665994700        1.49533238554017     
   1.49648900907097        1.49606949532308        1.49690852281885     
   1.49547893591925        1.49596756488907        1.49499030694943     
   1.49513728612325        1.49530225786653        1.49497231437997     
   1.49531449617525        1.49447483947625        1.49615415287424     
   1.49415555286071        1.49456182645826        1.49374927926316     
   1.49434804239560        1.49502113131579        1.49367495347541     
   1.49701930369368        1.49676699255725        1.49727161483011     
   1.49483648697588        1.49523640283185        1.49443657111991     
   1.49431543918707        1.49398126136940        1.49464961700475     
   1.49448295429091        1.49458228452081        1.49438362406100     
   1.49562987531872        1.49501753381454        1.49624221682290     
   1.49526616974436        1.49527595574721        1.49525638374151     
   1.49498035936528        1.49475920759812        1.49520151113243     
   1.49584548754469        1.49581986482656        1.49587111026282     
   1.49810008808924        1.49695022703293        1.49924994914554     
   1.49773279304872        1.49709557298085        1.49837001311659     
   1.49317141690189        1.49376193053886        1.49258090326491     
   1.49517340858005        1.49499568377107        1.49535113338904     
   1.49395966761823        1.49461428286733        1.49330505236913     
   1.49508558951813        1.49519703845546        1.49497414058080     
   1.49404769417086        1.49441510595066        1.49368028239107     
   1.49588020747679        1.49593656219082        1.49582385276275     
   1.49446335920040        1.49468985140510        1.49423686699571     
   1.49653983327603        1.49648404515647        1.49659562139559     
   1.49710547613837        1.49666656126487        1.49754439101188     
   1.49594284067809        1.49569793108944        1.49618775026674     
   1.49430744330205        1.49513417704595        1.49348070955815     
   1.49672076584323        1.49664779624533        1.49679373544113     
   1.49621017563119        1.49573714317068        1.49668320809169     
   1.49414675574618        1.49406474876545        1.49422876272690     
   1.49715323221948        1.49669709897587        1.49760936546309     
   1.49489246964997        1.49496621659333        1.49481872270662     
   1.49584486034913        1.49572030600066        1.49596941469761     
   1.49421731735044        1.49415289277684        1.49428174192403     
   1.49658482674115        1.49746152700504        1.49570812647726     
   1.49706937173681        1.49618298868906        1.49795575478456     
   1.49493248080917        1.49480744450142        1.49505751711693     
   1.49387760202300        1.49436925765731        1.49338594638870     
   1.49504707385067        1.49489508326885        1.49519906443248     
   1.49546766017248        1.49597083045122        1.49496448989374     
   1.49583326431063        1.49640463852499        1.49526189009627     
   1.49528717880712        1.49497998278869        1.49559437482555     
   1.49473904366170        1.49489691266014        1.49458117466325     
   1.49416888007750        1.49422431883837        1.49411344131663     
   1.49499283835511        1.49508871452510        1.49489696218513     
   1.49390370052356        1.49441767113515        1.49338972991198     
   1.49637404026532        1.49609202514917        1.49665605538148     
   1.49572449994610        1.49471879502652        1.49673020486567     
   1.49474073420922        1.49417144007933        1.49531002833911     
   1.49458477226475        1.49439565327029        1.49477389125922     
   1.49510578788072        1.49499319266746        1.49521838309398     
   1.49522934866547        1.49454374679989        1.49591495053106     
   1.49657858081004        1.49644562622277        1.49671153539731     
   1.49497196902847        1.49520095046294        1.49474298759399     
   1.49585492772194        1.49546300301281        1.49624685243108     
   1.49618922613643        1.49605316488327        1.49632528738960     
   1.49633230096132        1.49637751280083        1.49628708912181     
   1.49544209126727        1.49552204141034        1.49536214112421     
   1.49646730259773        1.49674590091747        1.49618870427800     
   1.49561953902188        1.49537050950305        1.49586856854072     
   1.49634375260364        1.49606779183529        1.49661971337200     
   1.49538794192721        1.49609626272276        1.49467962113165     
   1.49637901932798        1.49611497694428        1.49664306171168     
   1.49420965512554        1.49429750300016        1.49412180725093     
   1.49529303103706        1.49534023391096        1.49524582816315     
   1.49471377164901        1.49493777309960        1.49448977019843     
   1.49632657843747        1.49632521752601        1.49632793934893     
   1.49804280307818        1.49803117993754        1.49805442621883     
   1.49583168623165        1.49650382236034        1.49515955010295     
   1.49671869182200        1.49612515209080        1.49731223155320     
   1.49363224831960        1.49426122274594        1.49300327389326     
   1.49484191426280        1.49466600316718        1.49501782535843     
   1.49633153459419        1.49655210374441        1.49611096544397     
   1.49532927991647        1.49451145802610        1.49614710180684     
   1.49489895173060        1.49555539384715        1.49424250961405     
   1.49673496346660        1.49642271715402        1.49704720977919     
   1.49439251312283        1.49499904990179        1.49378597634386     
   1.49561232832200        1.49577712962361        1.49544752702040     
   1.49557183232768        1.49541059784007        1.49573306681528     
   1.49499221159420        1.49558262927398        1.49440179391442     
   1.49604776054503        1.49586178886823        1.49623373222184     
   1.49476524035951        1.49492259387932        1.49460788683971     
   1.49684884352975        1.49690781420613        1.49678987285337     
   1.49440070038157        1.49410755008919        1.49469385067396     
   1.49533762885330        1.49528146844505        1.49539378926155     
   1.49310149956231        1.49331883671844        1.49288416240618     
   1.49517289765493        1.49484065308461        1.49550514222525     
   1.49583870282954        1.49690149099064        1.49477591466845     
   1.49554925181234        1.49538019233315        1.49571831129152     
   1.49667778204780        1.49669994302719        1.49665562106841     
   1.49576830101168        1.49614836052129        1.49538824150207     
   1.49611321469640        1.49639069613204        1.49583573326076     
   1.49478745217217        1.49505086054409        1.49452404380026     
   1.49423610969951        1.49460650775239        1.49386571164664     
   1.49679049747491        1.49627870627121        1.49730228867861     
   1.49403594679324        1.49470897944491        1.49336291414157     
   1.49506321703940        1.49562160114406        1.49450483293475     
   1.49574567838252        1.49522904998739        1.49626230677765     
   1.49657417693998        1.49559438190016        1.49755397197981     
   1.49406055556601        1.49464946297107        1.49347164816095     
   1.49543710494362        1.49519851954889        1.49567569033836     
   1.49478186596752        1.49535611545905        1.49420761647599     
   1.49619721208600        1.49573478508860        1.49665963908340     
   1.49540265207348        1.49537280738248        1.49543249676448     
   1.49535971365185        1.49476653450604        1.49595289279766     
   1.49679393064418        1.49652941505672        1.49705844623163     
   1.49646595977346        1.49637125300693        1.49656066653999     
   1.49729006319677        1.49704370719186        1.49753641920169     
   1.49463256848009        1.49484846351369        1.49441667344650     
   1.49312175749682        1.49275665394630        1.49348686104735     
   1.49671065002872        1.49688651839354        1.49653478166389     
   1.49507586950928        1.49553792288010        1.49461381613846     
   1.49465882302886        1.49459763925157        1.49472000680615     
   1.49639729890097        1.49649594636486        1.49629865143709     
   1.49459209769970        1.49493961809882        1.49424457730057     
   1.49732715524703        1.49679377111665        1.49786053937742     
   1.49445926204472        1.49460097079698        1.49431755329246     
   1.49488707623971        1.49416883294688        1.49560531953254     
   1.49508702119420        1.49535423794265        1.49481980444575     
   1.49513493708155        1.49571256006997        1.49455731409312     
   1.49558995031082        1.49468304392579        1.49649685669584     
   1.49594606284577        1.49598560503980        1.49590652065175     
   1.49525864614694        1.49490867727466        1.49560861501921     
   1.49547446474557        1.49555170574563        1.49539722374551     
   1.49605010866230        1.49534595051046        1.49675426681414     
   1.49580679243151        1.49577409325819        1.49583949160483     
   1.49625808605272        1.49578202919997        1.49673414290548     
   1.49444821447137        1.49375434945720        1.49514207948555     
   1.49786249781858        1.49764356187958        1.49808143375758     
   1.49668117666995        1.49606192617075        1.49730042716915     
   1.49555807794451        1.49544801301694        1.49566814287208     
   1.49445233303570        1.49468012483249        1.49422454123892     
   1.49586183228689        1.49622560599783        1.49549805857595     
   1.49391226902423        1.49403992852519        1.49378460952327     
   1.49607778269982        1.49579279247504        1.49636277292460     
   1.49682471478831        1.49696530969001        1.49668411988661     
   1.49457593372584        1.49505417691250        1.49409769053918     
   1.49573064738579        1.49612730654036        1.49533398823122     
   1.49521910133051        1.49507505546678        1.49536314719423     
   1.49771191644885        1.49679793103697        1.49862590186072     
   1.49877191898966        1.49787358048625        1.49967025749308     
   1.49532351355991        1.49566755143107        1.49497947568874     
   1.49730245778336        1.49699572098870        1.49760919457802     
   1.49607207291002        1.49646449216019        1.49567965365985     
   1.49630807974214        1.49594986545511        1.49666629402917     
   1.49513185284866        1.49501409515089        1.49524961054643     
   1.49342474529319        1.49452185461007        1.49232763597630     
   1.49444755952547        1.49484763509300        1.49404748395794     
   1.49464414157598        1.49494038324651        1.49434789990544     
   1.49447207698519        1.49555623077831        1.49338792319206     
   1.49550769357767        1.49528155594456        1.49573383121079     
   1.49622249468341        1.49585344919633        1.49659154017049     
   1.49480670193934        1.49532712143794        1.49428628244074     
   1.49545658136901        1.49610762105571        1.49480554168231     
   1.49373888446547        1.49394340471852        1.49353436421243     
   1.49557878220965        1.49498491586126        1.49617264855804     
   1.49765187466969        1.49695806198075        1.49834568735864     
   1.49706072334478        1.49616267772841        1.49795876896114     
   1.49634096194078        1.49616747715859        1.49651444672296     
   1.49573433415784        1.49577284775052        1.49569582056515     
   1.49608469552492        1.49574330299823        1.49642608805162     
   1.49487488141041        1.49533494070050        1.49441482212032     
   1.49666085174393        1.49704531158718        1.49627639190067     
   1.49439185895305        1.49547326653696        1.49331045136914     
   1.49526127199373        1.49558068790128        1.49494185608619     
   1.49552736448308        1.49585768132034        1.49519704764583     
   1.49523118149699        1.49599244763745        1.49446991535653     
   1.49357910496502        1.49384594708695        1.49331226284309     
   1.49500357312687        1.49526898879497        1.49473815745877     
   1.49442688232968        1.49484226019770        1.49401150446165     
   1.49476929082177        1.49556350310704        1.49397507853649     
   1.49404659020459        1.49496168206899        1.49313149834019     
   1.49552337192833        1.49548850366607        1.49555824019058     
   1.49673519393702        1.49656972967304        1.49690065820101     
   1.49610861462062        1.49570053461331        1.49651669462792     
   1.49623959909984        1.49591740967144        1.49656178852823     
   1.49517523841578        1.49584695969050        1.49450351714107     
   1.49507820320303        1.49540427577930        1.49475213062676     
   1.49675127792710        1.49680994306362        1.49669261279059     
   1.49744562097600        1.49706556358217        1.49782567836984     
   1.49709523968076        1.49673448320724        1.49745599615427     
   1.49784793422129        1.49779441939562        1.49790144904695     
   1.49524352060584        1.49608124048235        1.49440580072933     
   1.49568317497599        1.49529196103347        1.49607438891851     
   1.49656727536176        1.49609740437859        1.49703714634493     
   1.49670653948383        1.49686227479099        1.49655080417667     
   1.49508707989077        1.49482046376527        1.49535369601628     
   1.49533549627850        1.49531182276836        1.49535916978864     
   1.49524843502105        1.49485066179279        1.49564620824930     
   1.49602223383315        1.49581963788274        1.49622482978356     
   1.49544545213048        1.49534716579159        1.49554373846937     
   1.49262701196991        1.49327336738391        1.49198065655592     
   1.49582504321737        1.49540865614363        1.49624143029110     
   1.49486029978210        1.49488391876082        1.49483668080338     
   1.49469752646358        1.49480238745014        1.49459266547701     
   1.49546450772413        1.49464913144286        1.49627988400541     
   1.49481159380598        1.49488610237391        1.49473708523804     
   1.49509932700466        1.49425028976488        1.49594836424445     
   1.49672684075358        1.49706446036992        1.49638922113724     
   1.49289862798432        1.49376893586550        1.49202832010315     
   1.49545537404428        1.49492359398238        1.49598715410619     
   1.49452374388261        1.49454557363197        1.49450191413325     
   1.49699926321400        1.49620687800082        1.49779164842719     
   1.49606370213184        1.49597368338903        1.49615372087465     
   1.49665355415506        1.49635003588450        1.49695707242562     
   1.49610085827546        1.49595472559971        1.49624699095121     
   1.49468399448619        1.49515984219025        1.49420814678213     
   1.49600413688391        1.49598007273686        1.49602820103097     
   1.49667097379851        1.49626179347088        1.49708015412613     
   1.49690749597632        1.49661657576433        1.49719841618831     
   1.49628994301977        1.49607903229875        1.49650085374079     
   1.49512590105462        1.49501272029668        1.49523908181257     
   1.49523774733758        1.49507605417456        1.49539944050060     
   1.49686189439903        1.49654472433017        1.49717906446788     
   1.49566292513209        1.49540621498860        1.49591963527557     
   1.49770292283073        1.49744833198103        1.49795751368043     
   1.49442072653202        1.49436311423265        1.49447833883139     
   1.49559218699714        1.49614601698634        1.49503835700794     
   1.49599925301317        1.49530562310915        1.49669288291719     
   1.49574523561758        1.49544309037185        1.49604738086331     
   1.49636153093797        1.49600024683642        1.49672281503953     
   1.49593232479923        1.49622406190096        1.49564058769750     
   1.49699816400917        1.49710484233765        1.49689148568069     
   1.49484711214454        1.49522057482893        1.49447364946015     
   1.49450464016596        1.49474503026443        1.49426425006749     
   1.49684088306065        1.49691603373364        1.49676573238766     
   1.49603278933220        1.49658120116791        1.49548437749648     
   1.49793584082898        1.49686017408164        1.49901150757632     
   1.49549242920482        1.49571475622560        1.49527010218404     
   1.49579834277296        1.49555904752227        1.49603763802365     
   1.49493973372871        1.49559947199930        1.49427999545812     
   1.49657013335368        1.49670700845249        1.49643325825487     
   1.49785743385045        1.49768130093576        1.49803356676514     
   1.49363595463314        1.49324975750022        1.49402215176605     
   1.49560631048699        1.49539031567847        1.49582230529551     
   1.49594324816624        1.49666102468319        1.49522547164928     
   1.49510079700566        1.49480888106973        1.49539271294160     
   1.49657229789116        1.49606857807265        1.49707601770967     
   1.49620687033721        1.49568885980026        1.49672488087416     
   1.49550302780608        1.49590415619841        1.49510189941374     
   1.49486936458490        1.49502711503852        1.49471161413128     
   1.49607426496516        1.49629439759497        1.49585413233536     
   1.49410004796652        1.49519111514860        1.49300898078445     
   1.49516683864285        1.49523149837548        1.49510217891023     
   1.49407479457391        1.49353467392204        1.49461491522577     
   1.49515751891916        1.49585086920269        1.49446416863563     
   1.49414367248322        1.49384395444365        1.49444339052279     
   1.49432578015414        1.49404700465788        1.49460455565040     
   1.49546308746280        1.49536183628513        1.49556433864047     
   1.49541584094969        1.49535867891809        1.49547300298129     
   1.49573327332038        1.49626392145544        1.49520262518533     
   1.49515340399978        1.49539799612139        1.49490881187817     
   1.49590747664853        1.49612577050576        1.49568918279129     
   1.49546004620316        1.49575842192485        1.49516167048147     
   1.49709546503575        1.49695090274182        1.49724002732968     
   1.49555333129553        1.49593675992145        1.49516990266961     
   1.49517679348632        1.49533302505381        1.49502056191883     
   1.49676638390925        1.49678355249960        1.49674921531891     
   1.49543084664086        1.49576529892722        1.49509639435450     
   1.49602562464916        1.49685657996482        1.49519466933350     
   1.49470148092864        1.49387189572370        1.49553106613359     
   1.49482395446113        1.49430973925909        1.49533816966317     
   1.49566718273685        1.49493362548075        1.49640073999296     
   1.49538987577860        1.49520825957273        1.49557149198447     
   1.49580116043000        1.49577932452965        1.49582299633035     
   1.49519190655134        1.49601913064278        1.49436468245990     
   1.49363956854806        1.49422415310719        1.49305498398893     
   1.49621028235098        1.49616236730800        1.49625819739397     
   1.49521112601275        1.49540443137052        1.49501782065499     
   1.49477050266386        1.49541277205148        1.49412823327624     
   1.49665614092753        1.49690471137335        1.49640757048172     
   1.49580479899150        1.49589114725076        1.49571845073224     
   1.49465259058314        1.49515763499970        1.49414754616658     
   1.49528805976790        1.49588458364271        1.49469153589310     
   1.49514810280950        1.49577979277418        1.49451641284482     
   1.49485202660619        1.49486901918672        1.49483503402566     
   1.49555160957663        1.49581989034486        1.49528332880841     
   1.49497519611001        1.49485612751362        1.49509426470640     
