
  _                   .-=-.           .-=-.          .-==-.       
 { }      __        .' O o '.       .' O o '.       /  -<' )--<   
 { }    .' O'.     / o .-. O \     / o .-. O \     /  .---`       
 { }   / .-. o\   /O  /   \  o\   /O  /   \  o\   /O /            
  \ `-` /   \ O`-'o  /     \  O`-'o  /     \  O`-`o /             
   `-.-`     '.____.'       `._____.'       `.____.'              

Serpent 2 beta

A Continuous-energy Monte Carlo Reactor Physics Burnup Calculation Code

 - Version 2.1.29 (June 12, 2017) -- Contact: serpent@vtt.fi

 - Reference: J. Leppanen, et al. "The Serpent Monte Carlo code: Status,
              development and applications in 2013." Ann. Nucl. Energy,
              82 (2015) 142-150.

 - Compiled Feb 20 2018 17:24:27

 - MPI Parallel calculation mode available

 - OpenMP Parallel calculation mode available

 - Geometry and mesh plotting available

 - Default data path not set

Begin calculation on Thu May 30 18:15:00 2019

Reading input file "SMR1"...

Checking duplicate input definitions...
OK.

Creating geometry...
OK.

Counting geometry zones...

The geometry consists of 5 levels:

Level 0 size: max 2 zones
Level 1 size: max 36 zones
Level 2 size: max 2 zones
Level 3 size: max 289 zones
Level 4 size: max 2 zones


 ***** Warning: Lattice 220 is not used in geometry

Processing cells...
OK.

Linking materials to geometry...
OK.

Counting cells...
OK.

Processing data for group constant generation:

 - 70 energy groups in micro-group structure
 - 2 energy groups in macro-group structure
 - B1 fundamental mode calculation is not run
 - Group constants generated in 1 universes
 - Discontinuity factors are not calculated
 - Pin-power distributions are not calculated
 - Albedos are not calculated
 - Poison cross sections are not calculated

Reading ACE directory files...
OK.

Adding nuclides in material UO2...

Nuclide  92235.80c -- uranium 235 at 294K (U-235)
Nuclide  92238.80c -- uranium 238 at 294K (U-238)
Nuclide   8016.80c -- oxygen 16 at 294K (O-16)

Adding nuclides in material water...

Nuclide   1001.80c -- hydrogen at 294K (H-1)

Checking data and printing output...
OK.


***** Thu May 30 18:15:05 2019 (seed = 1559207700, MPI task = 0)
Warning message from function ProcessNuclides:

Minimum photon cross section energy 1.000000E+37 MeV is
above the energy grid minimum 1.000000E-03 MeV.
The energy grid minimum is set to 1.000000E+37 MeV.
Possible changes in energy cutoff cards (warned if any).


***** Thu May 30 18:15:05 2019 (seed = 1559207700, MPI task = 0)
Warning message from function ProcessNuclides:

Photon energy cutoff 1.000000E-03 MeV is changed to 1.000000E+37.


Sharing input data to MPI tasks...
