 ctrl.inp :: CARD A is being read...
    CTRL  READ COMPLETE..
    Continuous Energy Mode...
    Start reading ace-format nuclear data
           1 1001.711nc
           2 8016.711nc
    WARNING :: NYD block exists
           3 92235.711nc
           4 92238.711nc
    ACE Lib. READ COMPLETE...
 CE_mat.inp :: CARD D is being read...
    CE MAT READ COMPLETE...
    GEOM  READ COMPLETE..
 depletion.inp :: CARD E is being read...
    Setting ugrid...
    Initializing Source...
    Source Initializing Complete...
 
 
  > Num of Threads per Node          28
  > Num of MPI Nodes                  8
  > Num of Histories per Cycle 30000000
  > Skip Cycles:  200  /  Active Cycles:   20
 
  > Tally is OFF
  > m-PRUP is OFF
  > FMFD is OFF
 
    Transport Simulation Starts...
       1   251.61 sec  17.36231  |  keff  1.47434
       2   340.22 sec  17.34266  |  keff  1.47596
       3   232.41 sec  17.33241  |  keff  1.48092
       4   227.22 sec  17.32349  |  keff  1.48584
       5   222.14 sec  17.31369  |  keff  1.48962
       6   218.75 sec  17.30343  |  keff  1.49318
       7   216.28 sec  17.29287  |  keff  1.49637
       8   211.91 sec  17.28234  |  keff  1.49873
       9   208.70 sec  17.27183  |  keff  1.50095
      10   206.37 sec  17.26154  |  keff  1.50290
      11   205.71 sec  17.25166  |  keff  1.50451
      12   204.48 sec  17.24208  |  keff  1.50593
      13   202.67 sec  17.23298  |  keff  1.50743
      14   200.35 sec  17.22457  |  keff  1.50836
      15   200.56 sec  17.21642  |  keff  1.50954
      16   199.33 sec  17.20857  |  keff  1.51039
      17   201.68 sec  17.20126  |  keff  1.51136
      18   197.24 sec  17.19434  |  keff  1.51193
      19   199.53 sec  17.18778  |  keff  1.51294
      20   195.67 sec  17.18165  |  keff  1.51338
      21   197.63 sec  17.17572  |  keff  1.51381
      22   196.94 sec  17.17048  |  keff  1.51436
      23   195.22 sec  17.16541  |  keff  1.51511
      24   196.53 sec  17.16055  |  keff  1.51566
      25   193.92 sec  17.15626  |  keff  1.51553
      26   192.06 sec  17.15202  |  keff  1.51645
      27   195.48 sec  17.14799  |  keff  1.51619
      28   191.96 sec  17.14408  |  keff  1.51677
      29   194.50 sec  17.14077  |  keff  1.51686
      30   194.46 sec  17.13769  |  keff  1.51731
      31   191.54 sec  17.13512  |  keff  1.51753
      32   191.06 sec  17.13230  |  keff  1.51797
      33   190.85 sec  17.12965  |  keff  1.51804
      34   191.05 sec  17.12716  |  keff  1.51826
      35   190.95 sec  17.12512  |  keff  1.51831
      36   190.01 sec  17.12298  |  keff  1.51869
      37   189.54 sec  17.12113  |  keff  1.51865
      38   189.78 sec  17.11953  |  keff  1.51873
      39   192.92 sec  17.11775  |  keff  1.51903
      40   192.37 sec  17.11615  |  keff  1.51896
      41   190.09 sec  17.11487  |  keff  1.51941
      42   190.04 sec  17.11360  |  keff  1.51932
      43   191.58 sec  17.11244  |  keff  1.51949
      44   189.20 sec  17.11126  |  keff  1.51939
      45   188.42 sec  17.11035  |  keff  1.51953
      46   189.37 sec  17.10934  |  keff  1.51940
      47   190.66 sec  17.10843  |  keff  1.51976
      48   189.73 sec  17.10726  |  keff  1.51966
      49   189.08 sec  17.10628  |  keff  1.51982
      50   188.92 sec  17.10553  |  keff  1.51982
      51   187.82 sec  17.10498  |  keff  1.51963
      52   190.81 sec  17.10418  |  keff  1.51988
      53   188.94 sec  17.10341  |  keff  1.52006
      54   187.80 sec  17.10277  |  keff  1.51984
      55   188.49 sec  17.10258  |  keff  1.51998
      56   191.01 sec  17.10210  |  keff  1.52005
      57   190.54 sec  17.10167  |  keff  1.52009
      58   189.72 sec  17.10153  |  keff  1.52013
      59   187.50 sec  17.10127  |  keff  1.52016
      60   188.21 sec  17.10099  |  keff  1.52024
      61   189.33 sec  17.10071  |  keff  1.52031
      62   187.07 sec  17.10020  |  keff  1.52024
      63   187.67 sec  17.09996  |  keff  1.52001
      64   186.68 sec  17.09982  |  keff  1.52006
      65   189.93 sec  17.09961  |  keff  1.52028
      66   188.94 sec  17.09942  |  keff  1.52022
      67   186.66 sec  17.09919  |  keff  1.52025
      68   188.31 sec  17.09881  |  keff  1.52024
      69   187.72 sec  17.09861  |  keff  1.51998
      70   188.34 sec  17.09834  |  keff  1.52033
      71   187.55 sec  17.09812  |  keff  1.52045
      72   190.06 sec  17.09802  |  keff  1.52050
      73   190.07 sec  17.09805  |  keff  1.52037
      74   190.09 sec  17.09768  |  keff  1.52024
      75   187.67 sec  17.09763  |  keff  1.52033
      76   189.02 sec  17.09721  |  keff  1.52041
      77   189.16 sec  17.09705  |  keff  1.52040
      78   188.12 sec  17.09707  |  keff  1.52035
      79   188.45 sec  17.09681  |  keff  1.52037
      80   188.96 sec  17.09690  |  keff  1.52033
      81   187.70 sec  17.09706  |  keff  1.52035
      82   190.61 sec  17.09706  |  keff  1.52024
      83   190.19 sec  17.09700  |  keff  1.52043
      84   188.05 sec  17.09694  |  keff  1.52044
      85   190.00 sec  17.09702  |  keff  1.52025
      86   190.08 sec  17.09667  |  keff  1.52032
      87   189.80 sec  17.09679  |  keff  1.52076
      88   187.94 sec  17.09684  |  keff  1.52033
      89   188.25 sec  17.09679  |  keff  1.52041
      90   186.81 sec  17.09690  |  keff  1.52033
      91   187.18 sec  17.09667  |  keff  1.52025
      92   189.46 sec  17.09664  |  keff  1.52033
      93   189.16 sec  17.09668  |  keff  1.52061
      94   187.52 sec  17.09670  |  keff  1.52060
      95   190.26 sec  17.09669  |  keff  1.52056
      96   187.20 sec  17.09658  |  keff  1.52038
      97   189.15 sec  17.09640  |  keff  1.52050
      98   188.27 sec  17.09640  |  keff  1.52042
      99   186.53 sec  17.09635  |  keff  1.52039
     100   189.43 sec  17.09646  |  keff  1.51994
     101   188.02 sec  17.09641  |  keff  1.52041
     102   190.99 sec  17.09634  |  keff  1.52030
     103   188.47 sec  17.09644  |  keff  1.52042
     104   189.10 sec  17.09660  |  keff  1.52012
     105   188.82 sec  17.09659  |  keff  1.52070
     106   189.03 sec  17.09654  |  keff  1.52057
     107   187.95 sec  17.09656  |  keff  1.52027
     108   190.40 sec  17.09671  |  keff  1.52052
     109   187.28 sec  17.09670  |  keff  1.52037
     110   187.69 sec  17.09664  |  keff  1.52030
     111   188.99 sec  17.09677  |  keff  1.52046
     112   186.61 sec  17.09688  |  keff  1.52032
     113   187.35 sec  17.09682  |  keff  1.52053
     114   187.72 sec  17.09690  |  keff  1.52028
     115   187.05 sec  17.09675  |  keff  1.52048
     116   188.41 sec  17.09668  |  keff  1.52039
     117   188.62 sec  17.09665  |  keff  1.52047
     118   190.60 sec  17.09655  |  keff  1.52042
     119   190.14 sec  17.09648  |  keff  1.52066
     120   187.46 sec  17.09642  |  keff  1.52047
     121   189.99 sec  17.09653  |  keff  1.52032
     122   188.84 sec  17.09668  |  keff  1.52026
     123   186.73 sec  17.09646  |  keff  1.52048
     124   188.74 sec  17.09641  |  keff  1.52024
     125   187.96 sec  17.09669  |  keff  1.52023
     126   188.09 sec  17.09674  |  keff  1.52054
     127   188.94 sec  17.09655  |  keff  1.52040
     128   190.01 sec  17.09644  |  keff  1.52059
     129   189.81 sec  17.09635  |  keff  1.52041
     130   188.32 sec  17.09648  |  keff  1.52037
     131   190.54 sec  17.09646  |  keff  1.52046
     132   188.33 sec  17.09645  |  keff  1.52032
     133   190.60 sec  17.09654  |  keff  1.52038
     134   190.81 sec  17.09643  |  keff  1.52036
     135   190.77 sec  17.09647  |  keff  1.52063
     136   189.37 sec  17.09660  |  keff  1.52041
     137   187.96 sec  17.09667  |  keff  1.52027
     138   187.58 sec  17.09665  |  keff  1.52020
     139   188.24 sec  17.09675  |  keff  1.52027
     140   189.82 sec  17.09666  |  keff  1.52046
     141   190.32 sec  17.09652  |  keff  1.52035
     142   186.07 sec  17.09637  |  keff  1.52039
     143   187.60 sec  17.09656  |  keff  1.52037
     144   186.57 sec  17.09651  |  keff  1.52021
     145   188.98 sec  17.09675  |  keff  1.52058
     146   190.13 sec  17.09662  |  keff  1.52038
     147   189.88 sec  17.09643  |  keff  1.52019
     148   186.95 sec  17.09655  |  keff  1.52019
     149   190.01 sec  17.09654  |  keff  1.52071
     150   187.73 sec  17.09661  |  keff  1.52049
     151   189.99 sec  17.09677  |  keff  1.52034
     152   190.64 sec  17.09701  |  keff  1.52035
     153   188.98 sec  17.09684  |  keff  1.52022
     154   187.13 sec  17.09656  |  keff  1.52037
     155   189.65 sec  17.09650  |  keff  1.52045
     156   187.47 sec  17.09640  |  keff  1.52017
     157   187.68 sec  17.09628  |  keff  1.52059
     158   189.48 sec  17.09634  |  keff  1.52058
     159   189.00 sec  17.09641  |  keff  1.52040
     160   189.97 sec  17.09637  |  keff  1.52055
     161   189.19 sec  17.09619  |  keff  1.52024
     162   187.42 sec  17.09631  |  keff  1.52032
     163   189.77 sec  17.09660  |  keff  1.52031
     164   187.50 sec  17.09644  |  keff  1.52064
     165   188.39 sec  17.09667  |  keff  1.52049
     166   189.06 sec  17.09649  |  keff  1.52044
     167   190.14 sec  17.09633  |  keff  1.52026
     168   189.61 sec  17.09619  |  keff  1.52050
     169   187.41 sec  17.09591  |  keff  1.52053
     170   189.83 sec  17.09598  |  keff  1.52039
     171   190.13 sec  17.09642  |  keff  1.52057
     172   188.03 sec  17.09629  |  keff  1.52026
     173   189.51 sec  17.09639  |  keff  1.52049
     174   187.28 sec  17.09664  |  keff  1.52049
     175   189.45 sec  17.09674  |  keff  1.52057
     176   190.08 sec  17.09679  |  keff  1.52051
     177   190.31 sec  17.09691  |  keff  1.52066
     178   186.58 sec  17.09674  |  keff  1.52034
     179   188.03 sec  17.09686  |  keff  1.52048
     180   189.58 sec  17.09673  |  keff  1.52032
     181   189.82 sec  17.09638  |  keff  1.52039
     182   190.46 sec  17.09649  |  keff  1.52016
     183   188.87 sec  17.09638  |  keff  1.52054
     184   188.47 sec  17.09640  |  keff  1.52038
     185   190.23 sec  17.09634  |  keff  1.52031
     186   187.52 sec  17.09630  |  keff  1.52052
     187   187.55 sec  17.09615  |  keff  1.52037
     188   186.95 sec  17.09640  |  keff  1.52042
     189   190.26 sec  17.09620  |  keff  1.52047
     190   188.21 sec  17.09634  |  keff  1.52049
     191   187.62 sec  17.09631  |  keff  1.52018
     192   190.41 sec  17.09633  |  keff  1.52041
     193   191.02 sec  17.09618  |  keff  1.52031
     194   189.55 sec  17.09612  |  keff  1.52051
     195   190.37 sec  17.09623  |  keff  1.52035
     196   188.96 sec  17.09623  |  keff  1.52044
     197   189.68 sec  17.09632  |  keff  1.52053
     198   190.80 sec  17.09633  |  keff  1.52053
     199   187.95 sec  17.09629  |  keff  1.52028
     200   186.60 sec  17.09617  |  keff  1.52043
     201   187.83 sec  17.09610  |  keff  1.52038   avg  1.52038   SD    0.000
     202   190.26 sec  17.09625  |  keff  1.52035   avg  1.52037   SD    0.954
     203   189.57 sec  17.09622  |  keff  1.52043   avg  1.52039   SD    1.777
     204   190.61 sec  17.09611  |  keff  1.52048   avg  1.52041   SD    2.459
     205   189.59 sec  17.09641  |  keff  1.52027   avg  1.52038   SD    3.137
     206   189.93 sec  17.09623  |  keff  1.52056   avg  1.52041   SD    3.771
     207   189.08 sec  17.09612  |  keff  1.52048   avg  1.52042   SD    3.356
     208   190.27 sec  17.09618  |  keff  1.52033   avg  1.52041   SD    3.118
     209   188.29 sec  17.09607  |  keff  1.52048   avg  1.52042   SD    2.860
     210   190.95 sec  17.09597  |  keff  1.52043   avg  1.52042   SD    2.576
     211   190.64 sec  17.09607  |  keff  1.52076   avg  1.52045   SD    3.758
     212   191.12 sec  17.09617  |  keff  1.52053   avg  1.52046   SD    3.503
     213   188.69 sec  17.09610  |  keff  1.52060   avg  1.52047   SD    3.397
     214   190.19 sec  17.09620  |  keff  1.52058   avg  1.52048   SD    3.245
     215   189.68 sec  17.09611  |  keff  1.52041   avg  1.52047   SD    3.059
     216   187.61 sec  17.09609  |  keff  1.52066   avg  1.52048   SD    3.089
     217   189.08 sec  17.09616  |  keff  1.52031   avg  1.52047   SD    3.072
     218   189.77 sec  17.09627  |  keff  1.52034   avg  1.52047   SD    2.988
     219   190.33 sec  17.09594  |  keff  1.52053   avg  1.52047   SD    2.849
     220   188.16 sec  17.09602  |  keff  1.52037   avg  1.52046   SD    2.752
 
    Simulation of Burnup Step Terminated...
    - Elapsed time    :  42209.497 sec  703.49 min
    - Step Final keff :   1.520464 +/-   2.752
 
  2.5161370E+02  0.0000000E+00  2.5161370E+02
  3.4021801E+02  0.0000000E+00  3.4021801E+02
  2.3240504E+02  0.0000000E+00  2.3240504E+02
  2.2721685E+02  0.0000000E+00  2.2721685E+02
  2.2213855E+02  0.0000000E+00  2.2213855E+02
  2.1875087E+02  0.0000000E+00  2.1875087E+02
  2.1627915E+02  0.0000000E+00  2.1627915E+02
  2.1190794E+02  0.0000000E+00  2.1190794E+02
  2.0869979E+02  0.0000000E+00  2.0869979E+02
  2.0636786E+02  0.0000000E+00  2.0636786E+02
  2.0570995E+02  0.0000000E+00  2.0570995E+02
  2.0447952E+02  0.0000000E+00  2.0447952E+02
  2.0266849E+02  0.0000000E+00  2.0266849E+02
  2.0035012E+02  0.0000000E+00  2.0035012E+02
  2.0056237E+02  0.0000000E+00  2.0056237E+02
  1.9933080E+02  0.0000000E+00  1.9933080E+02
  2.0167579E+02  0.0000000E+00  2.0167579E+02
  1.9723685E+02  0.0000000E+00  1.9723685E+02
  1.9953444E+02  0.0000000E+00  1.9953444E+02
  1.9566797E+02  0.0000000E+00  1.9566797E+02
  1.9762891E+02  0.0000000E+00  1.9762891E+02
  1.9693711E+02  0.0000000E+00  1.9693711E+02
  1.9522403E+02  0.0000000E+00  1.9522403E+02
  1.9652644E+02  0.0000000E+00  1.9652644E+02
  1.9391786E+02  0.0000000E+00  1.9391786E+02
  1.9205524E+02  0.0000000E+00  1.9205524E+02
  1.9547674E+02  0.0000000E+00  1.9547674E+02
  1.9195742E+02  0.0000000E+00  1.9195742E+02
  1.9450255E+02  0.0000000E+00  1.9450255E+02
  1.9446121E+02  0.0000000E+00  1.9446121E+02
  1.9153533E+02  0.0000000E+00  1.9153533E+02
  1.9106378E+02  0.0000000E+00  1.9106378E+02
  1.9085269E+02  0.0000000E+00  1.9085269E+02
  1.9104527E+02  0.0000000E+00  1.9104527E+02
  1.9095094E+02  0.0000000E+00  1.9095094E+02
  1.9000882E+02  0.0000000E+00  1.9000882E+02
  1.8953515E+02  0.0000000E+00  1.8953515E+02
  1.8977837E+02  0.0000000E+00  1.8977837E+02
  1.9291776E+02  0.0000000E+00  1.9291776E+02
  1.9237386E+02  0.0000000E+00  1.9237386E+02
  1.9009131E+02  0.0000000E+00  1.9009131E+02
  1.9003979E+02  0.0000000E+00  1.9003979E+02
  1.9157963E+02  0.0000000E+00  1.9157963E+02
  1.8919635E+02  0.0000000E+00  1.8919635E+02
  1.8841584E+02  0.0000000E+00  1.8841584E+02
  1.8937334E+02  0.0000000E+00  1.8937334E+02
  1.9065733E+02  0.0000000E+00  1.9065733E+02
  1.8972761E+02  0.0000000E+00  1.8972761E+02
  1.8907946E+02  0.0000000E+00  1.8907946E+02
  1.8891690E+02  0.0000000E+00  1.8891690E+02
  1.8781654E+02  0.0000000E+00  1.8781654E+02
  1.9081483E+02  0.0000000E+00  1.9081483E+02
  1.8894384E+02  0.0000000E+00  1.8894384E+02
  1.8779822E+02  0.0000000E+00  1.8779822E+02
  1.8848680E+02  0.0000000E+00  1.8848680E+02
  1.9100957E+02  0.0000000E+00  1.9100957E+02
  1.9054116E+02  0.0000000E+00  1.9054116E+02
  1.8972252E+02  0.0000000E+00  1.8972252E+02
  1.8749850E+02  0.0000000E+00  1.8749850E+02
  1.8820994E+02  0.0000000E+00  1.8820994E+02
  1.8932864E+02  0.0000000E+00  1.8932864E+02
  1.8707291E+02  0.0000000E+00  1.8707291E+02
  1.8766513E+02  0.0000000E+00  1.8766513E+02
  1.8667530E+02  0.0000000E+00  1.8667530E+02
  1.8992571E+02  0.0000000E+00  1.8992571E+02
  1.8893708E+02  0.0000000E+00  1.8893708E+02
  1.8665877E+02  0.0000000E+00  1.8665877E+02
  1.8830941E+02  0.0000000E+00  1.8830941E+02
  1.8772478E+02  0.0000000E+00  1.8772478E+02
  1.8834310E+02  0.0000000E+00  1.8834310E+02
  1.8754972E+02  0.0000000E+00  1.8754972E+02
  1.9006150E+02  0.0000000E+00  1.9006150E+02
  1.9006750E+02  0.0000000E+00  1.9006750E+02
  1.9008526E+02  0.0000000E+00  1.9008526E+02
  1.8766719E+02  0.0000000E+00  1.8766719E+02
  1.8902467E+02  0.0000000E+00  1.8902467E+02
  1.8916339E+02  0.0000000E+00  1.8916339E+02
  1.8812256E+02  0.0000000E+00  1.8812256E+02
  1.8844510E+02  0.0000000E+00  1.8844510E+02
  1.8896336E+02  0.0000000E+00  1.8896336E+02
  1.8769854E+02  0.0000000E+00  1.8769854E+02
  1.9061338E+02  0.0000000E+00  1.9061338E+02
  1.9019310E+02  0.0000000E+00  1.9019310E+02
  1.8805354E+02  0.0000000E+00  1.8805354E+02
  1.9000131E+02  0.0000000E+00  1.9000131E+02
  1.9007655E+02  0.0000000E+00  1.9007655E+02
  1.8980094E+02  0.0000000E+00  1.8980094E+02
  1.8793762E+02  0.0000000E+00  1.8793762E+02
  1.8824932E+02  0.0000000E+00  1.8824932E+02
  1.8681485E+02  0.0000000E+00  1.8681485E+02
  1.8717698E+02  0.0000000E+00  1.8717698E+02
  1.8945985E+02  0.0000000E+00  1.8945985E+02
  1.8916413E+02  0.0000000E+00  1.8916413E+02
  1.8752200E+02  0.0000000E+00  1.8752200E+02
  1.9025697E+02  0.0000000E+00  1.9025697E+02
  1.8720300E+02  0.0000000E+00  1.8720300E+02
  1.8915420E+02  0.0000000E+00  1.8915420E+02
  1.8826676E+02  0.0000000E+00  1.8826676E+02
  1.8652757E+02  0.0000000E+00  1.8652757E+02
  1.8942708E+02  0.0000000E+00  1.8942708E+02
  1.8802014E+02  0.0000000E+00  1.8802014E+02
  1.9099368E+02  0.0000000E+00  1.9099368E+02
  1.8846952E+02  0.0000000E+00  1.8846952E+02
  1.8909967E+02  0.0000000E+00  1.8909967E+02
  1.8881615E+02  0.0000000E+00  1.8881615E+02
  1.8903466E+02  0.0000000E+00  1.8903466E+02
  1.8794930E+02  0.0000000E+00  1.8794930E+02
  1.9040027E+02  0.0000000E+00  1.9040027E+02
  1.8728136E+02  0.0000000E+00  1.8728136E+02
  1.8768640E+02  0.0000000E+00  1.8768640E+02
  1.8898759E+02  0.0000000E+00  1.8898759E+02
  1.8660555E+02  0.0000000E+00  1.8660555E+02
  1.8734813E+02  0.0000000E+00  1.8734813E+02
  1.8772243E+02  0.0000000E+00  1.8772243E+02
  1.8705300E+02  0.0000000E+00  1.8705300E+02
  1.8840933E+02  0.0000000E+00  1.8840933E+02
  1.8862235E+02  0.0000000E+00  1.8862235E+02
  1.9059646E+02  0.0000000E+00  1.9059646E+02
  1.9013706E+02  0.0000000E+00  1.9013706E+02
  1.8745858E+02  0.0000000E+00  1.8745858E+02
  1.8999446E+02  0.0000000E+00  1.8999446E+02
  1.8884045E+02  0.0000000E+00  1.8884045E+02
  1.8672909E+02  0.0000000E+00  1.8672909E+02
  1.8873918E+02  0.0000000E+00  1.8873918E+02
  1.8795643E+02  0.0000000E+00  1.8795643E+02
  1.8809024E+02  0.0000000E+00  1.8809024E+02
  1.8893783E+02  0.0000000E+00  1.8893783E+02
  1.9001184E+02  0.0000000E+00  1.9001184E+02
  1.8981355E+02  0.0000000E+00  1.8981355E+02
  1.8832449E+02  0.0000000E+00  1.8832449E+02
  1.9053908E+02  0.0000000E+00  1.9053908E+02
  1.8833438E+02  0.0000000E+00  1.8833438E+02
  1.9059717E+02  0.0000000E+00  1.9059717E+02
  1.9080569E+02  0.0000000E+00  1.9080569E+02
  1.9076847E+02  0.0000000E+00  1.9076847E+02
  1.8937398E+02  0.0000000E+00  1.8937398E+02
  1.8795980E+02  0.0000000E+00  1.8795980E+02
  1.8757970E+02  0.0000000E+00  1.8757970E+02
  1.8823672E+02  0.0000000E+00  1.8823672E+02
  1.8982246E+02  0.0000000E+00  1.8982246E+02
  1.9031711E+02  0.0000000E+00  1.9031711E+02
  1.8606854E+02  0.0000000E+00  1.8606854E+02
  1.8759803E+02  0.0000000E+00  1.8759803E+02
  1.8657360E+02  0.0000000E+00  1.8657360E+02
  1.8898039E+02  0.0000000E+00  1.8898039E+02
  1.9012662E+02  0.0000000E+00  1.9012662E+02
  1.8988285E+02  0.0000000E+00  1.8988285E+02
  1.8694861E+02  0.0000000E+00  1.8694861E+02
  1.9001326E+02  0.0000000E+00  1.9001326E+02
  1.8773348E+02  0.0000000E+00  1.8773348E+02
  1.8998582E+02  0.0000000E+00  1.8998582E+02
  1.9064205E+02  0.0000000E+00  1.9064205E+02
  1.8897809E+02  0.0000000E+00  1.8897809E+02
  1.8713245E+02  0.0000000E+00  1.8713245E+02
  1.8964583E+02  0.0000000E+00  1.8964583E+02
  1.8747117E+02  0.0000000E+00  1.8747117E+02
  1.8768220E+02  0.0000000E+00  1.8768220E+02
  1.8948411E+02  0.0000000E+00  1.8948411E+02
  1.8900318E+02  0.0000000E+00  1.8900318E+02
  1.8996674E+02  0.0000000E+00  1.8996674E+02
  1.8919441E+02  0.0000000E+00  1.8919441E+02
  1.8742305E+02  0.0000000E+00  1.8742305E+02
  1.8976711E+02  0.0000000E+00  1.8976711E+02
  1.8750071E+02  0.0000000E+00  1.8750071E+02
  1.8839152E+02  0.0000000E+00  1.8839152E+02
  1.8905785E+02  0.0000000E+00  1.8905785E+02
  1.9013941E+02  0.0000000E+00  1.9013941E+02
  1.8960874E+02  0.0000000E+00  1.8960874E+02
  1.8740605E+02  0.0000000E+00  1.8740605E+02
  1.8983223E+02  0.0000000E+00  1.8983223E+02
  1.9013383E+02  0.0000000E+00  1.9013383E+02
  1.8802673E+02  0.0000000E+00  1.8802673E+02
  1.8950753E+02  0.0000000E+00  1.8950753E+02
  1.8727699E+02  0.0000000E+00  1.8727699E+02
  1.8944658E+02  0.0000000E+00  1.8944658E+02
  1.9008176E+02  0.0000000E+00  1.9008176E+02
  1.9030866E+02  0.0000000E+00  1.9030866E+02
  1.8658135E+02  0.0000000E+00  1.8658135E+02
  1.8802693E+02  0.0000000E+00  1.8802693E+02
  1.8957631E+02  0.0000000E+00  1.8957631E+02
  1.8981996E+02  0.0000000E+00  1.8981996E+02
  1.9046410E+02  0.0000000E+00  1.9046410E+02
  1.8887115E+02  0.0000000E+00  1.8887115E+02
  1.8847063E+02  0.0000000E+00  1.8847063E+02
  1.9022870E+02  0.0000000E+00  1.9022870E+02
  1.8751888E+02  0.0000000E+00  1.8751888E+02
  1.8754844E+02  0.0000000E+00  1.8754844E+02
  1.8694983E+02  0.0000000E+00  1.8694983E+02
  1.9025992E+02  0.0000000E+00  1.9025992E+02
  1.8821354E+02  0.0000000E+00  1.8821354E+02
  1.8762382E+02  0.0000000E+00  1.8762382E+02
  1.9040740E+02  0.0000000E+00  1.9040740E+02
  1.9102082E+02  0.0000000E+00  1.9102082E+02
  1.8954733E+02  0.0000000E+00  1.8954733E+02
  1.9037461E+02  0.0000000E+00  1.9037461E+02
  1.8895927E+02  0.0000000E+00  1.8895927E+02
  1.8968322E+02  0.0000000E+00  1.8968322E+02
  1.9079688E+02  0.0000000E+00  1.9079688E+02
  1.8794974E+02  0.0000000E+00  1.8794974E+02
  1.8660446E+02  0.0000000E+00  1.8660446E+02
  1.8783236E+02  0.0000000E+00  1.8783236E+02
  1.9026322E+02  0.0000000E+00  1.9026322E+02
  1.8957227E+02  0.0000000E+00  1.8957227E+02
  1.9060666E+02  0.0000000E+00  1.9060666E+02
  1.8959135E+02  0.0000000E+00  1.8959135E+02
  1.8992589E+02  0.0000000E+00  1.8992589E+02
  1.8907749E+02  0.0000000E+00  1.8907749E+02
  1.9026714E+02  0.0000000E+00  1.9026714E+02
  1.8828923E+02  0.0000000E+00  1.8828923E+02
  1.9095343E+02  0.0000000E+00  1.9095343E+02
  1.9063802E+02  0.0000000E+00  1.9063802E+02
  1.9111514E+02  0.0000000E+00  1.9111514E+02
  1.8868558E+02  0.0000000E+00  1.8868558E+02
  1.9018521E+02  0.0000000E+00  1.9018521E+02
  1.8968220E+02  0.0000000E+00  1.8968220E+02
  1.8761303E+02  0.0000000E+00  1.8761303E+02
  1.8907542E+02  0.0000000E+00  1.8907542E+02
  1.8977478E+02  0.0000000E+00  1.8977478E+02
  1.9032515E+02  0.0000000E+00  1.9032515E+02
  1.8816448E+02  0.0000000E+00  1.8816448E+02
