 ctrl.inp :: CARD A is being read...
    CTRL  READ COMPLETE..
    Continuous Energy Mode...
    Start reading ace-format nuclear data
           1 1001.711nc
           2 8016.711nc
    WARNING :: NYD block exists
           3 92235.711nc
           4 92238.711nc
    ACE Lib. READ COMPLETE...
 CE_mat.inp :: CARD D is being read...
    CE MAT READ COMPLETE...
    GEOM  READ COMPLETE..
 depletion.inp :: CARD E is being read...
    Setting ugrid...
    Initializing Source...
    Source Initializing Complete...
 
 
  > Num of Threads per Node          28
  > Num of MPI Nodes                  8
  > Num of Histories per Cycle 10000000
  > Skip Cycles: 1000  /  Active Cycles:   20
 
  > Tally is OFF
  > m-PRUP is on    10000000           1           2
  > FMFD is OFF
 
    Transport Simulation Starts...
       1    97.62 sec  17.35434  |  keff  1.47475  //  10000000
       2   133.20 sec  17.33571  |  keff  1.47586
       3    90.12 sec  17.32390  |  keff  1.48068
       4    88.61 sec  17.31455  |  keff  1.48526
       5    87.60 sec  17.30482  |  keff  1.48981
       6    85.63 sec  17.29439  |  keff  1.49349
       7    84.61 sec  17.28394  |  keff  1.49672
       8    83.70 sec  17.27329  |  keff  1.49866
       9    82.45 sec  17.26309  |  keff  1.50123
      10    81.68 sec  17.25292  |  keff  1.50298
      11    81.77 sec  17.24298  |  keff  1.50494
      12    81.25 sec  17.23381  |  keff  1.50574
      13    80.76 sec  17.22483  |  keff  1.50744
      14    80.00 sec  17.21603  |  keff  1.50850
      15    79.98 sec  17.20771  |  keff  1.50945
      16    79.33 sec  17.20024  |  keff  1.51045
      17    79.40 sec  17.19292  |  keff  1.51149
      18    79.13 sec  17.18631  |  keff  1.51185
      19    78.82 sec  17.17968  |  keff  1.51270
      20    77.85 sec  17.17364  |  keff  1.51265
      21    78.25 sec  17.16763  |  keff  1.51373
      22    78.24 sec  17.16237  |  keff  1.51409
      23    77.98 sec  17.15748  |  keff  1.51509
      24    77.40 sec  17.15277  |  keff  1.51504
      25    77.72 sec  17.14835  |  keff  1.51584
      26    77.14 sec  17.14383  |  keff  1.51584
      27    77.01 sec  17.14028  |  keff  1.51622
      28    77.39 sec  17.13639  |  keff  1.51685
      29    77.25 sec  17.13271  |  keff  1.51671
      30    76.76 sec  17.12974  |  keff  1.51747
      31    76.64 sec  17.12639  |  keff  1.51734
      32    76.94 sec  17.12339  |  keff  1.51779
      33    76.98 sec  17.12113  |  keff  1.51770
      34    76.59 sec  17.11900  |  keff  1.51764
      35    77.09 sec  17.11709  |  keff  1.51802
      36    76.46 sec  17.11463  |  keff  1.51846
      37    76.50 sec  17.11302  |  keff  1.51894
      38    76.87 sec  17.11134  |  keff  1.51887
      39    76.24 sec  17.10953  |  keff  1.51881
      40    76.70 sec  17.10834  |  keff  1.51920
      41    76.38 sec  17.10659  |  keff  1.51940
      42    76.44 sec  17.10542  |  keff  1.51974
      43    76.31 sec  17.10396  |  keff  1.51893
      44    76.31 sec  17.10266  |  keff  1.51929
      45    76.02 sec  17.10163  |  keff  1.52001
      46    76.04 sec  17.10064  |  keff  1.51961
      47    76.35 sec  17.09983  |  keff  1.52009
      48    76.41 sec  17.09859  |  keff  1.51961
      49    76.47 sec  17.09815  |  keff  1.51975
      50    76.21 sec  17.09708  |  keff  1.51986
      51    76.43 sec  17.09642  |  keff  1.51990
      52    76.20 sec  17.09582  |  keff  1.51978
      53    76.38 sec  17.09497  |  keff  1.52012
      54    76.45 sec  17.09439  |  keff  1.52011
      55    75.65 sec  17.09427  |  keff  1.52019
      56    76.13 sec  17.09312  |  keff  1.51989
      57    76.01 sec  17.09295  |  keff  1.52004
      58    75.82 sec  17.09277  |  keff  1.51962
      59    75.43 sec  17.09232  |  keff  1.52013
      60    75.61 sec  17.09175  |  keff  1.51995
      61    75.69 sec  17.09105  |  keff  1.52014
      62    75.16 sec  17.09091  |  keff  1.51992
      63    75.57 sec  17.09043  |  keff  1.52030
      64    79.79 sec  17.09089  |  keff  1.52131  //  20000000
      65   151.59 sec  17.09485  |  keff  1.52007
      66   151.41 sec  17.09686  |  keff  1.52036
      67   150.73 sec  17.09660  |  keff  1.52034
      68   151.31 sec  17.09638  |  keff  1.52047
      69   151.90 sec  17.09601  |  keff  1.52010
      70   151.61 sec  17.09579  |  keff  1.52050
      71   151.64 sec  17.09572  |  keff  1.52047
      72   156.73 sec  17.09558  |  keff  1.51982  //  30000000
      73   226.91 sec  17.09688  |  keff  1.52048
      74   227.49 sec  17.09747  |  keff  1.52037
      75   227.53 sec  17.09736  |  keff  1.52039
      76   226.79 sec  17.09709  |  keff  1.52054
      77   227.01 sec  17.09724  |  keff  1.52028
      78   227.06 sec  17.09729  |  keff  1.52041  //  30000000
      79   192.08 sec  17.09738  |  keff  1.52027
      80   193.33 sec  17.09687  |  keff  1.52050   avg  1.52050   SD    0.000
      81   193.03 sec  17.09696  |  keff  1.52018   avg  1.52034   SD   11.559
      82   192.67 sec  17.09697  |  keff  1.52041   avg  1.52036   SD    7.949
      83   192.95 sec  17.09691  |  keff  1.52049   avg  1.52039   SD    6.534
      84   193.08 sec  17.09696  |  keff  1.52040   avg  1.52040   SD    5.228
      85   193.00 sec  17.09683  |  keff  1.52024   avg  1.52037   SD    4.940
      86   192.82 sec  17.09696  |  keff  1.52062   avg  1.52041   SD    5.346
      87   192.93 sec  17.09693  |  keff  1.52038   avg  1.52040   SD    4.689
      88   192.76 sec  17.09680  |  keff  1.52042   avg  1.52040   SD    4.170
      89   193.27 sec  17.09677  |  keff  1.52030   avg  1.52039   SD    3.879
      90   192.89 sec  17.09692  |  keff  1.52068   avg  1.52042   SD    4.305
      91   192.77 sec  17.09709  |  keff  1.52052   avg  1.52043   SD    4.023
      92   192.62 sec  17.09686  |  keff  1.52046   avg  1.52043   SD    3.720
      93   192.94 sec  17.09672  |  keff  1.52036   avg  1.52042   SD    3.491
      94   193.01 sec  17.09693  |  keff  1.52045   avg  1.52043   SD    3.261
      95   192.65 sec  17.09676  |  keff  1.52038   avg  1.52042   SD    3.068
      96   192.77 sec  17.09665  |  keff  1.52034   avg  1.52042   SD    2.925
      97   192.96 sec  17.09649  |  keff  1.52050   avg  1.52042   SD    2.797
      98   193.21 sec  17.09674  |  keff  1.52043   avg  1.52042   SD    2.650
      99   192.88 sec  17.09652  |  keff  1.52056   avg  1.52043   SD    2.607
 
    Simulation of Burnup Step Terminated...
    - Elapsed time    :  11715.271 sec  195.25 min
    - Step Final keff :   1.520430 +/-   2.607
 
  9.7615891E+01  0.0000000E+00  9.7615891E+01
  1.3320170E+02  0.0000000E+00  1.3320170E+02
  9.0118390E+01  0.0000000E+00  9.0118390E+01
  8.8611623E+01  0.0000000E+00  8.8611623E+01
  8.7604578E+01  0.0000000E+00  8.7604578E+01
  8.5626246E+01  0.0000000E+00  8.5626246E+01
  8.4613009E+01  0.0000000E+00  8.4613009E+01
  8.3704354E+01  0.0000000E+00  8.3704354E+01
  8.2445906E+01  0.0000000E+00  8.2445906E+01
  8.1677305E+01  0.0000000E+00  8.1677305E+01
  8.1771836E+01  0.0000000E+00  8.1771836E+01
  8.1248273E+01  0.0000000E+00  8.1248273E+01
  8.0759705E+01  0.0000000E+00  8.0759705E+01
  7.9995100E+01  0.0000000E+00  7.9995100E+01
  7.9984492E+01  0.0000000E+00  7.9984492E+01
  7.9329273E+01  0.0000000E+00  7.9329273E+01
  7.9403774E+01  0.0000000E+00  7.9403774E+01
  7.9127259E+01  0.0000000E+00  7.9127259E+01
  7.8818003E+01  0.0000000E+00  7.8818003E+01
  7.7853433E+01  0.0000000E+00  7.7853433E+01
  7.8253439E+01  0.0000000E+00  7.8253439E+01
  7.8242736E+01  0.0000000E+00  7.8242736E+01
  7.7981638E+01  0.0000000E+00  7.7981638E+01
  7.7403452E+01  0.0000000E+00  7.7403452E+01
  7.7724990E+01  0.0000000E+00  7.7724990E+01
  7.7144175E+01  0.0000000E+00  7.7144175E+01
  7.7005811E+01  0.0000000E+00  7.7005811E+01
  7.7391382E+01  0.0000000E+00  7.7391382E+01
  7.7252135E+01  0.0000000E+00  7.7252135E+01
  7.6760134E+01  0.0000000E+00  7.6760134E+01
  7.6641750E+01  0.0000000E+00  7.6641750E+01
  7.6935194E+01  0.0000000E+00  7.6935194E+01
  7.6976674E+01  0.0000000E+00  7.6976674E+01
  7.6587366E+01  0.0000000E+00  7.6587366E+01
  7.7090856E+01  0.0000000E+00  7.7090856E+01
  7.6464633E+01  0.0000000E+00  7.6464633E+01
  7.6495403E+01  0.0000000E+00  7.6495403E+01
  7.6873042E+01  0.0000000E+00  7.6873042E+01
  7.6240231E+01  0.0000000E+00  7.6240231E+01
  7.6695460E+01  0.0000000E+00  7.6695460E+01
  7.6381561E+01  0.0000000E+00  7.6381561E+01
  7.6440731E+01  0.0000000E+00  7.6440731E+01
  7.6310520E+01  0.0000000E+00  7.6310520E+01
  7.6312755E+01  0.0000000E+00  7.6312755E+01
  7.6023541E+01  0.0000000E+00  7.6023541E+01
  7.6037896E+01  0.0000000E+00  7.6037896E+01
  7.6352104E+01  0.0000000E+00  7.6352104E+01
  7.6405595E+01  0.0000000E+00  7.6405595E+01
  7.6469899E+01  0.0000000E+00  7.6469899E+01
  7.6205960E+01  0.0000000E+00  7.6205960E+01
  7.6430332E+01  0.0000000E+00  7.6430332E+01
  7.6204515E+01  0.0000000E+00  7.6204515E+01
  7.6377121E+01  0.0000000E+00  7.6377121E+01
  7.6447114E+01  0.0000000E+00  7.6447114E+01
  7.5652998E+01  0.0000000E+00  7.5652998E+01
  7.6125304E+01  0.0000000E+00  7.6125304E+01
  7.6005653E+01  0.0000000E+00  7.6005653E+01
  7.5819402E+01  0.0000000E+00  7.5819402E+01
  7.5434695E+01  0.0000000E+00  7.5434695E+01
  7.5611203E+01  0.0000000E+00  7.5611203E+01
  7.5689465E+01  0.0000000E+00  7.5689465E+01
  7.5161041E+01  0.0000000E+00  7.5161041E+01
  7.5565675E+01  0.0000000E+00  7.5565675E+01
  7.9790492E+01  0.0000000E+00  7.9790492E+01
  1.5158962E+02  0.0000000E+00  1.5158962E+02
  1.5140909E+02  0.0000000E+00  1.5140909E+02
  1.5073449E+02  0.0000000E+00  1.5073449E+02
  1.5131231E+02  0.0000000E+00  1.5131231E+02
  1.5190346E+02  0.0000000E+00  1.5190346E+02
  1.5160781E+02  0.0000000E+00  1.5160781E+02
  1.5163503E+02  0.0000000E+00  1.5163503E+02
  1.5672529E+02  0.0000000E+00  1.5672529E+02
  2.2691362E+02  0.0000000E+00  2.2691362E+02
  2.2749190E+02  0.0000000E+00  2.2749190E+02
  2.2753478E+02  0.0000000E+00  2.2753478E+02
  2.2679329E+02  0.0000000E+00  2.2679329E+02
  2.2700587E+02  0.0000000E+00  2.2700587E+02
  2.2706350E+02  0.0000000E+00  2.2706350E+02
  1.9208191E+02  0.0000000E+00  1.9208191E+02
  1.9332887E+02  0.0000000E+00  1.9332887E+02
  1.9303158E+02  0.0000000E+00  1.9303158E+02
  1.9266741E+02  0.0000000E+00  1.9266741E+02
  1.9295248E+02  0.0000000E+00  1.9295248E+02
  1.9307925E+02  0.0000000E+00  1.9307925E+02
  1.9300371E+02  0.0000000E+00  1.9300371E+02
  1.9281826E+02  0.0000000E+00  1.9281826E+02
  1.9292934E+02  0.0000000E+00  1.9292934E+02
  1.9276250E+02  0.0000000E+00  1.9276250E+02
  1.9327118E+02  0.0000000E+00  1.9327118E+02
  1.9289204E+02  0.0000000E+00  1.9289204E+02
  1.9276754E+02  0.0000000E+00  1.9276754E+02
  1.9261919E+02  0.0000000E+00  1.9261919E+02
  1.9293517E+02  0.0000000E+00  1.9293517E+02
  1.9301498E+02  0.0000000E+00  1.9301498E+02
  1.9264692E+02  0.0000000E+00  1.9264692E+02
  1.9276945E+02  0.0000000E+00  1.9276945E+02
  1.9296050E+02  0.0000000E+00  1.9296050E+02
  1.9321464E+02  0.0000000E+00  1.9321464E+02
  1.9287501E+02  0.0000000E+00  1.9287501E+02
